#
# There is insufficient memory for the Java Runtime Environment to continue.
# Native memory allocation (malloc) failed to allocate 379936 bytes for Chunk::new
# Possible reasons:
#   The system is out of physical RAM or swap space
#   In 32 bit mode, the process size limit was hit
# Possible solutions:
#   Reduce memory load on the system
#   Increase physical memory or swap space
#   Check if swap backing store is full
#   Use 64 bit Java on a 64 bit OS
#   Decrease Java heap size (-Xmx/-Xms)
#   Decrease number of Java threads
#   Decrease Java thread stack sizes (-Xss)
#   Set larger code cache with -XX:ReservedCodeCacheSize=
# This output file may be truncated or incomplete.
#
#  Out of Memory Error (allocation.cpp:390), pid=10644, tid=10396
#
# JRE version: Java(TM) SE Runtime Environment (8.0_66-b18) (build 1.8.0_66-b18)
# Java VM: Java HotSpot(TM) 64-Bit Server VM (25.66-b18 mixed mode windows-amd64 compressed oops)
# Failed to write core dump. Minidumps are not enabled by default on client versions of Windows
#

---------------  T H R E A D  ---------------

Current thread (0x00000000150f3000):  JavaThread "C2 CompilerThread0" daemon [_thread_in_native, id=10396, stack(0x0000000016750000,0x0000000016850000)]

Stack: [0x0000000016750000,0x0000000016850000]
[error occurred during error reporting (printing stack bounds), id 0xc0000005]

Native frames: (J=compiled Java code, j=interpreted, Vv=VM code, C=native code)


Current CompileTask:
C2:   3553 1121   !   4       java.net.URL::<init> (543 bytes)


---------------  P R O C E S S  ---------------

Java Threads: ( => current thread )
  0x000000001730d000 JavaThread "background-preinit" [_thread_in_vm, id=2440, stack(0x00000000179a0000,0x0000000017aa0000)]
  0x0000000016a79800 JavaThread "Service Thread" daemon [_thread_blocked, id=10616, stack(0x0000000016e50000,0x0000000016f50000)]
  0x00000000150f7800 JavaThread "C1 CompilerThread2" daemon [_thread_blocked, id=1376, stack(0x0000000016950000,0x0000000016a50000)]
  0x00000000150fa800 JavaThread "C2 CompilerThread1" daemon [_thread_blocked, id=7084, stack(0x0000000016850000,0x0000000016950000)]
=>0x00000000150f3000 JavaThread "C2 CompilerThread0" daemon [_thread_in_native, id=10396, stack(0x0000000016750000,0x0000000016850000)]
  0x00000000150f1800 JavaThread "Attach Listener" daemon [_thread_blocked, id=9532, stack(0x0000000016650000,0x0000000016750000)]
  0x00000000150f0000 JavaThread "Signal Dispatcher" daemon [_thread_blocked, id=10112, stack(0x0000000016550000,0x0000000016650000)]
  0x0000000002a39800 JavaThread "Finalizer" daemon [_thread_blocked, id=8660, stack(0x0000000016340000,0x0000000016440000)]
  0x00000000150b9800 JavaThread "Reference Handler" daemon [_thread_blocked, id=9108, stack(0x0000000016240000,0x0000000016340000)]
  0x0000000002944800 JavaThread "main" [_thread_in_native, id=2812, stack(0x0000000001050000,0x0000000001150000)]

Other Threads:
  0x00000000150b7000 VMThread [stack: 0x0000000016140000,0x0000000016240000] [id=1068]
  0x0000000016aa7000 WatcherThread [stack: 0x0000000016f50000,0x0000000017050000] [id=10016]

VM state:not at safepoint (normal execution)

VM Mutex/Monitor currently owned by a thread: None

Heap:
 PSYoungGen      total 18944K, used 7429K [0x00000000eb380000, 0x00000000ec880000, 0x0000000100000000)
  eden space 16384K, 29% used [0x00000000eb380000,0x00000000eb849600,0x00000000ec380000)
  from space 2560K, 98% used [0x00000000ec600000,0x00000000ec878020,0x00000000ec880000)
  to   space 2560K, 0% used [0x00000000ec380000,0x00000000ec380000,0x00000000ec600000)
 ParOldGen       total 44032K, used 4501K [0x00000000c1a00000, 0x00000000c4500000, 0x00000000eb380000)
  object space 44032K, 10% used [0x00000000c1a00000,0x00000000c1e65700,0x00000000c4500000)
 Metaspace       used 13648K, capacity 14112K, committed 14336K, reserved 1060864K
  class space    used 1818K, capacity 1964K, committed 2048K, reserved 1048576K

Card table byte_map: [0x0000000011ed0000,0x00000000120d0000] byte_map_base: 0x00000000118c3000

Marking Bits: (ParMarkBitMap*) 0x000000006bb8a5b0
 Begin Bits: [0x0000000012620000, 0x00000000135b8000)
 End Bits:   [0x00000000135b8000, 0x0000000014550000)

Polling page: 0x0000000001150000

CodeCache: size=245760Kb used=3785Kb max_used=3802Kb free=241974Kb
 bounds [0x0000000002b10000, 0x0000000002ed0000, 0x0000000011b10000]
 total_blobs=1484 nmethods=1161 adapters=236
 compilation: enabled

Compilation events (10 events):
Event: 3.505 Thread 0x00000000150f7800 1158       3       sun.reflect.generics.scope.AbstractScope::<init> (10 bytes)
Event: 3.505 Thread 0x00000000150f7800 nmethod 1158 0x0000000002ec1a10 code [0x0000000002ec1b60, 0x0000000002ec1d30]
Event: 3.505 Thread 0x00000000150f7800 1160       3       sun.reflect.generics.factory.CoreReflectionFactory::<init> (15 bytes)
Event: 3.506 Thread 0x00000000150f7800 nmethod 1160 0x0000000002ec1650 code [0x0000000002ec17a0, 0x0000000002ec1970]
Event: 3.506 Thread 0x00000000150f7800 1161       3       java.io.DataOutputStream::writeInt (65 bytes)
Event: 3.506 Thread 0x00000000150f7800 nmethod 1161 0x0000000002ec0d90 code [0x0000000002ec0f40, 0x0000000002ec1498]
Event: 3.506 Thread 0x00000000150f7800 1162       3       org.springframework.util.Assert::state (14 bytes)
Event: 3.506 Thread 0x00000000150f7800 nmethod 1162 0x0000000002ec0910 code [0x0000000002ec0a80, 0x0000000002ec0ca8]
Event: 3.506 Thread 0x00000000150f7800 1153       1       java.lang.reflect.Proxy$Key1::hashCode (5 bytes)
Event: 3.506 Thread 0x00000000150f7800 nmethod 1153 0x0000000002ec0650 code [0x0000000002ec07a0, 0x0000000002ec08b0]

GC Heap History (8 events):
Event: 1.486 GC heap before
{Heap before GC invocations=1 (full 0):
 PSYoungGen      total 18944K, used 16384K [0x00000000eb380000, 0x00000000ec880000, 0x0000000100000000)
  eden space 16384K, 100% used [0x00000000eb380000,0x00000000ec380000,0x00000000ec380000)
  from space 2560K, 0% used [0x00000000ec600000,0x00000000ec600000,0x00000000ec880000)
  to   space 2560K, 0% used [0x00000000ec380000,0x00000000ec380000,0x00000000ec600000)
 ParOldGen       total 44032K, used 0K [0x00000000c1a00000, 0x00000000c4500000, 0x00000000eb380000)
  object space 44032K, 0% used [0x00000000c1a00000,0x00000000c1a00000,0x00000000c4500000)
 Metaspace       used 7270K, capacity 7500K, committed 7680K, reserved 1056768K
  class space    used 865K, capacity 908K, committed 1024K, reserved 1048576K
Event: 1.490 GC heap after
Heap after GC invocations=1 (full 0):
 PSYoungGen      total 18944K, used 2551K [0x00000000eb380000, 0x00000000ec880000, 0x0000000100000000)
  eden space 16384K, 0% used [0x00000000eb380000,0x00000000eb380000,0x00000000ec380000)
  from space 2560K, 99% used [0x00000000ec380000,0x00000000ec5fdce8,0x00000000ec600000)
  to   space 2560K, 0% used [0x00000000ec600000,0x00000000ec600000,0x00000000ec880000)
 ParOldGen       total 44032K, used 558K [0x00000000c1a00000, 0x00000000c4500000, 0x00000000eb380000)
  object space 44032K, 1% used [0x00000000c1a00000,0x00000000c1a8b800,0x00000000c4500000)
 Metaspace       used 7270K, capacity 7500K, committed 7680K, reserved 1056768K
  class space    used 865K, capacity 908K, committed 1024K, reserved 1048576K
}
Event: 2.175 GC heap before
{Heap before GC invocations=2 (full 0):
 PSYoungGen      total 18944K, used 18935K [0x00000000eb380000, 0x00000000ec880000, 0x0000000100000000)
  eden space 16384K, 100% used [0x00000000eb380000,0x00000000ec380000,0x00000000ec380000)
  from space 2560K, 99% used [0x00000000ec380000,0x00000000ec5fdce8,0x00000000ec600000)
  to   space 2560K, 0% used [0x00000000ec600000,0x00000000ec600000,0x00000000ec880000)
 ParOldGen       total 44032K, used 558K [0x00000000c1a00000, 0x00000000c4500000, 0x00000000eb380000)
  object space 44032K, 1% used [0x00000000c1a00000,0x00000000c1a8b800,0x00000000c4500000)
 Metaspace       used 10072K, capacity 10352K, committed 10496K, reserved 1058816K
  class space    used 1198K, capacity 1278K, committed 1280K, reserved 1048576K
Event: 2.180 GC heap after
Heap after GC invocations=2 (full 0):
 PSYoungGen      total 18944K, used 2544K [0x00000000eb380000, 0x00000000ec880000, 0x0000000100000000)
  eden space 16384K, 0% used [0x00000000eb380000,0x00000000eb380000,0x00000000ec380000)
  from space 2560K, 99% used [0x00000000ec600000,0x00000000ec87c010,0x00000000ec880000)
  to   space 2560K, 0% used [0x00000000ec380000,0x00000000ec380000,0x00000000ec600000)
 ParOldGen       total 44032K, used 1621K [0x00000000c1a00000, 0x00000000c4500000, 0x00000000eb380000)
  object space 44032K, 3% used [0x00000000c1a00000,0x00000000c1b954e8,0x00000000c4500000)
 Metaspace       used 10072K, capacity 10352K, committed 10496K, reserved 1058816K
  class space    used 1198K, capacity 1278K, committed 1280K, reserved 1048576K
}
Event: 2.935 GC heap before
{Heap before GC invocations=3 (full 0):
 PSYoungGen      total 18944K, used 18928K [0x00000000eb380000, 0x00000000ec880000, 0x0000000100000000)
  eden space 16384K, 100% used [0x00000000eb380000,0x00000000ec380000,0x00000000ec380000)
  from space 2560K, 99% used [0x00000000ec600000,0x00000000ec87c010,0x00000000ec880000)
  to   space 2560K, 0% used [0x00000000ec380000,0x00000000ec380000,0x00000000ec600000)
 ParOldGen       total 44032K, used 1621K [0x00000000c1a00000, 0x00000000c4500000, 0x00000000eb380000)
  object space 44032K, 3% used [0x00000000c1a00000,0x00000000c1b954e8,0x00000000c4500000)
 Metaspace       used 12153K, capacity 12578K, committed 12800K, reserved 1060864K
  class space    used 1541K, capacity 1667K, committed 1792K, reserved 1048576K
Event: 2.941 GC heap after
Heap after GC invocations=3 (full 0):
 PSYoungGen      total 18944K, used 2560K [0x00000000eb380000, 0x00000000ec880000, 0x0000000100000000)
  eden space 16384K, 0% used [0x00000000eb380000,0x00000000eb380000,0x00000000ec380000)
  from space 2560K, 100% used [0x00000000ec380000,0x00000000ec600000,0x00000000ec600000)
  to   space 2560K, 0% used [0x00000000ec600000,0x00000000ec600000,0x00000000ec880000)
 ParOldGen       total 44032K, used 3025K [0x00000000c1a00000, 0x00000000c4500000, 0x00000000eb380000)
  object space 44032K, 6% used [0x00000000c1a00000,0x00000000c1cf4500,0x00000000c4500000)
 Metaspace       used 12153K, capacity 12578K, committed 12800K, reserved 1060864K
  class space    used 1541K, capacity 1667K, committed 1792K, reserved 1048576K
}
Event: 3.378 GC heap before
{Heap before GC invocations=4 (full 0):
 PSYoungGen      total 18944K, used 18944K [0x00000000eb380000, 0x00000000ec880000, 0x0000000100000000)
  eden space 16384K, 100% used [0x00000000eb380000,0x00000000ec380000,0x00000000ec380000)
  from space 2560K, 100% used [0x00000000ec380000,0x00000000ec600000,0x00000000ec600000)
  to   space 2560K, 0% used [0x00000000ec600000,0x00000000ec600000,0x00000000ec880000)
 ParOldGen       total 44032K, used 3025K [0x00000000c1a00000, 0x00000000c4500000, 0x00000000eb380000)
  object space 44032K, 6% used [0x00000000c1a00000,0x00000000c1cf4500,0x00000000c4500000)
 Metaspace       used 13274K, capacity 13690K, committed 13952K, reserved 1060864K
  class space    used 1751K, capacity 1867K, committed 1920K, reserved 1048576K
Event: 3.383 GC heap after
Heap after GC invocations=4 (full 0):
 PSYoungGen      total 18944K, used 2528K [0x00000000eb380000, 0x00000000ec880000, 0x0000000100000000)
  eden space 16384K, 0% used [0x00000000eb380000,0x00000000eb380000,0x00000000ec380000)
  from space 2560K, 98% used [0x00000000ec600000,0x00000000ec878020,0x00000000ec880000)
  to   space 2560K, 0% used [0x00000000ec380000,0x00000000ec380000,0x00000000ec600000)
 ParOldGen       total 44032K, used 4501K [0x00000000c1a00000, 0x00000000c4500000, 0x00000000eb380000)
  object space 44032K, 10% used [0x00000000c1a00000,0x00000000c1e65700,0x00000000c4500000)
 Metaspace       used 13274K, capacity 13690K, committed 13952K, reserved 1060864K
  class space    used 1751K, capacity 1867K, committed 1920K, reserved 1048576K
}

Deoptimization events (6 events):
Event: 0.770 Thread 0x0000000002944800 Uncommon trap: reason=unstable_if action=reinterpret pc=0x0000000002cadf40 method=sun.misc.MetaIndex.mayContain(Ljava/lang/String;)Z @ 38
Event: 1.484 Thread 0x0000000002944800 Uncommon trap: reason=unstable_if action=reinterpret pc=0x0000000002c973e8 method=java.lang.String.indexOf([CII[CIII)I @ 3
Event: 1.576 Thread 0x000000001730d000 Uncommon trap: reason=range_check action=make_not_entrant pc=0x0000000002d8dea0 method=sun.reflect.generics.parser.SignatureParser.current()C @ 34
Event: 3.394 Thread 0x0000000002944800 Uncommon trap: reason=unstable_if action=reinterpret pc=0x0000000002d9521c method=java.util.HashMap.hash(Ljava/lang/Object;)I @ 1
Event: 3.448 Thread 0x0000000002944800 Uncommon trap: reason=unstable_if action=reinterpret pc=0x0000000002d8a138 method=java.util.HashMap.getNode(ILjava/lang/Object;)Ljava/util/HashMap$Node; @ 129
Event: 3.448 Thread 0x0000000002944800 Uncommon trap: reason=class_check action=maybe_recompile pc=0x0000000002e7fd24 method=java.util.HashMap.putVal(ILjava/lang/Object;Ljava/lang/Object;ZZ)Ljava/lang/Object; @ 203

Internal exceptions (10 events):
Event: 1.561 Thread 0x000000001730d000 Exception <a 'java/lang/ArrayIndexOutOfBoundsException'> (0x00000000eb592be8) thrown at [C:\re\workspace\8-2-build-windows-amd64-cygwin\jdk8u66\5298\hotspot\src\share\vm\runtime\sharedRuntime.cpp, line 605]
Event: 1.561 Thread 0x000000001730d000 Exception <a 'java/lang/ArrayIndexOutOfBoundsException'> (0x00000000eb5943d0) thrown at [C:\re\workspace\8-2-build-windows-amd64-cygwin\jdk8u66\5298\hotspot\src\share\vm\runtime\sharedRuntime.cpp, line 605]
Event: 1.576 Thread 0x000000001730d000 Exception <a 'java/lang/ArrayIndexOutOfBoundsException': 117> (0x00000000eb5d46e8) thrown at [C:\re\workspace\8-2-build-windows-amd64-cygwin\jdk8u66\5298\hotspot\src\share\vm\interpreter\interpreterRuntime.cpp, line 366]
Event: 1.576 Thread 0x0000000002944800 Exception <a 'java/io/FileNotFoundException'> (0x00000000eb5352b0) thrown at [C:\re\workspace\8-2-build-windows-amd64-cygwin\jdk8u66\5298\hotspot\src\share\vm\prims\jni.cpp, line 709]
Event: 1.577 Thread 0x000000001730d000 Exception <a 'java/lang/ArrayIndexOutOfBoundsException': 113> (0x00000000eb5f9ac8) thrown at [C:\re\workspace\8-2-build-windows-amd64-cygwin\jdk8u66\5298\hotspot\src\share\vm\interpreter\interpreterRuntime.cpp, line 366]
Event: 1.577 Thread 0x000000001730d000 Exception <a 'java/lang/ArrayIndexOutOfBoundsException': 60> (0x00000000eb5fac00) thrown at [C:\re\workspace\8-2-build-windows-amd64-cygwin\jdk8u66\5298\hotspot\src\share\vm\interpreter\interpreterRuntime.cpp, line 366]
Event: 1.578 Thread 0x000000001730d000 Exception <a 'java/lang/ArrayIndexOutOfBoundsException': 113> (0x00000000eb606d40) thrown at [C:\re\workspace\8-2-build-windows-amd64-cygwin\jdk8u66\5298\hotspot\src\share\vm\interpreter\interpreterRuntime.cpp, line 366]
Event: 2.208 Thread 0x0000000002944800 Exception <a 'java/lang/NoSuchMethodError': java.lang.Object.lambda$chars$1()Ljava/util/Spliterator$OfInt;> (0x00000000eb618238) thrown at [C:\re\workspace\8-2-build-windows-amd64-cygwin\jdk8u66\5298\hotspot\src\share\vm\interpreter\linkResolver.cpp, line dÄ²a©$@
Event: 3.393 Thread 0x0000000002944800 Exception <a 'java/lang/NoSuchMethodError': org.slf4j.impl.StaticMDCBinder.getSingleton()Lorg/slf4j/impl/StaticMDCBinder;> (0x00000000eb3a47e8) thrown at [C:\re\workspace\8-2-build-windows-amd64-cygwin\jdk8u66\5298\hotspot\src\share\vm\interpreter\linkResoa'ûy'@
Event: 3.394 Thread 0x0000000002944800 Implicit null exception at 0x0000000002d95015 to 0x0000000002d9520d

Events (10 events):
Event: 3.480 loading class org/hibernate/validator/internal/constraintvalidators/hv/URLValidator
Event: 3.480 loading class org/hibernate/validator/internal/constraintvalidators/hv/URLValidator done
Event: 3.480 loading class org/hibernate/validator/internal/util/TypeResolutionHelper
Event: 3.480 loading class org/hibernate/validator/internal/util/TypeResolutionHelper done
Event: 3.481 loading class com/fasterxml/classmate/TypeResolver
Event: 3.481 loading class com/fasterxml/classmate/TypeResolver done
Event: 3.482 loading class org/springframework/boot/autoconfigure/AutoConfigurationExcludeFilter
Event: 3.482 loading class org/springframework/boot/autoconfigure/AutoConfigurationExcludeFilter done
Event: 3.505 loading class org/springframework/beans/factory/config/BeanDefinitionCustomizer
Event: 3.505 loading class org/springframework/beans/factory/config/BeanDefinitionCustomizer done


Dynamic libraries:
0x00007ff7556f0000 - 0x00007ff755727000 	C:\Program Files\Java\jre1.8.0_66\bin\javaw.exe
0x00007ff9518c0000 - 0x00007ff951aa1000 	C:\WINDOWS\SYSTEM32\ntdll.dll
0x00007ff94f360000 - 0x00007ff94f412000 	C:\WINDOWS\System32\KERNEL32.DLL
0x00007ff94e0f0000 - 0x00007ff94e363000 	C:\WINDOWS\System32\KERNELBASE.dll
0x00007ff950d20000 - 0x00007ff950dc1000 	C:\WINDOWS\System32\ADVAPI32.dll
0x00007ff94f7c0000 - 0x00007ff94f85e000 	C:\WINDOWS\System32\msvcrt.dll
0x00007ff94ef10000 - 0x00007ff94ef6b000 	C:\WINDOWS\System32\sechost.dll
0x00007ff9513b0000 - 0x00007ff9514d4000 	C:\WINDOWS\System32\RPCRT4.dll
0x00007ff951220000 - 0x00007ff9513b0000 	C:\WINDOWS\System32\USER32.dll
0x00007ff94e020000 - 0x00007ff94e040000 	C:\WINDOWS\System32\win32u.dll
0x00007ff94f330000 - 0x00007ff94f358000 	C:\WINDOWS\System32\GDI32.dll
0x00007ff94dce0000 - 0x00007ff94de72000 	C:\WINDOWS\System32\gdi32full.dll
0x00007ff94de80000 - 0x00007ff94df1f000 	C:\WINDOWS\System32\msvcp_win.dll
0x00007ff94df20000 - 0x00007ff94e018000 	C:\WINDOWS\System32\ucrtbase.dll
0x00007ff943090000 - 0x00007ff9432f9000 	C:\WINDOWS\WinSxS\amd64_microsoft.windows.common-controls_6595b64144ccf1df_6.0.17134.648_none_fb45a0e93062a6d2\COMCTL32.dll
0x00007ff951560000 - 0x00007ff951882000 	C:\WINDOWS\System32\combase.dll
0x00007ff94e3d0000 - 0x00007ff94e44a000 	C:\WINDOWS\System32\bcryptPrimitives.dll
0x00007ff94f790000 - 0x00007ff94f7bd000 	C:\WINDOWS\System32\IMM32.DLL
0x000000006b1d0000 - 0x000000006b2a2000 	C:\Program Files\Java\jre1.8.0_66\bin\msvcr100.dll
0x000000006b380000 - 0x000000006bc09000 	C:\Program Files\Java\jre1.8.0_66\bin\server\jvm.dll
0x00007ff94f580000 - 0x00007ff94f588000 	C:\WINDOWS\System32\PSAPI.DLL
0x00007ff944870000 - 0x00007ff944879000 	C:\WINDOWS\SYSTEM32\WSOCK32.dll
0x00007ff94f070000 - 0x00007ff94f0dc000 	C:\WINDOWS\System32\WS2_32.dll
0x00007ff9437f0000 - 0x00007ff9437fa000 	C:\WINDOWS\SYSTEM32\VERSION.dll
0x00007ff94b650000 - 0x00007ff94b673000 	C:\WINDOWS\SYSTEM32\WINMM.dll
0x00007ff94b480000 - 0x00007ff94b4aa000 	C:\WINDOWS\SYSTEM32\WINMMBASE.dll
0x00007ff94dc90000 - 0x00007ff94dcd9000 	C:\WINDOWS\System32\cfgmgr32.dll
0x000000006b370000 - 0x000000006b37f000 	C:\Program Files\Java\jre1.8.0_66\bin\verify.dll
0x000000006b340000 - 0x000000006b369000 	C:\Program Files\Java\jre1.8.0_66\bin\java.dll
0x000000006b320000 - 0x000000006b336000 	C:\Program Files\Java\jre1.8.0_66\bin\zip.dll
0x00007ff94f8e0000 - 0x00007ff950d20000 	C:\WINDOWS\System32\SHELL32.dll
0x00007ff94edf0000 - 0x00007ff94ee99000 	C:\WINDOWS\System32\shcore.dll
0x00007ff94e450000 - 0x00007ff94eb5d000 	C:\WINDOWS\System32\windows.storage.dll
0x00007ff94f730000 - 0x00007ff94f781000 	C:\WINDOWS\System32\shlwapi.dll
0x00007ff94dbd0000 - 0x00007ff94dbe1000 	C:\WINDOWS\System32\kernel.appcore.dll
0x00007ff94dc70000 - 0x00007ff94dc8f000 	C:\WINDOWS\System32\profapi.dll
0x00007ff94dc20000 - 0x00007ff94dc6c000 	C:\WINDOWS\System32\powrprof.dll
0x00007ff94dbf0000 - 0x00007ff94dbfa000 	C:\WINDOWS\System32\FLTLIB.DLL
0x000000006b1c0000 - 0x000000006b1cd000 	C:\Program Files\Java\jre1.8.0_66\bin\management.dll
0x000000006b300000 - 0x000000006b31a000 	C:\Program Files\Java\jre1.8.0_66\bin\net.dll
0x00007ff94d450000 - 0x00007ff94d4b6000 	C:\WINDOWS\system32\mswsock.dll
0x00007ff9445d0000 - 0x00007ff9445e6000 	C:\WINDOWS\system32\napinsp.dll
0x00007ff943b30000 - 0x00007ff943b4a000 	C:\WINDOWS\system32\pnrpnsp.dll
0x00007ff94a410000 - 0x00007ff94a429000 	C:\WINDOWS\system32\NLAapi.dll
0x00007ff94d210000 - 0x00007ff94d2ce000 	C:\WINDOWS\SYSTEM32\DNSAPI.dll
0x00007ff94eea0000 - 0x00007ff94eea8000 	C:\WINDOWS\System32\NSI.dll
0x00007ff94d1d0000 - 0x00007ff94d208000 	C:\WINDOWS\SYSTEM32\IPHLPAPI.DLL
0x00007ff943aa0000 - 0x00007ff943aae000 	C:\WINDOWS\System32\winrnr.dll
0x00007ff944400000 - 0x00007ff94440a000 	C:\Windows\System32\rasadhlp.dll
0x00007ff944ba0000 - 0x00007ff944c12000 	C:\WINDOWS\System32\fwpuclnt.dll
0x00007ff94d730000 - 0x00007ff94d755000 	C:\WINDOWS\SYSTEM32\bcrypt.dll

VM Arguments:
jvm_args: -Dfile.encoding=UTF-8 
java_command: br.com.db1.pedidos.pedidos.api.Application
java_class_path (initial): D:\DB1\Db1StartJava2\pedidos.api\target\classes;C:\Users\Aluno.DESKTOP-3ASBCDM\.m2\repository\org\postgresql\postgresql\42.2.5\postgresql-42.2.5.jar;C:\Users\Aluno.DESKTOP-3ASBCDM\.m2\repository\org\springframework\boot\spring-boot-starter-data-jpa\2.1.3.RELEASE\spring-boot-starter-data-jpa-2.1.3.RELEASE.jar;C:\Users\Aluno.DESKTOP-3ASBCDM\.m2\repository\org\springframework\boot\spring-boot-starter-aop\2.1.3.RELEASE\spring-boot-starter-aop-2.1.3.RELEASE.jar;C:\Users\Aluno.DESKTOP-3ASBCDM\.m2\repository\org\springframework\spring-aop\5.1.5.RELEASE\spring-aop-5.1.5.RELEASE.jar;C:\Users\Aluno.DESKTOP-3ASBCDM\.m2\repository\org\aspectj\aspectjweaver\1.9.2\aspectjweaver-1.9.2.jar;C:\Users\Aluno.DESKTOP-3ASBCDM\.m2\repository\org\springframework\boot\spring-boot-starter-jdbc\2.1.3.RELEASE\spring-boot-starter-jdbc-2.1.3.RELEASE.jar;C:\Users\Aluno.DESKTOP-3ASBCDM\.m2\repository\com\zaxxer\HikariCP\3.2.0\HikariCP-3.2.0.jar;C:\Users\Aluno.DESKTOP-3ASBCDM\.m2\repository\org\springframework\spring-jdbc\5.1.5.RELEASE\spring-jdbc-5.1.5.RELEASE.jar;C:\Users\Aluno.DESKTOP-3ASBCDM\.m2\repository\javax\transaction\javax.transaction-api\1.3\javax.transaction-api-1.3.jar;C:\Users\Aluno.DESKTOP-3ASBCDM\.m2\repository\javax\xml\bind\jaxb-api\2.3.1\jaxb-api-2.3.1.jar;C:\Users\Aluno.DESKTOP-3ASBCDM\.m2\repository\javax\activation\javax.activation-api\1.2.0\javax.activation-api-1.2.0.jar;C:\Users\Aluno.DESKTOP-3ASBCDM\.m2\repository\org\hibernate\hibernate-core\5.3.7.Final\hibernate-core-5.3.7.Final.jar;C:\Users\Aluno.DESKTOP-3ASBCDM\.m2\repository\org\jboss\logging\jboss-logging\3.3.2.Final\jboss-logging-3.3.2.Final.jar;C:\Users\Aluno.DESKTOP-3ASBCDM\.m2\repository\javax\persistence\javax.persistence-api\2.2\javax.persistence-api-2.2.jar;C:\Users\Aluno.DESKTOP-3ASBCDM\.m2\repository\org\javassist\javassist\3.23.1-GA\javassist-3.23.1-GA.jar;C:\Users\Aluno.DESKTOP-3ASBCDM\.m2\repository\net\bytebuddy\byte-buddy\1.9.10\byte-buddy-1.9.10.jar;C:\Users\Aluno.DESKTOP-3
Launcher Type: SUN_STANDARD

Environment Variables:
PATH=C:/Program Files/Java/jre1.8.0_66/bin/server;C:/Program Files/Java/jre1.8.0_66/bin;C:/Program Files/Java/jre1.8.0_66/lib/amd64;C:\ProgramData\Oracle\Java\javapath;C:\WINDOWS\system32;C:\WINDOWS;C:\WINDOWS\System32\Wbem;C:\WINDOWS\System32\WindowsPowerShell\v1.0\;C:\Program Files (x86)\MySQL\MySQL Fabric 1.5 & MySQL Utilities 1.5\;C:\Program Files (x86)\MySQL\MySQL Fabric 1.5 & MySQL Utilities 1.5\Doctrine extensions for PHP\;C:\WINDOWS\system32\config\systemprofile\.dnx\bin;C:\Program Files\Microsoft DNX\Dnvm\;C:\cygwin64;C:\Program Files\Microsoft SQL Server\Client SDK\ODBC\110\Tools\Binn\;C:\Program Files (x86)\Microsoft SQL Server\120\Tools\Binn\;C:\Program Files\Microsoft SQL Server\120\Tools\Binn\;C:\Program Files\Microsoft SQL Server\120\DTS\Binn\;C:\Program Files (x86)\Microsoft SQL Server\120\Tools\Binn\ManagementStudio\;C:\Program Files (x86)\Microsoft SQL Server\120\DTS\Binn\;C:\Program Files (x86)\Shield;C:\WINDOWS\System32\OpenSSH\;C:\Users\Aluno.DESKTOP-3ASBCDM\AppData\Local\Microsoft\WindowsApps;;C:\Users\Aluno.DESKTOP-3ASBCDM\Desktop;
USERNAME=Aluno
OS=Windows_NT
PROCESSOR_IDENTIFIER=Intel64 Family 6 Model 58 Stepping 9, GenuineIntel



---------------  S Y S T E M  ---------------

OS: Windows 10.0 , 64 bit Build 17134 (10.0.17134.648)

CPU:total 4 (2 cores per cpu, 2 threads per core) family 6 model 58 stepping 9, cmov, cx8, fxsr, mmx, sse, sse2, sse3, ssse3, sse4.1, sse4.2, popcnt, avx, clmul, erms, ht, tsc, tscinvbit, tscinv

Memory: 4k page, physical 4087612k(939652k free), swap 4087612k(5436k free)

vm_info: Java HotSpot(TM) 64-Bit Server VM (25.66-b18) for windows-amd64 JRE (1.8.0_66-b18), built on Nov  9 2015 10:51:13 by "java_re" with MS VC++ 10.0 (VS2010)

time: Wed Apr 03 14:16:35 2019
elapsed time: 3 seconds (0d 0h 0m 3s)

