#
# There is insufficient memory for the Java Runtime Environment to continue.
# Native memory allocation (malloc) failed to allocate 1692416 bytes for Chunk::new
# Possible reasons:
#   The system is out of physical RAM or swap space
#   In 32 bit mode, the process size limit was hit
# Possible solutions:
#   Reduce memory load on the system
#   Increase physical memory or swap space
#   Check if swap backing store is full
#   Use 64 bit Java on a 64 bit OS
#   Decrease Java heap size (-Xmx/-Xms)
#   Decrease number of Java threads
#   Decrease Java thread stack sizes (-Xss)
#   Set larger code cache with -XX:ReservedCodeCacheSize=
# This output file may be truncated or incomplete.
#
#  Out of Memory Error (allocation.cpp:390), pid=7884, tid=4224
#
# JRE version: Java(TM) SE Runtime Environment (8.0_66-b18) (build 1.8.0_66-b18)
# Java VM: Java HotSpot(TM) 64-Bit Server VM (25.66-b18 mixed mode windows-amd64 compressed oops)
# Failed to write core dump. Minidumps are not enabled by default on client versions of Windows
#

---------------  T H R E A D  ---------------

Current thread (0x0000000014f08000):  JavaThread "C2 CompilerThread1" daemon [_thread_in_native, id=4224, stack(0x0000000016660000,0x0000000016760000)]

Stack: [0x0000000016660000,0x0000000016760000]
[error occurred during error reporting (printing stack bounds), id 0xc0000005]

Native frames: (J=compiled Java code, j=interpreted, Vv=VM code, C=native code)


Current CompileTask:
C2:   2784 2068   !   4       java.net.URLClassLoader$1::run (63 bytes)


---------------  P R O C E S S  ---------------

Java Threads: ( => current thread )
  0x0000000014f5d000 JavaThread "Service Thread" daemon [_thread_blocked, id=7384, stack(0x0000000016c60000,0x0000000016d60000)]
  0x0000000014f13800 JavaThread "C1 CompilerThread2" daemon [_thread_blocked, id=8044, stack(0x0000000016760000,0x0000000016860000)]
=>0x0000000014f08000 JavaThread "C2 CompilerThread1" daemon [_thread_in_native, id=4224, stack(0x0000000016660000,0x0000000016760000)]
  0x0000000014f03800 JavaThread "C2 CompilerThread0" daemon [_thread_in_native, id=10976, stack(0x0000000016560000,0x0000000016660000)]
  0x0000000014f02800 JavaThread "Attach Listener" daemon [_thread_blocked, id=4456, stack(0x0000000016460000,0x0000000016560000)]
  0x0000000014f01000 JavaThread "Signal Dispatcher" daemon [_thread_blocked, id=6612, stack(0x0000000016360000,0x0000000016460000)]
  0x0000000002919800 JavaThread "Finalizer" daemon [_thread_blocked, id=9624, stack(0x0000000016150000,0x0000000016250000)]
  0x0000000002911800 JavaThread "Reference Handler" daemon [_thread_blocked, id=10412, stack(0x0000000016050000,0x0000000016150000)]
  0x0000000002824800 JavaThread "main" [_thread_in_Java, id=2352, stack(0x0000000002640000,0x0000000002740000)]

Other Threads:
  0x0000000014ec7000 VMThread [stack: 0x0000000015f50000,0x0000000016050000] [id=11252]
  0x00000000168b5800 WatcherThread [stack: 0x0000000016d60000,0x0000000016e60000] [id=3400]

VM state:not at safepoint (normal execution)

VM Mutex/Monitor currently owned by a thread: None

Heap:
 PSYoungGen      total 59904K, used 10115K [0x00000000eb380000, 0x00000000ef600000, 0x0000000100000000)
  eden space 52224K, 13% used [0x00000000eb380000,0x00000000eba349c0,0x00000000ee680000)
  from space 7680K, 42% used [0x00000000eee00000,0x00000000ef12c328,0x00000000ef580000)
  to   space 7680K, 0% used [0x00000000ee680000,0x00000000ee680000,0x00000000eee00000)
 ParOldGen       total 34816K, used 7386K [0x00000000c1a00000, 0x00000000c3c00000, 0x00000000eb380000)
  object space 34816K, 21% used [0x00000000c1a00000,0x00000000c21369a8,0x00000000c3c00000)
 Metaspace       used 23950K, capacity 24686K, committed 24832K, reserved 1071104K
  class space    used 3104K, capacity 3277K, committed 3328K, reserved 1048576K

Card table byte_map: [0x0000000011ce0000,0x0000000011ee0000] byte_map_base: 0x00000000116d3000

Marking Bits: (ParMarkBitMap*) 0x000000006a53a5b0
 Begin Bits: [0x0000000012430000, 0x00000000133c8000)
 End Bits:   [0x00000000133c8000, 0x0000000014360000)

Polling page: 0x0000000000a70000

CodeCache: size=245760Kb used=7190Kb max_used=7213Kb free=238570Kb
 bounds [0x0000000002920000, 0x0000000003040000, 0x0000000011920000]
 total_blobs=2473 nmethods=2089 adapters=296
 compilation: enabled

Compilation events (10 events):
Event: 2.568 Thread 0x0000000014f13800 2086       3       java.util.Collections::singletonIterator (9 bytes)
Event: 2.568 Thread 0x0000000014f13800 nmethod 2086 0x0000000003022390 code [0x0000000003022500, 0x0000000003022750]
Event: 2.568 Thread 0x0000000014f13800 2088       1       org.springframework.core.type.classreading.MethodMetadataReadingVisitor::getMethodName (5 bytes)
Event: 2.568 Thread 0x0000000014f13800 nmethod 2088 0x0000000003022850 code [0x00000000030229a0, 0x0000000003022ab0]
Event: 2.577 Thread 0x0000000014f13800 2089       1       org.springframework.beans.factory.support.AbstractBeanDefinition::getScope (5 bytes)
Event: 2.577 Thread 0x0000000014f13800 nmethod 2089 0x0000000003022b10 code [0x0000000003022c60, 0x0000000003022d70]
Event: 2.577 Thread 0x0000000014f13800 2090       3       org.springframework.beans.factory.support.AbstractBeanDefinition::hasBeanClass (8 bytes)
Event: 2.577 Thread 0x0000000014f13800 nmethod 2090 0x0000000003022dd0 code [0x0000000003022f20, 0x0000000003023170]
Event: 2.620 Thread 0x0000000014f08000 nmethod 2016 0x0000000003029590 code [0x0000000003029860, 0x000000000302cf30]
Event: 2.620 Thread 0x0000000014f08000 2068   !   4       java.net.URLClassLoader$1::run (63 bytes)

GC Heap History (10 events):
Event: 1.705 GC heap before
{Heap before GC invocations=5 (full 0):
 PSYoungGen      total 35328K, used 35328K [0x00000000eb380000, 0x00000000ed880000, 0x0000000100000000)
  eden space 32768K, 100% used [0x00000000eb380000,0x00000000ed380000,0x00000000ed380000)
  from space 2560K, 100% used [0x00000000ed600000,0x00000000ed880000,0x00000000ed880000)
  to   space 2560K, 0% used [0x00000000ed380000,0x00000000ed380000,0x00000000ed600000)
 ParOldGen       total 44032K, used 4521K [0x00000000c1a00000, 0x00000000c4500000, 0x00000000eb380000)
  object space 44032K, 10% used [0x00000000c1a00000,0x00000000c1e6a650,0x00000000c4500000)
 Metaspace       used 17499K, capacity 18056K, committed 18304K, reserved 1064960K
  class space    used 2269K, capacity 2422K, committed 2432K, reserved 1048576K
Event: 1.712 GC heap after
Heap after GC invocations=5 (full 0):
 PSYoungGen      total 35328K, used 2544K [0x00000000eb380000, 0x00000000ed880000, 0x0000000100000000)
  eden space 32768K, 0% used [0x00000000eb380000,0x00000000eb380000,0x00000000ed380000)
  from space 2560K, 99% used [0x00000000ed380000,0x00000000ed5fc010,0x00000000ed600000)
  to   space 2560K, 0% used [0x00000000ed600000,0x00000000ed600000,0x00000000ed880000)
 ParOldGen       total 44032K, used 8817K [0x00000000c1a00000, 0x00000000c4500000, 0x00000000eb380000)
  object space 44032K, 20% used [0x00000000c1a00000,0x00000000c229c518,0x00000000c4500000)
 Metaspace       used 17499K, capacity 18056K, committed 18304K, reserved 1064960K
  class space    used 2269K, capacity 2422K, committed 2432K, reserved 1048576K
}
Event: 1.968 GC heap before
{Heap before GC invocations=6 (full 0):
 PSYoungGen      total 35328K, used 29327K [0x00000000eb380000, 0x00000000ed880000, 0x0000000100000000)
  eden space 32768K, 81% used [0x00000000eb380000,0x00000000ecda7e38,0x00000000ed380000)
  from space 2560K, 99% used [0x00000000ed380000,0x00000000ed5fc010,0x00000000ed600000)
  to   space 2560K, 0% used [0x00000000ed600000,0x00000000ed600000,0x00000000ed880000)
 ParOldGen       total 44032K, used 8817K [0x00000000c1a00000, 0x00000000c4500000, 0x00000000eb380000)
  object space 44032K, 20% used [0x00000000c1a00000,0x00000000c229c518,0x00000000c4500000)
 Metaspace       used 20500K, capacity 21074K, committed 21296K, reserved 1067008K
  class space    used 2673K, capacity 2825K, committed 2944K, reserved 1048576K
Event: 1.975 GC heap after
Heap after GC invocations=6 (full 0):
 PSYoungGen      total 35328K, used 2560K [0x00000000eb380000, 0x00000000ed880000, 0x0000000100000000)
  eden space 32768K, 0% used [0x00000000eb380000,0x00000000eb380000,0x00000000ed380000)
  from space 2560K, 100% used [0x00000000ed600000,0x00000000ed880000,0x00000000ed880000)
  to   space 2560K, 0% used [0x00000000ed380000,0x00000000ed380000,0x00000000ed600000)
 ParOldGen       total 44032K, used 12448K [0x00000000c1a00000, 0x00000000c4500000, 0x00000000eb380000)
  object space 44032K, 28% used [0x00000000c1a00000,0x00000000c26281f8,0x00000000c4500000)
 Metaspace       used 20500K, capacity 21074K, committed 21296K, reserved 1067008K
  class space    used 2673K, capacity 2825K, committed 2944K, reserved 1048576K
}
Event: 1.975 GC heap before
{Heap before GC invocations=7 (full 1):
 PSYoungGen      total 35328K, used 2560K [0x00000000eb380000, 0x00000000ed880000, 0x0000000100000000)
  eden space 32768K, 0% used [0x00000000eb380000,0x00000000eb380000,0x00000000ed380000)
  from space 2560K, 100% used [0x00000000ed600000,0x00000000ed880000,0x00000000ed880000)
  to   space 2560K, 0% used [0x00000000ed380000,0x00000000ed380000,0x00000000ed600000)
 ParOldGen       total 44032K, used 12448K [0x00000000c1a00000, 0x00000000c4500000, 0x00000000eb380000)
  object space 44032K, 28% used [0x00000000c1a00000,0x00000000c26281f8,0x00000000c4500000)
 Metaspace       used 20500K, capacity 21074K, committed 21296K, reserved 1067008K
  class space    used 2673K, capacity 2825K, committed 2944K, reserved 1048576K
Event: 2.004 GC heap after
Heap after GC invocations=7 (full 1):
 PSYoungGen      total 35328K, used 0K [0x00000000eb380000, 0x00000000ed880000, 0x0000000100000000)
  eden space 32768K, 0% used [0x00000000eb380000,0x00000000eb380000,0x00000000ed380000)
  from space 2560K, 0% used [0x00000000ed600000,0x00000000ed600000,0x00000000ed880000)
  to   space 2560K, 0% used [0x00000000ed380000,0x00000000ed380000,0x00000000ed600000)
 ParOldGen       total 34816K, used 7306K [0x00000000c1a00000, 0x00000000c3c00000, 0x00000000eb380000)
  object space 34816K, 20% used [0x00000000c1a00000,0x00000000c2122998,0x00000000c3c00000)
 Metaspace       used 20498K, capacity 21068K, committed 21296K, reserved 1067008K
  class space    used 2673K, capacity 2824K, committed 2944K, reserved 1048576K
}
Event: 2.291 GC heap before
{Heap before GC invocations=8 (full 1):
 PSYoungGen      total 35328K, used 32746K [0x00000000eb380000, 0x00000000ed880000, 0x0000000100000000)
  eden space 32768K, 99% used [0x00000000eb380000,0x00000000ed37a898,0x00000000ed380000)
  from space 2560K, 0% used [0x00000000ed600000,0x00000000ed600000,0x00000000ed880000)
  to   space 2560K, 0% used [0x00000000ed380000,0x00000000ed380000,0x00000000ed600000)
 ParOldGen       total 34816K, used 7306K [0x00000000c1a00000, 0x00000000c3c00000, 0x00000000eb380000)
  object space 34816K, 20% used [0x00000000c1a00000,0x00000000c2122998,0x00000000c3c00000)
 Metaspace       used 22282K, capacity 22956K, committed 23168K, reserved 1069056K
  class space    used 2879K, capacity 3080K, committed 3200K, reserved 1048576K
Event: 2.295 GC heap after
Heap after GC invocations=8 (full 1):
 PSYoungGen      total 35328K, used 2407K [0x00000000eb380000, 0x00000000ef580000, 0x0000000100000000)
  eden space 32768K, 0% used [0x00000000eb380000,0x00000000eb380000,0x00000000ed380000)
  from space 2560K, 94% used [0x00000000ed380000,0x00000000ed5d9e50,0x00000000ed600000)
  to   space 7680K, 0% used [0x00000000eee00000,0x00000000eee00000,0x00000000ef580000)
 ParOldGen       total 34816K, used 7378K [0x00000000c1a00000, 0x00000000c3c00000, 0x00000000eb380000)
  object space 34816K, 21% used [0x00000000c1a00000,0x00000000c21349a8,0x00000000c3c00000)
 Metaspace       used 22282K, capacity 22956K, committed 23168K, reserved 1069056K
  class space    used 2879K, capacity 3080K, committed 3200K, reserved 1048576K
}
Event: 2.468 GC heap before
{Heap before GC invocations=9 (full 1):
 PSYoungGen      total 35328K, used 35175K [0x00000000eb380000, 0x00000000ef580000, 0x0000000100000000)
  eden space 32768K, 100% used [0x00000000eb380000,0x00000000ed380000,0x00000000ed380000)
  from space 2560K, 94% used [0x00000000ed380000,0x00000000ed5d9e50,0x00000000ed600000)
  to   space 7680K, 0% used [0x00000000eee00000,0x00000000eee00000,0x00000000ef580000)
 ParOldGen       total 34816K, used 7378K [0x00000000c1a00000, 0x00000000c3c00000, 0x00000000eb380000)
  object space 34816K, 21% used [0x00000000c1a00000,0x00000000c21349a8,0x00000000c3c00000)
 Metaspace       used 23340K, capacity 24088K, committed 24320K, reserved 1071104K
  class space    used 3033K, capacity 3210K, committed 3328K, reserved 1048576K
Event: 2.473 GC heap after
Heap after GC invocations=9 (full 1):
 PSYoungGen      total 59904K, used 3248K [0x00000000eb380000, 0x00000000ef600000, 0x0000000100000000)
  eden space 52224K, 0% used [0x00000000eb380000,0x00000000eb380000,0x00000000ee680000)
  from space 7680K, 42% used [0x00000000eee00000,0x00000000ef12c328,0x00000000ef580000)
  to   space 7680K, 0% used [0x00000000ee680000,0x00000000ee680000,0x00000000eee00000)
 ParOldGen       total 34816K, used 7386K [0x00000000c1a00000, 0x00000000c3c00000, 0x00000000eb380000)
  object space 34816K, 21% used [0x00000000c1a00000,0x00000000c21369a8,0x00000000c3c00000)
 Metaspace       used 23340K, capacity 24088K, committed 24320K, reserved 1071104K
  class space    used 3033K, capacity 3210K, committed 3328K, reserved 1048576K
}

Deoptimization events (10 events):
Event: 1.477 Thread 0x00000000173d1000 Uncommon trap: reason=class_check action=maybe_recompile pc=0x0000000002c90dc4 method=java.util.HashMap.putVal(ILjava/lang/Object;Ljava/lang/Object;ZZ)Ljava/lang/Object; @ 203
Event: 1.494 Thread 0x00000000173d1000 Uncommon trap: reason=class_check action=maybe_recompile pc=0x0000000002c90dc4 method=java.util.HashMap.putVal(ILjava/lang/Object;Ljava/lang/Object;ZZ)Ljava/lang/Object; @ 203
Event: 1.498 Thread 0x00000000173d1000 Uncommon trap: reason=class_check action=maybe_recompile pc=0x0000000002c90dc4 method=java.util.HashMap.putVal(ILjava/lang/Object;Ljava/lang/Object;ZZ)Ljava/lang/Object; @ 203
Event: 1.541 Thread 0x00000000173d1000 Uncommon trap: reason=unstable_if action=reinterpret pc=0x0000000002cb8970 method=java.util.jar.Manifest$FastInputStream.readLine([BII)I @ 87
Event: 1.918 Thread 0x00000000173d1000 Uncommon trap: reason=unstable_if action=reinterpret pc=0x0000000002d6c6e8 method=jdk.internal.org.objectweb.asm.Type.getArgumentsAndReturnSizes(Ljava/lang/String;)I @ 47
Event: 2.118 Thread 0x0000000002824800 Uncommon trap: reason=unstable_if action=reinterpret pc=0x0000000002c7c3d8 method=org.springframework.boot.context.properties.source.ConfigurationPropertyName$ElementsParser.updateType(Lorg/springframework/boot/context/properties/source/ConfigurationProperf∑¶ÎE@
Event: 2.135 Thread 0x00000000173d1000 Uncommon trap: reason=unstable_if action=reinterpret pc=0x0000000002e5536c method=com.sun.org.apache.xerces.internal.impl.XMLEntityScanner.scanLiteral(ILcom/sun/org/apache/xerces/internal/xni/XMLString;)I @ 563
Event: 2.182 Thread 0x00000000173d1000 Uncommon trap: reason=unstable_if action=reinterpret pc=0x0000000002e7286c method=com.sun.org.apache.xerces.internal.impl.XMLEntityScanner.skipSpaces()Z @ 115
Event: 2.226 Thread 0x00000000173d1000 Uncommon trap: reason=unstable_if action=reinterpret pc=0x0000000002e9661c method=com.sun.org.apache.xerces.internal.util.SymbolTable.addSymbol([CII)Ljava/lang/String; @ 38
Event: 2.236 Thread 0x00000000173d1000 Uncommon trap: reason=unstable_if action=reinterpret pc=0x0000000002eec62c method=com.sun.org.apache.xerces.internal.util.SymbolTable.addSymbol([CII)Ljava/lang/String; @ 38

Internal exceptions (10 events):
Event: 1.640 Thread 0x0000000002824800 Exception <a 'java/lang/ClassNotFoundException': org/springframework/core/OrderedCustomizer> (0x00000000ece00e28) thrown at [C:\re\workspace\8-2-build-windows-amd64-cygwin\jdk8u66\5298\hotspot\src\share\vm\classfile\systemDictionary.cpp, line 210]
Event: 1.641 Thread 0x0000000002824800 Exception <a 'java/lang/ClassNotFoundException': org/springframework/context/ResourceLoaderAwareCustomizer> (0x00000000ece11ec0) thrown at [C:\re\workspace\8-2-build-windows-amd64-cygwin\jdk8u66\5298\hotspot\src\share\vm\classfile\systemDictionary.cpp, linÆkÑ–∫C˙?
Event: 1.642 Thread 0x0000000002824800 Exception <a 'java/lang/ClassNotFoundException': org/springframework/beans/factory/AwareCustomizer> (0x00000000ece21aa0) thrown at [C:\re\workspace\8-2-build-windows-amd64-cygwin\jdk8u66\5298\hotspot\src\share\vm\classfile\systemDictionary.cpp, line 210]
Event: 1.642 Thread 0x0000000002824800 Exception <a 'java/lang/ClassNotFoundException': org/springframework/beans/factory/BeanClassLoaderAwareCustomizer> (0x00000000ece335c0) thrown at [C:\re\workspace\8-2-build-windows-amd64-cygwin\jdk8u66\5298\hotspot\src\share\vm\classfile\systemDictionary.cúQS£ÜG˙?
Event: 1.642 Thread 0x0000000002824800 Exception <a 'java/lang/ClassNotFoundException': org/springframework/beans/factory/AwareCustomizer> (0x00000000ece431b8) thrown at [C:\re\workspace\8-2-build-windows-amd64-cygwin\jdk8u66\5298\hotspot\src\share\vm\classfile\systemDictionary.cpp, line 210]
Event: 1.643 Thread 0x0000000002824800 Exception <a 'java/lang/ClassNotFoundException': org/springframework/context/EnvironmentAwareCustomizer> (0x00000000ece52c48) thrown at [C:\re\workspace\8-2-build-windows-amd64-cygwin\jdk8u66\5298\hotspot\src\share\vm\classfile\systemDictionary.cpp, line 2•OÓ*K˙?
Event: 1.643 Thread 0x0000000002824800 Exception <a 'java/lang/ClassNotFoundException': org/springframework/beans/factory/AwareCustomizer> (0x00000000ece62758) thrown at [C:\re\workspace\8-2-build-windows-amd64-cygwin\jdk8u66\5298\hotspot\src\share\vm\classfile\systemDictionary.cpp, line 210]
Event: 1.699 Thread 0x0000000002824800 Exception <a 'java/lang/NoSuchMethodError': java.lang.Object.lambda$comparing$77a9974f$1(Ljava/util/function/Function;Ljava/lang/Object;Ljava/lang/Object;)I> (0x00000000ed2eb278) thrown at [C:\re\workspace\8-2-build-windows-amd64-cygwin\jdk8u66\5298\hotspoêÛû—√˝?
Event: 1.860 Thread 0x0000000002824800 Exception <a 'java/lang/IncompatibleClassChangeError': Found class java.lang.Object, but interface was expected> (0x00000000ec4c01e8) thrown at [C:\re\workspace\8-2-build-windows-amd64-cygwin\jdk8u66\5298\hotspot\src\share\vm\interpreter\linkResolver.cpp, 
Event: 1.925 Thread 0x00000000173d1000 Exception <a 'java/lang/IncompatibleClassChangeError': Found class java.lang.Object, but interface was expected> (0x00000000ec8a1420) thrown at [C:\re\workspace\8-2-build-windows-amd64-cygwin\jdk8u66\5298\hotspot\src\share\vm\interpreter\linkResolver.cpp, <=ªºE?˙?

Events (10 events):
Event: 2.626 loading class org/springframework/web/bind/support/ConfigurableWebBindingInitializer
Event: 2.626 loading class org/springframework/web/bind/support/ConfigurableWebBindingInitializer done
Event: 2.627 loading class org/springframework/web/servlet/mvc/method/annotation/ExceptionHandlerExceptionResolver
Event: 2.627 loading class org/springframework/web/servlet/mvc/method/annotation/ExceptionHandlerExceptionResolver done
Event: 2.630 loading class org/springframework/web/servlet/handler/AbstractHandlerMethodExceptionResolver
Event: 2.630 loading class org/springframework/web/servlet/handler/AbstractHandlerMethodExceptionResolver done
Event: 2.631 loading class org/springframework/web/servlet/handler/AbstractHandlerExceptionResolver
Event: 2.631 loading class org/springframework/web/servlet/handler/AbstractHandlerExceptionResolver done
Event: 2.632 loading class org/springframework/web/servlet/config/annotation/InterceptorRegistry
Event: 2.632 loading class org/springframework/web/servlet/config/annotation/InterceptorRegistry done


Dynamic libraries:
0x00007ff7a37a0000 - 0x00007ff7a37d7000 	C:\Program Files\Java\jre1.8.0_66\bin\javaw.exe
0x00007ffe6bca0000 - 0x00007ffe6be81000 	C:\WINDOWS\SYSTEM32\ntdll.dll
0x00007ffe6b810000 - 0x00007ffe6b8c2000 	C:\WINDOWS\System32\KERNEL32.DLL
0x00007ffe68210000 - 0x00007ffe68483000 	C:\WINDOWS\System32\KERNELBASE.dll
0x00007ffe6b340000 - 0x00007ffe6b3e1000 	C:\WINDOWS\System32\ADVAPI32.dll
0x00007ffe6ac30000 - 0x00007ffe6acce000 	C:\WINDOWS\System32\msvcrt.dll
0x00007ffe6b540000 - 0x00007ffe6b59b000 	C:\WINDOWS\System32\sechost.dll
0x00007ffe6b410000 - 0x00007ffe6b534000 	C:\WINDOWS\System32\RPCRT4.dll
0x00007ffe6a910000 - 0x00007ffe6aaa0000 	C:\WINDOWS\System32\USER32.dll
0x00007ffe69110000 - 0x00007ffe69130000 	C:\WINDOWS\System32\win32u.dll
0x00007ffe6ac00000 - 0x00007ffe6ac28000 	C:\WINDOWS\System32\GDI32.dll
0x00007ffe68070000 - 0x00007ffe68202000 	C:\WINDOWS\System32\gdi32full.dll
0x00007ffe68d80000 - 0x00007ffe68e1f000 	C:\WINDOWS\System32\msvcp_win.dll
0x00007ffe69010000 - 0x00007ffe69108000 	C:\WINDOWS\System32\ucrtbase.dll
0x00007ffe5e320000 - 0x00007ffe5e589000 	C:\WINDOWS\WinSxS\amd64_microsoft.windows.common-controls_6595b64144ccf1df_6.0.17134.648_none_fb45a0e93062a6d2\COMCTL32.dll
0x00007ffe6b940000 - 0x00007ffe6bc62000 	C:\WINDOWS\System32\combase.dll
0x00007ffe68d00000 - 0x00007ffe68d7a000 	C:\WINDOWS\System32\bcryptPrimitives.dll
0x00007ffe6b310000 - 0x00007ffe6b33d000 	C:\WINDOWS\System32\IMM32.DLL
0x0000000069bb0000 - 0x0000000069c82000 	C:\Program Files\Java\jre1.8.0_66\bin\msvcr100.dll
0x0000000069d30000 - 0x000000006a5b9000 	C:\Program Files\Java\jre1.8.0_66\bin\server\jvm.dll
0x00007ffe6b740000 - 0x00007ffe6b748000 	C:\WINDOWS\System32\PSAPI.DLL
0x00007ffe59e50000 - 0x00007ffe59e59000 	C:\WINDOWS\SYSTEM32\WSOCK32.dll
0x00007ffe65840000 - 0x00007ffe65863000 	C:\WINDOWS\SYSTEM32\WINMM.dll
0x00007ffe6ad80000 - 0x00007ffe6adec000 	C:\WINDOWS\System32\WS2_32.dll
0x00007ffe5ccb0000 - 0x00007ffe5ccba000 	C:\WINDOWS\SYSTEM32\VERSION.dll
0x00007ffe65810000 - 0x00007ffe6583a000 	C:\WINDOWS\SYSTEM32\WINMMBASE.dll
0x00007ffe68ba0000 - 0x00007ffe68be9000 	C:\WINDOWS\System32\cfgmgr32.dll
0x000000006b850000 - 0x000000006b85f000 	C:\Program Files\Java\jre1.8.0_66\bin\verify.dll
0x000000006acb0000 - 0x000000006acd9000 	C:\Program Files\Java\jre1.8.0_66\bin\java.dll
0x000000006b770000 - 0x000000006b786000 	C:\Program Files\Java\jre1.8.0_66\bin\zip.dll
0x00007ffe69430000 - 0x00007ffe6a870000 	C:\WINDOWS\System32\SHELL32.dll
0x00007ffe6acd0000 - 0x00007ffe6ad79000 	C:\WINDOWS\System32\shcore.dll
0x00007ffe68490000 - 0x00007ffe68b9d000 	C:\WINDOWS\System32\windows.storage.dll
0x00007ffe6b8e0000 - 0x00007ffe6b931000 	C:\WINDOWS\System32\shlwapi.dll
0x00007ffe67fc0000 - 0x00007ffe67fd1000 	C:\WINDOWS\System32\kernel.appcore.dll
0x00007ffe68050000 - 0x00007ffe6806f000 	C:\WINDOWS\System32\profapi.dll
0x00007ffe67fe0000 - 0x00007ffe6802c000 	C:\WINDOWS\System32\powrprof.dll
0x00007ffe67fb0000 - 0x00007ffe67fba000 	C:\WINDOWS\System32\FLTLIB.DLL
0x000000006b840000 - 0x000000006b84d000 	C:\Program Files\Java\jre1.8.0_66\bin\management.dll
0x000000006ac90000 - 0x000000006acaa000 	C:\Program Files\Java\jre1.8.0_66\bin\net.dll
0x00007ffe67830000 - 0x00007ffe67896000 	C:\WINDOWS\system32\mswsock.dll
0x00007ffe5d1b0000 - 0x00007ffe5d1c6000 	C:\WINDOWS\system32\napinsp.dll
0x00007ffe5d190000 - 0x00007ffe5d1aa000 	C:\WINDOWS\system32\pnrpnsp.dll
0x00007ffe645a0000 - 0x00007ffe645b9000 	C:\WINDOWS\system32\NLAapi.dll
0x00007ffe675f0000 - 0x00007ffe676ae000 	C:\WINDOWS\SYSTEM32\DNSAPI.dll
0x00007ffe69420000 - 0x00007ffe69428000 	C:\WINDOWS\System32\NSI.dll
0x00007ffe675b0000 - 0x00007ffe675e8000 	C:\WINDOWS\SYSTEM32\IPHLPAPI.DLL
0x00007ffe5d160000 - 0x00007ffe5d16e000 	C:\WINDOWS\System32\winrnr.dll
0x00007ffe5ef60000 - 0x00007ffe5ef6a000 	C:\Windows\System32\rasadhlp.dll
0x00007ffe5ef80000 - 0x00007ffe5eff2000 	C:\WINDOWS\System32\fwpuclnt.dll
0x00007ffe67b10000 - 0x00007ffe67b35000 	C:\WINDOWS\SYSTEM32\bcrypt.dll
0x000000006ac70000 - 0x000000006ac81000 	C:\Program Files\Java\jre1.8.0_66\bin\nio.dll

VM Arguments:
jvm_args: -Dfile.encoding=UTF-8 
java_command: br.com.db1.pedidos.pedidos.api.Application
java_class_path (initial): D:\DB1\Db1StartJava2\pedidos.api\target\classes;C:\Users\Aluno.DESKTOP-3ASBCDM\.m2\repository\org\springframework\boot\spring-boot-starter-data-jpa\2.1.3.RELEASE\spring-boot-starter-data-jpa-2.1.3.RELEASE.jar;C:\Users\Aluno.DESKTOP-3ASBCDM\.m2\repository\org\springframework\boot\spring-boot-starter-aop\2.1.3.RELEASE\spring-boot-starter-aop-2.1.3.RELEASE.jar;C:\Users\Aluno.DESKTOP-3ASBCDM\.m2\repository\org\springframework\spring-aop\5.1.5.RELEASE\spring-aop-5.1.5.RELEASE.jar;C:\Users\Aluno.DESKTOP-3ASBCDM\.m2\repository\org\aspectj\aspectjweaver\1.9.2\aspectjweaver-1.9.2.jar;C:\Users\Aluno.DESKTOP-3ASBCDM\.m2\repository\org\springframework\boot\spring-boot-starter-jdbc\2.1.3.RELEASE\spring-boot-starter-jdbc-2.1.3.RELEASE.jar;C:\Users\Aluno.DESKTOP-3ASBCDM\.m2\repository\com\zaxxer\HikariCP\3.2.0\HikariCP-3.2.0.jar;C:\Users\Aluno.DESKTOP-3ASBCDM\.m2\repository\org\springframework\spring-jdbc\5.1.5.RELEASE\spring-jdbc-5.1.5.RELEASE.jar;C:\Users\Aluno.DESKTOP-3ASBCDM\.m2\repository\javax\transaction\javax.transaction-api\1.3\javax.transaction-api-1.3.jar;C:\Users\Aluno.DESKTOP-3ASBCDM\.m2\repository\javax\xml\bind\jaxb-api\2.3.1\jaxb-api-2.3.1.jar;C:\Users\Aluno.DESKTOP-3ASBCDM\.m2\repository\javax\activation\javax.activation-api\1.2.0\javax.activation-api-1.2.0.jar;C:\Users\Aluno.DESKTOP-3ASBCDM\.m2\repository\org\hibernate\hibernate-core\5.3.7.Final\hibernate-core-5.3.7.Final.jar;C:\Users\Aluno.DESKTOP-3ASBCDM\.m2\repository\org\jboss\logging\jboss-logging\3.3.2.Final\jboss-logging-3.3.2.Final.jar;C:\Users\Aluno.DESKTOP-3ASBCDM\.m2\repository\javax\persistence\javax.persistence-api\2.2\javax.persistence-api-2.2.jar;C:\Users\Aluno.DESKTOP-3ASBCDM\.m2\repository\org\javassist\javassist\3.23.1-GA\javassist-3.23.1-GA.jar;C:\Users\Aluno.DESKTOP-3ASBCDM\.m2\repository\net\bytebuddy\byte-buddy\1.9.10\byte-buddy-1.9.10.jar;C:\Users\Aluno.DESKTOP-3ASBCDM\.m2\repository\antlr\antlr\2.7.7\antlr-2.7.7.jar;C:\Users\Aluno.DESKTOP-3ASBCDM\.m2\repository
Launcher Type: SUN_STANDARD

Environment Variables:
JAVA_HOME=C:\Program Files\Java\jdk1.8.0_66
PATH=C:/Program Files/Java/jre1.8.0_66/bin/server;C:/Program Files/Java/jre1.8.0_66/bin;C:/Program Files/Java/jre1.8.0_66/lib/amd64;C:\ProgramData\Oracle\Java\javapath;C:\WINDOWS\system32;C:\WINDOWS;C:\WINDOWS\System32\Wbem;C:\WINDOWS\System32\WindowsPowerShell\v1.0\;C:\Program Files (x86)\MySQL\MySQL Fabric 1.5 & MySQL Utilities 1.5\;C:\Program Files (x86)\MySQL\MySQL Fabric 1.5 & MySQL Utilities 1.5\Doctrine extensions for PHP\;C:\Users\Aluno.DESKTOP-3ASBCDM\.dnx\bin;C:\Program Files\Microsoft DNX\Dnvm\;C:\cygwin64;C:\Program Files\Microsoft SQL Server\Client SDK\ODBC\110\Tools\Binn\;C:\Program Files (x86)\Microsoft SQL Server\120\Tools\Binn\;C:\Program Files\Microsoft SQL Server\120\Tools\Binn\;C:\Program Files\Microsoft SQL Server\120\DTS\Binn\;C:\Program Files (x86)\Microsoft SQL Server\120\Tools\Binn\ManagementStudio\;C:\Program Files (x86)\Microsoft SQL Server\120\DTS\Binn\;C:\Program Files (x86)\Shield;C:\WINDOWS\System32\OpenSSH\;C:\Users\Aluno.DESKTOP-3ASBCDM\AppData\Local\Microsoft\WindowsApps;;C:\Users\Aluno.DESKTOP-3ASBCDM\Desktop;
USERNAME=Aluno
OS=Windows_NT
PROCESSOR_IDENTIFIER=Intel64 Family 6 Model 58 Stepping 9, GenuineIntel



---------------  S Y S T E M  ---------------

OS: Windows 10.0 , 64 bit Build 17134 (10.0.17134.648)

CPU:total 4 (2 cores per cpu, 2 threads per core) family 6 model 58 stepping 9, cmov, cx8, fxsr, mmx, sse, sse2, sse3, ssse3, sse4.1, sse4.2, popcnt, avx, clmul, erms, ht, tsc, tscinvbit, tscinv

Memory: 4k page, physical 4087612k(672484k free), swap 4087612k(8188k free)

vm_info: Java HotSpot(TM) 64-Bit Server VM (25.66-b18) for windows-amd64 JRE (1.8.0_66-b18), built on Nov  9 2015 10:51:13 by "java_re" with MS VC++ 10.0 (VS2010)

time: Tue Apr 02 15:20:20 2019
elapsed time: 2 seconds (0d 0h 0m 2s)

