#
# There is insufficient memory for the Java Runtime Environment to continue.
# Native memory allocation (malloc) failed to allocate 1672512 bytes for Chunk::new
# Possible reasons:
#   The system is out of physical RAM or swap space
#   In 32 bit mode, the process size limit was hit
# Possible solutions:
#   Reduce memory load on the system
#   Increase physical memory or swap space
#   Check if swap backing store is full
#   Use 64 bit Java on a 64 bit OS
#   Decrease Java heap size (-Xmx/-Xms)
#   Decrease number of Java threads
#   Decrease Java thread stack sizes (-Xss)
#   Set larger code cache with -XX:ReservedCodeCacheSize=
# This output file may be truncated or incomplete.
#
#  Out of Memory Error (allocation.cpp:390), pid=4552, tid=4044
#
# JRE version: Java(TM) SE Runtime Environment (8.0_66-b18) (build 1.8.0_66-b18)
# Java VM: Java HotSpot(TM) 64-Bit Server VM (25.66-b18 mixed mode windows-amd64 compressed oops)
# Failed to write core dump. Minidumps are not enabled by default on client versions of Windows
#

---------------  T H R E A D  ---------------

Current thread (0x0000000014bc6000):  JavaThread "C2 CompilerThread1" daemon [_thread_in_native, id=4044, stack(0x0000000016320000,0x0000000016420000)]

Stack: [0x0000000016320000,0x0000000016420000]
[error occurred during error reporting (printing stack bounds), id 0xc0000005]

Native frames: (J=compiled Java code, j=interpreted, Vv=VM code, C=native code)


Current CompileTask:
C2:  33608 5200   !   4       java.net.URLClassLoader$1::run (63 bytes)


---------------  P R O C E S S  ---------------

Java Threads: ( => current thread )
  0x000000001a74a800 JavaThread "DestroyJavaVM" [_thread_blocked, id=6192, stack(0x0000000002340000,0x0000000002440000)]
  0x000000001a74c000 JavaThread "http-nio-8080-Acceptor-0" daemon [_thread_in_native, id=8748, stack(0x0000000020840000,0x0000000020940000)]
  0x000000001a74c800 JavaThread "http-nio-8080-ClientPoller-1" daemon [_thread_in_native, id=6840, stack(0x0000000020740000,0x0000000020840000)]
  0x000000001a74f000 JavaThread "http-nio-8080-ClientPoller-0" daemon [_thread_in_native, id=7312, stack(0x0000000020640000,0x0000000020740000)]
  0x000000001a74e000 JavaThread "http-nio-8080-exec-10" daemon [_thread_blocked, id=7440, stack(0x0000000020540000,0x0000000020640000)]
  0x000000001a74d800 JavaThread "http-nio-8080-exec-9" daemon [_thread_in_Java, id=1888, stack(0x0000000020440000,0x0000000020540000)]
  0x000000001a749800 JavaThread "http-nio-8080-exec-8" daemon [_thread_blocked, id=7460, stack(0x0000000020340000,0x0000000020440000)]
  0x0000000017cae000 JavaThread "http-nio-8080-exec-7" daemon [_thread_blocked, id=2576, stack(0x0000000020240000,0x0000000020340000)]
  0x0000000017cad000 JavaThread "http-nio-8080-exec-6" daemon [_thread_blocked, id=6428, stack(0x0000000020140000,0x0000000020240000)]
  0x0000000017cac800 JavaThread "http-nio-8080-exec-5" daemon [_thread_blocked, id=2340, stack(0x0000000020040000,0x0000000020140000)]
  0x0000000017caf800 JavaThread "http-nio-8080-exec-4" daemon [_thread_blocked, id=8092, stack(0x000000001ff40000,0x0000000020040000)]
  0x0000000017cae800 JavaThread "http-nio-8080-exec-3" daemon [_thread_blocked, id=8096, stack(0x000000001fe40000,0x000000001ff40000)]
  0x0000000017129000 JavaThread "http-nio-8080-exec-2" daemon [_thread_blocked, id=8764, stack(0x000000001fd40000,0x000000001fe40000)]
  0x000000001803e000 JavaThread "http-nio-8080-exec-1" daemon [_thread_blocked, id=7028, stack(0x000000001f3c0000,0x000000001f4c0000)]
  0x000000001b01a000 JavaThread "NioBlockingSelector.BlockPoller-1" daemon [_thread_in_native, id=6764, stack(0x000000001ea70000,0x000000001eb70000)]
  0x0000000019cfd800 JavaThread "HikariPool-1 housekeeper" daemon [_thread_blocked, id=5784, stack(0x000000001e670000,0x000000001e770000)]
  0x000000001a1d4000 JavaThread "PostgreSQL-JDBC-SharedTimer-1" daemon [_thread_blocked, id=9556, stack(0x000000001d5a0000,0x000000001d6a0000)]
  0x000000001d86e000 JavaThread "container-0" [_thread_blocked, id=9300, stack(0x000000001d090000,0x000000001d190000)]
  0x000000001d075000 JavaThread "Catalina-utility-2" [_thread_blocked, id=2996, stack(0x000000001bd30000,0x000000001be30000)]
  0x000000001a13b800 JavaThread "Catalina-utility-1" [_thread_blocked, id=3360, stack(0x000000001ba20000,0x000000001bb20000)]
  0x000000001654c000 JavaThread "Service Thread" daemon [_thread_blocked, id=9948, stack(0x0000000016920000,0x0000000016a20000)]
  0x0000000014bd5800 JavaThread "C1 CompilerThread2" daemon [_thread_blocked, id=4916, stack(0x0000000016420000,0x0000000016520000)]
=>0x0000000014bc6000 JavaThread "C2 CompilerThread1" daemon [_thread_in_native, id=4044, stack(0x0000000016320000,0x0000000016420000)]
  0x0000000014bc4000 JavaThread "C2 CompilerThread0" daemon [_thread_in_native, id=7384, stack(0x0000000016220000,0x0000000016320000)]
  0x0000000014bc2800 JavaThread "Attach Listener" daemon [_thread_blocked, id=10048, stack(0x0000000016120000,0x0000000016220000)]
  0x0000000014bc1000 JavaThread "Signal Dispatcher" daemon [_thread_blocked, id=8452, stack(0x0000000016020000,0x0000000016120000)]
  0x00000000025d9800 JavaThread "Finalizer" daemon [_thread_blocked, id=7984, stack(0x0000000015e10000,0x0000000015f10000)]
  0x00000000025d1800 JavaThread "Reference Handler" daemon [_thread_blocked, id=7276, stack(0x0000000015d10000,0x0000000015e10000)]

Other Threads:
  0x0000000014b87000 VMThread [stack: 0x0000000015c10000,0x0000000015d10000] [id=3324]
  0x000000001656f800 WatcherThread [stack: 0x0000000016a20000,0x0000000016b20000] [id=3424]

VM state:not at safepoint (normal execution)

VM Mutex/Monitor currently owned by a thread: None

Heap:
 PSYoungGen      total 141312K, used 31842K [0x00000000eb380000, 0x00000000f4d00000, 0x0000000100000000)
  eden space 125440K, 25% used [0x00000000eb380000,0x00000000ed2988e0,0x00000000f2e00000)
  from space 15872K, 0% used [0x00000000f2e00000,0x00000000f2e00000,0x00000000f3d80000)
  to   space 12800K, 0% used [0x00000000f3d80000,0x00000000f3d80000,0x00000000f4a00000)
 ParOldGen       total 59904K, used 29622K [0x00000000c1a00000, 0x00000000c5480000, 0x00000000eb380000)
  object space 59904K, 49% used [0x00000000c1a00000,0x00000000c36ed9e0,0x00000000c5480000)
 Metaspace       used 59809K, capacity 62480K, committed 62848K, reserved 1103872K
  class space    used 8240K, capacity 8712K, committed 8832K, reserved 1048576K

Card table byte_map: [0x00000000119a0000,0x0000000011ba0000] byte_map_base: 0x0000000011393000

Marking Bits: (ParMarkBitMap*) 0x0000000069b1a5b0
 Begin Bits: [0x00000000120f0000, 0x0000000013088000)
 End Bits:   [0x0000000013088000, 0x0000000014020000)

Polling page: 0x00000000003f0000

CodeCache: size=245760Kb used=14567Kb max_used=15379Kb free=231192Kb
 bounds [0x00000000025e0000, 0x0000000003530000, 0x00000000115e0000]
 total_blobs=4988 nmethods=4445 adapters=454
 compilation: enabled

Compilation events (10 events):
Event: 33.412 Thread 0x0000000014bc4000 nmethod 5213 0x000000000284cad0 code [0x000000000284cc20, 0x000000000284ccd8]
Event: 33.562 Thread 0x0000000014bd5800 5214   !   3       java.net.AbstractPlainSocketImpl::isConnectionReset (31 bytes)
Event: 33.563 Thread 0x0000000014bd5800 nmethod 5214 0x00000000027b5e10 code [0x00000000027b5f80, 0x00000000027b62d0]
Event: 33.563 Thread 0x0000000014bd5800 5216       3       com.sun.crypto.provider.GaloisCounterMode::decryptFinal (256 bytes)
Event: 33.565 Thread 0x0000000014bd5800 nmethod 5216 0x0000000002e81150 code [0x0000000002e81420, 0x0000000002e82d48]
Event: 33.576 Thread 0x0000000014bd5800 5217       3       java.lang.reflect.Field::acquireFieldAccessor (59 bytes)
Event: 33.577 Thread 0x0000000014bd5800 nmethod 5217 0x0000000002976250 code [0x0000000002976420, 0x0000000002976b68]
Event: 33.577 Thread 0x0000000014bd5800 5218       3       sun.reflect.UnsafeFieldAccessorImpl::ensureObj (23 bytes)
Event: 33.578 Thread 0x0000000014bd5800 nmethod 5218 0x0000000002f45010 code [0x0000000002f451e0, 0x0000000002f45b38]
Event: 33.584 Thread 0x0000000014bc4000 5219   !   4       java.lang.ClassLoader::getPackage (118 bytes)

GC Heap History (10 events):
Event: 4.551 GC heap before
{Heap before GC invocations=10 (full 1):
 PSYoungGen      total 105472K, used 86621K [0x00000000eb380000, 0x00000000f2580000, 0x0000000100000000)
  eden space 98304K, 80% used [0x00000000eb380000,0x00000000f011b048,0x00000000f1380000)
  from space 7168K, 99% used [0x00000000f1d00000,0x00000000f23fc4f0,0x00000000f2400000)
  to   space 9216K, 0% used [0x00000000f1380000,0x00000000f1380000,0x00000000f1c80000)
 ParOldGen       total 34816K, used 10112K [0x00000000c1a00000, 0x00000000c3c00000, 0x00000000eb380000)
  object space 34816K, 29% used [0x00000000c1a00000,0x00000000c23e0160,0x00000000c3c00000)
 Metaspace       used 33863K, capacity 35382K, committed 35456K, reserved 1079296K
  class space    used 4430K, capacity 4717K, committed 4736K, reserved 1048576K
Event: 4.568 GC heap after
Heap after GC invocations=10 (full 1):
 PSYoungGen      total 107520K, used 9200K [0x00000000eb380000, 0x00000000f4a00000, 0x0000000100000000)
  eden space 98304K, 0% used [0x00000000eb380000,0x00000000eb380000,0x00000000f1380000)
  from space 9216K, 99% used [0x00000000f1380000,0x00000000f1c7c388,0x00000000f1c80000)
  to   space 12800K, 0% used [0x00000000f3d80000,0x00000000f3d80000,0x00000000f4a00000)
 ParOldGen       total 34816K, used 15778K [0x00000000c1a00000, 0x00000000c3c00000, 0x00000000eb380000)
  object space 34816K, 45% used [0x00000000c1a00000,0x00000000c2968b98,0x00000000c3c00000)
 Metaspace       used 33863K, capacity 35382K, committed 35456K, reserved 1079296K
  class space    used 4430K, capacity 4717K, committed 4736K, reserved 1048576K
}
Event: 4.568 GC heap before
{Heap before GC invocations=11 (full 2):
 PSYoungGen      total 107520K, used 9200K [0x00000000eb380000, 0x00000000f4a00000, 0x0000000100000000)
  eden space 98304K, 0% used [0x00000000eb380000,0x00000000eb380000,0x00000000f1380000)
  from space 9216K, 99% used [0x00000000f1380000,0x00000000f1c7c388,0x00000000f1c80000)
  to   space 12800K, 0% used [0x00000000f3d80000,0x00000000f3d80000,0x00000000f4a00000)
 ParOldGen       total 34816K, used 15778K [0x00000000c1a00000, 0x00000000c3c00000, 0x00000000eb380000)
  object space 34816K, 45% used [0x00000000c1a00000,0x00000000c2968b98,0x00000000c3c00000)
 Metaspace       used 33863K, capacity 35382K, committed 35456K, reserved 1079296K
  class space    used 4430K, capacity 4717K, committed 4736K, reserved 1048576K
Event: 4.630 GC heap after
Heap after GC invocations=11 (full 2):
 PSYoungGen      total 107520K, used 0K [0x00000000eb380000, 0x00000000f4a00000, 0x0000000100000000)
  eden space 98304K, 0% used [0x00000000eb380000,0x00000000eb380000,0x00000000f1380000)
  from space 9216K, 0% used [0x00000000f1380000,0x00000000f1380000,0x00000000f1c80000)
  to   space 12800K, 0% used [0x00000000f3d80000,0x00000000f3d80000,0x00000000f4a00000)
 ParOldGen       total 59904K, used 19152K [0x00000000c1a00000, 0x00000000c5480000, 0x00000000eb380000)
  object space 59904K, 31% used [0x00000000c1a00000,0x00000000c2cb42f8,0x00000000c5480000)
 Metaspace       used 33863K, capacity 35382K, committed 35456K, reserved 1079296K
  class space    used 4430K, capacity 4717K, committed 4736K, reserved 1048576K
}
Event: 7.989 GC heap before
{Heap before GC invocations=12 (full 2):
 PSYoungGen      total 107520K, used 98304K [0x00000000eb380000, 0x00000000f4a00000, 0x0000000100000000)
  eden space 98304K, 100% used [0x00000000eb380000,0x00000000f1380000,0x00000000f1380000)
  from space 9216K, 0% used [0x00000000f1380000,0x00000000f1380000,0x00000000f1c80000)
  to   space 12800K, 0% used [0x00000000f3d80000,0x00000000f3d80000,0x00000000f4a00000)
 ParOldGen       total 59904K, used 19152K [0x00000000c1a00000, 0x00000000c5480000, 0x00000000eb380000)
  object space 59904K, 31% used [0x00000000c1a00000,0x00000000c2cb42f8,0x00000000c5480000)
 Metaspace       used 49244K, capacity 50892K, committed 51456K, reserved 1093632K
  class space    used 6775K, capacity 7082K, committed 7168K, reserved 1048576K
Event: 8.007 GC heap after
Heap after GC invocations=12 (full 2):
 PSYoungGen      total 138240K, used 12797K [0x00000000eb380000, 0x00000000f4d00000, 0x0000000100000000)
  eden space 125440K, 0% used [0x00000000eb380000,0x00000000eb380000,0x00000000f2e00000)
  from space 12800K, 99% used [0x00000000f3d80000,0x00000000f49ff4d8,0x00000000f4a00000)
  to   space 15872K, 0% used [0x00000000f2e00000,0x00000000f2e00000,0x00000000f3d80000)
 ParOldGen       total 59904K, used 22486K [0x00000000c1a00000, 0x00000000c5480000, 0x00000000eb380000)
  object space 59904K, 37% used [0x00000000c1a00000,0x00000000c2ff58a0,0x00000000c5480000)
 Metaspace       used 49244K, capacity 50892K, committed 51456K, reserved 1093632K
  class space    used 6775K, capacity 7082K, committed 7168K, reserved 1048576K
}
Event: 18.751 GC heap before
{Heap before GC invocations=13 (full 2):
 PSYoungGen      total 138240K, used 109572K [0x00000000eb380000, 0x00000000f4d00000, 0x0000000100000000)
  eden space 125440K, 77% used [0x00000000eb380000,0x00000000f1201d78,0x00000000f2e00000)
  from space 12800K, 99% used [0x00000000f3d80000,0x00000000f49ff4d8,0x00000000f4a00000)
  to   space 15872K, 0% used [0x00000000f2e00000,0x00000000f2e00000,0x00000000f3d80000)
 ParOldGen       total 59904K, used 22486K [0x00000000c1a00000, 0x00000000c5480000, 0x00000000eb380000)
  object space 59904K, 37% used [0x00000000c1a00000,0x00000000c2ff58a0,0x00000000c5480000)
 Metaspace       used 56456K, capacity 58944K, committed 59096K, reserved 1099776K
  class space    used 7780K, capacity 8208K, committed 8320K, reserved 1048576K
Event: 18.785 GC heap after
Heap after GC invocations=13 (full 2):
 PSYoungGen      total 141312K, used 10737K [0x00000000eb380000, 0x00000000f4d00000, 0x0000000100000000)
  eden space 125440K, 0% used [0x00000000eb380000,0x00000000eb380000,0x00000000f2e00000)
  from space 15872K, 67% used [0x00000000f2e00000,0x00000000f387c7f8,0x00000000f3d80000)
  to   space 12800K, 0% used [0x00000000f3d80000,0x00000000f3d80000,0x00000000f4a00000)
 ParOldGen       total 59904K, used 26275K [0x00000000c1a00000, 0x00000000c5480000, 0x00000000eb380000)
  object space 59904K, 43% used [0x00000000c1a00000,0x00000000c33a8f80,0x00000000c5480000)
 Metaspace       used 56456K, capacity 58944K, committed 59096K, reserved 1099776K
  class space    used 7780K, capacity 8208K, committed 8320K, reserved 1048576K
}
Event: 18.785 GC heap before
{Heap before GC invocations=14 (full 3):
 PSYoungGen      total 141312K, used 10737K [0x00000000eb380000, 0x00000000f4d00000, 0x0000000100000000)
  eden space 125440K, 0% used [0x00000000eb380000,0x00000000eb380000,0x00000000f2e00000)
  from space 15872K, 67% used [0x00000000f2e00000,0x00000000f387c7f8,0x00000000f3d80000)
  to   space 12800K, 0% used [0x00000000f3d80000,0x00000000f3d80000,0x00000000f4a00000)
 ParOldGen       total 59904K, used 26275K [0x00000000c1a00000, 0x00000000c5480000, 0x00000000eb380000)
  object space 59904K, 43% used [0x00000000c1a00000,0x00000000c33a8f80,0x00000000c5480000)
 Metaspace       used 56456K, capacity 58944K, committed 59096K, reserved 1099776K
  class space    used 7780K, capacity 8208K, committed 8320K, reserved 1048576K
Event: 18.949 GC heap after
Heap after GC invocations=14 (full 3):
 PSYoungGen      total 141312K, used 0K [0x00000000eb380000, 0x00000000f4d00000, 0x0000000100000000)
  eden space 125440K, 0% used [0x00000000eb380000,0x00000000eb380000,0x00000000f2e00000)
  from space 15872K, 0% used [0x00000000f2e00000,0x00000000f2e00000,0x00000000f3d80000)
  to   space 12800K, 0% used [0x00000000f3d80000,0x00000000f3d80000,0x00000000f4a00000)
 ParOldGen       total 59904K, used 29622K [0x00000000c1a00000, 0x00000000c5480000, 0x00000000eb380000)
  object space 59904K, 49% used [0x00000000c1a00000,0x00000000c36ed9e0,0x00000000c5480000)
 Metaspace       used 56456K, capacity 58944K, committed 59096K, reserved 1099776K
  class space    used 7780K, capacity 8208K, committed 8320K, reserved 1048576K
}

Deoptimization events (10 events):
Event: 18.614 Thread 0x00000000024e4800 Uncommon trap: reason=unstable_if action=reinterpret pc=0x000000000297f2a0 method=java.util.concurrent.ConcurrentHashMap.transfer([Ljava/util/concurrent/ConcurrentHashMap$Node;[Ljava/util/concurrent/ConcurrentHashMap$Node;)V @ 356
Event: 19.070 Thread 0x00000000024e4800 Uncommon trap: reason=unstable_if action=reinterpret pc=0x00000000033c5d94 method=org.springframework.util.ConcurrentReferenceHashMap$Segment.clear()V @ 4
Event: 19.112 Thread 0x00000000024e4800 Uncommon trap: reason=bimorphic action=maybe_recompile pc=0x0000000002c65c40 method=java.util.Hashtable.get(Ljava/lang/Object;)Ljava/lang/Object; @ 6
Event: 19.113 Thread 0x00000000024e4800 Uncommon trap: reason=bimorphic action=maybe_recompile pc=0x0000000002c65c40 method=java.util.Hashtable.get(Ljava/lang/Object;)Ljava/lang/Object; @ 6
Event: 33.066 Thread 0x000000001a74d800 Uncommon trap: reason=unstable_if action=reinterpret pc=0x000000000310b7ac method=java.util.StringTokenizer.scanToken(I)I @ 96
Event: 33.109 Thread 0x000000001a74d800 Uncommon trap: reason=bimorphic action=maybe_recompile pc=0x000000000302a408 method=java.util.Hashtable.get(Ljava/lang/Object;)Ljava/lang/Object; @ 45
Event: 33.112 Thread 0x000000001a74d800 Uncommon trap: reason=bimorphic action=maybe_recompile pc=0x000000000302a408 method=java.util.Hashtable.get(Ljava/lang/Object;)Ljava/lang/Object; @ 45
Event: 33.115 Thread 0x000000001a74d800 Uncommon trap: reason=unstable_if action=reinterpret pc=0x00000000026fc680 method=java.lang.CharacterData.of(I)Ljava/lang/CharacterData; @ 4
Event: 33.120 Thread 0x000000001a74d800 Uncommon trap: reason=unstable_if action=reinterpret pc=0x00000000027220dc method=java.util.regex.Pattern$BmpCharProperty.match(Ljava/util/regex/Matcher;ILjava/lang/CharSequence;)Z @ 34
Event: 33.573 Thread 0x000000001a74d800 Uncommon trap: reason=unstable_if action=reinterpret pc=0x00000000033481d4 method=org.postgresql.core.UTF8Encoding.decode([BII)Ljava/lang/String; @ 59

Internal exceptions (10 events):
Event: 18.200 Thread 0x00000000024e4800 Implicit null exception at 0x0000000003472232 to 0x000000000347429d
Event: 18.287 Thread 0x00000000024e4800 Exception <a 'java/lang/ClassNotFoundException': java/lang/ObjectCustomizer> (0x00000000ef948710) thrown at [C:\re\workspace\8-2-build-windows-amd64-cygwin\jdk8u66\5298\hotspot\src\share\vm\classfile\systemDictionary.cpp, line 210]
Event: 18.288 Thread 0x00000000024e4800 Exception <a 'java/lang/ClassNotFoundException': br/com/db1/pedidos/pedidos/api/domain/entity/HistoricoCustomizer> (0x00000000ef95f0a0) thrown at [C:\re\workspace\8-2-build-windows-amd64-cygwin\jdk8u66\5298\hotspot\src\share\vm\classfile\systemDictionary.c ×ë‹·K2@
Event: 18.296 Thread 0x00000000024e4800 Exception <a 'java/lang/ClassNotFoundException': java/lang/ObjectCustomizer> (0x00000000ef9af058) thrown at [C:\re\workspace\8-2-build-windows-amd64-cygwin\jdk8u66\5298\hotspot\src\share\vm\classfile\systemDictionary.cpp, line 210]
Event: 18.296 Thread 0x00000000024e4800 Exception <a 'java/lang/ClassNotFoundException': br/com/db1/pedidos/pedidos/api/domain/entity/PedidoCustomizer> (0x00000000ef9c51d0) thrown at [C:\re\workspace\8-2-build-windows-amd64-cygwin\jdk8u66\5298\hotspot\src\share\vm\classfile\systemDictionary.cpp,Î|M2@
Event: 18.303 Thread 0x00000000024e4800 Exception <a 'java/lang/ClassNotFoundException': java/lang/ObjectCustomizer> (0x00000000efa0ac68) thrown at [C:\re\workspace\8-2-build-windows-amd64-cygwin\jdk8u66\5298\hotspot\src\share\vm\classfile\systemDictionary.cpp, line 210]
Event: 18.304 Thread 0x00000000024e4800 Exception <a 'java/lang/ClassNotFoundException': br/com/db1/pedidos/pedidos/api/domain/entity/PedidoItemCustomizer> (0x00000000efa21678) thrown at [C:\re\workspace\8-2-build-windows-amd64-cygwin\jdk8u66\5298\hotspot\src\share\vm\classfile\systemDictionary.
÷œvP2@
Event: 18.314 Thread 0x00000000024e4800 Exception <a 'java/lang/reflect/InvocationTargetException'> (0x00000000efa9ec30) thrown at [C:\re\workspace\8-2-build-windows-amd64-cygwin\jdk8u66\5298\hotspot\src\share\vm\runtime\reflection.cpp, line 1092]
Event: 18.331 Thread 0x00000000024e4800 Exception <a 'java/lang/reflect/InvocationTargetException'> (0x00000000efb640a0) thrown at [C:\re\workspace\8-2-build-windows-amd64-cygwin\jdk8u66\5298\hotspot\src\share\vm\runtime\reflection.cpp, line 1092]
Event: 18.350 Thread 0x00000000024e4800 Exception <a 'java/lang/reflect/InvocationTargetException'> (0x00000000efc55a48) thrown at [C:\re\workspace\8-2-build-windows-amd64-cygwin\jdk8u66\5298\hotspot\src\share\vm\runtime\reflection.cpp, line 1092]

Events (10 events):
Event: 33.593 loading class com/fasterxml/jackson/databind/util/TypeKey
Event: 33.593 loading class com/fasterxml/jackson/databind/util/TypeKey done
Event: 33.594 loading class com/fasterxml/jackson/databind/type/ClassStack
Event: 33.594 loading class com/fasterxml/jackson/databind/type/ClassStack done
Event: 33.594 loading class com/fasterxml/jackson/databind/type/TypeBindings$TypeParamStash
Event: 33.594 loading class com/fasterxml/jackson/databind/type/TypeBindings$TypeParamStash done
Event: 33.595 loading class com/fasterxml/jackson/databind/type/TypeBindings$AsKey
Event: 33.595 loading class com/fasterxml/jackson/databind/type/TypeBindings$AsKey done
Event: 33.597 loading class java/lang/Package$1
Event: 33.597 loading class java/lang/Package$1 done


Dynamic libraries:
0x00007ff7b4130000 - 0x00007ff7b4167000 	C:\Program Files\Java\jre1.8.0_66\bin\javaw.exe
0x00007ffafaa10000 - 0x00007ffafabf1000 	C:\WINDOWS\SYSTEM32\ntdll.dll
0x00007ffaf90b0000 - 0x00007ffaf9162000 	C:\WINDOWS\System32\KERNEL32.DLL
0x00007ffaf7460000 - 0x00007ffaf76d3000 	C:\WINDOWS\System32\KERNELBASE.dll
0x00007ffaf8170000 - 0x00007ffaf8211000 	C:\WINDOWS\System32\ADVAPI32.dll
0x00007ffafa8e0000 - 0x00007ffafa97e000 	C:\WINDOWS\System32\msvcrt.dll
0x00007ffaf85c0000 - 0x00007ffaf861b000 	C:\WINDOWS\System32\sechost.dll
0x00007ffaf8aa0000 - 0x00007ffaf8bc4000 	C:\WINDOWS\System32\RPCRT4.dll
0x00007ffaf7ea0000 - 0x00007ffaf8030000 	C:\WINDOWS\System32\USER32.dll
0x00007ffaf6fd0000 - 0x00007ffaf6ff0000 	C:\WINDOWS\System32\win32u.dll
0x00007ffaf80e0000 - 0x00007ffaf8108000 	C:\WINDOWS\System32\GDI32.dll
0x00007ffaf7140000 - 0x00007ffaf72d2000 	C:\WINDOWS\System32\gdi32full.dll
0x00007ffaf70a0000 - 0x00007ffaf713f000 	C:\WINDOWS\System32\msvcp_win.dll
0x00007ffaf7360000 - 0x00007ffaf7458000 	C:\WINDOWS\System32\ucrtbase.dll
0x00007ffaec2f0000 - 0x00007ffaec559000 	C:\WINDOWS\WinSxS\amd64_microsoft.windows.common-controls_6595b64144ccf1df_6.0.17134.648_none_fb45a0e93062a6d2\COMCTL32.dll
0x00007ffafa5b0000 - 0x00007ffafa8d2000 	C:\WINDOWS\System32\combase.dll
0x00007ffaf72e0000 - 0x00007ffaf735a000 	C:\WINDOWS\System32\bcryptPrimitives.dll
0x00007ffaf8590000 - 0x00007ffaf85bd000 	C:\WINDOWS\System32\IMM32.DLL
0x0000000069160000 - 0x0000000069232000 	C:\Program Files\Java\jre1.8.0_66\bin\msvcr100.dll
0x0000000069310000 - 0x0000000069b99000 	C:\Program Files\Java\jre1.8.0_66\bin\server\jvm.dll
0x00007ffaf90a0000 - 0x00007ffaf90a8000 	C:\WINDOWS\System32\PSAPI.DLL
0x00007ffae8680000 - 0x00007ffae8689000 	C:\WINDOWS\SYSTEM32\WSOCK32.dll
0x00007ffaf4600000 - 0x00007ffaf4623000 	C:\WINDOWS\SYSTEM32\WINMM.dll
0x00007ffaf87d0000 - 0x00007ffaf883c000 	C:\WINDOWS\System32\WS2_32.dll
0x00007ffaec120000 - 0x00007ffaec12a000 	C:\WINDOWS\SYSTEM32\VERSION.dll
0x00007ffaf45d0000 - 0x00007ffaf45fa000 	C:\WINDOWS\SYSTEM32\WINMMBASE.dll
0x00007ffaf7050000 - 0x00007ffaf7099000 	C:\WINDOWS\System32\cfgmgr32.dll
0x0000000069300000 - 0x000000006930f000 	C:\Program Files\Java\jre1.8.0_66\bin\verify.dll
0x00000000692d0000 - 0x00000000692f9000 	C:\Program Files\Java\jre1.8.0_66\bin\java.dll
0x00000000692b0000 - 0x00000000692c6000 	C:\Program Files\Java\jre1.8.0_66\bin\zip.dll
0x00007ffaf9170000 - 0x00007ffafa5b0000 	C:\WINDOWS\System32\SHELL32.dll
0x00007ffaf8030000 - 0x00007ffaf80d9000 	C:\WINDOWS\System32\shcore.dll
0x00007ffaf7790000 - 0x00007ffaf7e9d000 	C:\WINDOWS\System32\windows.storage.dll
0x00007ffaf8310000 - 0x00007ffaf8361000 	C:\WINDOWS\System32\shlwapi.dll
0x00007ffaf6d50000 - 0x00007ffaf6d61000 	C:\WINDOWS\System32\kernel.appcore.dll
0x00007ffaf6d30000 - 0x00007ffaf6d4f000 	C:\WINDOWS\System32\profapi.dll
0x00007ffaf6d90000 - 0x00007ffaf6ddc000 	C:\WINDOWS\System32\powrprof.dll
0x00007ffaf6d20000 - 0x00007ffaf6d2a000 	C:\WINDOWS\System32\FLTLIB.DLL
0x000000006a730000 - 0x000000006a73d000 	C:\Program Files\Java\jre1.8.0_66\bin\management.dll
0x0000000069290000 - 0x00000000692aa000 	C:\Program Files\Java\jre1.8.0_66\bin\net.dll
0x00007ffaf6540000 - 0x00007ffaf65a6000 	C:\WINDOWS\system32\mswsock.dll
0x00007ffaec2d0000 - 0x00007ffaec2e6000 	C:\WINDOWS\system32\napinsp.dll
0x00007ffaec2b0000 - 0x00007ffaec2ca000 	C:\WINDOWS\system32\pnrpnsp.dll
0x00007ffaf3520000 - 0x00007ffaf3539000 	C:\WINDOWS\system32\NLAapi.dll
0x00007ffaf6300000 - 0x00007ffaf63be000 	C:\WINDOWS\SYSTEM32\DNSAPI.dll
0x00007ffaf8620000 - 0x00007ffaf8628000 	C:\WINDOWS\System32\NSI.dll
0x00007ffaf62c0000 - 0x00007ffaf62f8000 	C:\WINDOWS\SYSTEM32\IPHLPAPI.DLL
0x00007ffaed5d0000 - 0x00007ffaed5de000 	C:\WINDOWS\System32\winrnr.dll
0x00007ffaeda60000 - 0x00007ffaeda6a000 	C:\Windows\System32\rasadhlp.dll
0x00007ffaede50000 - 0x00007ffaedec2000 	C:\WINDOWS\System32\fwpuclnt.dll
0x00007ffaf6880000 - 0x00007ffaf68a5000 	C:\WINDOWS\SYSTEM32\bcrypt.dll
0x0000000069270000 - 0x0000000069281000 	C:\Program Files\Java\jre1.8.0_66\bin\nio.dll
0x00007ffaf6750000 - 0x00007ffaf6767000 	C:\WINDOWS\SYSTEM32\CRYPTSP.dll
0x00007ffaf6120000 - 0x00007ffaf6153000 	C:\WINDOWS\system32\rsaenh.dll
0x00007ffaf6c20000 - 0x00007ffaf6c48000 	C:\WINDOWS\SYSTEM32\USERENV.dll
0x00007ffaf6770000 - 0x00007ffaf677b000 	C:\WINDOWS\SYSTEM32\CRYPTBASE.dll
0x00007ffaef9b0000 - 0x00007ffaef9c6000 	C:\WINDOWS\SYSTEM32\dhcpcsvc6.DLL
0x00007ffaef990000 - 0x00007ffaef9aa000 	C:\WINDOWS\SYSTEM32\dhcpcsvc.DLL
0x0000000069240000 - 0x0000000069264000 	C:\Program Files\Java\jre1.8.0_66\bin\sunec.dll

VM Arguments:
jvm_args: -Dfile.encoding=UTF-8 
java_command: br.com.db1.pedidos.pedidos.api.Application
java_class_path (initial): D:\DB1\Db1StartJava2\pedidos.api\target\classes;C:\Users\Aluno.DESKTOP-3ASBCDM\.m2\repository\org\postgresql\postgresql\42.2.5\postgresql-42.2.5.jar;C:\Users\Aluno.DESKTOP-3ASBCDM\.m2\repository\org\springframework\boot\spring-boot-starter-data-jpa\2.1.3.RELEASE\spring-boot-starter-data-jpa-2.1.3.RELEASE.jar;C:\Users\Aluno.DESKTOP-3ASBCDM\.m2\repository\org\springframework\boot\spring-boot-starter-aop\2.1.3.RELEASE\spring-boot-starter-aop-2.1.3.RELEASE.jar;C:\Users\Aluno.DESKTOP-3ASBCDM\.m2\repository\org\springframework\spring-aop\5.1.5.RELEASE\spring-aop-5.1.5.RELEASE.jar;C:\Users\Aluno.DESKTOP-3ASBCDM\.m2\repository\org\aspectj\aspectjweaver\1.9.2\aspectjweaver-1.9.2.jar;C:\Users\Aluno.DESKTOP-3ASBCDM\.m2\repository\org\springframework\boot\spring-boot-starter-jdbc\2.1.3.RELEASE\spring-boot-starter-jdbc-2.1.3.RELEASE.jar;C:\Users\Aluno.DESKTOP-3ASBCDM\.m2\repository\com\zaxxer\HikariCP\3.2.0\HikariCP-3.2.0.jar;C:\Users\Aluno.DESKTOP-3ASBCDM\.m2\repository\org\springframework\spring-jdbc\5.1.5.RELEASE\spring-jdbc-5.1.5.RELEASE.jar;C:\Users\Aluno.DESKTOP-3ASBCDM\.m2\repository\javax\transaction\javax.transaction-api\1.3\javax.transaction-api-1.3.jar;C:\Users\Aluno.DESKTOP-3ASBCDM\.m2\repository\javax\xml\bind\jaxb-api\2.3.1\jaxb-api-2.3.1.jar;C:\Users\Aluno.DESKTOP-3ASBCDM\.m2\repository\javax\activation\javax.activation-api\1.2.0\javax.activation-api-1.2.0.jar;C:\Users\Aluno.DESKTOP-3ASBCDM\.m2\repository\org\hibernate\hibernate-core\5.3.7.Final\hibernate-core-5.3.7.Final.jar;C:\Users\Aluno.DESKTOP-3ASBCDM\.m2\repository\org\jboss\logging\jboss-logging\3.3.2.Final\jboss-logging-3.3.2.Final.jar;C:\Users\Aluno.DESKTOP-3ASBCDM\.m2\repository\javax\persistence\javax.persistence-api\2.2\javax.persistence-api-2.2.jar;C:\Users\Aluno.DESKTOP-3ASBCDM\.m2\repository\org\javassist\javassist\3.23.1-GA\javassist-3.23.1-GA.jar;C:\Users\Aluno.DESKTOP-3ASBCDM\.m2\repository\net\bytebuddy\byte-buddy\1.9.10\byte-buddy-1.9.10.jar;C:\Users\Aluno.DESKTOP-3
Launcher Type: SUN_STANDARD

Environment Variables:
PATH=C:/Program Files/Java/jre1.8.0_66/bin/server;C:/Program Files/Java/jre1.8.0_66/bin;C:/Program Files/Java/jre1.8.0_66/lib/amd64;C:\ProgramData\Oracle\Java\javapath;C:\WINDOWS\system32;C:\WINDOWS;C:\WINDOWS\System32\Wbem;C:\WINDOWS\System32\WindowsPowerShell\v1.0\;C:\Program Files (x86)\MySQL\MySQL Fabric 1.5 & MySQL Utilities 1.5\;C:\Program Files (x86)\MySQL\MySQL Fabric 1.5 & MySQL Utilities 1.5\Doctrine extensions for PHP\;C:\WINDOWS\system32\config\systemprofile\.dnx\bin;C:\Program Files\Microsoft DNX\Dnvm\;C:\cygwin64;C:\Program Files\Microsoft SQL Server\Client SDK\ODBC\110\Tools\Binn\;C:\Program Files (x86)\Microsoft SQL Server\120\Tools\Binn\;C:\Program Files\Microsoft SQL Server\120\Tools\Binn\;C:\Program Files\Microsoft SQL Server\120\DTS\Binn\;C:\Program Files (x86)\Microsoft SQL Server\120\Tools\Binn\ManagementStudio\;C:\Program Files (x86)\Microsoft SQL Server\120\DTS\Binn\;C:\Program Files (x86)\Shield;C:\WINDOWS\System32\OpenSSH\;C:\Users\Aluno.DESKTOP-3ASBCDM\AppData\Local\Microsoft\WindowsApps;;C:\Users\Aluno.DESKTOP-3ASBCDM\Desktop;
USERNAME=Aluno
OS=Windows_NT
PROCESSOR_IDENTIFIER=Intel64 Family 6 Model 58 Stepping 9, GenuineIntel



---------------  S Y S T E M  ---------------

OS: Windows 10.0 , 64 bit Build 17134 (10.0.17134.648)

CPU:total 4 (2 cores per cpu, 2 threads per core) family 6 model 58 stepping 9, cmov, cx8, fxsr, mmx, sse, sse2, sse3, ssse3, sse4.1, sse4.2, popcnt, avx, clmul, erms, ht, tsc, tscinvbit, tscinv

Memory: 4k page, physical 4087612k(492300k free), swap 4087612k(5724k free)

vm_info: Java HotSpot(TM) 64-Bit Server VM (25.66-b18) for windows-amd64 JRE (1.8.0_66-b18), built on Nov  9 2015 10:51:13 by "java_re" with MS VC++ 10.0 (VS2010)

time: Tue Apr 09 16:17:58 2019
elapsed time: 33 seconds (0d 0h 0m 33s)

