#
# There is insufficient memory for the Java Runtime Environment to continue.
# Native memory allocation (malloc) failed to allocate 724320 bytes for Chunk::new
# Possible reasons:
#   The system is out of physical RAM or swap space
#   In 32 bit mode, the process size limit was hit
# Possible solutions:
#   Reduce memory load on the system
#   Increase physical memory or swap space
#   Check if swap backing store is full
#   Use 64 bit Java on a 64 bit OS
#   Decrease Java heap size (-Xmx/-Xms)
#   Decrease number of Java threads
#   Decrease Java thread stack sizes (-Xss)
#   Set larger code cache with -XX:ReservedCodeCacheSize=
# This output file may be truncated or incomplete.
#
#  Out of Memory Error (allocation.cpp:390), pid=6864, tid=2308
#
# JRE version: Java(TM) SE Runtime Environment (8.0_66-b18) (build 1.8.0_66-b18)
# Java VM: Java HotSpot(TM) 64-Bit Server VM (25.66-b18 mixed mode windows-amd64 compressed oops)
# Failed to write core dump. Minidumps are not enabled by default on client versions of Windows
#

---------------  T H R E A D  ---------------

Current thread (0x0000000014c06000):  JavaThread "C2 CompilerThread0" daemon [_thread_in_native, id=2308, stack(0x0000000016260000,0x0000000016360000)]

Stack: [0x0000000016260000,0x0000000016360000]
[error occurred during error reporting (printing stack bounds), id 0xc0000005]

Native frames: (J=compiled Java code, j=interpreted, Vv=VM code, C=native code)


Current CompileTask:
C2:   1133  920 %     4       java.io.WinNTFileSystem::normalize @ 22 (143 bytes)


---------------  P R O C E S S  ---------------

Java Threads: ( => current thread )
  0x000000001777f000 JavaThread "background-preinit" [_thread_blocked, id=6408, stack(0x0000000018980000,0x0000000018a80000)]
  0x0000000016c58000 JavaThread "ReaderThread" [_thread_in_native, id=5896, stack(0x0000000017360000,0x0000000017460000)]
  0x0000000014c5e800 JavaThread "Service Thread" daemon [_thread_blocked, id=8096, stack(0x0000000016960000,0x0000000016a60000)]
  0x0000000014c15800 JavaThread "C1 CompilerThread2" daemon [_thread_blocked, id=8884, stack(0x0000000016460000,0x0000000016560000)]
  0x0000000014c0a800 JavaThread "C2 CompilerThread1" daemon [_thread_blocked, id=7604, stack(0x0000000016360000,0x0000000016460000)]
=>0x0000000014c06000 JavaThread "C2 CompilerThread0" daemon [_thread_in_native, id=2308, stack(0x0000000016260000,0x0000000016360000)]
  0x0000000014c04800 JavaThread "Attach Listener" daemon [_thread_blocked, id=7608, stack(0x0000000016160000,0x0000000016260000)]
  0x0000000014c03800 JavaThread "Signal Dispatcher" daemon [_thread_blocked, id=10360, stack(0x0000000016060000,0x0000000016160000)]
  0x000000000261c000 JavaThread "Finalizer" daemon [_thread_blocked, id=104, stack(0x0000000015e50000,0x0000000015f50000)]
  0x0000000002612800 JavaThread "Reference Handler" daemon [_thread_blocked, id=5624, stack(0x0000000015d50000,0x0000000015e50000)]
  0x0000000002525000 JavaThread "main" [_thread_in_Java, id=964, stack(0x0000000002420000,0x0000000002520000)]

Other Threads:
  0x0000000014bc7000 VMThread [stack: 0x0000000015c50000,0x0000000015d50000] [id=5544]
  0x00000000165ca000 WatcherThread [stack: 0x0000000016a60000,0x0000000016b60000] [id=1532]

VM state:not at safepoint (normal execution)

VM Mutex/Monitor currently owned by a thread: None

Heap:
 PSYoungGen      total 18944K, used 10644K [0x00000000eb380000, 0x00000000ec880000, 0x0000000100000000)
  eden space 16384K, 49% used [0x00000000eb380000,0x00000000ebb6c5f8,0x00000000ec380000)
  from space 2560K, 98% used [0x00000000ec380000,0x00000000ec5f8a20,0x00000000ec600000)
  to   space 2560K, 0% used [0x00000000ec600000,0x00000000ec600000,0x00000000ec880000)
 ParOldGen       total 44032K, used 2007K [0x00000000c1a00000, 0x00000000c4500000, 0x00000000eb380000)
  object space 44032K, 4% used [0x00000000c1a00000,0x00000000c1bf5d10,0x00000000c4500000)
 Metaspace       used 12296K, capacity 12674K, committed 12928K, reserved 1060864K
  class space    used 1503K, capacity 1619K, committed 1664K, reserved 1048576K

Card table byte_map: [0x00000000119e0000,0x0000000011be0000] byte_map_base: 0x00000000113d3000

Marking Bits: (ParMarkBitMap*) 0x000000006bb8a5b0
 Begin Bits: [0x0000000012130000, 0x00000000130c8000)
 End Bits:   [0x00000000130c8000, 0x0000000014060000)

Polling page: 0x0000000000610000

CodeCache: size=245760Kb used=3605Kb max_used=3605Kb free=242154Kb
 bounds [0x0000000002620000, 0x00000000029b0000, 0x0000000011620000]
 total_blobs=1370 nmethods=1019 adapters=264
 compilation: enabled

Compilation events (10 events):
Event: 1.127 Thread 0x0000000014c15800 1016       3       java.util.AbstractList::iterator (10 bytes)
Event: 1.128 Thread 0x0000000014c15800 nmethod 1016 0x00000000029a4910 code [0x00000000029a4a80, 0x00000000029a4d70]
Event: 1.128 Thread 0x0000000014c15800 1017       1       java.lang.invoke.InnerClassLambdaMetafactory::access$300 (5 bytes)
Event: 1.128 Thread 0x0000000014c15800 nmethod 1017 0x00000000029a4ed0 code [0x00000000029a5020, 0x00000000029a5110]
Event: 1.129 Thread 0x0000000014c15800 1018       3       java.util.LinkedList::node (65 bytes)
Event: 1.129 Thread 0x0000000014c15800 nmethod 1018 0x00000000029a5190 code [0x00000000029a5300, 0x00000000029a5610]
Event: 1.131 Thread 0x0000000014c15800 1019       3       java.util.Arrays::asList (9 bytes)
Event: 1.131 Thread 0x0000000014c15800 nmethod 1019 0x00000000029a5750 code [0x00000000029a58e0, 0x00000000029a5d48]
Event: 1.131 Thread 0x0000000014c15800 1020       3       java.util.Arrays$ArrayList::<init> (16 bytes)
Event: 1.131 Thread 0x0000000014c15800 nmethod 1020 0x00000000029a5fd0 code [0x00000000029a6160, 0x00000000029a6548]

GC Heap History (6 events):
Event: 0.519 GC heap before
{Heap before GC invocations=1 (full 0):
 PSYoungGen      total 18944K, used 16384K [0x00000000eb380000, 0x00000000ec880000, 0x0000000100000000)
  eden space 16384K, 100% used [0x00000000eb380000,0x00000000ec380000,0x00000000ec380000)
  from space 2560K, 0% used [0x00000000ec600000,0x00000000ec600000,0x00000000ec880000)
  to   space 2560K, 0% used [0x00000000ec380000,0x00000000ec380000,0x00000000ec600000)
 ParOldGen       total 44032K, used 0K [0x00000000c1a00000, 0x00000000c4500000, 0x00000000eb380000)
  object space 44032K, 0% used [0x00000000c1a00000,0x00000000c1a00000,0x00000000c4500000)
 Metaspace       used 6497K, capacity 6694K, committed 6784K, reserved 1056768K
  class space    used 774K, capacity 831K, committed 896K, reserved 1048576K
Event: 0.524 GC heap after
Heap after GC invocations=1 (full 0):
 PSYoungGen      total 18944K, used 2559K [0x00000000eb380000, 0x00000000ec880000, 0x0000000100000000)
  eden space 16384K, 0% used [0x00000000eb380000,0x00000000eb380000,0x00000000ec380000)
  from space 2560K, 99% used [0x00000000ec380000,0x00000000ec5ffc10,0x00000000ec600000)
  to   space 2560K, 0% used [0x00000000ec600000,0x00000000ec600000,0x00000000ec880000)
 ParOldGen       total 44032K, used 105K [0x00000000c1a00000, 0x00000000c4500000, 0x00000000eb380000)
  object space 44032K, 0% used [0x00000000c1a00000,0x00000000c1a1a430,0x00000000c4500000)
 Metaspace       used 6497K, capacity 6694K, committed 6784K, reserved 1056768K
  class space    used 774K, capacity 831K, committed 896K, reserved 1048576K
}
Event: 0.814 GC heap before
{Heap before GC invocations=2 (full 0):
 PSYoungGen      total 18944K, used 18943K [0x00000000eb380000, 0x00000000ec880000, 0x0000000100000000)
  eden space 16384K, 100% used [0x00000000eb380000,0x00000000ec380000,0x00000000ec380000)
  from space 2560K, 99% used [0x00000000ec380000,0x00000000ec5ffc10,0x00000000ec600000)
  to   space 2560K, 0% used [0x00000000ec600000,0x00000000ec600000,0x00000000ec880000)
 ParOldGen       total 44032K, used 105K [0x00000000c1a00000, 0x00000000c4500000, 0x00000000eb380000)
  object space 44032K, 0% used [0x00000000c1a00000,0x00000000c1a1a430,0x00000000c4500000)
 Metaspace       used 8677K, capacity 8902K, committed 9088K, reserved 1056768K
  class space    used 1044K, capacity 1115K, committed 1152K, reserved 1048576K
Event: 0.818 GC heap after
Heap after GC invocations=2 (full 0):
 PSYoungGen      total 18944K, used 2552K [0x00000000eb380000, 0x00000000ec880000, 0x0000000100000000)
  eden space 16384K, 0% used [0x00000000eb380000,0x00000000eb380000,0x00000000ec380000)
  from space 2560K, 99% used [0x00000000ec600000,0x00000000ec87e0c0,0x00000000ec880000)
  to   space 2560K, 0% used [0x00000000ec380000,0x00000000ec380000,0x00000000ec600000)
 ParOldGen       total 44032K, used 782K [0x00000000c1a00000, 0x00000000c4500000, 0x00000000eb380000)
  object space 44032K, 1% used [0x00000000c1a00000,0x00000000c1ac3928,0x00000000c4500000)
 Metaspace       used 8677K, capacity 8902K, committed 9088K, reserved 1056768K
  class space    used 1044K, capacity 1115K, committed 1152K, reserved 1048576K
}
Event: 1.009 GC heap before
{Heap before GC invocations=3 (full 0):
 PSYoungGen      total 18944K, used 18936K [0x00000000eb380000, 0x00000000ec880000, 0x0000000100000000)
  eden space 16384K, 100% used [0x00000000eb380000,0x00000000ec380000,0x00000000ec380000)
  from space 2560K, 99% used [0x00000000ec600000,0x00000000ec87e0c0,0x00000000ec880000)
  to   space 2560K, 0% used [0x00000000ec380000,0x00000000ec380000,0x00000000ec600000)
 ParOldGen       total 44032K, used 782K [0x00000000c1a00000, 0x00000000c4500000, 0x00000000eb380000)
  object space 44032K, 1% used [0x00000000c1a00000,0x00000000c1ac3928,0x00000000c4500000)
 Metaspace       used 10915K, capacity 11218K, committed 11392K, reserved 1058816K
  class space    used 1317K, capacity 1391K, committed 1408K, reserved 1048576K
Event: 1.015 GC heap after
Heap after GC invocations=3 (full 0):
 PSYoungGen      total 18944K, used 2530K [0x00000000eb380000, 0x00000000ec880000, 0x0000000100000000)
  eden space 16384K, 0% used [0x00000000eb380000,0x00000000eb380000,0x00000000ec380000)
  from space 2560K, 98% used [0x00000000ec380000,0x00000000ec5f8a20,0x00000000ec600000)
  to   space 2560K, 0% used [0x00000000ec600000,0x00000000ec600000,0x00000000ec880000)
 ParOldGen       total 44032K, used 2007K [0x00000000c1a00000, 0x00000000c4500000, 0x00000000eb380000)
  object space 44032K, 4% used [0x00000000c1a00000,0x00000000c1bf5d10,0x00000000c4500000)
 Metaspace       used 10915K, capacity 11218K, committed 11392K, reserved 1058816K
  class space    used 1317K, capacity 1391K, committed 1408K, reserved 1048576K
}

Deoptimization events (10 events):
Event: 0.181 Thread 0x0000000002525000 Uncommon trap: reason=unstable_if action=reinterpret pc=0x0000000002744e60 method=java.lang.String.hashCode()I @ 14
Event: 0.297 Thread 0x0000000002525000 Uncommon trap: reason=unstable_if action=reinterpret pc=0x000000000279e478 method=sun.misc.URLClassPath.getLoader(I)Lsun/misc/URLClassPath$Loader; @ 36
Event: 0.297 Thread 0x0000000002525000 Uncommon trap: reason=unstable_if action=reinterpret pc=0x00000000027a4490 method=sun.misc.URLClassPath.getLoader(I)Lsun/misc/URLClassPath$Loader; @ 36
Event: 0.350 Thread 0x0000000002525000 Uncommon trap: reason=unstable_if action=reinterpret pc=0x00000000027c955c method=sun.misc.MetaIndex.mayContain(Ljava/lang/String;)Z @ 13
Event: 0.382 Thread 0x0000000002525000 Uncommon trap: reason=unstable_if action=reinterpret pc=0x00000000027cbf7c method=java.util.zip.ZipCoder.encoder()Ljava/nio/charset/CharsetEncoder; @ 4
Event: 0.382 Thread 0x0000000002525000 Uncommon trap: reason=unstable_if action=reinterpret pc=0x00000000027bced0 method=java.util.zip.ZipCoder.encoder()Ljava/nio/charset/CharsetEncoder; @ 4
Event: 0.719 Thread 0x0000000002525000 Uncommon trap: reason=unstable_if action=reinterpret pc=0x000000000280de8c method=java.io.WinNTFileSystem.normalize(Ljava/lang/String;)Ljava/lang/String; @ 128
Event: 0.720 Thread 0x0000000002525000 Uncommon trap: reason=unstable_if action=reinterpret pc=0x00000000028caf60 method=java.lang.String.indexOf([CII[CIII)I @ 3
Event: 0.720 Thread 0x0000000002525000 Uncommon trap: reason=unstable_if action=reinterpret pc=0x0000000002798164 method=java.lang.String.indexOf([CII[CIII)I @ 3
Event: 0.839 Thread 0x0000000002525000 Uncommon trap: reason=range_check action=make_not_entrant pc=0x000000000289c9a0 method=sun.reflect.generics.parser.SignatureParser.current()C @ 34

Internal exceptions (10 events):
Event: 0.298 Thread 0x0000000002525000 Exception <a 'java/security/PrivilegedActionException'> (0x00000000ebb27dd0) thrown at [C:\re\workspace\8-2-build-windows-amd64-cygwin\jdk8u66\5298\hotspot\src\share\vm\prims\jvm.cpp, line 1386]
Event: 0.348 Thread 0x0000000002525000 Exception <a 'java/io/FileNotFoundException'> (0x00000000ebcd4f70) thrown at [C:\re\workspace\8-2-build-windows-amd64-cygwin\jdk8u66\5298\hotspot\src\share\vm\prims\jni.cpp, line 709]
Event: 0.452 Thread 0x0000000002525000 Exception <a 'java/lang/NoSuchFieldError': method resolution failed> (0x00000000ebff6318) thrown at [C:\re\workspace\8-2-build-windows-amd64-cygwin\jdk8u66\5298\hotspot\src\share\vm\prims\methodHandles.cpp, line 1146]
Event: 0.454 Thread 0x0000000002525000 Exception <a 'java/lang/NoSuchFieldError': method resolution failed> (0x00000000ec003a08) thrown at [C:\re\workspace\8-2-build-windows-amd64-cygwin\jdk8u66\5298\hotspot\src\share\vm\prims\methodHandles.cpp, line 1146]
Event: 0.533 Thread 0x0000000002525000 Exception <a 'java/lang/NoSuchMethodError': org.slf4j.impl.StaticMDCBinder.getSingleton()Lorg/slf4j/impl/StaticMDCBinder;> (0x00000000eb410088) thrown at [C:\re\workspace\8-2-build-windows-amd64-cygwin\jdk8u66\5298\hotspot\src\share\vm\interpreter\linkReso
Event: 0.723 Thread 0x0000000002525000 Exception <a 'java/lang/NoSuchMethodError': java.lang.Object.lambda$comparing$77a9974f$1(Ljava/util/function/Function;Ljava/lang/Object;Ljava/lang/Object;)I> (0x00000000ebf86360) thrown at [C:\re\workspace\8-2-build-windows-amd64-cygwin\jdk8u66\5298\hotspoÿ£OQšê?
Event: 0.831 Thread 0x0000000002525000 Exception <a 'java/lang/NoSuchMethodError': java.lang.Object.lambda$static$0(Ljava/lang/Object;)Ljava/lang/Object;> (0x00000000eb4e6630) thrown at [C:\re\workspace\8-2-build-windows-amd64-cygwin\jdk8u66\5298\hotspot\src\share\vm\interpreter\linkResolver.cpM…
Event: 0.839 Thread 0x0000000002525000 Exception <a 'java/lang/ArrayIndexOutOfBoundsException': 18> (0x00000000eb5fd698) thrown at [C:\re\workspace\8-2-build-windows-amd64-cygwin\jdk8u66\5298\hotspot\src\share\vm\interpreter\interpreterRuntime.cpp, line 366]
Event: 0.839 Thread 0x0000000002525000 Exception <a 'java/lang/ArrayIndexOutOfBoundsException': 182> (0x00000000eb5ff3b8) thrown at [C:\re\workspace\8-2-build-windows-amd64-cygwin\jdk8u66\5298\hotspot\src\share\vm\interpreter\interpreterRuntime.cpp, line 366]
Event: 0.840 Thread 0x0000000002525000 Exception <a 'java/lang/ArrayIndexOutOfBoundsException': 60> (0x00000000eb600800) thrown at [C:\re\workspace\8-2-build-windows-amd64-cygwin\jdk8u66\5298\hotspot\src\share\vm\interpreter\interpreterRuntime.cpp, line 366]

Events (10 events):
Event: 1.128 loading class org/springframework/boot/logging/DeferredLog$Line
Event: 1.128 loading class org/springframework/boot/logging/DeferredLog$Line done
Event: 1.129 loading class javax/xml/stream/XMLStreamException
Event: 1.129 loading class javax/xml/stream/XMLStreamException done
Event: 1.129 loading class java/util/regex/PatternSyntaxException
Event: 1.129 loading class java/util/regex/PatternSyntaxException done
Event: 1.131 loading class org/springframework/boot/context/config/ConfigFileApplicationListener$DocumentsCacheKey
Event: 1.131 loading class org/springframework/boot/context/config/ConfigFileApplicationListener$DocumentsCacheKey done
Event: 1.132 loading class org/springframework/boot/env/OriginTrackedPropertiesLoader
Event: 1.132 loading class org/springframework/boot/env/OriginTrackedPropertiesLoader done


Dynamic libraries:
0x00007ff7556f0000 - 0x00007ff755727000 	C:\Program Files\Java\jre1.8.0_66\bin\javaw.exe
0x00007ff9518c0000 - 0x00007ff951aa1000 	C:\WINDOWS\SYSTEM32\ntdll.dll
0x00007ff94f360000 - 0x00007ff94f412000 	C:\WINDOWS\System32\KERNEL32.DLL
0x00007ff94e0f0000 - 0x00007ff94e363000 	C:\WINDOWS\System32\KERNELBASE.dll
0x00007ff950d20000 - 0x00007ff950dc1000 	C:\WINDOWS\System32\ADVAPI32.dll
0x00007ff94f7c0000 - 0x00007ff94f85e000 	C:\WINDOWS\System32\msvcrt.dll
0x00007ff94ef10000 - 0x00007ff94ef6b000 	C:\WINDOWS\System32\sechost.dll
0x00007ff9513b0000 - 0x00007ff9514d4000 	C:\WINDOWS\System32\RPCRT4.dll
0x00007ff951220000 - 0x00007ff9513b0000 	C:\WINDOWS\System32\USER32.dll
0x00007ff94e020000 - 0x00007ff94e040000 	C:\WINDOWS\System32\win32u.dll
0x00007ff94f330000 - 0x00007ff94f358000 	C:\WINDOWS\System32\GDI32.dll
0x00007ff94dce0000 - 0x00007ff94de72000 	C:\WINDOWS\System32\gdi32full.dll
0x00007ff94de80000 - 0x00007ff94df1f000 	C:\WINDOWS\System32\msvcp_win.dll
0x00007ff94df20000 - 0x00007ff94e018000 	C:\WINDOWS\System32\ucrtbase.dll
0x00007ff943090000 - 0x00007ff9432f9000 	C:\WINDOWS\WinSxS\amd64_microsoft.windows.common-controls_6595b64144ccf1df_6.0.17134.648_none_fb45a0e93062a6d2\COMCTL32.dll
0x00007ff951560000 - 0x00007ff951882000 	C:\WINDOWS\System32\combase.dll
0x00007ff94e3d0000 - 0x00007ff94e44a000 	C:\WINDOWS\System32\bcryptPrimitives.dll
0x00007ff94f790000 - 0x00007ff94f7bd000 	C:\WINDOWS\System32\IMM32.DLL
0x000000006b1d0000 - 0x000000006b2a2000 	C:\Program Files\Java\jre1.8.0_66\bin\msvcr100.dll
0x000000006b380000 - 0x000000006bc09000 	C:\Program Files\Java\jre1.8.0_66\bin\server\jvm.dll
0x00007ff94f580000 - 0x00007ff94f588000 	C:\WINDOWS\System32\PSAPI.DLL
0x00007ff944870000 - 0x00007ff944879000 	C:\WINDOWS\SYSTEM32\WSOCK32.dll
0x00007ff94f070000 - 0x00007ff94f0dc000 	C:\WINDOWS\System32\WS2_32.dll
0x00007ff94b650000 - 0x00007ff94b673000 	C:\WINDOWS\SYSTEM32\WINMM.dll
0x00007ff9437f0000 - 0x00007ff9437fa000 	C:\WINDOWS\SYSTEM32\VERSION.dll
0x00007ff94b480000 - 0x00007ff94b4aa000 	C:\WINDOWS\SYSTEM32\WINMMBASE.dll
0x00007ff94dc90000 - 0x00007ff94dcd9000 	C:\WINDOWS\System32\cfgmgr32.dll
0x000000006b370000 - 0x000000006b37f000 	C:\Program Files\Java\jre1.8.0_66\bin\verify.dll
0x000000006b340000 - 0x000000006b369000 	C:\Program Files\Java\jre1.8.0_66\bin\java.dll
0x000000006b320000 - 0x000000006b336000 	C:\Program Files\Java\jre1.8.0_66\bin\zip.dll
0x00007ff94f8e0000 - 0x00007ff950d20000 	C:\WINDOWS\System32\SHELL32.dll
0x00007ff94edf0000 - 0x00007ff94ee99000 	C:\WINDOWS\System32\shcore.dll
0x00007ff94e450000 - 0x00007ff94eb5d000 	C:\WINDOWS\System32\windows.storage.dll
0x00007ff94f730000 - 0x00007ff94f781000 	C:\WINDOWS\System32\shlwapi.dll
0x00007ff94dbd0000 - 0x00007ff94dbe1000 	C:\WINDOWS\System32\kernel.appcore.dll
0x00007ff94dc70000 - 0x00007ff94dc8f000 	C:\WINDOWS\System32\profapi.dll
0x00007ff94dc20000 - 0x00007ff94dc6c000 	C:\WINDOWS\System32\powrprof.dll
0x00007ff94dbf0000 - 0x00007ff94dbfa000 	C:\WINDOWS\System32\FLTLIB.DLL
0x000000006b300000 - 0x000000006b31a000 	C:\Program Files\Java\jre1.8.0_66\bin\net.dll
0x00007ff94d450000 - 0x00007ff94d4b6000 	C:\WINDOWS\system32\mswsock.dll
0x000000006b2e0000 - 0x000000006b2f1000 	C:\Program Files\Java\jre1.8.0_66\bin\nio.dll

VM Arguments:
jvm_args: -Dfile.encoding=UTF-8 
java_command: org.eclipse.jdt.internal.junit.runner.RemoteTestRunner -version 3 -port 50746 -testLoaderClass org.eclipse.jdt.internal.junit4.runner.JUnit4TestLoader -loaderpluginname org.eclipse.jdt.junit4.runtime -classNames br.com.db1.pedidos.pedidos.api.repositorio.ProdutoRepositoryTest
java_class_path (initial): D:\DB1\Db1StartJava2\pedidos.api\target\test-classes;D:\DB1\Db1StartJava2\pedidos.api\target\classes;C:\Users\Aluno.DESKTOP-3ASBCDM\.m2\repository\org\postgresql\postgresql\42.2.5\postgresql-42.2.5.jar;C:\Users\Aluno.DESKTOP-3ASBCDM\.m2\repository\org\springframework\boot\spring-boot-starter-data-jpa\2.1.3.RELEASE\spring-boot-starter-data-jpa-2.1.3.RELEASE.jar;C:\Users\Aluno.DESKTOP-3ASBCDM\.m2\repository\org\springframework\boot\spring-boot-starter-aop\2.1.3.RELEASE\spring-boot-starter-aop-2.1.3.RELEASE.jar;C:\Users\Aluno.DESKTOP-3ASBCDM\.m2\repository\org\springframework\spring-aop\5.1.5.RELEASE\spring-aop-5.1.5.RELEASE.jar;C:\Users\Aluno.DESKTOP-3ASBCDM\.m2\repository\org\aspectj\aspectjweaver\1.9.2\aspectjweaver-1.9.2.jar;C:\Users\Aluno.DESKTOP-3ASBCDM\.m2\repository\org\springframework\boot\spring-boot-starter-jdbc\2.1.3.RELEASE\spring-boot-starter-jdbc-2.1.3.RELEASE.jar;C:\Users\Aluno.DESKTOP-3ASBCDM\.m2\repository\com\zaxxer\HikariCP\3.2.0\HikariCP-3.2.0.jar;C:\Users\Aluno.DESKTOP-3ASBCDM\.m2\repository\org\springframework\spring-jdbc\5.1.5.RELEASE\spring-jdbc-5.1.5.RELEASE.jar;C:\Users\Aluno.DESKTOP-3ASBCDM\.m2\repository\javax\transaction\javax.transaction-api\1.3\javax.transaction-api-1.3.jar;C:\Users\Aluno.DESKTOP-3ASBCDM\.m2\repository\javax\xml\bind\jaxb-api\2.3.1\jaxb-api-2.3.1.jar;C:\Users\Aluno.DESKTOP-3ASBCDM\.m2\repository\javax\activation\javax.activation-api\1.2.0\javax.activation-api-1.2.0.jar;C:\Users\Aluno.DESKTOP-3ASBCDM\.m2\repository\org\hibernate\hibernate-core\5.3.7.Final\hibernate-core-5.3.7.Final.jar;C:\Users\Aluno.DESKTOP-3ASBCDM\.m2\repository\org\jboss\logging\jboss-logging\3.3.2.Final\jboss-logging-3.3.2.Final.jar;C:\Users\Aluno.DESKTOP-3ASBCDM\.m2\repository\javax\persistence\javax.persistence-api\2.2\javax.persistence-api-2.2.jar;C:\Users\Aluno.DESKTOP-3ASBCDM\.m2\repository\org\javassist\javassist\3.23.1-GA\javassist-3.23.1-GA.jar;C:\Users\Aluno.DESKTOP-3ASBCDM\.m2\repository\net\bytebuddy\byte-buddy\
Launcher Type: SUN_STANDARD

Environment Variables:
JAVA_HOME=C:\Program Files\Java\jdk1.8.0_66
PATH=C:/Program Files/Java/jre1.8.0_66/bin/server;C:/Program Files/Java/jre1.8.0_66/bin;C:/Program Files/Java/jre1.8.0_66/lib/amd64;C:\ProgramData\Oracle\Java\javapath;C:\WINDOWS\system32;C:\WINDOWS;C:\WINDOWS\System32\Wbem;C:\WINDOWS\System32\WindowsPowerShell\v1.0\;C:\Program Files (x86)\MySQL\MySQL Fabric 1.5 & MySQL Utilities 1.5\;C:\Program Files (x86)\MySQL\MySQL Fabric 1.5 & MySQL Utilities 1.5\Doctrine extensions for PHP\;C:\Users\Aluno.DESKTOP-3ASBCDM\.dnx\bin;C:\Program Files\Microsoft DNX\Dnvm\;C:\cygwin64;C:\Program Files\Microsoft SQL Server\Client SDK\ODBC\110\Tools\Binn\;C:\Program Files (x86)\Microsoft SQL Server\120\Tools\Binn\;C:\Program Files\Microsoft SQL Server\120\Tools\Binn\;C:\Program Files\Microsoft SQL Server\120\DTS\Binn\;C:\Program Files (x86)\Microsoft SQL Server\120\Tools\Binn\ManagementStudio\;C:\Program Files (x86)\Microsoft SQL Server\120\DTS\Binn\;C:\Program Files (x86)\Shield;C:\WINDOWS\System32\OpenSSH\;C:\Program Files\Java\jdk1.8.0_66\bin;C:\Users\Aluno.DESKTOP-3ASBCDM\AppData\Local\Microsoft\WindowsApps;;C:\Users\Aluno.DESKTOP-3ASBCDM\Desktop;
USERNAME=Aluno
OS=Windows_NT
PROCESSOR_IDENTIFIER=Intel64 Family 6 Model 58 Stepping 9, GenuineIntel



---------------  S Y S T E M  ---------------

OS: Windows 10.0 , 64 bit Build 17134 (10.0.17134.648)

CPU:total 4 (2 cores per cpu, 2 threads per core) family 6 model 58 stepping 9, cmov, cx8, fxsr, mmx, sse, sse2, sse3, ssse3, sse4.1, sse4.2, popcnt, avx, clmul, erms, ht, tsc, tscinvbit, tscinv

Memory: 4k page, physical 4087612k(968248k free), swap 4087612k(5308k free)

vm_info: Java HotSpot(TM) 64-Bit Server VM (25.66-b18) for windows-amd64 JRE (1.8.0_66-b18), built on Nov  9 2015 10:51:13 by "java_re" with MS VC++ 10.0 (VS2010)

time: Wed Apr 03 14:46:26 2019
elapsed time: 1 seconds (0d 0h 0m 1s)

