#
# There is insufficient memory for the Java Runtime Environment to continue.
# Native memory allocation (malloc) failed to allocate 1686624 bytes for Chunk::new
# Possible reasons:
#   The system is out of physical RAM or swap space
#   In 32 bit mode, the process size limit was hit
# Possible solutions:
#   Reduce memory load on the system
#   Increase physical memory or swap space
#   Check if swap backing store is full
#   Use 64 bit Java on a 64 bit OS
#   Decrease Java heap size (-Xmx/-Xms)
#   Decrease number of Java threads
#   Decrease Java thread stack sizes (-Xss)
#   Set larger code cache with -XX:ReservedCodeCacheSize=
# This output file may be truncated or incomplete.
#
#  Out of Memory Error (allocation.cpp:390), pid=9768, tid=9548
#
# JRE version: Java(TM) SE Runtime Environment (8.0_66-b18) (build 1.8.0_66-b18)
# Java VM: Java HotSpot(TM) 64-Bit Server VM (25.66-b18 mixed mode windows-amd64 compressed oops)
# Failed to write core dump. Minidumps are not enabled by default on client versions of Windows
#

---------------  T H R E A D  ---------------

Current thread (0x0000000014a39000):  JavaThread "C2 CompilerThread1" daemon [_thread_in_native, id=9548, stack(0x0000000016190000,0x0000000016290000)]

Stack: [0x0000000016190000,0x0000000016290000]
[error occurred during error reporting (printing stack bounds), id 0xc0000005]

Native frames: (J=compiled Java code, j=interpreted, Vv=VM code, C=native code)


Current CompileTask:
C2:  30624 5228       4       java.net.URLClassLoader$1::run (5 bytes)


---------------  P R O C E S S  ---------------

Java Threads: ( => current thread )
  0x00000000170b7000 JavaThread "DestroyJavaVM" [_thread_blocked, id=296, stack(0x0000000002250000,0x0000000002350000)]
  0x00000000170b4000 JavaThread "http-nio-8080-Acceptor-0" daemon [_thread_in_native, id=1764, stack(0x00000000205b0000,0x00000000206b0000)]
  0x00000000170b6800 JavaThread "http-nio-8080-ClientPoller-1" daemon [_thread_in_native, id=1276, stack(0x00000000204b0000,0x00000000205b0000)]
  0x00000000170bb000 JavaThread "http-nio-8080-ClientPoller-0" daemon [_thread_in_native, id=6952, stack(0x00000000203b0000,0x00000000204b0000)]
  0x00000000170b5800 JavaThread "http-nio-8080-exec-10" daemon [_thread_blocked, id=3796, stack(0x00000000202b0000,0x00000000203b0000)]
  0x00000000170b8000 JavaThread "http-nio-8080-exec-9" daemon [_thread_blocked, id=9036, stack(0x00000000201b0000,0x00000000202b0000)]
  0x00000000170b8800 JavaThread "http-nio-8080-exec-8" daemon [_thread_blocked, id=6140, stack(0x00000000200b0000,0x00000000201b0000)]
  0x0000000016ecd000 JavaThread "http-nio-8080-exec-7" daemon [_thread_blocked, id=2976, stack(0x000000001ffb0000,0x00000000200b0000)]
  0x0000000018096800 JavaThread "http-nio-8080-exec-6" daemon [_thread_blocked, id=6384, stack(0x000000001feb0000,0x000000001ffb0000)]
  0x000000001c503000 JavaThread "http-nio-8080-exec-5" daemon [_thread_blocked, id=5100, stack(0x000000001fdb0000,0x000000001feb0000)]
  0x0000000017ca9800 JavaThread "http-nio-8080-exec-4" daemon [_thread_blocked, id=6648, stack(0x000000001fcb0000,0x000000001fdb0000)]
  0x00000000178bc000 JavaThread "http-nio-8080-exec-3" daemon [_thread_blocked, id=6380, stack(0x000000001fbb0000,0x000000001fcb0000)]
  0x0000000016e62000 JavaThread "http-nio-8080-exec-2" daemon [_thread_blocked, id=8368, stack(0x000000001fab0000,0x000000001fbb0000)]
  0x000000001a836800 JavaThread "http-nio-8080-exec-1" daemon [_thread_blocked, id=7556, stack(0x000000001f9b0000,0x000000001fab0000)]
  0x0000000016bb4000 JavaThread "NioBlockingSelector.BlockPoller-1" daemon [_thread_in_native, id=492, stack(0x000000001f040000,0x000000001f140000)]
  0x00000000192aa000 JavaThread "HikariPool-1 housekeeper" daemon [_thread_blocked, id=3764, stack(0x000000001e3e0000,0x000000001e4e0000)]
  0x0000000016d7b800 JavaThread "PostgreSQL-JDBC-SharedTimer-1" daemon [_thread_blocked, id=10032, stack(0x000000001e2e0000,0x000000001e3e0000)]
  0x000000001ad47000 JavaThread "container-0" [_thread_blocked, id=9508, stack(0x000000001bca0000,0x000000001bda0000)]
  0x000000001a00a800 JavaThread "Catalina-utility-2" [_thread_blocked, id=7064, stack(0x000000001bba0000,0x000000001bca0000)]
  0x00000000198b8800 JavaThread "Catalina-utility-1" [_thread_blocked, id=1720, stack(0x000000001baa0000,0x000000001bba0000)]
  0x00000000163b8800 JavaThread "Service Thread" daemon [_thread_blocked, id=4976, stack(0x0000000016790000,0x0000000016890000)]
  0x0000000014a3f800 JavaThread "C1 CompilerThread2" daemon [_thread_blocked, id=9736, stack(0x0000000016290000,0x0000000016390000)]
=>0x0000000014a39000 JavaThread "C2 CompilerThread1" daemon [_thread_in_native, id=9548, stack(0x0000000016190000,0x0000000016290000)]
  0x0000000014a34000 JavaThread "C2 CompilerThread0" daemon [_thread_in_native, id=9056, stack(0x0000000016090000,0x0000000016190000)]
  0x0000000014a32800 JavaThread "Attach Listener" daemon [_thread_blocked, id=5480, stack(0x0000000015f90000,0x0000000016090000)]
  0x0000000014a31000 JavaThread "Signal Dispatcher" daemon [_thread_blocked, id=7832, stack(0x0000000015e90000,0x0000000015f90000)]
  0x0000000002449800 JavaThread "Finalizer" daemon [_thread_blocked, id=3604, stack(0x0000000015c80000,0x0000000015d80000)]
  0x00000000149f9800 JavaThread "Reference Handler" daemon [_thread_blocked, id=1056, stack(0x0000000015b80000,0x0000000015c80000)]

Other Threads:
  0x00000000149f7000 VMThread [stack: 0x0000000015a80000,0x0000000015b80000] [id=7864]
  0x00000000163da000 WatcherThread [stack: 0x0000000016890000,0x0000000016990000] [id=8572]

VM state:not at safepoint (normal execution)

VM Mutex/Monitor currently owned by a thread: None

Heap:
 PSYoungGen      total 143360K, used 36166K [0x00000000eb380000, 0x00000000f6f00000, 0x0000000100000000)
  eden space 127488K, 28% used [0x00000000eb380000,0x00000000ed6d18a8,0x00000000f3000000)
  from space 15872K, 0% used [0x00000000f3000000,0x00000000f3000000,0x00000000f3f80000)
  to   space 16384K, 0% used [0x00000000f5f00000,0x00000000f5f00000,0x00000000f6f00000)
 ParOldGen       total 82432K, used 29458K [0x00000000c1a00000, 0x00000000c6a80000, 0x00000000eb380000)
  object space 82432K, 35% used [0x00000000c1a00000,0x00000000c36c49c8,0x00000000c6a80000)
 Metaspace       used 60214K, capacity 62889K, committed 63104K, reserved 1103872K
  class space    used 8288K, capacity 8745K, committed 8832K, reserved 1048576K

Card table byte_map: [0x0000000011810000,0x0000000011a10000] byte_map_base: 0x0000000011203000

Marking Bits: (ParMarkBitMap*) 0x0000000069b1a5b0
 Begin Bits: [0x0000000011f60000, 0x0000000012ef8000)
 End Bits:   [0x0000000012ef8000, 0x0000000013e90000)

Polling page: 0x0000000000600000

CodeCache: size=245760Kb used=14731Kb max_used=15471Kb free=231029Kb
 bounds [0x0000000002450000, 0x00000000033d0000, 0x0000000011450000]
 total_blobs=5004 nmethods=4459 adapters=457
 compilation: enabled

Compilation events (10 events):
Event: 30.550 Thread 0x0000000014a3f800 5249       3       java.nio.Buffer::flip (20 bytes)
Event: 30.550 Thread 0x0000000014a3f800 nmethod 5249 0x0000000002873390 code [0x00000000028734e0, 0x0000000002873650]
Event: 30.550 Thread 0x0000000014a3f800 5250       3       java.nio.Buffer::nextPutIndex (31 bytes)
Event: 30.550 Thread 0x0000000014a3f800 nmethod 5250 0x0000000002867710 code [0x0000000002867880, 0x0000000002867ae8]
Event: 30.550 Thread 0x0000000014a3f800 5251       3       java.nio.HeapByteBuffer::put (16 bytes)
Event: 30.551 Thread 0x0000000014a3f800 nmethod 5251 0x0000000002e613d0 code [0x0000000002e61560, 0x0000000002e61928]
Event: 30.551 Thread 0x0000000014a3f800 5252       3       org.apache.tomcat.util.buf.AbstractChunk::getLength (10 bytes)
Event: 30.551 Thread 0x0000000014a3f800 nmethod 5252 0x00000000028673d0 code [0x0000000002867520, 0x0000000002867670]
Event: 30.553 Thread 0x0000000014a3f800 5253       3       org.apache.tomcat.util.buf.AbstractChunk::recycle (21 bytes)
Event: 30.553 Thread 0x0000000014a3f800 nmethod 5253 0x0000000002873050 code [0x00000000028731a0, 0x0000000002873310]

GC Heap History (10 events):
Event: 4.938 GC heap before
{Heap before GC invocations=10 (full 1):
 PSYoungGen      total 106496K, used 87643K [0x00000000eb380000, 0x00000000f2680000, 0x0000000100000000)
  eden space 99328K, 81% used [0x00000000eb380000,0x00000000f021b300,0x00000000f1480000)
  from space 7168K, 99% used [0x00000000f1d80000,0x00000000f247bcb8,0x00000000f2480000)
  to   space 9216K, 0% used [0x00000000f1480000,0x00000000f1480000,0x00000000f1d80000)
 ParOldGen       total 34816K, used 10245K [0x00000000c1a00000, 0x00000000c3c00000, 0x00000000eb380000)
  object space 34816K, 29% used [0x00000000c1a00000,0x00000000c24017f8,0x00000000c3c00000)
 Metaspace       used 33826K, capacity 35381K, committed 35456K, reserved 1079296K
  class space    used 4426K, capacity 4717K, committed 4736K, reserved 1048576K
Event: 4.954 GC heap after
Heap after GC invocations=10 (full 1):
 PSYoungGen      total 108544K, used 9204K [0x00000000eb380000, 0x00000000f4c00000, 0x0000000100000000)
  eden space 99328K, 0% used [0x00000000eb380000,0x00000000eb380000,0x00000000f1480000)
  from space 9216K, 99% used [0x00000000f1480000,0x00000000f1d7d388,0x00000000f1d80000)
  to   space 12800K, 0% used [0x00000000f3f80000,0x00000000f3f80000,0x00000000f4c00000)
 ParOldGen       total 34816K, used 15869K [0x00000000c1a00000, 0x00000000c3c00000, 0x00000000eb380000)
  object space 34816K, 45% used [0x00000000c1a00000,0x00000000c297f4c0,0x00000000c3c00000)
 Metaspace       used 33826K, capacity 35381K, committed 35456K, reserved 1079296K
  class space    used 4426K, capacity 4717K, committed 4736K, reserved 1048576K
}
Event: 4.955 GC heap before
{Heap before GC invocations=11 (full 2):
 PSYoungGen      total 108544K, used 9204K [0x00000000eb380000, 0x00000000f4c00000, 0x0000000100000000)
  eden space 99328K, 0% used [0x00000000eb380000,0x00000000eb380000,0x00000000f1480000)
  from space 9216K, 99% used [0x00000000f1480000,0x00000000f1d7d388,0x00000000f1d80000)
  to   space 12800K, 0% used [0x00000000f3f80000,0x00000000f3f80000,0x00000000f4c00000)
 ParOldGen       total 34816K, used 15869K [0x00000000c1a00000, 0x00000000c3c00000, 0x00000000eb380000)
  object space 34816K, 45% used [0x00000000c1a00000,0x00000000c297f4c0,0x00000000c3c00000)
 Metaspace       used 33826K, capacity 35381K, committed 35456K, reserved 1079296K
  class space    used 4426K, capacity 4717K, committed 4736K, reserved 1048576K
Event: 5.018 GC heap after
Heap after GC invocations=11 (full 2):
 PSYoungGen      total 108544K, used 0K [0x00000000eb380000, 0x00000000f4c00000, 0x0000000100000000)
  eden space 99328K, 0% used [0x00000000eb380000,0x00000000eb380000,0x00000000f1480000)
  from space 9216K, 0% used [0x00000000f1480000,0x00000000f1480000,0x00000000f1d80000)
  to   space 12800K, 0% used [0x00000000f3f80000,0x00000000f3f80000,0x00000000f4c00000)
 ParOldGen       total 59392K, used 19197K [0x00000000c1a00000, 0x00000000c5400000, 0x00000000eb380000)
  object space 59392K, 32% used [0x00000000c1a00000,0x00000000c2cbf590,0x00000000c5400000)
 Metaspace       used 33826K, capacity 35381K, committed 35456K, reserved 1079296K
  class space    used 4426K, capacity 4717K, committed 4736K, reserved 1048576K
}
Event: 8.491 GC heap before
{Heap before GC invocations=12 (full 2):
 PSYoungGen      total 108544K, used 99328K [0x00000000eb380000, 0x00000000f4c00000, 0x0000000100000000)
  eden space 99328K, 100% used [0x00000000eb380000,0x00000000f1480000,0x00000000f1480000)
  from space 9216K, 0% used [0x00000000f1480000,0x00000000f1480000,0x00000000f1d80000)
  to   space 12800K, 0% used [0x00000000f3f80000,0x00000000f3f80000,0x00000000f4c00000)
 ParOldGen       total 59392K, used 19197K [0x00000000c1a00000, 0x00000000c5400000, 0x00000000eb380000)
  object space 59392K, 32% used [0x00000000c1a00000,0x00000000c2cbf590,0x00000000c5400000)
 Metaspace       used 49424K, capacity 51113K, committed 51456K, reserved 1093632K
  class space    used 6800K, capacity 7115K, committed 7168K, reserved 1048576K
Event: 8.511 GC heap after
Heap after GC invocations=12 (full 2):
 PSYoungGen      total 140288K, used 12798K [0x00000000eb380000, 0x00000000f4f00000, 0x0000000100000000)
  eden space 127488K, 0% used [0x00000000eb380000,0x00000000eb380000,0x00000000f3000000)
  from space 12800K, 99% used [0x00000000f3f80000,0x00000000f4bff828,0x00000000f4c00000)
  to   space 15872K, 0% used [0x00000000f3000000,0x00000000f3000000,0x00000000f3f80000)
 ParOldGen       total 59392K, used 22679K [0x00000000c1a00000, 0x00000000c5400000, 0x00000000eb380000)
  object space 59392K, 38% used [0x00000000c1a00000,0x00000000c3025e10,0x00000000c5400000)
 Metaspace       used 49424K, capacity 51113K, committed 51456K, reserved 1093632K
  class space    used 6800K, capacity 7115K, committed 7168K, reserved 1048576K
}
Event: 19.255 GC heap before
{Heap before GC invocations=13 (full 2):
 PSYoungGen      total 140288K, used 107453K [0x00000000eb380000, 0x00000000f4f00000, 0x0000000100000000)
  eden space 127488K, 74% used [0x00000000eb380000,0x00000000f0fefc30,0x00000000f3000000)
  from space 12800K, 99% used [0x00000000f3f80000,0x00000000f4bff828,0x00000000f4c00000)
  to   space 15872K, 0% used [0x00000000f3000000,0x00000000f3000000,0x00000000f3f80000)
 ParOldGen       total 59392K, used 22679K [0x00000000c1a00000, 0x00000000c5400000, 0x00000000eb380000)
  object space 59392K, 38% used [0x00000000c1a00000,0x00000000c3025e10,0x00000000c5400000)
 Metaspace       used 56453K, capacity 58937K, committed 59096K, reserved 1099776K
  class space    used 7775K, capacity 8207K, committed 8320K, reserved 1048576K
Event: 19.288 GC heap after
Heap after GC invocations=13 (full 2):
 PSYoungGen      total 143360K, used 10472K [0x00000000eb380000, 0x00000000f6f00000, 0x0000000100000000)
  eden space 127488K, 0% used [0x00000000eb380000,0x00000000eb380000,0x00000000f3000000)
  from space 15872K, 65% used [0x00000000f3000000,0x00000000f3a3a068,0x00000000f3f80000)
  to   space 16384K, 0% used [0x00000000f5f00000,0x00000000f5f00000,0x00000000f6f00000)
 ParOldGen       total 59392K, used 26501K [0x00000000c1a00000, 0x00000000c5400000, 0x00000000eb380000)
  object space 59392K, 44% used [0x00000000c1a00000,0x00000000c33e14f0,0x00000000c5400000)
 Metaspace       used 56453K, capacity 58937K, committed 59096K, reserved 1099776K
  class space    used 7775K, capacity 8207K, committed 8320K, reserved 1048576K
}
Event: 19.288 GC heap before
{Heap before GC invocations=14 (full 3):
 PSYoungGen      total 143360K, used 10472K [0x00000000eb380000, 0x00000000f6f00000, 0x0000000100000000)
  eden space 127488K, 0% used [0x00000000eb380000,0x00000000eb380000,0x00000000f3000000)
  from space 15872K, 65% used [0x00000000f3000000,0x00000000f3a3a068,0x00000000f3f80000)
  to   space 16384K, 0% used [0x00000000f5f00000,0x00000000f5f00000,0x00000000f6f00000)
 ParOldGen       total 59392K, used 26501K [0x00000000c1a00000, 0x00000000c5400000, 0x00000000eb380000)
  object space 59392K, 44% used [0x00000000c1a00000,0x00000000c33e14f0,0x00000000c5400000)
 Metaspace       used 56453K, capacity 58937K, committed 59096K, reserved 1099776K
  class space    used 7775K, capacity 8207K, committed 8320K, reserved 1048576K
Event: 19.502 GC heap after
Heap after GC invocations=14 (full 3):
 PSYoungGen      total 143360K, used 0K [0x00000000eb380000, 0x00000000f6f00000, 0x0000000100000000)
  eden space 127488K, 0% used [0x00000000eb380000,0x00000000eb380000,0x00000000f3000000)
  from space 15872K, 0% used [0x00000000f3000000,0x00000000f3000000,0x00000000f3f80000)
  to   space 16384K, 0% used [0x00000000f5f00000,0x00000000f5f00000,0x00000000f6f00000)
 ParOldGen       total 82432K, used 29458K [0x00000000c1a00000, 0x00000000c6a80000, 0x00000000eb380000)
  object space 82432K, 35% used [0x00000000c1a00000,0x00000000c36c49c8,0x00000000c6a80000)
 Metaspace       used 56453K, capacity 58937K, committed 59096K, reserved 1099776K
  class space    used 7775K, capacity 8207K, committed 8320K, reserved 1048576K
}

Deoptimization events (10 events):
Event: 19.621 Thread 0x0000000002354800 Uncommon trap: reason=unstable_if action=reinterpret pc=0x0000000002e64354 method=org.springframework.util.ConcurrentReferenceHashMap$Segment.clear()V @ 4
Event: 19.662 Thread 0x0000000002354800 Uncommon trap: reason=bimorphic action=maybe_recompile pc=0x0000000002ae9900 method=java.util.Hashtable.get(Ljava/lang/Object;)Ljava/lang/Object; @ 6
Event: 19.664 Thread 0x0000000002354800 Uncommon trap: reason=bimorphic action=maybe_recompile pc=0x0000000002ae9900 method=java.util.Hashtable.get(Ljava/lang/Object;)Ljava/lang/Object; @ 6
Event: 23.669 Thread 0x0000000017ca9800 Uncommon trap: reason=unstable_if action=reinterpret pc=0x0000000003252704 method=java.lang.invoke.MethodType.checkPtypes([Ljava/lang/Class;)I @ 40
Event: 23.746 Thread 0x0000000017ca9800 Uncommon trap: reason=unstable_if action=reinterpret pc=0x000000000319114c method=java.lang.Integer.toString(I)Ljava/lang/String; @ 3
Event: 29.998 Thread 0x000000001c503000 Uncommon trap: reason=unstable_if action=reinterpret pc=0x0000000002f87aac method=java.util.StringTokenizer.scanToken(I)I @ 96
Event: 30.035 Thread 0x000000001c503000 Uncommon trap: reason=bimorphic action=maybe_recompile pc=0x0000000002cb3248 method=java.util.Hashtable.get(Ljava/lang/Object;)Ljava/lang/Object; @ 45
Event: 30.040 Thread 0x000000001c503000 Uncommon trap: reason=bimorphic action=maybe_recompile pc=0x0000000002cb3248 method=java.util.Hashtable.get(Ljava/lang/Object;)Ljava/lang/Object; @ 45
Event: 30.042 Thread 0x000000001c503000 Uncommon trap: reason=unstable_if action=reinterpret pc=0x000000000256e400 method=java.lang.CharacterData.of(I)Ljava/lang/CharacterData; @ 4
Event: 30.046 Thread 0x000000001c503000 Uncommon trap: reason=unstable_if action=reinterpret pc=0x00000000025b429c method=java.util.regex.Pattern$BmpCharProperty.match(Ljava/util/regex/Matcher;ILjava/lang/CharSequence;)Z @ 34

Internal exceptions (10 events):
Event: 18.757 Thread 0x0000000002354800 Exception <a 'java/lang/ClassNotFoundException': java/lang/ObjectCustomizer> (0x00000000ef635d80) thrown at [C:\re\workspace\8-2-build-windows-amd64-cygwin\jdk8u66\5298\hotspot\src\share\vm\classfile\systemDictionary.cpp, line 210]
Event: 18.758 Thread 0x0000000002354800 Exception <a 'java/lang/ClassNotFoundException': br/com/db1/pedidos/pedidos/api/domain/entity/HistoricoCustomizer> (0x00000000ef64c710) thrown at [C:\re\workspace\8-2-build-windows-amd64-cygwin\jdk8u66\5298\hotspot\src\share\vm\classfile\systemDictionary.cÅï^iÑƒ2@
Event: 18.768 Thread 0x0000000002354800 Exception <a 'java/lang/ClassNotFoundException': java/lang/ObjectCustomizer> (0x00000000ef69c160) thrown at [C:\re\workspace\8-2-build-windows-amd64-cygwin\jdk8u66\5298\hotspot\src\share\vm\classfile\systemDictionary.cpp, line 210]
Event: 18.768 Thread 0x0000000002354800 Exception <a 'java/lang/ClassNotFoundException': br/com/db1/pedidos/pedidos/api/domain/entity/PedidoCustomizer> (0x00000000ef6b22d8) thrown at [C:\re\workspace\8-2-build-windows-amd64-cygwin\jdk8u66\5298\hotspot\src\share\vm\classfile\systemDictionary.cpp,®5~IW∆2@
Event: 18.775 Thread 0x0000000002354800 Exception <a 'java/lang/ClassNotFoundException': java/lang/ObjectCustomizer> (0x00000000ef6f7b40) thrown at [C:\re\workspace\8-2-build-windows-amd64-cygwin\jdk8u66\5298\hotspot\src\share\vm\classfile\systemDictionary.cpp, line 210]
Event: 18.776 Thread 0x0000000002354800 Exception <a 'java/lang/ClassNotFoundException': br/com/db1/pedidos/pedidos/api/domain/entity/PedidoItemCustomizer> (0x00000000ef70e550) thrown at [C:\re\workspace\8-2-build-windows-amd64-cygwin\jdk8u66\5298\hotspot\src\share\vm\classfile\systemDictionary.ª5—z 2@
Event: 18.791 Thread 0x0000000002354800 Exception <a 'java/lang/reflect/InvocationTargetException'> (0x00000000ef788c30) thrown at [C:\re\workspace\8-2-build-windows-amd64-cygwin\jdk8u66\5298\hotspot\src\share\vm\runtime\reflection.cpp, line 1092]
Event: 18.820 Thread 0x0000000002354800 Exception <a 'java/lang/reflect/InvocationTargetException'> (0x00000000ef851e48) thrown at [C:\re\workspace\8-2-build-windows-amd64-cygwin\jdk8u66\5298\hotspot\src\share\vm\runtime\reflection.cpp, line 1092]
Event: 18.842 Thread 0x0000000002354800 Exception <a 'java/lang/reflect/InvocationTargetException'> (0x00000000ef917810) thrown at [C:\re\workspace\8-2-build-windows-amd64-cygwin\jdk8u66\5298\hotspot\src\share\vm\runtime\reflection.cpp, line 1092]
Event: 30.512 Thread 0x000000001c503000 Exception <a 'java/lang/reflect/InvocationTargetException'> (0x00000000ed580350) thrown at [C:\re\workspace\8-2-build-windows-amd64-cygwin\jdk8u66\5298\hotspot\src\share\vm\runtime\reflection.cpp, line 1092]

Events (10 events):
Event: 30.548 Executing VM operation: RevokeBias
Event: 30.548 Executing VM operation: RevokeBias done
Event: 30.549 Executing VM operation: RevokeBias
Event: 30.549 Executing VM operation: RevokeBias done
Event: 30.551 Executing VM operation: RevokeBias
Event: 30.551 Executing VM operation: RevokeBias done
Event: 30.553 Executing VM operation: RevokeBias
Event: 30.553 Executing VM operation: RevokeBias done
Event: 30.553 Executing VM operation: RevokeBias
Event: 30.553 Executing VM operation: RevokeBias done


Dynamic libraries:
0x00007ff7b4130000 - 0x00007ff7b4167000 	C:\Program Files\Java\jre1.8.0_66\bin\javaw.exe
0x00007ffafaa10000 - 0x00007ffafabf1000 	C:\WINDOWS\SYSTEM32\ntdll.dll
0x00007ffaf90b0000 - 0x00007ffaf9162000 	C:\WINDOWS\System32\KERNEL32.DLL
0x00007ffaf7460000 - 0x00007ffaf76d3000 	C:\WINDOWS\System32\KERNELBASE.dll
0x00007ffaf8170000 - 0x00007ffaf8211000 	C:\WINDOWS\System32\ADVAPI32.dll
0x00007ffafa8e0000 - 0x00007ffafa97e000 	C:\WINDOWS\System32\msvcrt.dll
0x00007ffaf85c0000 - 0x00007ffaf861b000 	C:\WINDOWS\System32\sechost.dll
0x00007ffaf8aa0000 - 0x00007ffaf8bc4000 	C:\WINDOWS\System32\RPCRT4.dll
0x00007ffaf7ea0000 - 0x00007ffaf8030000 	C:\WINDOWS\System32\USER32.dll
0x00007ffaf6fd0000 - 0x00007ffaf6ff0000 	C:\WINDOWS\System32\win32u.dll
0x00007ffaf80e0000 - 0x00007ffaf8108000 	C:\WINDOWS\System32\GDI32.dll
0x00007ffaf7140000 - 0x00007ffaf72d2000 	C:\WINDOWS\System32\gdi32full.dll
0x00007ffaf70a0000 - 0x00007ffaf713f000 	C:\WINDOWS\System32\msvcp_win.dll
0x00007ffaf7360000 - 0x00007ffaf7458000 	C:\WINDOWS\System32\ucrtbase.dll
0x00007ffaec2f0000 - 0x00007ffaec559000 	C:\WINDOWS\WinSxS\amd64_microsoft.windows.common-controls_6595b64144ccf1df_6.0.17134.648_none_fb45a0e93062a6d2\COMCTL32.dll
0x00007ffafa5b0000 - 0x00007ffafa8d2000 	C:\WINDOWS\System32\combase.dll
0x00007ffaf72e0000 - 0x00007ffaf735a000 	C:\WINDOWS\System32\bcryptPrimitives.dll
0x00007ffaf8590000 - 0x00007ffaf85bd000 	C:\WINDOWS\System32\IMM32.DLL
0x0000000069160000 - 0x0000000069232000 	C:\Program Files\Java\jre1.8.0_66\bin\msvcr100.dll
0x0000000069310000 - 0x0000000069b99000 	C:\Program Files\Java\jre1.8.0_66\bin\server\jvm.dll
0x00007ffaf90a0000 - 0x00007ffaf90a8000 	C:\WINDOWS\System32\PSAPI.DLL
0x00007ffae8680000 - 0x00007ffae8689000 	C:\WINDOWS\SYSTEM32\WSOCK32.dll
0x00007ffaec120000 - 0x00007ffaec12a000 	C:\WINDOWS\SYSTEM32\VERSION.dll
0x00007ffaf4600000 - 0x00007ffaf4623000 	C:\WINDOWS\SYSTEM32\WINMM.dll
0x00007ffaf87d0000 - 0x00007ffaf883c000 	C:\WINDOWS\System32\WS2_32.dll
0x00007ffaf45d0000 - 0x00007ffaf45fa000 	C:\WINDOWS\SYSTEM32\winmmbase.dll
0x00007ffaf7050000 - 0x00007ffaf7099000 	C:\WINDOWS\System32\cfgmgr32.dll
0x0000000069300000 - 0x000000006930f000 	C:\Program Files\Java\jre1.8.0_66\bin\verify.dll
0x00000000692d0000 - 0x00000000692f9000 	C:\Program Files\Java\jre1.8.0_66\bin\java.dll
0x00000000692b0000 - 0x00000000692c6000 	C:\Program Files\Java\jre1.8.0_66\bin\zip.dll
0x00007ffaf9170000 - 0x00007ffafa5b0000 	C:\WINDOWS\System32\SHELL32.dll
0x00007ffaf8030000 - 0x00007ffaf80d9000 	C:\WINDOWS\System32\shcore.dll
0x00007ffaf7790000 - 0x00007ffaf7e9d000 	C:\WINDOWS\System32\windows.storage.dll
0x00007ffaf8310000 - 0x00007ffaf8361000 	C:\WINDOWS\System32\shlwapi.dll
0x00007ffaf6d50000 - 0x00007ffaf6d61000 	C:\WINDOWS\System32\kernel.appcore.dll
0x00007ffaf6d30000 - 0x00007ffaf6d4f000 	C:\WINDOWS\System32\profapi.dll
0x00007ffaf6d90000 - 0x00007ffaf6ddc000 	C:\WINDOWS\System32\powrprof.dll
0x00007ffaf6d20000 - 0x00007ffaf6d2a000 	C:\WINDOWS\System32\FLTLIB.DLL
0x000000006a730000 - 0x000000006a73d000 	C:\Program Files\Java\jre1.8.0_66\bin\management.dll
0x0000000069290000 - 0x00000000692aa000 	C:\Program Files\Java\jre1.8.0_66\bin\net.dll
0x00007ffaf6540000 - 0x00007ffaf65a6000 	C:\WINDOWS\system32\mswsock.dll
0x00007ffaec2d0000 - 0x00007ffaec2e6000 	C:\WINDOWS\system32\napinsp.dll
0x00007ffaec2b0000 - 0x00007ffaec2ca000 	C:\WINDOWS\system32\pnrpnsp.dll
0x00007ffaf3520000 - 0x00007ffaf3539000 	C:\WINDOWS\system32\NLAapi.dll
0x00007ffaf6300000 - 0x00007ffaf63be000 	C:\WINDOWS\SYSTEM32\DNSAPI.dll
0x00007ffaf8620000 - 0x00007ffaf8628000 	C:\WINDOWS\System32\NSI.dll
0x00007ffaf62c0000 - 0x00007ffaf62f8000 	C:\WINDOWS\SYSTEM32\IPHLPAPI.DLL
0x00007ffaed5d0000 - 0x00007ffaed5de000 	C:\WINDOWS\System32\winrnr.dll
0x00007ffaeda60000 - 0x00007ffaeda6a000 	C:\Windows\System32\rasadhlp.dll
0x00007ffaede50000 - 0x00007ffaedec2000 	C:\WINDOWS\System32\fwpuclnt.dll
0x00007ffaf6880000 - 0x00007ffaf68a5000 	C:\WINDOWS\SYSTEM32\bcrypt.dll
0x0000000069270000 - 0x0000000069281000 	C:\Program Files\Java\jre1.8.0_66\bin\nio.dll
0x00007ffaf6750000 - 0x00007ffaf6767000 	C:\WINDOWS\SYSTEM32\CRYPTSP.dll
0x00007ffaf6120000 - 0x00007ffaf6153000 	C:\WINDOWS\system32\rsaenh.dll
0x00007ffaf6c20000 - 0x00007ffaf6c48000 	C:\WINDOWS\SYSTEM32\USERENV.dll
0x00007ffaf6770000 - 0x00007ffaf677b000 	C:\WINDOWS\SYSTEM32\CRYPTBASE.dll
0x00007ffaef9b0000 - 0x00007ffaef9c6000 	C:\WINDOWS\SYSTEM32\dhcpcsvc6.DLL
0x00007ffaef990000 - 0x00007ffaef9aa000 	C:\WINDOWS\SYSTEM32\dhcpcsvc.DLL
0x0000000069240000 - 0x0000000069264000 	C:\Program Files\Java\jre1.8.0_66\bin\sunec.dll

VM Arguments:
jvm_args: -Dfile.encoding=UTF-8 
java_command: br.com.db1.pedidos.pedidos.api.Application
java_class_path (initial): D:\DB1\Db1StartJava2\pedidos.api\target\classes;C:\Users\Aluno.DESKTOP-3ASBCDM\.m2\repository\org\postgresql\postgresql\42.2.5\postgresql-42.2.5.jar;C:\Users\Aluno.DESKTOP-3ASBCDM\.m2\repository\org\springframework\boot\spring-boot-starter-data-jpa\2.1.3.RELEASE\spring-boot-starter-data-jpa-2.1.3.RELEASE.jar;C:\Users\Aluno.DESKTOP-3ASBCDM\.m2\repository\org\springframework\boot\spring-boot-starter-aop\2.1.3.RELEASE\spring-boot-starter-aop-2.1.3.RELEASE.jar;C:\Users\Aluno.DESKTOP-3ASBCDM\.m2\repository\org\springframework\spring-aop\5.1.5.RELEASE\spring-aop-5.1.5.RELEASE.jar;C:\Users\Aluno.DESKTOP-3ASBCDM\.m2\repository\org\aspectj\aspectjweaver\1.9.2\aspectjweaver-1.9.2.jar;C:\Users\Aluno.DESKTOP-3ASBCDM\.m2\repository\org\springframework\boot\spring-boot-starter-jdbc\2.1.3.RELEASE\spring-boot-starter-jdbc-2.1.3.RELEASE.jar;C:\Users\Aluno.DESKTOP-3ASBCDM\.m2\repository\com\zaxxer\HikariCP\3.2.0\HikariCP-3.2.0.jar;C:\Users\Aluno.DESKTOP-3ASBCDM\.m2\repository\org\springframework\spring-jdbc\5.1.5.RELEASE\spring-jdbc-5.1.5.RELEASE.jar;C:\Users\Aluno.DESKTOP-3ASBCDM\.m2\repository\javax\transaction\javax.transaction-api\1.3\javax.transaction-api-1.3.jar;C:\Users\Aluno.DESKTOP-3ASBCDM\.m2\repository\javax\xml\bind\jaxb-api\2.3.1\jaxb-api-2.3.1.jar;C:\Users\Aluno.DESKTOP-3ASBCDM\.m2\repository\javax\activation\javax.activation-api\1.2.0\javax.activation-api-1.2.0.jar;C:\Users\Aluno.DESKTOP-3ASBCDM\.m2\repository\org\hibernate\hibernate-core\5.3.7.Final\hibernate-core-5.3.7.Final.jar;C:\Users\Aluno.DESKTOP-3ASBCDM\.m2\repository\org\jboss\logging\jboss-logging\3.3.2.Final\jboss-logging-3.3.2.Final.jar;C:\Users\Aluno.DESKTOP-3ASBCDM\.m2\repository\javax\persistence\javax.persistence-api\2.2\javax.persistence-api-2.2.jar;C:\Users\Aluno.DESKTOP-3ASBCDM\.m2\repository\org\javassist\javassist\3.23.1-GA\javassist-3.23.1-GA.jar;C:\Users\Aluno.DESKTOP-3ASBCDM\.m2\repository\net\bytebuddy\byte-buddy\1.9.10\byte-buddy-1.9.10.jar;C:\Users\Aluno.DESKTOP-3
Launcher Type: SUN_STANDARD

Environment Variables:
PATH=C:/Program Files/Java/jre1.8.0_66/bin/server;C:/Program Files/Java/jre1.8.0_66/bin;C:/Program Files/Java/jre1.8.0_66/lib/amd64;C:\ProgramData\Oracle\Java\javapath;C:\WINDOWS\system32;C:\WINDOWS;C:\WINDOWS\System32\Wbem;C:\WINDOWS\System32\WindowsPowerShell\v1.0\;C:\Program Files (x86)\MySQL\MySQL Fabric 1.5 & MySQL Utilities 1.5\;C:\Program Files (x86)\MySQL\MySQL Fabric 1.5 & MySQL Utilities 1.5\Doctrine extensions for PHP\;C:\WINDOWS\system32\config\systemprofile\.dnx\bin;C:\Program Files\Microsoft DNX\Dnvm\;C:\cygwin64;C:\Program Files\Microsoft SQL Server\Client SDK\ODBC\110\Tools\Binn\;C:\Program Files (x86)\Microsoft SQL Server\120\Tools\Binn\;C:\Program Files\Microsoft SQL Server\120\Tools\Binn\;C:\Program Files\Microsoft SQL Server\120\DTS\Binn\;C:\Program Files (x86)\Microsoft SQL Server\120\Tools\Binn\ManagementStudio\;C:\Program Files (x86)\Microsoft SQL Server\120\DTS\Binn\;C:\Program Files (x86)\Shield;C:\WINDOWS\System32\OpenSSH\;C:\Users\Aluno.DESKTOP-3ASBCDM\AppData\Local\Microsoft\WindowsApps;;C:\Users\Aluno.DESKTOP-3ASBCDM\Desktop;
USERNAME=Aluno
OS=Windows_NT
PROCESSOR_IDENTIFIER=Intel64 Family 6 Model 58 Stepping 9, GenuineIntel



---------------  S Y S T E M  ---------------

OS: Windows 10.0 , 64 bit Build 17134 (10.0.17134.648)

CPU:total 4 (2 cores per cpu, 2 threads per core) family 6 model 58 stepping 9, cmov, cx8, fxsr, mmx, sse, sse2, sse3, ssse3, sse4.1, sse4.2, popcnt, avx, clmul, erms, ht, tsc, tscinvbit, tscinv

Memory: 4k page, physical 4087612k(500340k free), swap 4087612k(6272k free)

vm_info: Java HotSpot(TM) 64-Bit Server VM (25.66-b18) for windows-amd64 JRE (1.8.0_66-b18), built on Nov  9 2015 10:51:13 by "java_re" with MS VC++ 10.0 (VS2010)

time: Tue Apr 09 15:59:11 2019
elapsed time: 30 seconds (0d 0h 0m 30s)

