#
# There is insufficient memory for the Java Runtime Environment to continue.
# Native memory allocation (malloc) failed to allocate 32744 bytes for ChunkPool::allocate
# Possible reasons:
#   The system is out of physical RAM or swap space
#   In 32 bit mode, the process size limit was hit
# Possible solutions:
#   Reduce memory load on the system
#   Increase physical memory or swap space
#   Check if swap backing store is full
#   Use 64 bit Java on a 64 bit OS
#   Decrease Java heap size (-Xmx/-Xms)
#   Decrease number of Java threads
#   Decrease Java thread stack sizes (-Xss)
#   Set larger code cache with -XX:ReservedCodeCacheSize=
# This output file may be truncated or incomplete.
#
#  Out of Memory Error (allocation.cpp:273), pid=3672, tid=1604
#
# JRE version: Java(TM) SE Runtime Environment (8.0_66-b18) (build 1.8.0_66-b18)
# Java VM: Java HotSpot(TM) 64-Bit Server VM (25.66-b18 mixed mode windows-amd64 compressed oops)
# Failed to write core dump. Minidumps are not enabled by default on client versions of Windows
#

---------------  T H R E A D  ---------------

Current thread (0x0000000014de4000):  JavaThread "C2 CompilerThread0" daemon [_thread_in_native, id=1604, stack(0x0000000016470000,0x0000000016570000)]

Stack: [0x0000000016470000,0x0000000016570000]
[error occurred during error reporting (printing stack bounds), id 0xc0000005]

Native frames: (J=compiled Java code, j=interpreted, Vv=VM code, C=native code)


Current CompileTask:
C2:  23128 5170       4       java.net.URLClassLoader$1::run (5 bytes)


---------------  P R O C E S S  ---------------

Java Threads: ( => current thread )
  0x0000000014df4000 JavaThread "DestroyJavaVM" [_thread_blocked, id=1616, stack(0x0000000000d70000,0x0000000000e70000)]
  0x0000000014df3800 JavaThread "http-nio-8080-Acceptor-0" daemon [_thread_in_native, id=3524, stack(0x0000000020900000,0x0000000020a00000)]
  0x0000000014def000 JavaThread "http-nio-8080-ClientPoller-1" daemon [_thread_in_native, id=7872, stack(0x0000000020800000,0x0000000020900000)]
  0x0000000014df2800 JavaThread "http-nio-8080-ClientPoller-0" daemon [_thread_in_native, id=4888, stack(0x0000000020700000,0x0000000020800000)]
  0x0000000014df2000 JavaThread "http-nio-8080-exec-10" daemon [_thread_blocked, id=8080, stack(0x0000000020600000,0x0000000020700000)]
  0x0000000014dee000 JavaThread "http-nio-8080-exec-9" daemon [_thread_blocked, id=9084, stack(0x0000000020500000,0x0000000020600000)]
  0x0000000014def800 JavaThread "http-nio-8080-exec-8" daemon [_thread_blocked, id=3696, stack(0x0000000020400000,0x0000000020500000)]
  0x0000000014ded800 JavaThread "http-nio-8080-exec-7" daemon [_thread_blocked, id=8816, stack(0x0000000020300000,0x0000000020400000)]
  0x000000001791a000 JavaThread "http-nio-8080-exec-6" daemon [_thread_blocked, id=8168, stack(0x0000000020200000,0x0000000020300000)]
  0x00000000179df800 JavaThread "http-nio-8080-exec-5" daemon [_thread_blocked, id=7688, stack(0x0000000020100000,0x0000000020200000)]
  0x0000000016ed6800 JavaThread "http-nio-8080-exec-4" daemon [_thread_blocked, id=2376, stack(0x0000000020000000,0x0000000020100000)]
  0x000000001aca9000 JavaThread "http-nio-8080-exec-3" daemon [_thread_blocked, id=7348, stack(0x000000001ff00000,0x0000000020000000)]
  0x0000000019828800 JavaThread "http-nio-8080-exec-2" daemon [_thread_blocked, id=6560, stack(0x000000001fe00000,0x000000001ff00000)]
  0x00000000173ef800 JavaThread "http-nio-8080-exec-1" daemon [_thread_blocked, id=9768, stack(0x000000001fd00000,0x000000001fe00000)]
  0x0000000019978800 JavaThread "NioBlockingSelector.BlockPoller-1" daemon [_thread_in_native, id=8052, stack(0x000000001efa0000,0x000000001f0a0000)]
  0x000000001a2ee000 JavaThread "HikariPool-1 housekeeper" daemon [_thread_blocked, id=5852, stack(0x000000001e9a0000,0x000000001eaa0000)]
  0x000000001872b800 JavaThread "PostgreSQL-JDBC-SharedTimer-1" daemon [_thread_blocked, id=9860, stack(0x000000001e8a0000,0x000000001e9a0000)]
  0x000000001845e000 JavaThread "container-0" [_thread_blocked, id=6952, stack(0x000000001e2a0000,0x000000001e3a0000)]
  0x000000001845d800 JavaThread "Catalina-utility-2" [_thread_blocked, id=4160, stack(0x000000001bf70000,0x000000001c070000)]
  0x000000001a5c6000 JavaThread "Catalina-utility-1" [_thread_blocked, id=1020, stack(0x000000001be70000,0x000000001bf70000)]
  0x000000001679c000 JavaThread "Service Thread" daemon [_thread_blocked, id=5300, stack(0x0000000016b70000,0x0000000016c70000)]
  0x0000000014df0800 JavaThread "C1 CompilerThread2" daemon [_thread_blocked, id=5832, stack(0x0000000016670000,0x0000000016770000)]
  0x0000000014de9800 JavaThread "C2 CompilerThread1" daemon [_thread_in_native, id=8692, stack(0x0000000016570000,0x0000000016670000)]
=>0x0000000014de4000 JavaThread "C2 CompilerThread0" daemon [_thread_in_native, id=1604, stack(0x0000000016470000,0x0000000016570000)]
  0x0000000014de2800 JavaThread "Attach Listener" daemon [_thread_blocked, id=8412, stack(0x0000000016370000,0x0000000016470000)]
  0x0000000014de1000 JavaThread "Signal Dispatcher" daemon [_thread_blocked, id=7960, stack(0x0000000016270000,0x0000000016370000)]
  0x0000000002739800 JavaThread "Finalizer" daemon [_thread_blocked, id=9684, stack(0x0000000016060000,0x0000000016160000)]
  0x0000000014da9800 JavaThread "Reference Handler" daemon [_thread_blocked, id=6528, stack(0x0000000015f60000,0x0000000016060000)]

Other Threads:
  0x0000000014da7000 VMThread [stack: 0x0000000015e60000,0x0000000015f60000] [id=8552]
  0x00000000167c8000 WatcherThread [stack: 0x0000000016c70000,0x0000000016d70000] [id=1460]

VM state:not at safepoint (normal execution)

VM Mutex/Monitor currently owned by a thread: None

Heap:
 PSYoungGen      total 139264K, used 34243K [0x00000000eb380000, 0x00000000f6700000, 0x0000000100000000)
  eden space 123392K, 27% used [0x00000000eb380000,0x00000000ed4f0de8,0x00000000f2c00000)
  from space 15872K, 0% used [0x00000000f2c00000,0x00000000f2c00000,0x00000000f3b80000)
  to   space 16384K, 0% used [0x00000000f5700000,0x00000000f5700000,0x00000000f6700000)
 ParOldGen       total 84480K, used 29709K [0x00000000c1a00000, 0x00000000c6c80000, 0x00000000eb380000)
  object space 84480K, 35% used [0x00000000c1a00000,0x00000000c3703658,0x00000000c6c80000)
 Metaspace       used 60292K, capacity 63002K, committed 63104K, reserved 1103872K
  class space    used 8299K, capacity 8777K, committed 8832K, reserved 1048576K

Card table byte_map: [0x0000000011bc0000,0x0000000011dc0000] byte_map_base: 0x00000000115b3000

Marking Bits: (ParMarkBitMap*) 0x0000000069b1a5b0
 Begin Bits: [0x0000000012310000, 0x00000000132a8000)
 End Bits:   [0x00000000132a8000, 0x0000000014240000)

Polling page: 0x0000000000e70000

CodeCache: size=245760Kb used=14526Kb max_used=15289Kb free=231233Kb
 bounds [0x0000000002800000, 0x0000000003720000, 0x0000000011800000]
 total_blobs=4951 nmethods=4405 adapters=457
 compilation: enabled

Compilation events (10 events):
Event: 22.937 Thread 0x0000000014df0800 5193       1       com.fasterxml.jackson.databind.JavaType::getReferencedType (2 bytes)
Event: 22.937 Thread 0x0000000014df0800 nmethod 5193 0x00000000030c4bd0 code [0x00000000030c4d20, 0x00000000030c4e30]
Event: 22.937 Thread 0x0000000014df0800 5194       1       com.fasterxml.jackson.databind.type.SimpleType::isContainerType (2 bytes)
Event: 22.937 Thread 0x0000000014df0800 nmethod 5194 0x0000000003268b50 code [0x0000000003268ca0, 0x0000000003268db0]
Event: 22.942 Thread 0x0000000014df0800 5195       3       java.text.DontCareFieldPosition$1::formatted (1 bytes)
Event: 22.942 Thread 0x0000000014df0800 nmethod 5195 0x000000000319c750 code [0x000000000319c8a0, 0x000000000319c9f0]
Event: 22.943 Thread 0x0000000014df0800 5196       1       java.nio.Buffer::remaining (10 bytes)
Event: 22.943 Thread 0x0000000014df0800 nmethod 5196 0x00000000033ee8d0 code [0x00000000033eea20, 0x00000000033eeb30]
Event: 22.948 Thread 0x0000000014df0800 5197       3       java.util.IdentityHashMap::init (11 bytes)
Event: 22.948 Thread 0x0000000014df0800 nmethod 5197 0x0000000002a72b90 code [0x0000000002a72ce0, 0x0000000002a72ed0]

GC Heap History (10 events):
Event: 4.757 GC heap before
{Heap before GC invocations=10 (full 1):
 PSYoungGen      total 104960K, used 89102K [0x00000000eb380000, 0x00000000f2500000, 0x0000000100000000)
  eden space 97792K, 83% used [0x00000000eb380000,0x00000000f0384220,0x00000000f1300000)
  from space 7168K, 99% used [0x00000000f1c80000,0x00000000f237f6e0,0x00000000f2380000)
  to   space 9216K, 0% used [0x00000000f1300000,0x00000000f1300000,0x00000000f1c00000)
 ParOldGen       total 34816K, used 10161K [0x00000000c1a00000, 0x00000000c3c00000, 0x00000000eb380000)
  object space 34816K, 29% used [0x00000000c1a00000,0x00000000c23ec4c0,0x00000000c3c00000)
 Metaspace       used 33841K, capacity 35382K, committed 35456K, reserved 1079296K
  class space    used 4426K, capacity 4717K, committed 4736K, reserved 1048576K
Event: 4.778 GC heap after
Heap after GC invocations=10 (full 1):
 PSYoungGen      total 107008K, used 9204K [0x00000000eb380000, 0x00000000f4980000, 0x0000000100000000)
  eden space 97792K, 0% used [0x00000000eb380000,0x00000000eb380000,0x00000000f1300000)
  from space 9216K, 99% used [0x00000000f1300000,0x00000000f1bfd368,0x00000000f1c00000)
  to   space 12800K, 0% used [0x00000000f3d00000,0x00000000f3d00000,0x00000000f4980000)
 ParOldGen       total 34816K, used 15858K [0x00000000c1a00000, 0x00000000c3c00000, 0x00000000eb380000)
  object space 34816K, 45% used [0x00000000c1a00000,0x00000000c297caa8,0x00000000c3c00000)
 Metaspace       used 33841K, capacity 35382K, committed 35456K, reserved 1079296K
  class space    used 4426K, capacity 4717K, committed 4736K, reserved 1048576K
}
Event: 4.778 GC heap before
{Heap before GC invocations=11 (full 2):
 PSYoungGen      total 107008K, used 9204K [0x00000000eb380000, 0x00000000f4980000, 0x0000000100000000)
  eden space 97792K, 0% used [0x00000000eb380000,0x00000000eb380000,0x00000000f1300000)
  from space 9216K, 99% used [0x00000000f1300000,0x00000000f1bfd368,0x00000000f1c00000)
  to   space 12800K, 0% used [0x00000000f3d00000,0x00000000f3d00000,0x00000000f4980000)
 ParOldGen       total 34816K, used 15858K [0x00000000c1a00000, 0x00000000c3c00000, 0x00000000eb380000)
  object space 34816K, 45% used [0x00000000c1a00000,0x00000000c297caa8,0x00000000c3c00000)
 Metaspace       used 33841K, capacity 35382K, committed 35456K, reserved 1079296K
  class space    used 4426K, capacity 4717K, committed 4736K, reserved 1048576K
Event: 4.855 GC heap after
Heap after GC invocations=11 (full 2):
 PSYoungGen      total 107008K, used 0K [0x00000000eb380000, 0x00000000f4980000, 0x0000000100000000)
  eden space 97792K, 0% used [0x00000000eb380000,0x00000000eb380000,0x00000000f1300000)
  from space 9216K, 0% used [0x00000000f1300000,0x00000000f1300000,0x00000000f1c00000)
  to   space 12800K, 0% used [0x00000000f3d00000,0x00000000f3d00000,0x00000000f4980000)
 ParOldGen       total 59904K, used 19086K [0x00000000c1a00000, 0x00000000c5480000, 0x00000000eb380000)
  object space 59904K, 31% used [0x00000000c1a00000,0x00000000c2ca3b30,0x00000000c5480000)
 Metaspace       used 33841K, capacity 35382K, committed 35456K, reserved 1079296K
  class space    used 4426K, capacity 4717K, committed 4736K, reserved 1048576K
}
Event: 8.380 GC heap before
{Heap before GC invocations=12 (full 2):
 PSYoungGen      total 107008K, used 97792K [0x00000000eb380000, 0x00000000f4980000, 0x0000000100000000)
  eden space 97792K, 100% used [0x00000000eb380000,0x00000000f1300000,0x00000000f1300000)
  from space 9216K, 0% used [0x00000000f1300000,0x00000000f1300000,0x00000000f1c00000)
  to   space 12800K, 0% used [0x00000000f3d00000,0x00000000f3d00000,0x00000000f4980000)
 ParOldGen       total 59904K, used 19086K [0x00000000c1a00000, 0x00000000c5480000, 0x00000000eb380000)
  object space 59904K, 31% used [0x00000000c1a00000,0x00000000c2ca3b30,0x00000000c5480000)
 Metaspace       used 49151K, capacity 50822K, committed 51200K, reserved 1093632K
  class space    used 6773K, capacity 7081K, committed 7168K, reserved 1048576K
Event: 8.398 GC heap after
Heap after GC invocations=12 (full 2):
 PSYoungGen      total 136192K, used 12797K [0x00000000eb380000, 0x00000000f4b00000, 0x0000000100000000)
  eden space 123392K, 0% used [0x00000000eb380000,0x00000000eb380000,0x00000000f2c00000)
  from space 12800K, 99% used [0x00000000f3d00000,0x00000000f497f638,0x00000000f4980000)
  to   space 15872K, 0% used [0x00000000f2c00000,0x00000000f2c00000,0x00000000f3b80000)
 ParOldGen       total 59904K, used 22242K [0x00000000c1a00000, 0x00000000c5480000, 0x00000000eb380000)
  object space 59904K, 37% used [0x00000000c1a00000,0x00000000c2fb8810,0x00000000c5480000)
 Metaspace       used 49151K, capacity 50822K, committed 51200K, reserved 1093632K
  class space    used 6773K, capacity 7081K, committed 7168K, reserved 1048576K
}
Event: 19.228 GC heap before
{Heap before GC invocations=13 (full 2):
 PSYoungGen      total 136192K, used 110382K [0x00000000eb380000, 0x00000000f4b00000, 0x0000000100000000)
  eden space 123392K, 79% used [0x00000000eb380000,0x00000000f12cc5b0,0x00000000f2c00000)
  from space 12800K, 99% used [0x00000000f3d00000,0x00000000f497f638,0x00000000f4980000)
  to   space 15872K, 0% used [0x00000000f2c00000,0x00000000f2c00000,0x00000000f3b80000)
 ParOldGen       total 59904K, used 22242K [0x00000000c1a00000, 0x00000000c5480000, 0x00000000eb380000)
  object space 59904K, 37% used [0x00000000c1a00000,0x00000000c2fb8810,0x00000000c5480000)
 Metaspace       used 56443K, capacity 58944K, committed 59096K, reserved 1099776K
  class space    used 7778K, capacity 8208K, committed 8320K, reserved 1048576K
Event: 19.257 GC heap after
Heap after GC invocations=13 (full 2):
 PSYoungGen      total 139264K, used 10917K [0x00000000eb380000, 0x00000000f6700000, 0x0000000100000000)
  eden space 123392K, 0% used [0x00000000eb380000,0x00000000eb380000,0x00000000f2c00000)
  from space 15872K, 68% used [0x00000000f2c00000,0x00000000f36a9568,0x00000000f3b80000)
  to   space 16384K, 0% used [0x00000000f5700000,0x00000000f5700000,0x00000000f6700000)
 ParOldGen       total 59904K, used 26007K [0x00000000c1a00000, 0x00000000c5480000, 0x00000000eb380000)
  object space 59904K, 43% used [0x00000000c1a00000,0x00000000c3365ef0,0x00000000c5480000)
 Metaspace       used 56443K, capacity 58944K, committed 59096K, reserved 1099776K
  class space    used 7778K, capacity 8208K, committed 8320K, reserved 1048576K
}
Event: 19.257 GC heap before
{Heap before GC invocations=14 (full 3):
 PSYoungGen      total 139264K, used 10917K [0x00000000eb380000, 0x00000000f6700000, 0x0000000100000000)
  eden space 123392K, 0% used [0x00000000eb380000,0x00000000eb380000,0x00000000f2c00000)
  from space 15872K, 68% used [0x00000000f2c00000,0x00000000f36a9568,0x00000000f3b80000)
  to   space 16384K, 0% used [0x00000000f5700000,0x00000000f5700000,0x00000000f6700000)
 ParOldGen       total 59904K, used 26007K [0x00000000c1a00000, 0x00000000c5480000, 0x00000000eb380000)
  object space 59904K, 43% used [0x00000000c1a00000,0x00000000c3365ef0,0x00000000c5480000)
 Metaspace       used 56443K, capacity 58944K, committed 59096K, reserved 1099776K
  class space    used 7778K, capacity 8208K, committed 8320K, reserved 1048576K
Event: 19.448 GC heap after
Heap after GC invocations=14 (full 3):
 PSYoungGen      total 139264K, used 0K [0x00000000eb380000, 0x00000000f6700000, 0x0000000100000000)
  eden space 123392K, 0% used [0x00000000eb380000,0x00000000eb380000,0x00000000f2c00000)
  from space 15872K, 0% used [0x00000000f2c00000,0x00000000f2c00000,0x00000000f3b80000)
  to   space 16384K, 0% used [0x00000000f5700000,0x00000000f5700000,0x00000000f6700000)
 ParOldGen       total 84480K, used 29709K [0x00000000c1a00000, 0x00000000c6c80000, 0x00000000eb380000)
  object space 84480K, 35% used [0x00000000c1a00000,0x00000000c3703658,0x00000000c6c80000)
 Metaspace       used 56443K, capacity 58944K, committed 59096K, reserved 1099776K
  class space    used 7778K, capacity 8208K, committed 8320K, reserved 1048576K
}

Deoptimization events (10 events):
Event: 22.330 Thread 0x0000000014df2000 Uncommon trap: reason=unstable_if action=reinterpret pc=0x000000000333ba6c method=java.util.StringTokenizer.scanToken(I)I @ 96
Event: 22.372 Thread 0x0000000014df2000 Uncommon trap: reason=bimorphic action=maybe_recompile pc=0x0000000003417c64 method=java.util.Hashtable.addEntry(ILjava/lang/Object;Ljava/lang/Object;I)V @ 38
Event: 22.372 Thread 0x0000000014df2000 Uncommon trap: reason=bimorphic action=maybe_recompile pc=0x0000000003417c64 method=java.util.Hashtable.addEntry(ILjava/lang/Object;Ljava/lang/Object;I)V @ 38
Event: 22.372 Thread 0x0000000014df2000 Uncommon trap: reason=bimorphic action=maybe_recompile pc=0x0000000003417c64 method=java.util.Hashtable.addEntry(ILjava/lang/Object;Ljava/lang/Object;I)V @ 38
Event: 22.374 Thread 0x0000000014df2000 Uncommon trap: reason=bimorphic action=maybe_recompile pc=0x00000000032d8ac8 method=java.util.Hashtable.get(Ljava/lang/Object;)Ljava/lang/Object; @ 45
Event: 22.376 Thread 0x0000000014df2000 Uncommon trap: reason=bimorphic action=maybe_recompile pc=0x00000000032d8ac8 method=java.util.Hashtable.get(Ljava/lang/Object;)Ljava/lang/Object; @ 45
Event: 22.378 Thread 0x0000000014df2000 Uncommon trap: reason=unstable_if action=reinterpret pc=0x000000000291d440 method=java.lang.CharacterData.of(I)Ljava/lang/CharacterData; @ 4
Event: 22.383 Thread 0x0000000014df2000 Uncommon trap: reason=unstable_if action=reinterpret pc=0x0000000002a0e758 method=java.util.regex.Pattern$BmpCharProperty.match(Ljava/util/regex/Matcher;ILjava/lang/CharSequence;)Z @ 34
Event: 22.827 Thread 0x0000000014df2000 Uncommon trap: reason=unstable_if action=reinterpret pc=0x0000000003504214 method=org.postgresql.core.UTF8Encoding.decode([BII)Ljava/lang/String; @ 59
Event: 22.940 Thread 0x0000000014df2000 Uncommon trap: reason=unstable_if action=reinterpret pc=0x00000000034dfb8c method=java.lang.Integer.toString(I)Ljava/lang/String; @ 3

Internal exceptions (10 events):
Event: 18.479 Thread 0x0000000002644800 Exception <a 'java/lang/ClassNotFoundException': org/springframework/beans/factory/AwareCustomizer> (0x00000000eeb3a510) thrown at [C:\re\workspace\8-2-build-windows-amd64-cygwin\jdk8u66\5298\hotspot\src\share\vm\classfile\systemDictionary.cpp, line 210]
Event: 18.686 Thread 0x0000000002644800 Exception <a 'java/lang/ClassNotFoundException': java/lang/ObjectCustomizer> (0x00000000ef887328) thrown at [C:\re\workspace\8-2-build-windows-amd64-cygwin\jdk8u66\5298\hotspot\src\share\vm\classfile\systemDictionary.cpp, line 210]
Event: 18.687 Thread 0x0000000002644800 Exception <a 'java/lang/ClassNotFoundException': br/com/db1/pedidos/pedidos/api/domain/entity/PedidoItemCustomizer> (0x00000000ef89dd38) thrown at [C:\re\workspace\8-2-build-windows-amd64-cygwin\jdk8u66\5298\hotspot\src\share\vm\classfile\systemDictionary.·	n(ß²2@
Event: 18.699 Thread 0x0000000002644800 Exception <a 'java/lang/ClassNotFoundException': java/lang/ObjectCustomizer> (0x00000000ef8f1288) thrown at [C:\re\workspace\8-2-build-windows-amd64-cygwin\jdk8u66\5298\hotspot\src\share\vm\classfile\systemDictionary.cpp, line 210]
Event: 18.700 Thread 0x0000000002644800 Exception <a 'java/lang/ClassNotFoundException': br/com/db1/pedidos/pedidos/api/domain/entity/PedidoCustomizer> (0x00000000ef907400) thrown at [C:\re\workspace\8-2-build-windows-amd64-cygwin\jdk8u66\5298\hotspot\src\share\vm\classfile\systemDictionary.cpp,
Event: 18.705 Thread 0x0000000002644800 Exception <a 'java/lang/ClassNotFoundException': java/lang/ObjectCustomizer> (0x00000000ef942a90) thrown at [C:\re\workspace\8-2-build-windows-amd64-cygwin\jdk8u66\5298\hotspot\src\share\vm\classfile\systemDictionary.cpp, line 210]
Event: 18.706 Thread 0x0000000002644800 Exception <a 'java/lang/ClassNotFoundException': br/com/db1/pedidos/pedidos/api/domain/entity/HistoricoCustomizer> (0x00000000ef959478) thrown at [C:\re\workspace\8-2-build-windows-amd64-cygwin\jdk8u66\5298\hotspot\src\share\vm\classfile\systemDictionary.cseòõnº2@
Event: 18.728 Thread 0x0000000002644800 Exception <a 'java/lang/reflect/InvocationTargetException'> (0x00000000ef9de5e8) thrown at [C:\re\workspace\8-2-build-windows-amd64-cygwin\jdk8u66\5298\hotspot\src\share\vm\runtime\reflection.cpp, line 1092]
Event: 18.748 Thread 0x0000000002644800 Exception <a 'java/lang/reflect/InvocationTargetException'> (0x00000000efaa69c8) thrown at [C:\re\workspace\8-2-build-windows-amd64-cygwin\jdk8u66\5298\hotspot\src\share\vm\runtime\reflection.cpp, line 1092]
Event: 18.770 Thread 0x0000000002644800 Exception <a 'java/lang/reflect/InvocationTargetException'> (0x00000000efbace80) thrown at [C:\re\workspace\8-2-build-windows-amd64-cygwin\jdk8u66\5298\hotspot\src\share\vm\runtime\reflection.cpp, line 1092]

Events (10 events):
Event: 22.945 Executing VM operation: RevokeBias
Event: 22.945 Executing VM operation: RevokeBias done
Event: 22.946 loading class org/springframework/web/context/request/WebRequest
Event: 22.946 loading class org/springframework/web/context/request/WebRequest done
Event: 22.946 loading class org/springframework/web/method/annotation/SessionAttributesHandler
Event: 22.946 loading class org/springframework/web/method/annotation/SessionAttributesHandler done
Event: 22.947 loading class org/hibernate/engine/internal/EntityEntryContext$EntityEntryCrossRefImpl
Event: 22.947 loading class org/hibernate/engine/internal/EntityEntryContext$EntityEntryCrossRefImpl done
Event: 22.947 loading class org/hibernate/engine/internal/EntityEntryContext$EntityEntryCrossRef
Event: 22.947 loading class org/hibernate/engine/internal/EntityEntryContext$EntityEntryCrossRef done


Dynamic libraries:
0x00007ff7b4130000 - 0x00007ff7b4167000 	C:\Program Files\Java\jre1.8.0_66\bin\javaw.exe
0x00007ffafaa10000 - 0x00007ffafabf1000 	C:\WINDOWS\SYSTEM32\ntdll.dll
0x00007ffaf90b0000 - 0x00007ffaf9162000 	C:\WINDOWS\System32\KERNEL32.DLL
0x00007ffaf7460000 - 0x00007ffaf76d3000 	C:\WINDOWS\System32\KERNELBASE.dll
0x00007ffaf8170000 - 0x00007ffaf8211000 	C:\WINDOWS\System32\ADVAPI32.dll
0x00007ffafa8e0000 - 0x00007ffafa97e000 	C:\WINDOWS\System32\msvcrt.dll
0x00007ffaf85c0000 - 0x00007ffaf861b000 	C:\WINDOWS\System32\sechost.dll
0x00007ffaf8aa0000 - 0x00007ffaf8bc4000 	C:\WINDOWS\System32\RPCRT4.dll
0x00007ffaf7ea0000 - 0x00007ffaf8030000 	C:\WINDOWS\System32\USER32.dll
0x00007ffaf6fd0000 - 0x00007ffaf6ff0000 	C:\WINDOWS\System32\win32u.dll
0x00007ffaf80e0000 - 0x00007ffaf8108000 	C:\WINDOWS\System32\GDI32.dll
0x00007ffaf7140000 - 0x00007ffaf72d2000 	C:\WINDOWS\System32\gdi32full.dll
0x00007ffaf70a0000 - 0x00007ffaf713f000 	C:\WINDOWS\System32\msvcp_win.dll
0x00007ffaf7360000 - 0x00007ffaf7458000 	C:\WINDOWS\System32\ucrtbase.dll
0x00007ffaec2f0000 - 0x00007ffaec559000 	C:\WINDOWS\WinSxS\amd64_microsoft.windows.common-controls_6595b64144ccf1df_6.0.17134.648_none_fb45a0e93062a6d2\COMCTL32.dll
0x00007ffafa5b0000 - 0x00007ffafa8d2000 	C:\WINDOWS\System32\combase.dll
0x00007ffaf72e0000 - 0x00007ffaf735a000 	C:\WINDOWS\System32\bcryptPrimitives.dll
0x00007ffaf8590000 - 0x00007ffaf85bd000 	C:\WINDOWS\System32\IMM32.DLL
0x0000000069160000 - 0x0000000069232000 	C:\Program Files\Java\jre1.8.0_66\bin\msvcr100.dll
0x0000000069310000 - 0x0000000069b99000 	C:\Program Files\Java\jre1.8.0_66\bin\server\jvm.dll
0x00007ffaf90a0000 - 0x00007ffaf90a8000 	C:\WINDOWS\System32\PSAPI.DLL
0x00007ffaf4600000 - 0x00007ffaf4623000 	C:\WINDOWS\SYSTEM32\WINMM.dll
0x00007ffae8680000 - 0x00007ffae8689000 	C:\WINDOWS\SYSTEM32\WSOCK32.dll
0x00007ffaec120000 - 0x00007ffaec12a000 	C:\WINDOWS\SYSTEM32\VERSION.dll
0x00007ffaf87d0000 - 0x00007ffaf883c000 	C:\WINDOWS\System32\WS2_32.dll
0x00007ffaf45d0000 - 0x00007ffaf45fa000 	C:\WINDOWS\SYSTEM32\WINMMBASE.dll
0x00007ffaf7050000 - 0x00007ffaf7099000 	C:\WINDOWS\System32\cfgmgr32.dll
0x0000000069300000 - 0x000000006930f000 	C:\Program Files\Java\jre1.8.0_66\bin\verify.dll
0x00000000692d0000 - 0x00000000692f9000 	C:\Program Files\Java\jre1.8.0_66\bin\java.dll
0x00000000692b0000 - 0x00000000692c6000 	C:\Program Files\Java\jre1.8.0_66\bin\zip.dll
0x00007ffaf9170000 - 0x00007ffafa5b0000 	C:\WINDOWS\System32\SHELL32.dll
0x00007ffaf8030000 - 0x00007ffaf80d9000 	C:\WINDOWS\System32\shcore.dll
0x00007ffaf7790000 - 0x00007ffaf7e9d000 	C:\WINDOWS\System32\windows.storage.dll
0x00007ffaf8310000 - 0x00007ffaf8361000 	C:\WINDOWS\System32\shlwapi.dll
0x00007ffaf6d50000 - 0x00007ffaf6d61000 	C:\WINDOWS\System32\kernel.appcore.dll
0x00007ffaf6d30000 - 0x00007ffaf6d4f000 	C:\WINDOWS\System32\profapi.dll
0x00007ffaf6d90000 - 0x00007ffaf6ddc000 	C:\WINDOWS\System32\powrprof.dll
0x00007ffaf6d20000 - 0x00007ffaf6d2a000 	C:\WINDOWS\System32\FLTLIB.DLL
0x0000000069150000 - 0x000000006915d000 	C:\Program Files\Java\jre1.8.0_66\bin\management.dll
0x0000000069290000 - 0x00000000692aa000 	C:\Program Files\Java\jre1.8.0_66\bin\net.dll
0x00007ffaf6540000 - 0x00007ffaf65a6000 	C:\WINDOWS\system32\mswsock.dll
0x00007ffaec2d0000 - 0x00007ffaec2e6000 	C:\WINDOWS\system32\napinsp.dll
0x00007ffaec2b0000 - 0x00007ffaec2ca000 	C:\WINDOWS\system32\pnrpnsp.dll
0x00007ffaf3520000 - 0x00007ffaf3539000 	C:\WINDOWS\system32\NLAapi.dll
0x00007ffaf6300000 - 0x00007ffaf63be000 	C:\WINDOWS\SYSTEM32\DNSAPI.dll
0x00007ffaf8620000 - 0x00007ffaf8628000 	C:\WINDOWS\System32\NSI.dll
0x00007ffaf62c0000 - 0x00007ffaf62f8000 	C:\WINDOWS\SYSTEM32\IPHLPAPI.DLL
0x00007ffaed5d0000 - 0x00007ffaed5de000 	C:\WINDOWS\System32\winrnr.dll
0x00007ffaeda60000 - 0x00007ffaeda6a000 	C:\Windows\System32\rasadhlp.dll
0x00007ffaede50000 - 0x00007ffaedec2000 	C:\WINDOWS\System32\fwpuclnt.dll
0x00007ffaf6880000 - 0x00007ffaf68a5000 	C:\WINDOWS\SYSTEM32\bcrypt.dll
0x0000000069270000 - 0x0000000069281000 	C:\Program Files\Java\jre1.8.0_66\bin\nio.dll
0x00007ffaf6750000 - 0x00007ffaf6767000 	C:\WINDOWS\SYSTEM32\CRYPTSP.dll
0x00007ffaf6120000 - 0x00007ffaf6153000 	C:\WINDOWS\system32\rsaenh.dll
0x00007ffaf6c20000 - 0x00007ffaf6c48000 	C:\WINDOWS\SYSTEM32\USERENV.dll
0x00007ffaf6770000 - 0x00007ffaf677b000 	C:\WINDOWS\SYSTEM32\CRYPTBASE.dll
0x00007ffaef9b0000 - 0x00007ffaef9c6000 	C:\WINDOWS\SYSTEM32\dhcpcsvc6.DLL
0x00007ffaef990000 - 0x00007ffaef9aa000 	C:\WINDOWS\SYSTEM32\dhcpcsvc.DLL
0x0000000069240000 - 0x0000000069264000 	C:\Program Files\Java\jre1.8.0_66\bin\sunec.dll

VM Arguments:
jvm_args: -Dfile.encoding=UTF-8 
java_command: br.com.db1.pedidos.pedidos.api.Application
java_class_path (initial): D:\DB1\Db1StartJava2\pedidos.api\target\classes;C:\Users\Aluno.DESKTOP-3ASBCDM\.m2\repository\org\postgresql\postgresql\42.2.5\postgresql-42.2.5.jar;C:\Users\Aluno.DESKTOP-3ASBCDM\.m2\repository\org\springframework\boot\spring-boot-starter-data-jpa\2.1.3.RELEASE\spring-boot-starter-data-jpa-2.1.3.RELEASE.jar;C:\Users\Aluno.DESKTOP-3ASBCDM\.m2\repository\org\springframework\boot\spring-boot-starter-aop\2.1.3.RELEASE\spring-boot-starter-aop-2.1.3.RELEASE.jar;C:\Users\Aluno.DESKTOP-3ASBCDM\.m2\repository\org\springframework\spring-aop\5.1.5.RELEASE\spring-aop-5.1.5.RELEASE.jar;C:\Users\Aluno.DESKTOP-3ASBCDM\.m2\repository\org\aspectj\aspectjweaver\1.9.2\aspectjweaver-1.9.2.jar;C:\Users\Aluno.DESKTOP-3ASBCDM\.m2\repository\org\springframework\boot\spring-boot-starter-jdbc\2.1.3.RELEASE\spring-boot-starter-jdbc-2.1.3.RELEASE.jar;C:\Users\Aluno.DESKTOP-3ASBCDM\.m2\repository\com\zaxxer\HikariCP\3.2.0\HikariCP-3.2.0.jar;C:\Users\Aluno.DESKTOP-3ASBCDM\.m2\repository\org\springframework\spring-jdbc\5.1.5.RELEASE\spring-jdbc-5.1.5.RELEASE.jar;C:\Users\Aluno.DESKTOP-3ASBCDM\.m2\repository\javax\transaction\javax.transaction-api\1.3\javax.transaction-api-1.3.jar;C:\Users\Aluno.DESKTOP-3ASBCDM\.m2\repository\javax\xml\bind\jaxb-api\2.3.1\jaxb-api-2.3.1.jar;C:\Users\Aluno.DESKTOP-3ASBCDM\.m2\repository\javax\activation\javax.activation-api\1.2.0\javax.activation-api-1.2.0.jar;C:\Users\Aluno.DESKTOP-3ASBCDM\.m2\repository\org\hibernate\hibernate-core\5.3.7.Final\hibernate-core-5.3.7.Final.jar;C:\Users\Aluno.DESKTOP-3ASBCDM\.m2\repository\org\jboss\logging\jboss-logging\3.3.2.Final\jboss-logging-3.3.2.Final.jar;C:\Users\Aluno.DESKTOP-3ASBCDM\.m2\repository\javax\persistence\javax.persistence-api\2.2\javax.persistence-api-2.2.jar;C:\Users\Aluno.DESKTOP-3ASBCDM\.m2\repository\org\javassist\javassist\3.23.1-GA\javassist-3.23.1-GA.jar;C:\Users\Aluno.DESKTOP-3ASBCDM\.m2\repository\net\bytebuddy\byte-buddy\1.9.10\byte-buddy-1.9.10.jar;C:\Users\Aluno.DESKTOP-3
Launcher Type: SUN_STANDARD

Environment Variables:
PATH=C:/Program Files/Java/jre1.8.0_66/bin/server;C:/Program Files/Java/jre1.8.0_66/bin;C:/Program Files/Java/jre1.8.0_66/lib/amd64;C:\ProgramData\Oracle\Java\javapath;C:\WINDOWS\system32;C:\WINDOWS;C:\WINDOWS\System32\Wbem;C:\WINDOWS\System32\WindowsPowerShell\v1.0\;C:\Program Files (x86)\MySQL\MySQL Fabric 1.5 & MySQL Utilities 1.5\;C:\Program Files (x86)\MySQL\MySQL Fabric 1.5 & MySQL Utilities 1.5\Doctrine extensions for PHP\;C:\WINDOWS\system32\config\systemprofile\.dnx\bin;C:\Program Files\Microsoft DNX\Dnvm\;C:\cygwin64;C:\Program Files\Microsoft SQL Server\Client SDK\ODBC\110\Tools\Binn\;C:\Program Files (x86)\Microsoft SQL Server\120\Tools\Binn\;C:\Program Files\Microsoft SQL Server\120\Tools\Binn\;C:\Program Files\Microsoft SQL Server\120\DTS\Binn\;C:\Program Files (x86)\Microsoft SQL Server\120\Tools\Binn\ManagementStudio\;C:\Program Files (x86)\Microsoft SQL Server\120\DTS\Binn\;C:\Program Files (x86)\Shield;C:\WINDOWS\System32\OpenSSH\;C:\Users\Aluno.DESKTOP-3ASBCDM\AppData\Local\Microsoft\WindowsApps;;C:\Users\Aluno.DESKTOP-3ASBCDM\Desktop;
USERNAME=Aluno
OS=Windows_NT
PROCESSOR_IDENTIFIER=Intel64 Family 6 Model 58 Stepping 9, GenuineIntel



---------------  S Y S T E M  ---------------

OS: Windows 10.0 , 64 bit Build 17134 (10.0.17134.648)

CPU:total 4 (2 cores per cpu, 2 threads per core) family 6 model 58 stepping 9, cmov, cx8, fxsr, mmx, sse, sse2, sse3, ssse3, sse4.1, sse4.2, popcnt, avx, clmul, erms, ht, tsc, tscinvbit, tscinv

Memory: 4k page, physical 4087612k(491552k free), swap 4087612k(3084k free)

vm_info: Java HotSpot(TM) 64-Bit Server VM (25.66-b18) for windows-amd64 JRE (1.8.0_66-b18), built on Nov  9 2015 10:51:13 by "java_re" with MS VC++ 10.0 (VS2010)

time: Tue Apr 09 16:19:49 2019
elapsed time: 23 seconds (0d 0h 0m 23s)

