#
# There is insufficient memory for the Java Runtime Environment to continue.
# Native memory allocation (malloc) failed to allocate 1313136 bytes for Chunk::new
# Possible reasons:
#   The system is out of physical RAM or swap space
#   In 32 bit mode, the process size limit was hit
# Possible solutions:
#   Reduce memory load on the system
#   Increase physical memory or swap space
#   Check if swap backing store is full
#   Use 64 bit Java on a 64 bit OS
#   Decrease Java heap size (-Xmx/-Xms)
#   Decrease number of Java threads
#   Decrease Java thread stack sizes (-Xss)
#   Set larger code cache with -XX:ReservedCodeCacheSize=
# This output file may be truncated or incomplete.
#
#  Out of Memory Error (allocation.cpp:390), pid=372, tid=4088
#
# JRE version: Java(TM) SE Runtime Environment (8.0_66-b18) (build 1.8.0_66-b18)
# Java VM: Java HotSpot(TM) 64-Bit Server VM (25.66-b18 mixed mode windows-amd64 compressed oops)
# Failed to write core dump. Minidumps are not enabled by default on client versions of Windows
#

---------------  T H R E A D  ---------------

Current thread (0x00000000155e9000):  JavaThread "C2 CompilerThread1" daemon [_thread_in_native, id=4088, stack(0x0000000016d60000,0x0000000016e60000)]

Stack: [0x0000000016d60000,0x0000000016e60000]
[error occurred during error reporting (printing stack bounds), id 0xc0000005]

Native frames: (J=compiled Java code, j=interpreted, Vv=VM code, C=native code)


Current CompileTask:
C2:  18994 4978   !   4       org.springframework.core.annotation.AnnotationUtils::findAnnotation (171 bytes)


---------------  P R O C E S S  ---------------

Java Threads: ( => current thread )
  0x0000000018204000 JavaThread "HikariPool-1 connection adder" daemon [_thread_blocked, id=7704, stack(0x000000001f290000,0x000000001f390000)]
  0x000000001aaa5800 JavaThread "HikariPool-1 housekeeper" daemon [_thread_blocked, id=8980, stack(0x000000001f190000,0x000000001f290000)]
  0x000000001a674000 JavaThread "PostgreSQL-JDBC-SharedTimer-1" daemon [_thread_blocked, id=4248, stack(0x000000001f090000,0x000000001f190000)]
  0x000000001a2d7800 JavaThread "container-0" [_thread_blocked, id=9404, stack(0x000000001c880000,0x000000001c980000)]
  0x000000001cce8000 JavaThread "Catalina-utility-2" [_thread_blocked, id=2496, stack(0x000000001c780000,0x000000001c880000)]
  0x000000001bc46000 JavaThread "Catalina-utility-1" [_thread_blocked, id=7680, stack(0x000000001c470000,0x000000001c570000)]
  0x000000001563e800 JavaThread "Service Thread" daemon [_thread_blocked, id=10060, stack(0x0000000017360000,0x0000000017460000)]
  0x000000001560d800 JavaThread "C1 CompilerThread2" daemon [_thread_in_vm, id=588, stack(0x0000000016e60000,0x0000000016f60000)]
=>0x00000000155e9000 JavaThread "C2 CompilerThread1" daemon [_thread_in_native, id=4088, stack(0x0000000016d60000,0x0000000016e60000)]
  0x00000000155e3000 JavaThread "C2 CompilerThread0" daemon [_thread_in_native, id=5776, stack(0x0000000016c60000,0x0000000016d60000)]
  0x00000000155e1800 JavaThread "Attach Listener" daemon [_thread_blocked, id=7484, stack(0x0000000016b60000,0x0000000016c60000)]
  0x00000000155e0000 JavaThread "Signal Dispatcher" daemon [_thread_blocked, id=5332, stack(0x0000000016a60000,0x0000000016b60000)]
  0x0000000002f09800 JavaThread "Finalizer" daemon [_thread_blocked, id=8008, stack(0x0000000016850000,0x0000000016950000)]
  0x0000000002f01800 JavaThread "Reference Handler" daemon [_thread_blocked, id=9252, stack(0x0000000016750000,0x0000000016850000)]
  0x0000000002e14800 JavaThread "main" [_thread_in_Java, id=7660, stack(0x0000000002c80000,0x0000000002d80000)]

Other Threads:
  0x00000000155a7000 VMThread [stack: 0x0000000016650000,0x0000000016750000] [id=1132]
  0x0000000016fa0800 WatcherThread [stack: 0x0000000017460000,0x0000000017560000] [id=4588]

VM state:not at safepoint (normal execution)

VM Mutex/Monitor currently owned by a thread:  ([mutex/lock_event])
[0x0000000002e12d60] CompiledIC_lock - owner thread: 0x0000000000000000

Heap:
 PSYoungGen      total 138752K, used 4376K [0x00000000eb380000, 0x00000000f4a80000, 0x0000000100000000)
  eden space 122880K, 3% used [0x00000000eb380000,0x00000000eb7c63c0,0x00000000f2b80000)
  from space 15872K, 0% used [0x00000000f2b80000,0x00000000f2b80000,0x00000000f3b00000)
  to   space 12800K, 0% used [0x00000000f3b80000,0x00000000f3b80000,0x00000000f4800000)
 ParOldGen       total 84480K, used 29751K [0x00000000c1a00000, 0x00000000c6c80000, 0x00000000eb380000)
  object space 84480K, 35% used [0x00000000c1a00000,0x00000000c370dd58,0x00000000c6c80000)
 Metaspace       used 56488K, capacity 59105K, committed 59352K, reserved 1099776K
  class space    used 7799K, capacity 8251K, committed 8320K, reserved 1048576K

Card table byte_map: [0x00000000123c0000,0x00000000125c0000] byte_map_base: 0x0000000011db3000

Marking Bits: (ParMarkBitMap*) 0x0000000069b1a5b0
 Begin Bits: [0x0000000012b10000, 0x0000000013aa8000)
 End Bits:   [0x0000000013aa8000, 0x0000000014a40000)

Polling page: 0x0000000000be0000

CodeCache: size=245760Kb used=14974Kb max_used=15369Kb free=230785Kb
 bounds [0x0000000003000000, 0x0000000003f10000, 0x0000000012000000]
 total_blobs=4971 nmethods=4444 adapters=438
 compilation: enabled

Compilation events (10 events):
Event: 18.951 Thread 0x000000001560d800 5018       2       org.springframework.aop.framework.AbstractAdvisingBeanPostProcessor::isEligible (9 bytes)
Event: 18.951 Thread 0x000000001560d800 nmethod 5018 0x000000000315d850 code [0x000000000315d9c0, 0x000000000315db48]
Event: 18.967 Thread 0x000000001560d800 5019       2       org.springframework.core.MethodClassKey::compareTo (78 bytes)
Event: 18.968 Thread 0x000000001560d800 nmethod 5019 0x00000000031dd090 code [0x00000000031dd260, 0x00000000031dd6a8]
Event: 18.970 Thread 0x000000001560d800 5021       2       java.lang.ThreadLocal$ThreadLocalMap::remove (68 bytes)
Event: 18.970 Thread 0x000000001560d800 nmethod 5021 0x000000000323db50 code [0x000000000323dcc0, 0x000000000323df28]
Event: 18.971 Thread 0x000000001560d800 5022       2       org.springframework.beans.factory.support.AbstractAutowireCapableBeanFactory::resolveBeforeInstantiation (83 bytes)
Event: 18.972 Thread 0x000000001560d800 nmethod 5022 0x000000000317d110 code [0x000000000317d2a0, 0x000000000317d648]
Event: 18.973 Thread 0x000000001560d800 5023       2       java.security.CodeSource::getCertificates (98 bytes)
Event: 18.974 Thread 0x000000001560d800 nmethod 5023 0x000000000319dd90 code [0x000000000319df40, 0x000000000319e3c8]

GC Heap History (10 events):
Event: 4.617 GC heap before
{Heap before GC invocations=10 (full 1):
 PSYoungGen      total 103936K, used 88243K [0x00000000eb380000, 0x00000000f2480000, 0x0000000100000000)
  eden space 96768K, 83% used [0x00000000eb380000,0x00000000f02ada20,0x00000000f1200000)
  from space 7168K, 99% used [0x00000000f1b00000,0x00000000f21ff580,0x00000000f2200000)
  to   space 9216K, 0% used [0x00000000f1200000,0x00000000f1200000,0x00000000f1b00000)
 ParOldGen       total 35328K, used 10095K [0x00000000c1a00000, 0x00000000c3c80000, 0x00000000eb380000)
  object space 35328K, 28% used [0x00000000c1a00000,0x00000000c23dbe98,0x00000000c3c80000)
 Metaspace       used 33849K, capacity 35378K, committed 35456K, reserved 1079296K
  class space    used 4430K, capacity 4717K, committed 4736K, reserved 1048576K
Event: 4.639 GC heap after
Heap after GC invocations=10 (full 1):
 PSYoungGen      total 105984K, used 9184K [0x00000000eb380000, 0x00000000f4800000, 0x0000000100000000)
  eden space 96768K, 0% used [0x00000000eb380000,0x00000000eb380000,0x00000000f1200000)
  from space 9216K, 99% used [0x00000000f1200000,0x00000000f1af8358,0x00000000f1b00000)
  to   space 12800K, 0% used [0x00000000f3b80000,0x00000000f3b80000,0x00000000f4800000)
 ParOldGen       total 35328K, used 15915K [0x00000000c1a00000, 0x00000000c3c80000, 0x00000000eb380000)
  object space 35328K, 45% used [0x00000000c1a00000,0x00000000c298af88,0x00000000c3c80000)
 Metaspace       used 33849K, capacity 35378K, committed 35456K, reserved 1079296K
  class space    used 4430K, capacity 4717K, committed 4736K, reserved 1048576K
}
Event: 4.639 GC heap before
{Heap before GC invocations=11 (full 2):
 PSYoungGen      total 105984K, used 9184K [0x00000000eb380000, 0x00000000f4800000, 0x0000000100000000)
  eden space 96768K, 0% used [0x00000000eb380000,0x00000000eb380000,0x00000000f1200000)
  from space 9216K, 99% used [0x00000000f1200000,0x00000000f1af8358,0x00000000f1b00000)
  to   space 12800K, 0% used [0x00000000f3b80000,0x00000000f3b80000,0x00000000f4800000)
 ParOldGen       total 35328K, used 15915K [0x00000000c1a00000, 0x00000000c3c80000, 0x00000000eb380000)
  object space 35328K, 45% used [0x00000000c1a00000,0x00000000c298af88,0x00000000c3c80000)
 Metaspace       used 33849K, capacity 35378K, committed 35456K, reserved 1079296K
  class space    used 4430K, capacity 4717K, committed 4736K, reserved 1048576K
Event: 4.709 GC heap after
Heap after GC invocations=11 (full 2):
 PSYoungGen      total 105984K, used 0K [0x00000000eb380000, 0x00000000f4800000, 0x0000000100000000)
  eden space 96768K, 0% used [0x00000000eb380000,0x00000000eb380000,0x00000000f1200000)
  from space 9216K, 0% used [0x00000000f1200000,0x00000000f1200000,0x00000000f1b00000)
  to   space 12800K, 0% used [0x00000000f3b80000,0x00000000f3b80000,0x00000000f4800000)
 ParOldGen       total 60928K, used 19078K [0x00000000c1a00000, 0x00000000c5580000, 0x00000000eb380000)
  object space 60928K, 31% used [0x00000000c1a00000,0x00000000c2ca1b20,0x00000000c5580000)
 Metaspace       used 33849K, capacity 35378K, committed 35456K, reserved 1079296K
  class space    used 4430K, capacity 4717K, committed 4736K, reserved 1048576K
}
Event: 7.885 GC heap before
{Heap before GC invocations=12 (full 2):
 PSYoungGen      total 105984K, used 96768K [0x00000000eb380000, 0x00000000f4800000, 0x0000000100000000)
  eden space 96768K, 100% used [0x00000000eb380000,0x00000000f1200000,0x00000000f1200000)
  from space 9216K, 0% used [0x00000000f1200000,0x00000000f1200000,0x00000000f1b00000)
  to   space 12800K, 0% used [0x00000000f3b80000,0x00000000f3b80000,0x00000000f4800000)
 ParOldGen       total 60928K, used 19078K [0x00000000c1a00000, 0x00000000c5580000, 0x00000000eb380000)
  object space 60928K, 31% used [0x00000000c1a00000,0x00000000c2ca1b20,0x00000000c5580000)
 Metaspace       used 49011K, capacity 50654K, committed 51200K, reserved 1093632K
  class space    used 6758K, capacity 7075K, committed 7168K, reserved 1048576K
Event: 7.904 GC heap after
Heap after GC invocations=12 (full 2):
 PSYoungGen      total 135680K, used 12772K [0x00000000eb380000, 0x00000000f4a80000, 0x0000000100000000)
  eden space 122880K, 0% used [0x00000000eb380000,0x00000000eb380000,0x00000000f2b80000)
  from space 12800K, 99% used [0x00000000f3b80000,0x00000000f47f9270,0x00000000f4800000)
  to   space 15872K, 0% used [0x00000000f2b80000,0x00000000f2b80000,0x00000000f3b00000)
 ParOldGen       total 60928K, used 22178K [0x00000000c1a00000, 0x00000000c5580000, 0x00000000eb380000)
  object space 60928K, 36% used [0x00000000c1a00000,0x00000000c2fa8950,0x00000000c5580000)
 Metaspace       used 49011K, capacity 50654K, committed 51200K, reserved 1093632K
  class space    used 6758K, capacity 7075K, committed 7168K, reserved 1048576K
}
Event: 18.778 GC heap before
{Heap before GC invocations=13 (full 2):
 PSYoungGen      total 135680K, used 112505K [0x00000000eb380000, 0x00000000f4a80000, 0x0000000100000000)
  eden space 122880K, 81% used [0x00000000eb380000,0x00000000f14e5190,0x00000000f2b80000)
  from space 12800K, 99% used [0x00000000f3b80000,0x00000000f47f9270,0x00000000f4800000)
  to   space 15872K, 0% used [0x00000000f2b80000,0x00000000f2b80000,0x00000000f3b00000)
 ParOldGen       total 60928K, used 22178K [0x00000000c1a00000, 0x00000000c5580000, 0x00000000eb380000)
  object space 60928K, 36% used [0x00000000c1a00000,0x00000000c2fa8950,0x00000000c5580000)
 Metaspace       used 56440K, capacity 58993K, committed 59096K, reserved 1099776K
  class space    used 7781K, capacity 8217K, committed 8320K, reserved 1048576K
Event: 18.801 GC heap after
Heap after GC invocations=13 (full 2):
 PSYoungGen      total 138752K, used 10963K [0x00000000eb380000, 0x00000000f4a80000, 0x0000000100000000)
  eden space 122880K, 0% used [0x00000000eb380000,0x00000000eb380000,0x00000000f2b80000)
  from space 15872K, 69% used [0x00000000f2b80000,0x00000000f3634dc8,0x00000000f3b00000)
  to   space 12800K, 0% used [0x00000000f3b80000,0x00000000f3b80000,0x00000000f4800000)
 ParOldGen       total 60928K, used 25867K [0x00000000c1a00000, 0x00000000c5580000, 0x00000000eb380000)
  object space 60928K, 42% used [0x00000000c1a00000,0x00000000c3342c00,0x00000000c5580000)
 Metaspace       used 56440K, capacity 58993K, committed 59096K, reserved 1099776K
  class space    used 7781K, capacity 8217K, committed 8320K, reserved 1048576K
}
Event: 18.801 GC heap before
{Heap before GC invocations=14 (full 3):
 PSYoungGen      total 138752K, used 10963K [0x00000000eb380000, 0x00000000f4a80000, 0x0000000100000000)
  eden space 122880K, 0% used [0x00000000eb380000,0x00000000eb380000,0x00000000f2b80000)
  from space 15872K, 69% used [0x00000000f2b80000,0x00000000f3634dc8,0x00000000f3b00000)
  to   space 12800K, 0% used [0x00000000f3b80000,0x00000000f3b80000,0x00000000f4800000)
 ParOldGen       total 60928K, used 25867K [0x00000000c1a00000, 0x00000000c5580000, 0x00000000eb380000)
  object space 60928K, 42% used [0x00000000c1a00000,0x00000000c3342c00,0x00000000c5580000)
 Metaspace       used 56440K, capacity 58993K, committed 59096K, reserved 1099776K
  class space    used 7781K, capacity 8217K, committed 8320K, reserved 1048576K
Event: 18.938 GC heap after
Heap after GC invocations=14 (full 3):
 PSYoungGen      total 138752K, used 0K [0x00000000eb380000, 0x00000000f4a80000, 0x0000000100000000)
  eden space 122880K, 0% used [0x00000000eb380000,0x00000000eb380000,0x00000000f2b80000)
  from space 15872K, 0% used [0x00000000f2b80000,0x00000000f2b80000,0x00000000f3b00000)
  to   space 12800K, 0% used [0x00000000f3b80000,0x00000000f3b80000,0x00000000f4800000)
 ParOldGen       total 84480K, used 29751K [0x00000000c1a00000, 0x00000000c6c80000, 0x00000000eb380000)
  object space 84480K, 35% used [0x00000000c1a00000,0x00000000c370dd58,0x00000000c6c80000)
 Metaspace       used 56440K, capacity 58993K, committed 59096K, reserved 1099776K
  class space    used 7781K, capacity 8217K, committed 8320K, reserved 1048576K
}

Deoptimization events (10 events):
Event: 18.282 Thread 0x0000000002e14800 Uncommon trap: reason=unstable_if action=reinterpret pc=0x0000000003c2b880 method=java.util.concurrent.ConcurrentHashMap.putVal(Ljava/lang/Object;Ljava/lang/Object;Z)Ljava/lang/Object; @ 331
Event: 18.283 Thread 0x0000000002e14800 Uncommon trap: reason=unstable_if action=reinterpret pc=0x0000000003bde55c method=java.util.concurrent.ConcurrentHashMap.get(Ljava/lang/Object;)Ljava/lang/Object; @ 86
Event: 18.430 Thread 0x0000000002e14800 Uncommon trap: reason=class_check action=maybe_recompile pc=0x0000000003e96694 method=org.springframework.core.annotation.AnnotatedElementUtils.searchWithFindSemantics(Ljava/lang/reflect/AnnotatedElement;Ljava/util/Set;Ljava/lang/String;Ljava/lang/Class;Lo[§»m†2@
Event: 18.525 Thread 0x0000000002e14800 Uncommon trap: reason=class_check action=maybe_recompile pc=0x0000000003e96694 method=org.springframework.core.annotation.AnnotatedElementUtils.searchWithFindSemantics(Ljava/lang/reflect/AnnotatedElement;Ljava/util/Set;Ljava/lang/String;Ljava/lang/Class;Lo¬r2Hx“2@
Event: 18.576 Thread 0x0000000002e14800 Uncommon trap: reason=class_check action=maybe_recompile pc=0x0000000003e966f8 method=org.springframework.core.annotation.AnnotatedElementUtils.searchWithFindSemantics(Ljava/lang/reflect/AnnotatedElement;Ljava/util/Set;Ljava/lang/String;Ljava/lang/Class;Lo²ÁìŸ{“2@
Event: 18.576 Thread 0x0000000002e14800 Uncommon trap: reason=unstable_if action=reinterpret pc=0x0000000003e97294 method=org.springframework.core.annotation.AnnotatedElementUtils.searchWithFindSemantics(Ljava/lang/reflect/AnnotatedElement;Ljava/util/Set;Ljava/lang/String;Ljava/lang/Class;Lorg/sø‡Š›b¡2@
Event: 18.630 Thread 0x0000000002e14800 Uncommon trap: reason=unstable_if action=reinterpret pc=0x0000000003d5cf5c method=org.springframework.beans.factory.support.AbstractBeanFactory.isTypeMatch(Ljava/lang/String;Lorg/springframework/core/ResolvableType;)Z @ 26
Event: 18.663 Thread 0x0000000002e14800 Uncommon trap: reason=unstable_if action=reinterpret pc=0x00000000033fbc38 method=java.util.concurrent.ConcurrentHashMap.transfer([Ljava/util/concurrent/ConcurrentHashMap$Node;[Ljava/util/concurrent/ConcurrentHashMap$Node;)V @ 356
Event: 18.664 Thread 0x0000000002e14800 Uncommon trap: reason=unstable_if action=reinterpret pc=0x000000000339e4fc method=java.util.concurrent.ConcurrentHashMap.transfer([Ljava/util/concurrent/ConcurrentHashMap$Node;[Ljava/util/concurrent/ConcurrentHashMap$Node;)V @ 356
Event: 18.687 Thread 0x0000000002e14800 Uncommon trap: reason=null_check action=make_not_entrant pc=0x0000000003ef202c method=org.springframework.core.annotation.AnnotatedElementUtils.searchWithGetSemanticsInAnnotations(Ljava/lang/reflect/AnnotatedElement;Ljava/util/List;Ljava/util/Set;Ljava/lan‡Ã^H2@

Internal exceptions (10 events):
Event: 18.344 Thread 0x0000000002e14800 Exception <a 'java/lang/ClassNotFoundException': java/lang/ObjectCustomizer> (0x00000000efb755c8) thrown at [C:\re\workspace\8-2-build-windows-amd64-cygwin\jdk8u66\5298\hotspot\src\share\vm\classfile\systemDictionary.cpp, line 210]
Event: 18.344 Thread 0x0000000002e14800 Exception <a 'java/lang/ClassNotFoundException': br/com/db1/pedidos/pedidos/api/domain/entity/PedidoCustomizer> (0x00000000efb8b740) thrown at [C:\re\workspace\8-2-build-windows-amd64-cygwin\jdk8u66\5298\hotspot\src\share\vm\classfile\systemDictionary.cpp,Ôös[Z2@
Event: 18.353 Thread 0x0000000002e14800 Exception <a 'java/lang/ClassNotFoundException': java/lang/ObjectCustomizer> (0x00000000efbd5420) thrown at [C:\re\workspace\8-2-build-windows-amd64-cygwin\jdk8u66\5298\hotspot\src\share\vm\classfile\systemDictionary.cpp, line 210]
Event: 18.354 Thread 0x0000000002e14800 Exception <a 'java/lang/ClassNotFoundException': br/com/db1/pedidos/pedidos/api/domain/entity/HistoricoCustomizer> (0x00000000efbebdb0) thrown at [C:\re\workspace\8-2-build-windows-amd64-cygwin\jdk8u66\5298\hotspot\src\share\vm\classfile\systemDictionary.cÐi"òÊ]2@
Event: 18.366 Thread 0x0000000002e14800 Exception <a 'java/lang/ClassNotFoundException': java/lang/ObjectCustomizer> (0x00000000efc342b8) thrown at [C:\re\workspace\8-2-build-windows-amd64-cygwin\jdk8u66\5298\hotspot\src\share\vm\classfile\systemDictionary.cpp, line 210]
Event: 18.367 Thread 0x0000000002e14800 Exception <a 'java/lang/ClassNotFoundException': br/com/db1/pedidos/pedidos/api/domain/entity/PedidoItemCustomizer> (0x00000000efc4acc8) thrown at [C:\re\workspace\8-2-build-windows-amd64-cygwin\jdk8u66\5298\hotspot\src\share\vm\classfile\systemDictionary.­)š‚²`2@
Event: 18.378 Thread 0x0000000002e14800 Exception <a 'java/lang/reflect/InvocationTargetException'> (0x00000000efcc5ae0) thrown at [C:\re\workspace\8-2-build-windows-amd64-cygwin\jdk8u66\5298\hotspot\src\share\vm\runtime\reflection.cpp, line 1092]
Event: 18.395 Thread 0x0000000002e14800 Exception <a 'java/lang/reflect/InvocationTargetException'> (0x00000000efd8bad8) thrown at [C:\re\workspace\8-2-build-windows-amd64-cygwin\jdk8u66\5298\hotspot\src\share\vm\runtime\reflection.cpp, line 1092]
Event: 18.415 Thread 0x0000000002e14800 Exception <a 'java/lang/reflect/InvocationTargetException'> (0x00000000efe7df88) thrown at [C:\re\workspace\8-2-build-windows-amd64-cygwin\jdk8u66\5298\hotspot\src\share\vm\runtime\reflection.cpp, line 1092]
Event: 18.687 Thread 0x0000000002e14800 Implicit null exception at 0x0000000003eeff11 to 0x0000000003ef1ff9

Events (10 events):
Event: 18.971 Thread 0x000000001560d800 flushing nmethod 0x000000000362f190
Event: 18.974 Thread 0x000000001560d800 flushing nmethod 0x000000000382fd10
Event: 18.975 loading class org/springframework/jdbc/core/namedparam/SqlParameterSource
Event: 18.975 loading class org/springframework/jdbc/core/namedparam/SqlParameterSource done
Event: 18.976 loading class org/springframework/jdbc/core/namedparam/NamedParameterJdbcTemplate$1
Event: 18.976 loading class org/springframework/jdbc/core/namedparam/NamedParameterJdbcTemplate$1 done
Event: 18.977 loading class org/springframework/jdbc/core/PreparedStatementCreatorFactory
Event: 18.977 loading class org/springframework/jdbc/core/PreparedStatementCreatorFactory done
Event: 18.977 loading class org/springframework/jdbc/core/namedparam/ParsedSql
Event: 18.977 loading class org/springframework/jdbc/core/namedparam/ParsedSql done


Dynamic libraries:
0x00007ff7b4130000 - 0x00007ff7b4167000 	C:\Program Files\Java\jre1.8.0_66\bin\javaw.exe
0x00007ffafaa10000 - 0x00007ffafabf1000 	C:\WINDOWS\SYSTEM32\ntdll.dll
0x00007ffaf90b0000 - 0x00007ffaf9162000 	C:\WINDOWS\System32\KERNEL32.DLL
0x00007ffaf7460000 - 0x00007ffaf76d3000 	C:\WINDOWS\System32\KERNELBASE.dll
0x00007ffaf8170000 - 0x00007ffaf8211000 	C:\WINDOWS\System32\ADVAPI32.dll
0x00007ffafa8e0000 - 0x00007ffafa97e000 	C:\WINDOWS\System32\msvcrt.dll
0x00007ffaf85c0000 - 0x00007ffaf861b000 	C:\WINDOWS\System32\sechost.dll
0x00007ffaf8aa0000 - 0x00007ffaf8bc4000 	C:\WINDOWS\System32\RPCRT4.dll
0x00007ffaf7ea0000 - 0x00007ffaf8030000 	C:\WINDOWS\System32\USER32.dll
0x00007ffaf6fd0000 - 0x00007ffaf6ff0000 	C:\WINDOWS\System32\win32u.dll
0x00007ffaf80e0000 - 0x00007ffaf8108000 	C:\WINDOWS\System32\GDI32.dll
0x00007ffaf7140000 - 0x00007ffaf72d2000 	C:\WINDOWS\System32\gdi32full.dll
0x00007ffaf70a0000 - 0x00007ffaf713f000 	C:\WINDOWS\System32\msvcp_win.dll
0x00007ffaf7360000 - 0x00007ffaf7458000 	C:\WINDOWS\System32\ucrtbase.dll
0x00007ffaec2f0000 - 0x00007ffaec559000 	C:\WINDOWS\WinSxS\amd64_microsoft.windows.common-controls_6595b64144ccf1df_6.0.17134.648_none_fb45a0e93062a6d2\COMCTL32.dll
0x00007ffafa5b0000 - 0x00007ffafa8d2000 	C:\WINDOWS\System32\combase.dll
0x00007ffaf72e0000 - 0x00007ffaf735a000 	C:\WINDOWS\System32\bcryptPrimitives.dll
0x00007ffaf8590000 - 0x00007ffaf85bd000 	C:\WINDOWS\System32\IMM32.DLL
0x0000000069160000 - 0x0000000069232000 	C:\Program Files\Java\jre1.8.0_66\bin\msvcr100.dll
0x0000000069310000 - 0x0000000069b99000 	C:\Program Files\Java\jre1.8.0_66\bin\server\jvm.dll
0x00007ffaf90a0000 - 0x00007ffaf90a8000 	C:\WINDOWS\System32\PSAPI.DLL
0x00007ffae8680000 - 0x00007ffae8689000 	C:\WINDOWS\SYSTEM32\WSOCK32.dll
0x00007ffaf87d0000 - 0x00007ffaf883c000 	C:\WINDOWS\System32\WS2_32.dll
0x00007ffaf4600000 - 0x00007ffaf4623000 	C:\WINDOWS\SYSTEM32\WINMM.dll
0x00007ffaec120000 - 0x00007ffaec12a000 	C:\WINDOWS\SYSTEM32\VERSION.dll
0x00007ffaf45d0000 - 0x00007ffaf45fa000 	C:\WINDOWS\SYSTEM32\WINMMBASE.dll
0x00007ffaf7050000 - 0x00007ffaf7099000 	C:\WINDOWS\System32\cfgmgr32.dll
0x0000000069300000 - 0x000000006930f000 	C:\Program Files\Java\jre1.8.0_66\bin\verify.dll
0x00000000692d0000 - 0x00000000692f9000 	C:\Program Files\Java\jre1.8.0_66\bin\java.dll
0x00000000692b0000 - 0x00000000692c6000 	C:\Program Files\Java\jre1.8.0_66\bin\zip.dll
0x00007ffaf9170000 - 0x00007ffafa5b0000 	C:\WINDOWS\System32\SHELL32.dll
0x00007ffaf8030000 - 0x00007ffaf80d9000 	C:\WINDOWS\System32\shcore.dll
0x00007ffaf7790000 - 0x00007ffaf7e9d000 	C:\WINDOWS\System32\windows.storage.dll
0x00007ffaf8310000 - 0x00007ffaf8361000 	C:\WINDOWS\System32\shlwapi.dll
0x00007ffaf6d50000 - 0x00007ffaf6d61000 	C:\WINDOWS\System32\kernel.appcore.dll
0x00007ffaf6d30000 - 0x00007ffaf6d4f000 	C:\WINDOWS\System32\profapi.dll
0x00007ffaf6d90000 - 0x00007ffaf6ddc000 	C:\WINDOWS\System32\powrprof.dll
0x00007ffaf6d20000 - 0x00007ffaf6d2a000 	C:\WINDOWS\System32\FLTLIB.DLL
0x0000000069150000 - 0x000000006915d000 	C:\Program Files\Java\jre1.8.0_66\bin\management.dll
0x0000000069290000 - 0x00000000692aa000 	C:\Program Files\Java\jre1.8.0_66\bin\net.dll
0x00007ffaf6540000 - 0x00007ffaf65a6000 	C:\WINDOWS\system32\mswsock.dll
0x00007ffaec2d0000 - 0x00007ffaec2e6000 	C:\WINDOWS\system32\napinsp.dll
0x00007ffaec2b0000 - 0x00007ffaec2ca000 	C:\WINDOWS\system32\pnrpnsp.dll
0x00007ffaf3520000 - 0x00007ffaf3539000 	C:\WINDOWS\system32\NLAapi.dll
0x00007ffaf6300000 - 0x00007ffaf63be000 	C:\WINDOWS\SYSTEM32\DNSAPI.dll
0x00007ffaf8620000 - 0x00007ffaf8628000 	C:\WINDOWS\System32\NSI.dll
0x00007ffaf62c0000 - 0x00007ffaf62f8000 	C:\WINDOWS\SYSTEM32\IPHLPAPI.DLL
0x00007ffaed5d0000 - 0x00007ffaed5de000 	C:\WINDOWS\System32\winrnr.dll
0x00007ffaeda60000 - 0x00007ffaeda6a000 	C:\Windows\System32\rasadhlp.dll
0x00007ffaede50000 - 0x00007ffaedec2000 	C:\WINDOWS\System32\fwpuclnt.dll
0x00007ffaf6880000 - 0x00007ffaf68a5000 	C:\WINDOWS\SYSTEM32\bcrypt.dll
0x0000000069270000 - 0x0000000069281000 	C:\Program Files\Java\jre1.8.0_66\bin\nio.dll
0x00007ffaf6750000 - 0x00007ffaf6767000 	C:\WINDOWS\SYSTEM32\CRYPTSP.dll
0x00007ffaf6120000 - 0x00007ffaf6153000 	C:\WINDOWS\system32\rsaenh.dll
0x00007ffaf6c20000 - 0x00007ffaf6c48000 	C:\WINDOWS\SYSTEM32\USERENV.dll
0x00007ffaf6770000 - 0x00007ffaf677b000 	C:\WINDOWS\SYSTEM32\CRYPTBASE.dll
0x00007ffaef9b0000 - 0x00007ffaef9c6000 	C:\WINDOWS\SYSTEM32\dhcpcsvc6.DLL
0x00007ffaef990000 - 0x00007ffaef9aa000 	C:\WINDOWS\SYSTEM32\dhcpcsvc.DLL
0x0000000069240000 - 0x0000000069264000 	C:\Program Files\Java\jre1.8.0_66\bin\sunec.dll

VM Arguments:
jvm_args: -Dfile.encoding=UTF-8 
java_command: br.com.db1.pedidos.pedidos.api.Application
java_class_path (initial): D:\DB1\Db1StartJava2\pedidos.api\target\classes;C:\Users\Aluno.DESKTOP-3ASBCDM\.m2\repository\org\postgresql\postgresql\42.2.5\postgresql-42.2.5.jar;C:\Users\Aluno.DESKTOP-3ASBCDM\.m2\repository\org\springframework\boot\spring-boot-starter-data-jpa\2.1.3.RELEASE\spring-boot-starter-data-jpa-2.1.3.RELEASE.jar;C:\Users\Aluno.DESKTOP-3ASBCDM\.m2\repository\org\springframework\boot\spring-boot-starter-aop\2.1.3.RELEASE\spring-boot-starter-aop-2.1.3.RELEASE.jar;C:\Users\Aluno.DESKTOP-3ASBCDM\.m2\repository\org\springframework\spring-aop\5.1.5.RELEASE\spring-aop-5.1.5.RELEASE.jar;C:\Users\Aluno.DESKTOP-3ASBCDM\.m2\repository\org\aspectj\aspectjweaver\1.9.2\aspectjweaver-1.9.2.jar;C:\Users\Aluno.DESKTOP-3ASBCDM\.m2\repository\org\springframework\boot\spring-boot-starter-jdbc\2.1.3.RELEASE\spring-boot-starter-jdbc-2.1.3.RELEASE.jar;C:\Users\Aluno.DESKTOP-3ASBCDM\.m2\repository\com\zaxxer\HikariCP\3.2.0\HikariCP-3.2.0.jar;C:\Users\Aluno.DESKTOP-3ASBCDM\.m2\repository\org\springframework\spring-jdbc\5.1.5.RELEASE\spring-jdbc-5.1.5.RELEASE.jar;C:\Users\Aluno.DESKTOP-3ASBCDM\.m2\repository\javax\transaction\javax.transaction-api\1.3\javax.transaction-api-1.3.jar;C:\Users\Aluno.DESKTOP-3ASBCDM\.m2\repository\javax\xml\bind\jaxb-api\2.3.1\jaxb-api-2.3.1.jar;C:\Users\Aluno.DESKTOP-3ASBCDM\.m2\repository\javax\activation\javax.activation-api\1.2.0\javax.activation-api-1.2.0.jar;C:\Users\Aluno.DESKTOP-3ASBCDM\.m2\repository\org\hibernate\hibernate-core\5.3.7.Final\hibernate-core-5.3.7.Final.jar;C:\Users\Aluno.DESKTOP-3ASBCDM\.m2\repository\org\jboss\logging\jboss-logging\3.3.2.Final\jboss-logging-3.3.2.Final.jar;C:\Users\Aluno.DESKTOP-3ASBCDM\.m2\repository\javax\persistence\javax.persistence-api\2.2\javax.persistence-api-2.2.jar;C:\Users\Aluno.DESKTOP-3ASBCDM\.m2\repository\org\javassist\javassist\3.23.1-GA\javassist-3.23.1-GA.jar;C:\Users\Aluno.DESKTOP-3ASBCDM\.m2\repository\net\bytebuddy\byte-buddy\1.9.10\byte-buddy-1.9.10.jar;C:\Users\Aluno.DESKTOP-3
Launcher Type: SUN_STANDARD

Environment Variables:
PATH=C:/Program Files/Java/jre1.8.0_66/bin/server;C:/Program Files/Java/jre1.8.0_66/bin;C:/Program Files/Java/jre1.8.0_66/lib/amd64;C:\ProgramData\Oracle\Java\javapath;C:\WINDOWS\system32;C:\WINDOWS;C:\WINDOWS\System32\Wbem;C:\WINDOWS\System32\WindowsPowerShell\v1.0\;C:\Program Files (x86)\MySQL\MySQL Fabric 1.5 & MySQL Utilities 1.5\;C:\Program Files (x86)\MySQL\MySQL Fabric 1.5 & MySQL Utilities 1.5\Doctrine extensions for PHP\;C:\WINDOWS\system32\config\systemprofile\.dnx\bin;C:\Program Files\Microsoft DNX\Dnvm\;C:\cygwin64;C:\Program Files\Microsoft SQL Server\Client SDK\ODBC\110\Tools\Binn\;C:\Program Files (x86)\Microsoft SQL Server\120\Tools\Binn\;C:\Program Files\Microsoft SQL Server\120\Tools\Binn\;C:\Program Files\Microsoft SQL Server\120\DTS\Binn\;C:\Program Files (x86)\Microsoft SQL Server\120\Tools\Binn\ManagementStudio\;C:\Program Files (x86)\Microsoft SQL Server\120\DTS\Binn\;C:\Program Files (x86)\Shield;C:\WINDOWS\System32\OpenSSH\;C:\Users\Aluno.DESKTOP-3ASBCDM\AppData\Local\Microsoft\WindowsApps;;C:\Users\Aluno.DESKTOP-3ASBCDM\Desktop;
USERNAME=Aluno
OS=Windows_NT
PROCESSOR_IDENTIFIER=Intel64 Family 6 Model 58 Stepping 9, GenuineIntel



---------------  S Y S T E M  ---------------

OS: Windows 10.0 , 64 bit Build 17134 (10.0.17134.648)

CPU:total 4 (2 cores per cpu, 2 threads per core) family 6 model 58 stepping 9, cmov, cx8, fxsr, mmx, sse, sse2, sse3, ssse3, sse4.1, sse4.2, popcnt, avx, clmul, erms, ht, tsc, tscinvbit, tscinv

Memory: 4k page, physical 4087612k(504292k free), swap 4087612k(5440k free)

vm_info: Java HotSpot(TM) 64-Bit Server VM (25.66-b18) for windows-amd64 JRE (1.8.0_66-b18), built on Nov  9 2015 10:51:13 by "java_re" with MS VC++ 10.0 (VS2010)

time: Tue Apr 09 16:29:14 2019
elapsed time: 18 seconds (0d 0h 0m 18s)

