#
# There is insufficient memory for the Java Runtime Environment to continue.
# Native memory allocation (malloc) failed to allocate 2413168 bytes for Chunk::new
# Possible reasons:
#   The system is out of physical RAM or swap space
#   In 32 bit mode, the process size limit was hit
# Possible solutions:
#   Reduce memory load on the system
#   Increase physical memory or swap space
#   Check if swap backing store is full
#   Use 64 bit Java on a 64 bit OS
#   Decrease Java heap size (-Xmx/-Xms)
#   Decrease number of Java threads
#   Decrease Java thread stack sizes (-Xss)
#   Set larger code cache with -XX:ReservedCodeCacheSize=
# This output file may be truncated or incomplete.
#
#  Out of Memory Error (allocation.cpp:390), pid=8396, tid=6276
#
# JRE version: Java(TM) SE Runtime Environment (8.0_66-b18) (build 1.8.0_66-b18)
# Java VM: Java HotSpot(TM) 64-Bit Server VM (25.66-b18 mixed mode windows-amd64 compressed oops)
# Failed to write core dump. Minidumps are not enabled by default on client versions of Windows
#

---------------  T H R E A D  ---------------

Current thread (0x0000000015a76000):  JavaThread "C2 CompilerThread0" daemon [_thread_in_native, id=6276, stack(0x00000000170f0000,0x00000000171f0000)]

Stack: [0x00000000170f0000,0x00000000171f0000]
[error occurred during error reporting (printing stack bounds), id 0xc0000005]

Native frames: (J=compiled Java code, j=interpreted, Vv=VM code, C=native code)


Current CompileTask:
C2:  23986 4786   !   4       org.springframework.core.annotation.AnnotatedElementUtils::searchWithFindSemantics (774 bytes)


---------------  P R O C E S S  ---------------

Java Threads: ( => current thread )
  0x000000001a433800 JavaThread "HikariPool-1 connection adder" daemon [_thread_blocked, id=10988, stack(0x000000001e640000,0x000000001e740000)]
  0x0000000017f4d800 JavaThread "HikariPool-1 housekeeper" daemon [_thread_blocked, id=6504, stack(0x000000001e540000,0x000000001e640000)]
  0x0000000017c99000 JavaThread "PostgreSQL-JDBC-SharedTimer-1" daemon [_thread_blocked, id=10752, stack(0x000000001d230000,0x000000001d330000)]
  0x0000000017acc800 JavaThread "ReaderThread" [_thread_in_native, id=6412, stack(0x00000000181f0000,0x00000000182f0000)]
  0x0000000017423800 JavaThread "Service Thread" daemon [_thread_blocked, id=7108, stack(0x00000000177f0000,0x00000000178f0000)]
  0x0000000015a85000 JavaThread "C1 CompilerThread2" daemon [_thread_blocked, id=10308, stack(0x00000000172f0000,0x00000000173f0000)]
  0x0000000015a78000 JavaThread "C2 CompilerThread1" daemon [_thread_in_native, id=4852, stack(0x00000000171f0000,0x00000000172f0000)]
=>0x0000000015a76000 JavaThread "C2 CompilerThread0" daemon [_thread_in_native, id=6276, stack(0x00000000170f0000,0x00000000171f0000)]
  0x0000000015a75000 JavaThread "Attach Listener" daemon [_thread_blocked, id=3212, stack(0x0000000016ff0000,0x00000000170f0000)]
  0x0000000015a73800 JavaThread "Signal Dispatcher" daemon [_thread_blocked, id=9368, stack(0x0000000016ef0000,0x0000000016ff0000)]
  0x000000000348c800 JavaThread "Finalizer" daemon [_thread_blocked, id=10052, stack(0x0000000016ce0000,0x0000000016de0000)]
  0x0000000003483800 JavaThread "Reference Handler" daemon [_thread_blocked, id=3884, stack(0x0000000016be0000,0x0000000016ce0000)]
  0x0000000003395000 JavaThread "main" [_thread_in_vm, id=4716, stack(0x00000000031c0000,0x00000000032c0000)]

Other Threads:
  0x0000000015a37000 VMThread [stack: 0x0000000016ae0000,0x0000000016be0000] [id=7588]
  0x0000000017457800 WatcherThread [stack: 0x00000000178f0000,0x00000000179f0000] [id=8568]

VM state:not at safepoint (normal execution)

VM Mutex/Monitor currently owned by a thread: None

Heap:
 PSYoungGen      total 125952K, used 69107K [0x00000000eb380000, 0x00000000f5680000, 0x0000000100000000)
  eden space 121344K, 56% used [0x00000000eb380000,0x00000000ef6fcfd0,0x00000000f2a00000)
  from space 4608K, 0% used [0x00000000f3880000,0x00000000f3880000,0x00000000f3d00000)
  to   space 14848K, 0% used [0x00000000f2a00000,0x00000000f2a00000,0x00000000f3880000)
 ParOldGen       total 71680K, used 21734K [0x00000000c1a00000, 0x00000000c6000000, 0x00000000eb380000)
  object space 71680K, 30% used [0x00000000c1a00000,0x00000000c2f39960,0x00000000c6000000)
 Metaspace       used 55267K, capacity 57814K, committed 57904K, reserved 1099776K
  class space    used 7763K, capacity 8211K, committed 8240K, reserved 1048576K

Card table byte_map: [0x0000000012850000,0x0000000012a50000] byte_map_base: 0x0000000012243000

Marking Bits: (ParMarkBitMap*) 0x000000006f25a5b0
 Begin Bits: [0x0000000012fa0000, 0x0000000013f38000)
 End Bits:   [0x0000000013f38000, 0x0000000014ed0000)

Polling page: 0x00000000017f0000

CodeCache: size=245760Kb used=15741Kb max_used=15741Kb free=230018Kb
 bounds [0x0000000003490000, 0x0000000004400000, 0x0000000012490000]
 total_blobs=5067 nmethods=4537 adapters=441
 compilation: enabled

Compilation events (10 events):
Event: 23.886 Thread 0x0000000015a85000 5074       2       java.util.concurrent.ConcurrentHashMap$Traverser::<init> (36 bytes)
Event: 23.887 Thread 0x0000000015a85000 nmethod 5074 0x00000000043f0bd0 code [0x00000000043f0d20, 0x00000000043f0eb0]
Event: 23.887 Thread 0x0000000015a85000 5075       2       org.springframework.core.SimpleAliasRegistry::retrieveAliases (18 bytes)
Event: 23.888 Thread 0x0000000015a85000 nmethod 5075 0x00000000043f0f50 code [0x00000000043f10c0, 0x00000000043f12e8]
Event: 23.888 Thread 0x0000000015a85000 5076       2       java.util.concurrent.ConcurrentHashMap::forEach (65 bytes)
Event: 23.888 Thread 0x0000000015a85000 nmethod 5076 0x00000000043f1410 code [0x00000000043f15a0, 0x00000000043f18d8]
Event: 23.888 Thread 0x0000000015a85000 5077       2       org.springframework.core.SimpleAliasRegistry$$Lambda$260/2018270965::accept (24 bytes)
Event: 23.889 Thread 0x0000000015a85000 nmethod 5077 0x00000000043f1b10 code [0x00000000043f1ca0, 0x00000000043f1fb8]
Event: 23.889 Thread 0x0000000015a85000 5078       2       org.springframework.beans.factory.support.AbstractBeanFactory::getAliases (209 bytes)
Event: 23.891 Thread 0x0000000015a85000 nmethod 5078 0x00000000043f2290 code [0x00000000043f2560, 0x00000000043f3338]

GC Heap History (10 events):
Event: 8.518 GC heap before
{Heap before GC invocations=11 (full 1):
 PSYoungGen      total 112640K, used 40743K [0x00000000eb380000, 0x00000000f3d00000, 0x0000000100000000)
  eden space 105984K, 32% used [0x00000000eb380000,0x00000000ed4cda78,0x00000000f1b00000)
  from space 6656K, 99% used [0x00000000f3000000,0x00000000f367c358,0x00000000f3680000)
  to   space 4608K, 0% used [0x00000000f3880000,0x00000000f3880000,0x00000000f3d00000)
 ParOldGen       total 31232K, used 12774K [0x00000000c1a00000, 0x00000000c3880000, 0x00000000eb380000)
  object space 31232K, 40% used [0x00000000c1a00000,0x00000000c2679a58,0x00000000c3880000)
 Metaspace       used 34058K, capacity 35318K, committed 35496K, reserved 1079296K
  class space    used 4770K, capacity 5053K, committed 5168K, reserved 1048576K
Event: 8.538 GC heap after
Heap after GC invocations=11 (full 1):
 PSYoungGen      total 110592K, used 4607K [0x00000000eb380000, 0x00000000f3d00000, 0x0000000100000000)
  eden space 105984K, 0% used [0x00000000eb380000,0x00000000eb380000,0x00000000f1b00000)
  from space 4608K, 99% used [0x00000000f3880000,0x00000000f3cffe18,0x00000000f3d00000)
  to   space 6656K, 0% used [0x00000000f3000000,0x00000000f3000000,0x00000000f3680000)
 ParOldGen       total 31232K, used 16491K [0x00000000c1a00000, 0x00000000c3880000, 0x00000000eb380000)
  object space 31232K, 52% used [0x00000000c1a00000,0x00000000c2a1ad38,0x00000000c3880000)
 Metaspace       used 34058K, capacity 35318K, committed 35496K, reserved 1079296K
  class space    used 4770K, capacity 5053K, committed 5168K, reserved 1048576K
}
Event: 8.539 GC heap before
{Heap before GC invocations=12 (full 2):
 PSYoungGen      total 110592K, used 4607K [0x00000000eb380000, 0x00000000f3d00000, 0x0000000100000000)
  eden space 105984K, 0% used [0x00000000eb380000,0x00000000eb380000,0x00000000f1b00000)
  from space 4608K, 99% used [0x00000000f3880000,0x00000000f3cffe18,0x00000000f3d00000)
  to   space 6656K, 0% used [0x00000000f3000000,0x00000000f3000000,0x00000000f3680000)
 ParOldGen       total 31232K, used 16491K [0x00000000c1a00000, 0x00000000c3880000, 0x00000000eb380000)
  object space 31232K, 52% used [0x00000000c1a00000,0x00000000c2a1ad38,0x00000000c3880000)
 Metaspace       used 34058K, capacity 35318K, committed 35496K, reserved 1079296K
  class space    used 4770K, capacity 5053K, committed 5168K, reserved 1048576K
Event: 8.604 GC heap after
Heap after GC invocations=12 (full 2):
 PSYoungGen      total 110592K, used 0K [0x00000000eb380000, 0x00000000f3d00000, 0x0000000100000000)
  eden space 105984K, 0% used [0x00000000eb380000,0x00000000eb380000,0x00000000f1b00000)
  from space 4608K, 0% used [0x00000000f3880000,0x00000000f3880000,0x00000000f3d00000)
  to   space 6656K, 0% used [0x00000000f3000000,0x00000000f3000000,0x00000000f3680000)
 ParOldGen       total 31232K, used 13002K [0x00000000c1a00000, 0x00000000c3880000, 0x00000000eb380000)
  object space 31232K, 41% used [0x00000000c1a00000,0x00000000c26b29c0,0x00000000c3880000)
 Metaspace       used 34058K, capacity 35318K, committed 35496K, reserved 1079296K
  class space    used 4770K, capacity 5053K, committed 5168K, reserved 1048576K
}
Event: 12.980 GC heap before
{Heap before GC invocations=13 (full 2):
 PSYoungGen      total 110592K, used 105984K [0x00000000eb380000, 0x00000000f3d00000, 0x0000000100000000)
  eden space 105984K, 100% used [0x00000000eb380000,0x00000000f1b00000,0x00000000f1b00000)
  from space 4608K, 0% used [0x00000000f3880000,0x00000000f3880000,0x00000000f3d00000)
  to   space 6656K, 0% used [0x00000000f3000000,0x00000000f3000000,0x00000000f3680000)
 ParOldGen       total 31232K, used 13002K [0x00000000c1a00000, 0x00000000c3880000, 0x00000000eb380000)
  object space 31232K, 41% used [0x00000000c1a00000,0x00000000c26b29c0,0x00000000c3880000)
 Metaspace       used 48507K, capacity 49952K, committed 50224K, reserved 1091584K
  class space    used 6826K, capacity 7130K, committed 7216K, reserved 1048576K
Event: 12.994 GC heap after
Heap after GC invocations=13 (full 2):
 PSYoungGen      total 112640K, used 6643K [0x00000000eb380000, 0x00000000f3d00000, 0x0000000100000000)
  eden space 105984K, 0% used [0x00000000eb380000,0x00000000eb380000,0x00000000f1b00000)
  from space 6656K, 99% used [0x00000000f3000000,0x00000000f367ce18,0x00000000f3680000)
  to   space 4608K, 0% used [0x00000000f3880000,0x00000000f3880000,0x00000000f3d00000)
 ParOldGen       total 31232K, used 21217K [0x00000000c1a00000, 0x00000000c3880000, 0x00000000eb380000)
  object space 31232K, 67% used [0x00000000c1a00000,0x00000000c2eb85d0,0x00000000c3880000)
 Metaspace       used 48507K, capacity 49952K, committed 50224K, reserved 1091584K
  class space    used 6826K, capacity 7130K, committed 7216K, reserved 1048576K
}
Event: 22.058 GC heap before
{Heap before GC invocations=14 (full 2):
 PSYoungGen      total 112640K, used 112627K [0x00000000eb380000, 0x00000000f3d00000, 0x0000000100000000)
  eden space 105984K, 100% used [0x00000000eb380000,0x00000000f1b00000,0x00000000f1b00000)
  from space 6656K, 99% used [0x00000000f3000000,0x00000000f367ce18,0x00000000f3680000)
  to   space 4608K, 0% used [0x00000000f3880000,0x00000000f3880000,0x00000000f3d00000)
 ParOldGen       total 31232K, used 21217K [0x00000000c1a00000, 0x00000000c3880000, 0x00000000eb380000)
  object space 31232K, 67% used [0x00000000c1a00000,0x00000000c2eb85d0,0x00000000c3880000)
 Metaspace       used 51107K, capacity 52968K, committed 53168K, reserved 1095680K
  class space    used 7175K, capacity 7510K, committed 7600K, reserved 1048576K
Event: 22.076 GC heap after
Heap after GC invocations=14 (full 2):
 PSYoungGen      total 125952K, used 4595K [0x00000000eb380000, 0x00000000f5680000, 0x0000000100000000)
  eden space 121344K, 0% used [0x00000000eb380000,0x00000000eb380000,0x00000000f2a00000)
  from space 4608K, 99% used [0x00000000f3880000,0x00000000f3cfcf50,0x00000000f3d00000)
  to   space 14848K, 0% used [0x00000000f2a00000,0x00000000f2a00000,0x00000000f3880000)
 ParOldGen       total 31232K, used 27214K [0x00000000c1a00000, 0x00000000c3880000, 0x00000000eb380000)
  object space 31232K, 87% used [0x00000000c1a00000,0x00000000c3493b68,0x00000000c3880000)
 Metaspace       used 51107K, capacity 52968K, committed 53168K, reserved 1095680K
  class space    used 7175K, capacity 7510K, committed 7600K, reserved 1048576K
}
Event: 22.076 GC heap before
{Heap before GC invocations=15 (full 3):
 PSYoungGen      total 125952K, used 4595K [0x00000000eb380000, 0x00000000f5680000, 0x0000000100000000)
  eden space 121344K, 0% used [0x00000000eb380000,0x00000000eb380000,0x00000000f2a00000)
  from space 4608K, 99% used [0x00000000f3880000,0x00000000f3cfcf50,0x00000000f3d00000)
  to   space 14848K, 0% used [0x00000000f2a00000,0x00000000f2a00000,0x00000000f3880000)
 ParOldGen       total 31232K, used 27214K [0x00000000c1a00000, 0x00000000c3880000, 0x00000000eb380000)
  object space 31232K, 87% used [0x00000000c1a00000,0x00000000c3493b68,0x00000000c3880000)
 Metaspace       used 51107K, capacity 52968K, committed 53168K, reserved 1095680K
  class space    used 7175K, capacity 7510K, committed 7600K, reserved 1048576K
Event: 22.241 GC heap after
Heap after GC invocations=15 (full 3):
 PSYoungGen      total 125952K, used 0K [0x00000000eb380000, 0x00000000f5680000, 0x0000000100000000)
  eden space 121344K, 0% used [0x00000000eb380000,0x00000000eb380000,0x00000000f2a00000)
  from space 4608K, 0% used [0x00000000f3880000,0x00000000f3880000,0x00000000f3d00000)
  to   space 14848K, 0% used [0x00000000f2a00000,0x00000000f2a00000,0x00000000f3880000)
 ParOldGen       total 71680K, used 21734K [0x00000000c1a00000, 0x00000000c6000000, 0x00000000eb380000)
  object space 71680K, 30% used [0x00000000c1a00000,0x00000000c2f39960,0x00000000c6000000)
 Metaspace       used 51107K, capacity 52968K, committed 53168K, reserved 1095680K
  class space    used 7175K, capacity 7510K, committed 7600K, reserved 1048576K
}

Deoptimization events (10 events):
Event: 22.316 Thread 0x0000000003395000 Uncommon trap: reason=unstable_if action=reinterpret pc=0x00000000042689fc method=java.lang.reflect.Proxy.isProxyClass(Ljava/lang/Class;)Z @ 16
Event: 22.318 Thread 0x0000000003395000 Uncommon trap: reason=unstable_if action=reinterpret pc=0x0000000004226d8c method=sun.reflect.misc.ReflectUtil.isNonPublicProxyClass(Ljava/lang/Class;)Z @ 33
Event: 22.548 Thread 0x0000000003395000 Uncommon trap: reason=unstable_if action=reinterpret pc=0x0000000003932598 method=org.springframework.util.ConcurrentReferenceHashMap$Segment.restructureIfNecessary(Z)V @ 34
Event: 22.615 Thread 0x0000000003395000 Uncommon trap: reason=class_check action=maybe_recompile pc=0x0000000004219544 method=org.springframework.core.annotation.AnnotationUtils.hasPlainJavaAnnotationsOnly(Ljava/lang/Object;)Z @ 16
Event: 22.615 Thread 0x0000000003395000 Uncommon trap: reason=class_check action=maybe_recompile pc=0x0000000004219544 method=org.springframework.core.annotation.AnnotationUtils.hasPlainJavaAnnotationsOnly(Ljava/lang/Object;)Z @ 16
Event: 22.617 Thread 0x0000000003395000 Uncommon trap: reason=class_check action=maybe_recompile pc=0x0000000004219544 method=org.springframework.core.annotation.AnnotationUtils.hasPlainJavaAnnotationsOnly(Ljava/lang/Object;)Z @ 16
Event: 22.618 Thread 0x0000000003395000 Uncommon trap: reason=class_check action=maybe_recompile pc=0x0000000004219544 method=org.springframework.core.annotation.AnnotationUtils.hasPlainJavaAnnotationsOnly(Ljava/lang/Object;)Z @ 16
Event: 22.830 Thread 0x0000000003395000 Uncommon trap: reason=bimorphic action=maybe_recompile pc=0x000000000394649c method=java.util.regex.Pattern$Branch.match(Ljava/util/regex/Matcher;ILjava/lang/CharSequence;)Z @ 32
Event: 22.833 Thread 0x0000000003395000 Uncommon trap: reason=unstable_if action=reinterpret pc=0x00000000039462b0 method=java.util.regex.Pattern$Branch.match(Ljava/util/regex/Matcher;ILjava/lang/CharSequence;)Z @ 35
Event: 23.881 Thread 0x0000000003395000 Uncommon trap: reason=unstable_if action=reinterpret pc=0x00000000041fe790 method=org.springframework.beans.factory.support.AbstractBeanFactory.isTypeMatch(Ljava/lang/String;Lorg/springframework/core/ResolvableType;)Z @ 26

Internal exceptions (10 events):
Event: 23.866 Thread 0x0000000003395000 Exception <a 'java/lang/ClassNotFoundException': org/springframework/web/servlet/handler/MatchableHandlerMappingCustomizer> (0x00000000eeecb5e8) thrown at [C:\re\workspace\8-2-build-windows-amd64-cygwin\jdk8u66\5298\hotspot\src\share\vm\classfile\systemDic¸ö‘ÂÝ7@
Event: 23.866 Thread 0x0000000003395000 Exception <a 'java/lang/ClassNotFoundException': org/springframework/web/servlet/HandlerMappingCustomizer> (0x00000000eeee4b20) thrown at [C:\re\workspace\8-2-build-windows-amd64-cygwin\jdk8u66\5298\hotspot\src\share\vm\classfile\systemDictionary.cpp, line­C¨ëÝ7@
Event: 23.867 Thread 0x0000000003395000 Exception <a 'java/lang/ClassNotFoundException': org/springframework/web/servlet/HandlerMappingCustomizer> (0x00000000eeefdf18) thrown at [C:\re\workspace\8-2-build-windows-amd64-cygwin\jdk8u66\5298\hotspot\src\share\vm\classfile\systemDictionary.cpp, line6&cÞ7@
Event: 23.867 Thread 0x0000000003395000 Exception <a 'java/lang/ClassNotFoundException': org/springframework/core/OrderedCustomizer> (0x00000000eef12f70) thrown at [C:\re\workspace\8-2-build-windows-amd64-cygwin\jdk8u66\5298\hotspot\src\share\vm\classfile\systemDictionary.cpp, line 210]
Event: 23.868 Thread 0x0000000003395000 Exception <a 'java/lang/ClassNotFoundException': org/springframework/beans/factory/BeanNameAwareCustomizer> (0x00000000eef2c568) thrown at [C:\re\workspace\8-2-build-windows-amd64-cygwin\jdk8u66\5298\hotspot\src\share\vm\classfile\systemDictionary.cpp, linPÒÎeÞ7@
Event: 23.869 Thread 0x0000000003395000 Exception <a 'java/lang/ClassNotFoundException': org/springframework/beans/factory/AwareCustomizer> (0x00000000eef43c88) thrown at [C:\re\workspace\8-2-build-windows-amd64-cygwin\jdk8u66\5298\hotspot\src\share\vm\classfile\systemDictionary.cpp, line 210]
Event: 23.869 Thread 0x0000000003395000 Exception <a 'java/lang/ClassNotFoundException': org/springframework/web/context/ServletContextAwareCustomizer> (0x00000000eef5dc68) thrown at [C:\re\workspace\8-2-build-windows-amd64-cygwin\jdk8u66\5298\hotspot\src\share\vm\classfile\systemDictionary.cpp,*èÏµÞ7@
Event: 23.870 Thread 0x0000000003395000 Exception <a 'java/lang/ClassNotFoundException': org/springframework/beans/factory/AwareCustomizer> (0x00000000eef75418) thrown at [C:\re\workspace\8-2-build-windows-amd64-cygwin\jdk8u66\5298\hotspot\src\share\vm\classfile\systemDictionary.cpp, line 210]
Event: 23.871 Thread 0x0000000003395000 Exception <a 'java/lang/ClassNotFoundException': org/springframework/context/ApplicationContextAwareCustomizer> (0x00000000eef8f3d8) thrown at [C:\re\workspace\8-2-build-windows-amd64-cygwin\jdk8u66\5298\hotspot\src\share\vm\classfile\systemDictionary.cpp,«~.!ß7@
Event: 23.872 Thread 0x0000000003395000 Exception <a 'java/lang/ClassNotFoundException': org/springframework/beans/factory/AwareCustomizer> (0x00000000eefa7120) thrown at [C:\re\workspace\8-2-build-windows-amd64-cygwin\jdk8u66\5298\hotspot\src\share\vm\classfile\systemDictionary.cpp, line 210]

Events (10 events):
Event: 23.871 loading class org/springframework/context/ApplicationContextAwareCustomizer done
Event: 23.871 loading class org/springframework/beans/factory/AwareCustomizer
Event: 23.871 loading class org/springframework/beans/factory/AwareCustomizer done
Event: 23.871 loading class org/springframework/beans/factory/AwareCustomizer
Event: 23.871 loading class org/springframework/beans/factory/AwareCustomizer done
Event: 23.872 loading class org/springframework/beans/factory/AwareCustomizer
Event: 23.872 loading class org/springframework/beans/factory/AwareCustomizer done
Event: 23.881 Thread 0x0000000003395000 Uncommon trap: trap_request=0xffffff65 fr.pc=0x00000000041fe790
Event: 23.881 Thread 0x0000000003395000 DEOPT PACKING pc=0x00000000041fe790 sp=0x00000000032bd3b0
Event: 23.881 Thread 0x0000000003395000 DEOPT UNPACKING pc=0x00000000034d582a sp=0x00000000032bd370 mode 2


Dynamic libraries:
0x00007ff6463e0000 - 0x00007ff646417000 	C:\Program Files\Java\jre1.8.0_66\bin\javaw.exe
0x00007ff96d430000 - 0x00007ff96d611000 	C:\WINDOWS\SYSTEM32\ntdll.dll
0x00007ff96d1a0000 - 0x00007ff96d252000 	C:\WINDOWS\System32\KERNEL32.DLL
0x00007ff9699a0000 - 0x00007ff969c13000 	C:\WINDOWS\System32\KERNELBASE.dll
0x00007ff96cde0000 - 0x00007ff96ce81000 	C:\WINDOWS\System32\ADVAPI32.dll
0x00007ff96d260000 - 0x00007ff96d2fe000 	C:\WINDOWS\System32\msvcrt.dll
0x00007ff96b020000 - 0x00007ff96b07b000 	C:\WINDOWS\System32\sechost.dll
0x00007ff96b1b0000 - 0x00007ff96b2d4000 	C:\WINDOWS\System32\RPCRT4.dll
0x00007ff96c800000 - 0x00007ff96c990000 	C:\WINDOWS\System32\USER32.dll
0x00007ff96a770000 - 0x00007ff96a790000 	C:\WINDOWS\System32\win32u.dll
0x00007ff96cf00000 - 0x00007ff96cf28000 	C:\WINDOWS\System32\GDI32.dll
0x00007ff969800000 - 0x00007ff969992000 	C:\WINDOWS\System32\gdi32full.dll
0x00007ff96a5d0000 - 0x00007ff96a66f000 	C:\WINDOWS\System32\msvcp_win.dll
0x00007ff96a670000 - 0x00007ff96a768000 	C:\WINDOWS\System32\ucrtbase.dll
0x00007ff95ed20000 - 0x00007ff95ef89000 	C:\WINDOWS\WinSxS\amd64_microsoft.windows.common-controls_6595b64144ccf1df_6.0.17134.648_none_fb45a0e93062a6d2\COMCTL32.dll
0x00007ff96a8c0000 - 0x00007ff96abe2000 	C:\WINDOWS\System32\combase.dll
0x00007ff96a790000 - 0x00007ff96a80a000 	C:\WINDOWS\System32\bcryptPrimitives.dll
0x00007ff96aff0000 - 0x00007ff96b01d000 	C:\WINDOWS\System32\IMM32.DLL
0x000000006e3b0000 - 0x000000006e482000 	C:\Program Files\Java\jre1.8.0_66\bin\msvcr100.dll
0x000000006ea50000 - 0x000000006f2d9000 	C:\Program Files\Java\jre1.8.0_66\bin\server\jvm.dll
0x00007ff96b0f0000 - 0x00007ff96b0f8000 	C:\WINDOWS\System32\PSAPI.DLL
0x00007ff95e800000 - 0x00007ff95e80a000 	C:\WINDOWS\SYSTEM32\VERSION.dll
0x00007ff9671c0000 - 0x00007ff9671e3000 	C:\WINDOWS\SYSTEM32\WINMM.dll
0x00007ff95c680000 - 0x00007ff95c689000 	C:\WINDOWS\SYSTEM32\WSOCK32.dll
0x00007ff96ce90000 - 0x00007ff96cefc000 	C:\WINDOWS\System32\WS2_32.dll
0x00007ff967190000 - 0x00007ff9671ba000 	C:\WINDOWS\SYSTEM32\WINMMBASE.dll
0x00007ff969c20000 - 0x00007ff969c69000 	C:\WINDOWS\System32\cfgmgr32.dll
0x000000006ea40000 - 0x000000006ea4f000 	C:\Program Files\Java\jre1.8.0_66\bin\verify.dll
0x000000006ea10000 - 0x000000006ea39000 	C:\Program Files\Java\jre1.8.0_66\bin\java.dll
0x000000006e9f0000 - 0x000000006ea06000 	C:\Program Files\Java\jre1.8.0_66\bin\zip.dll
0x00007ff96b360000 - 0x00007ff96c7a0000 	C:\WINDOWS\System32\SHELL32.dll
0x00007ff96b100000 - 0x00007ff96b1a9000 	C:\WINDOWS\System32\shcore.dll
0x00007ff969cd0000 - 0x00007ff96a3dd000 	C:\WINDOWS\System32\windows.storage.dll
0x00007ff96d3a0000 - 0x00007ff96d3f1000 	C:\WINDOWS\System32\shlwapi.dll
0x00007ff969760000 - 0x00007ff969771000 	C:\WINDOWS\System32\kernel.appcore.dll
0x00007ff969740000 - 0x00007ff96975f000 	C:\WINDOWS\System32\profapi.dll
0x00007ff9697b0000 - 0x00007ff9697fc000 	C:\WINDOWS\System32\powrprof.dll
0x00007ff969780000 - 0x00007ff96978a000 	C:\WINDOWS\System32\FLTLIB.DLL
0x000000006e4e0000 - 0x000000006e4fa000 	C:\Program Files\Java\jre1.8.0_66\bin\net.dll
0x00007ff968fc0000 - 0x00007ff969026000 	C:\WINDOWS\system32\mswsock.dll
0x000000006e4c0000 - 0x000000006e4d1000 	C:\Program Files\Java\jre1.8.0_66\bin\nio.dll
0x000000006e3a0000 - 0x000000006e3ad000 	C:\Program Files\Java\jre1.8.0_66\bin\management.dll
0x00007ff95e8f0000 - 0x00007ff95e906000 	C:\WINDOWS\system32\napinsp.dll
0x00007ff95e830000 - 0x00007ff95e84a000 	C:\WINDOWS\system32\pnrpnsp.dll
0x00007ff965f70000 - 0x00007ff965f89000 	C:\WINDOWS\system32\NLAapi.dll
0x00007ff968d80000 - 0x00007ff968e3e000 	C:\WINDOWS\SYSTEM32\DNSAPI.dll
0x00007ff96ae40000 - 0x00007ff96ae48000 	C:\WINDOWS\System32\NSI.dll
0x00007ff968d40000 - 0x00007ff968d78000 	C:\WINDOWS\SYSTEM32\IPHLPAPI.DLL
0x00007ff95e7f0000 - 0x00007ff95e7fe000 	C:\WINDOWS\System32\winrnr.dll
0x00007ff960340000 - 0x00007ff96034a000 	C:\Windows\System32\rasadhlp.dll
0x00007ff960570000 - 0x00007ff9605e2000 	C:\WINDOWS\System32\fwpuclnt.dll
0x00007ff9692a0000 - 0x00007ff9692c5000 	C:\WINDOWS\SYSTEM32\bcrypt.dll
0x000000006e490000 - 0x000000006e4b4000 	C:\Program Files\Java\jre1.8.0_66\bin\sunec.dll
0x00007ff969170000 - 0x00007ff969187000 	C:\WINDOWS\SYSTEM32\CRYPTSP.dll
0x00007ff968b40000 - 0x00007ff968b73000 	C:\WINDOWS\system32\rsaenh.dll
0x00007ff969640000 - 0x00007ff969668000 	C:\WINDOWS\SYSTEM32\USERENV.dll
0x00007ff969190000 - 0x00007ff96919b000 	C:\WINDOWS\SYSTEM32\CRYPTBASE.dll
0x00007ff9622d0000 - 0x00007ff9622e6000 	C:\WINDOWS\SYSTEM32\dhcpcsvc6.DLL
0x00007ff9622b0000 - 0x00007ff9622ca000 	C:\WINDOWS\SYSTEM32\dhcpcsvc.DLL

VM Arguments:
jvm_args: -Dfile.encoding=UTF-8 
java_command: org.eclipse.jdt.internal.junit.runner.RemoteTestRunner -version 3 -port 50628 -testLoaderClass org.eclipse.jdt.internal.junit4.runner.JUnit4TestLoader -loaderpluginname org.eclipse.jdt.junit4.runtime -classNames br.com.db1.pedidos.pedidos.api.service.ProdutoServiceTest
java_class_path (initial): D:\DB1\Db1StartJava2\pedidos.api\target\test-classes;D:\DB1\Db1StartJava2\pedidos.api\target\classes;C:\Users\Aluno.DESKTOP-3ASBCDM\.m2\repository\org\postgresql\postgresql\42.2.5\postgresql-42.2.5.jar;C:\Users\Aluno.DESKTOP-3ASBCDM\.m2\repository\org\springframework\boot\spring-boot-starter-data-jpa\2.1.3.RELEASE\spring-boot-starter-data-jpa-2.1.3.RELEASE.jar;C:\Users\Aluno.DESKTOP-3ASBCDM\.m2\repository\org\springframework\boot\spring-boot-starter-aop\2.1.3.RELEASE\spring-boot-starter-aop-2.1.3.RELEASE.jar;C:\Users\Aluno.DESKTOP-3ASBCDM\.m2\repository\org\springframework\spring-aop\5.1.5.RELEASE\spring-aop-5.1.5.RELEASE.jar;C:\Users\Aluno.DESKTOP-3ASBCDM\.m2\repository\org\aspectj\aspectjweaver\1.9.2\aspectjweaver-1.9.2.jar;C:\Users\Aluno.DESKTOP-3ASBCDM\.m2\repository\org\springframework\boot\spring-boot-starter-jdbc\2.1.3.RELEASE\spring-boot-starter-jdbc-2.1.3.RELEASE.jar;C:\Users\Aluno.DESKTOP-3ASBCDM\.m2\repository\com\zaxxer\HikariCP\3.2.0\HikariCP-3.2.0.jar;C:\Users\Aluno.DESKTOP-3ASBCDM\.m2\repository\org\springframework\spring-jdbc\5.1.5.RELEASE\spring-jdbc-5.1.5.RELEASE.jar;C:\Users\Aluno.DESKTOP-3ASBCDM\.m2\repository\javax\transaction\javax.transaction-api\1.3\javax.transaction-api-1.3.jar;C:\Users\Aluno.DESKTOP-3ASBCDM\.m2\repository\javax\xml\bind\jaxb-api\2.3.1\jaxb-api-2.3.1.jar;C:\Users\Aluno.DESKTOP-3ASBCDM\.m2\repository\javax\activation\javax.activation-api\1.2.0\javax.activation-api-1.2.0.jar;C:\Users\Aluno.DESKTOP-3ASBCDM\.m2\repository\org\hibernate\hibernate-core\5.3.7.Final\hibernate-core-5.3.7.Final.jar;C:\Users\Aluno.DESKTOP-3ASBCDM\.m2\repository\org\jboss\logging\jboss-logging\3.3.2.Final\jboss-logging-3.3.2.Final.jar;C:\Users\Aluno.DESKTOP-3ASBCDM\.m2\repository\javax\persistence\javax.persistence-api\2.2\javax.persistence-api-2.2.jar;C:\Users\Aluno.DESKTOP-3ASBCDM\.m2\repository\org\javassist\javassist\3.23.1-GA\javassist-3.23.1-GA.jar;C:\Users\Aluno.DESKTOP-3ASBCDM\.m2\repository\net\bytebuddy\byte-buddy\
Launcher Type: SUN_STANDARD

Environment Variables:
PATH=C:/Program Files/Java/jre1.8.0_66/bin/server;C:/Program Files/Java/jre1.8.0_66/bin;C:/Program Files/Java/jre1.8.0_66/lib/amd64;C:\ProgramData\Oracle\Java\javapath;C:\WINDOWS\system32;C:\WINDOWS;C:\WINDOWS\System32\Wbem;C:\WINDOWS\System32\WindowsPowerShell\v1.0\;C:\Program Files (x86)\MySQL\MySQL Fabric 1.5 & MySQL Utilities 1.5\;C:\Program Files (x86)\MySQL\MySQL Fabric 1.5 & MySQL Utilities 1.5\Doctrine extensions for PHP\;C:\WINDOWS\system32\config\systemprofile\.dnx\bin;C:\Program Files\Microsoft DNX\Dnvm\;C:\cygwin64;C:\Program Files\Microsoft SQL Server\Client SDK\ODBC\110\Tools\Binn\;C:\Program Files (x86)\Microsoft SQL Server\120\Tools\Binn\;C:\Program Files\Microsoft SQL Server\120\Tools\Binn\;C:\Program Files\Microsoft SQL Server\120\DTS\Binn\;C:\Program Files (x86)\Microsoft SQL Server\120\Tools\Binn\ManagementStudio\;C:\Program Files (x86)\Microsoft SQL Server\120\DTS\Binn\;C:\Program Files (x86)\Shield;C:\WINDOWS\System32\OpenSSH\;C:\Users\Aluno.DESKTOP-3ASBCDM\AppData\Local\Microsoft\WindowsApps;;C:\Users\Aluno.DESKTOP-3ASBCDM\Desktop;
USERNAME=Aluno
OS=Windows_NT
PROCESSOR_IDENTIFIER=Intel64 Family 6 Model 58 Stepping 9, GenuineIntel



---------------  S Y S T E M  ---------------

OS: Windows 10.0 , 64 bit Build 17134 (10.0.17134.648)

CPU:total 4 (2 cores per cpu, 2 threads per core) family 6 model 58 stepping 9, cmov, cx8, fxsr, mmx, sse, sse2, sse3, ssse3, sse4.1, sse4.2, popcnt, avx, clmul, erms, ht, tsc, tscinvbit, tscinv

Memory: 4k page, physical 4087612k(601284k free), swap 4087612k(5292k free)

vm_info: Java HotSpot(TM) 64-Bit Server VM (25.66-b18) for windows-amd64 JRE (1.8.0_66-b18), built on Nov  9 2015 10:51:13 by "java_re" with MS VC++ 10.0 (VS2010)

time: Mon Apr 08 14:58:47 2019
elapsed time: 24 seconds (0d 0h 0m 24s)

