#
# There is insufficient memory for the Java Runtime Environment to continue.
# Native memory allocation (malloc) failed to allocate 2221312 bytes for Chunk::new
# Possible reasons:
#   The system is out of physical RAM or swap space
#   In 32 bit mode, the process size limit was hit
# Possible solutions:
#   Reduce memory load on the system
#   Increase physical memory or swap space
#   Check if swap backing store is full
#   Use 64 bit Java on a 64 bit OS
#   Decrease Java heap size (-Xmx/-Xms)
#   Decrease number of Java threads
#   Decrease Java thread stack sizes (-Xss)
#   Set larger code cache with -XX:ReservedCodeCacheSize=
# This output file may be truncated or incomplete.
#
#  Out of Memory Error (allocation.cpp:390), pid=1692, tid=6260
#
# JRE version: Java(TM) SE Runtime Environment (8.0_66-b18) (build 1.8.0_66-b18)
# Java VM: Java HotSpot(TM) 64-Bit Server VM (25.66-b18 mixed mode windows-amd64 compressed oops)
# Failed to write core dump. Minidumps are not enabled by default on client versions of Windows
#

---------------  T H R E A D  ---------------

Current thread (0x0000000015100800):  JavaThread "C2 CompilerThread0" daemon [_thread_in_native, id=6260, stack(0x0000000016770000,0x0000000016870000)]

Stack: [0x0000000016770000,0x0000000016870000]
[error occurred during error reporting (printing stack bounds), id 0xc0000005]

Native frames: (J=compiled Java code, j=interpreted, Vv=VM code, C=native code)


Current CompileTask:
C2:  19452 5076   !   4       org.springframework.core.annotation.AnnotatedElementUtils::searchWithFindSemantics (774 bytes)


---------------  P R O C E S S  ---------------

Java Threads: ( => current thread )
  0x000000001a777800 JavaThread "DestroyJavaVM" [_thread_blocked, id=9516, stack(0x0000000002920000,0x0000000002a20000)]
  0x000000001a77c000 JavaThread "http-nio-8080-Acceptor-0" daemon [_thread_in_native, id=1764, stack(0x00000000200f0000,0x00000000201f0000)]
  0x000000001a779800 JavaThread "http-nio-8080-ClientPoller-1" daemon [_thread_in_native, id=2484, stack(0x000000001fff0000,0x00000000200f0000)]
  0x000000001a776000 JavaThread "http-nio-8080-ClientPoller-0" daemon [_thread_in_native, id=5388, stack(0x000000001fef0000,0x000000001fff0000)]
  0x000000001a779000 JavaThread "http-nio-8080-exec-10" daemon [_thread_blocked, id=2384, stack(0x000000001fdf0000,0x000000001fef0000)]
  0x000000001bce3000 JavaThread "http-nio-8080-exec-9" daemon [_thread_blocked, id=5904, stack(0x000000001fcf0000,0x000000001fdf0000)]
  0x000000001bce1800 JavaThread "http-nio-8080-exec-8" daemon [_thread_blocked, id=9364, stack(0x000000001fbf0000,0x000000001fcf0000)]
  0x000000001bcde800 JavaThread "http-nio-8080-exec-7" daemon [_thread_blocked, id=6608, stack(0x000000001faf0000,0x000000001fbf0000)]
  0x000000001bce0800 JavaThread "http-nio-8080-exec-6" daemon [_thread_blocked, id=2116, stack(0x000000001f9f0000,0x000000001faf0000)]
  0x000000001bcdf000 JavaThread "http-nio-8080-exec-5" daemon [_thread_blocked, id=5100, stack(0x000000001f8f0000,0x000000001f9f0000)]
  0x000000001bcdd800 JavaThread "http-nio-8080-exec-4" daemon [_thread_blocked, id=4772, stack(0x000000001f610000,0x000000001f710000)]
  0x000000001bce4800 JavaThread "http-nio-8080-exec-3" daemon [_thread_blocked, id=5912, stack(0x000000001f510000,0x000000001f610000)]
  0x000000001bce2000 JavaThread "http-nio-8080-exec-2" daemon [_thread_blocked, id=7288, stack(0x000000001f410000,0x000000001f510000)]
  0x000000001bce3800 JavaThread "http-nio-8080-exec-1" daemon [_thread_blocked, id=1276, stack(0x000000001f310000,0x000000001f410000)]
  0x000000001bce0000 JavaThread "NioBlockingSelector.BlockPoller-1" daemon [_thread_in_native, id=7924, stack(0x000000001e770000,0x000000001e870000)]
  0x00000000185fe000 JavaThread "HikariPool-1 connection adder" daemon [_thread_blocked, id=7260, stack(0x000000001ddd0000,0x000000001ded0000)]
  0x00000000189b6800 JavaThread "HikariPool-1 housekeeper" daemon [_thread_blocked, id=4324, stack(0x000000001dcd0000,0x000000001ddd0000)]
  0x000000001a279800 JavaThread "PostgreSQL-JDBC-SharedTimer-1" daemon [_thread_blocked, id=3236, stack(0x000000001dbd0000,0x000000001dcd0000)]
  0x000000001a99e800 JavaThread "container-0" [_thread_blocked, id=3776, stack(0x000000001b3a0000,0x000000001b4a0000)]
  0x000000001a0b6800 JavaThread "Catalina-utility-2" [_thread_blocked, id=2796, stack(0x000000001b2a0000,0x000000001b3a0000)]
  0x000000001a629000 JavaThread "Catalina-utility-1" [_thread_blocked, id=3796, stack(0x000000001b1a0000,0x000000001b2a0000)]
  0x0000000016aa0800 JavaThread "Service Thread" daemon [_thread_blocked, id=1880, stack(0x0000000016e70000,0x0000000016f70000)]
  0x0000000015115800 JavaThread "C1 CompilerThread2" daemon [_thread_blocked, id=7644, stack(0x0000000016970000,0x0000000016a70000)]
  0x0000000015102800 JavaThread "C2 CompilerThread1" daemon [_thread_blocked, id=8616, stack(0x0000000016870000,0x0000000016970000)]
=>0x0000000015100800 JavaThread "C2 CompilerThread0" daemon [_thread_in_native, id=6260, stack(0x0000000016770000,0x0000000016870000)]
  0x00000000150ff000 JavaThread "Attach Listener" daemon [_thread_blocked, id=9896, stack(0x0000000016670000,0x0000000016770000)]
  0x00000000150fe000 JavaThread "Signal Dispatcher" daemon [_thread_blocked, id=7920, stack(0x0000000016570000,0x0000000016670000)]
  0x0000000002b19800 JavaThread "Finalizer" daemon [_thread_blocked, id=5420, stack(0x0000000016360000,0x0000000016460000)]
  0x0000000002b11800 JavaThread "Reference Handler" daemon [_thread_blocked, id=2684, stack(0x0000000016260000,0x0000000016360000)]

Other Threads:
  0x00000000150c7000 VMThread [stack: 0x0000000016160000,0x0000000016260000] [id=6900]
  0x000000001515e800 WatcherThread [stack: 0x0000000016f70000,0x0000000017070000] [id=1788]

VM state:not at safepoint (normal execution)

VM Mutex/Monitor currently owned by a thread: None

Heap:
 PSYoungGen      total 137216K, used 12462K [0x00000000eb380000, 0x00000000f6480000, 0x0000000100000000)
  eden space 121344K, 10% used [0x00000000eb380000,0x00000000ebfab9b0,0x00000000f2a00000)
  from space 15872K, 0% used [0x00000000f2a00000,0x00000000f2a00000,0x00000000f3980000)
  to   space 16384K, 0% used [0x00000000f5480000,0x00000000f5480000,0x00000000f6480000)
 ParOldGen       total 60928K, used 29799K [0x00000000c1a00000, 0x00000000c5580000, 0x00000000eb380000)
  object space 60928K, 48% used [0x00000000c1a00000,0x00000000c3719f18,0x00000000c5580000)
 Metaspace       used 56957K, capacity 59608K, committed 59904K, reserved 1101824K
  class space    used 7883K, capacity 8340K, committed 8448K, reserved 1048576K

Card table byte_map: [0x0000000011ee0000,0x00000000120e0000] byte_map_base: 0x00000000118d3000

Marking Bits: (ParMarkBitMap*) 0x0000000069b1a5b0
 Begin Bits: [0x0000000012630000, 0x00000000135c8000)
 End Bits:   [0x00000000135c8000, 0x0000000014560000)

Polling page: 0x0000000000e80000

CodeCache: size=245760Kb used=15225Kb max_used=15264Kb free=230534Kb
 bounds [0x0000000002b20000, 0x0000000003a30000, 0x0000000011b20000]
 total_blobs=5049 nmethods=4520 adapters=441
 compilation: enabled

Compilation events (10 events):
Event: 18.753 Thread 0x0000000015115800 nmethod 5111 0x0000000003a13310 code [0x0000000003a134a0, 0x0000000003a137c8]
Event: 18.753 Thread 0x0000000015115800 5112       2       org.springframework.util.ConcurrentReferenceHashMap$Segment::createReferenceArray (5 bytes)
Event: 18.754 Thread 0x0000000015115800 nmethod 5112 0x0000000003a12f50 code [0x0000000003a130a0, 0x0000000003a13270]
Event: 18.755 Thread 0x0000000015115800 5113       2       org.springframework.util.ConcurrentReferenceHashMap$EntryIterator::moveToNextSegment (55 bytes)
Event: 18.755 Thread 0x0000000015115800 nmethod 5113 0x0000000003a12ad0 code [0x0000000003a12c20, 0x0000000003a12e10]
Event: 18.771 Thread 0x0000000015100800 nmethod 4979 0x00000000037596d0 code [0x0000000003759ae0, 0x000000000375c3e8]
Event: 18.771 Thread 0x0000000015100800 5076   !   4       org.springframework.core.annotation.AnnotatedElementUtils::searchWithFindSemantics (774 bytes)
Event: 18.912 Thread 0x0000000015102800 nmethod 4926 0x0000000003a179d0 code [0x0000000003a18c40, 0x0000000003a21260]
Event: 18.913 Thread 0x0000000015102800 4726       4       org.springframework.asm.ByteVector::putInt (74 bytes)
Event: 18.915 Thread 0x0000000015102800 nmethod 4726 0x0000000003a0f5d0 code [0x0000000003a0f720, 0x0000000003a0fa38]

GC Heap History (10 events):
Event: 4.321 GC heap before
{Heap before GC invocations=10 (full 1):
 PSYoungGen      total 103424K, used 87135K [0x00000000eb380000, 0x00000000f2380000, 0x0000000100000000)
  eden space 96256K, 83% used [0x00000000eb380000,0x00000000f0198bf8,0x00000000f1180000)
  from space 7168K, 99% used [0x00000000f1b00000,0x00000000f21ff248,0x00000000f2200000)
  to   space 9216K, 0% used [0x00000000f1180000,0x00000000f1180000,0x00000000f1a80000)
 ParOldGen       total 34816K, used 10281K [0x00000000c1a00000, 0x00000000c3c00000, 0x00000000eb380000)
  object space 34816K, 29% used [0x00000000c1a00000,0x00000000c240a5a0,0x00000000c3c00000)
 Metaspace       used 33837K, capacity 35378K, committed 35456K, reserved 1079296K
  class space    used 4432K, capacity 4717K, committed 4736K, reserved 1048576K
Event: 4.338 GC heap after
Heap after GC invocations=10 (full 1):
 PSYoungGen      total 105472K, used 9204K [0x00000000eb380000, 0x00000000f4600000, 0x0000000100000000)
  eden space 96256K, 0% used [0x00000000eb380000,0x00000000eb380000,0x00000000f1180000)
  from space 9216K, 99% used [0x00000000f1180000,0x00000000f1a7d368,0x00000000f1a80000)
  to   space 12800K, 0% used [0x00000000f3980000,0x00000000f3980000,0x00000000f4600000)
 ParOldGen       total 34816K, used 15960K [0x00000000c1a00000, 0x00000000c3c00000, 0x00000000eb380000)
  object space 34816K, 45% used [0x00000000c1a00000,0x00000000c2996280,0x00000000c3c00000)
 Metaspace       used 33837K, capacity 35378K, committed 35456K, reserved 1079296K
  class space    used 4432K, capacity 4717K, committed 4736K, reserved 1048576K
}
Event: 4.338 GC heap before
{Heap before GC invocations=11 (full 2):
 PSYoungGen      total 105472K, used 9204K [0x00000000eb380000, 0x00000000f4600000, 0x0000000100000000)
  eden space 96256K, 0% used [0x00000000eb380000,0x00000000eb380000,0x00000000f1180000)
  from space 9216K, 99% used [0x00000000f1180000,0x00000000f1a7d368,0x00000000f1a80000)
  to   space 12800K, 0% used [0x00000000f3980000,0x00000000f3980000,0x00000000f4600000)
 ParOldGen       total 34816K, used 15960K [0x00000000c1a00000, 0x00000000c3c00000, 0x00000000eb380000)
  object space 34816K, 45% used [0x00000000c1a00000,0x00000000c2996280,0x00000000c3c00000)
 Metaspace       used 33837K, capacity 35378K, committed 35456K, reserved 1079296K
  class space    used 4432K, capacity 4717K, committed 4736K, reserved 1048576K
Event: 4.401 GC heap after
Heap after GC invocations=11 (full 2):
 PSYoungGen      total 105472K, used 0K [0x00000000eb380000, 0x00000000f4600000, 0x0000000100000000)
  eden space 96256K, 0% used [0x00000000eb380000,0x00000000eb380000,0x00000000f1180000)
  from space 9216K, 0% used [0x00000000f1180000,0x00000000f1180000,0x00000000f1a80000)
  to   space 12800K, 0% used [0x00000000f3980000,0x00000000f3980000,0x00000000f4600000)
 ParOldGen       total 60928K, used 19203K [0x00000000c1a00000, 0x00000000c5580000, 0x00000000eb380000)
  object space 60928K, 31% used [0x00000000c1a00000,0x00000000c2cc0c78,0x00000000c5580000)
 Metaspace       used 33837K, capacity 35378K, committed 35456K, reserved 1079296K
  class space    used 4432K, capacity 4717K, committed 4736K, reserved 1048576K
}
Event: 7.598 GC heap before
{Heap before GC invocations=12 (full 2):
 PSYoungGen      total 105472K, used 96256K [0x00000000eb380000, 0x00000000f4600000, 0x0000000100000000)
  eden space 96256K, 100% used [0x00000000eb380000,0x00000000f1180000,0x00000000f1180000)
  from space 9216K, 0% used [0x00000000f1180000,0x00000000f1180000,0x00000000f1a80000)
  to   space 12800K, 0% used [0x00000000f3980000,0x00000000f3980000,0x00000000f4600000)
 ParOldGen       total 60928K, used 19203K [0x00000000c1a00000, 0x00000000c5580000, 0x00000000eb380000)
  object space 60928K, 31% used [0x00000000c1a00000,0x00000000c2cc0c78,0x00000000c5580000)
 Metaspace       used 48940K, capacity 50578K, committed 50944K, reserved 1093632K
  class space    used 6748K, capacity 7073K, committed 7168K, reserved 1048576K
Event: 7.619 GC heap after
Heap after GC invocations=12 (full 2):
 PSYoungGen      total 134144K, used 12793K [0x00000000eb380000, 0x00000000f4900000, 0x0000000100000000)
  eden space 121344K, 0% used [0x00000000eb380000,0x00000000eb380000,0x00000000f2a00000)
  from space 12800K, 99% used [0x00000000f3980000,0x00000000f45fe5d8,0x00000000f4600000)
  to   space 15872K, 0% used [0x00000000f2a00000,0x00000000f2a00000,0x00000000f3980000)
 ParOldGen       total 60928K, used 22078K [0x00000000c1a00000, 0x00000000c5580000, 0x00000000eb380000)
  object space 60928K, 36% used [0x00000000c1a00000,0x00000000c2f8fb88,0x00000000c5580000)
 Metaspace       used 48940K, capacity 50578K, committed 50944K, reserved 1093632K
  class space    used 6748K, capacity 7073K, committed 7168K, reserved 1048576K
}
Event: 18.366 GC heap before
{Heap before GC invocations=13 (full 2):
 PSYoungGen      total 134144K, used 114005K [0x00000000eb380000, 0x00000000f4900000, 0x0000000100000000)
  eden space 121344K, 83% used [0x00000000eb380000,0x00000000f1657040,0x00000000f2a00000)
  from space 12800K, 99% used [0x00000000f3980000,0x00000000f45fe5d8,0x00000000f4600000)
  to   space 15872K, 0% used [0x00000000f2a00000,0x00000000f2a00000,0x00000000f3980000)
 ParOldGen       total 60928K, used 22078K [0x00000000c1a00000, 0x00000000c5580000, 0x00000000eb380000)
  object space 60928K, 36% used [0x00000000c1a00000,0x00000000c2f8fb88,0x00000000c5580000)
 Metaspace       used 56443K, capacity 58992K, committed 59096K, reserved 1099776K
  class space    used 7784K, capacity 8216K, committed 8320K, reserved 1048576K
Event: 18.393 GC heap after
Heap after GC invocations=13 (full 2):
 PSYoungGen      total 137216K, used 10986K [0x00000000eb380000, 0x00000000f6480000, 0x0000000100000000)
  eden space 121344K, 0% used [0x00000000eb380000,0x00000000eb380000,0x00000000f2a00000)
  from space 15872K, 69% used [0x00000000f2a00000,0x00000000f34ba820,0x00000000f3980000)
  to   space 16384K, 0% used [0x00000000f5480000,0x00000000f5480000,0x00000000f6480000)
 ParOldGen       total 60928K, used 25748K [0x00000000c1a00000, 0x00000000c5580000, 0x00000000eb380000)
  object space 60928K, 42% used [0x00000000c1a00000,0x00000000c3325248,0x00000000c5580000)
 Metaspace       used 56443K, capacity 58992K, committed 59096K, reserved 1099776K
  class space    used 7784K, capacity 8216K, committed 8320K, reserved 1048576K
}
Event: 18.393 GC heap before
{Heap before GC invocations=14 (full 3):
 PSYoungGen      total 137216K, used 10986K [0x00000000eb380000, 0x00000000f6480000, 0x0000000100000000)
  eden space 121344K, 0% used [0x00000000eb380000,0x00000000eb380000,0x00000000f2a00000)
  from space 15872K, 69% used [0x00000000f2a00000,0x00000000f34ba820,0x00000000f3980000)
  to   space 16384K, 0% used [0x00000000f5480000,0x00000000f5480000,0x00000000f6480000)
 ParOldGen       total 60928K, used 25748K [0x00000000c1a00000, 0x00000000c5580000, 0x00000000eb380000)
  object space 60928K, 42% used [0x00000000c1a00000,0x00000000c3325248,0x00000000c5580000)
 Metaspace       used 56443K, capacity 58992K, committed 59096K, reserved 1099776K
  class space    used 7784K, capacity 8216K, committed 8320K, reserved 1048576K
Event: 18.579 GC heap after
Heap after GC invocations=14 (full 3):
 PSYoungGen      total 137216K, used 0K [0x00000000eb380000, 0x00000000f6480000, 0x0000000100000000)
  eden space 121344K, 0% used [0x00000000eb380000,0x00000000eb380000,0x00000000f2a00000)
  from space 15872K, 0% used [0x00000000f2a00000,0x00000000f2a00000,0x00000000f3980000)
  to   space 16384K, 0% used [0x00000000f5480000,0x00000000f5480000,0x00000000f6480000)
 ParOldGen       total 60928K, used 29799K [0x00000000c1a00000, 0x00000000c5580000, 0x00000000eb380000)
  object space 60928K, 48% used [0x00000000c1a00000,0x00000000c3719f18,0x00000000c5580000)
 Metaspace       used 56443K, capacity 58992K, committed 59096K, reserved 1099776K
  class space    used 7784K, capacity 8216K, committed 8320K, reserved 1048576K
}

Deoptimization events (10 events):
Event: 17.844 Thread 0x0000000002a24800 Uncommon trap: reason=class_check action=maybe_recompile pc=0x0000000002d86350 method=sun.reflect.generics.reflectiveObjects.TypeVariableImpl.hashCode()I @ 4
Event: 17.848 Thread 0x0000000002a24800 Uncommon trap: reason=unstable_if action=reinterpret pc=0x000000000377f148 method=java.util.concurrent.ConcurrentHashMap.putVal(Ljava/lang/Object;Ljava/lang/Object;Z)Ljava/lang/Object; @ 331
Event: 17.849 Thread 0x0000000002a24800 Uncommon trap: reason=unstable_if action=reinterpret pc=0x00000000035710c8 method=java.util.concurrent.ConcurrentHashMap.get(Ljava/lang/Object;)Ljava/lang/Object; @ 86
Event: 17.894 Thread 0x0000000002a24800 Uncommon trap: reason=null_check action=make_not_entrant pc=0x0000000003969274 method=org.springframework.core.annotation.AnnotatedElementUtils.searchWithGetSemanticsInAnnotations(Ljava/lang/reflect/AnnotatedElement;Ljava/util/List;Ljava/util/Set;Ljava/lan¡√I”72@
Event: 18.215 Thread 0x0000000002a24800 Uncommon trap: reason=unstable_if action=reinterpret pc=0x00000000038998d0 method=org.springframework.beans.factory.support.AbstractBeanFactory.isTypeMatch(Ljava/lang/String;Lorg/springframework/core/ResolvableType;)Z @ 26
Event: 18.254 Thread 0x0000000002a24800 Uncommon trap: reason=unstable_if action=reinterpret pc=0x0000000002ef4098 method=java.util.concurrent.ConcurrentHashMap.transfer([Ljava/util/concurrent/ConcurrentHashMap$Node;[Ljava/util/concurrent/ConcurrentHashMap$Node;)V @ 356
Event: 18.256 Thread 0x0000000002a24800 Uncommon trap: reason=unstable_if action=reinterpret pc=0x0000000002eb87e0 method=java.util.concurrent.ConcurrentHashMap.transfer([Ljava/util/concurrent/ConcurrentHashMap$Node;[Ljava/util/concurrent/ConcurrentHashMap$Node;)V @ 356
Event: 18.711 Thread 0x0000000002a24800 Uncommon trap: reason=unstable_if action=reinterpret pc=0x00000000034fc914 method=org.springframework.util.ConcurrentReferenceHashMap$Segment.clear()V @ 4
Event: 18.752 Thread 0x0000000002a24800 Uncommon trap: reason=bimorphic action=maybe_recompile pc=0x00000000035ef50c method=java.util.Hashtable.get(Ljava/lang/Object;)Ljava/lang/Object; @ 6
Event: 18.752 Thread 0x0000000002a24800 Uncommon trap: reason=bimorphic action=maybe_recompile pc=0x00000000035ef50c method=java.util.Hashtable.get(Ljava/lang/Object;)Ljava/lang/Object; @ 6

Internal exceptions (10 events):
Event: 17.894 Thread 0x0000000002a24800 Implicit null exception at 0x0000000003966f76 to 0x0000000003969241
Event: 17.903 Thread 0x0000000002a24800 Exception <a 'java/lang/ClassNotFoundException': java/lang/ObjectCustomizer> (0x00000000efc82ed0) thrown at [C:\re\workspace\8-2-build-windows-amd64-cygwin\jdk8u66\5298\hotspot\src\share\vm\classfile\systemDictionary.cpp, line 210]
Event: 17.905 Thread 0x0000000002a24800 Exception <a 'java/lang/ClassNotFoundException': br/com/db1/pedidos/pedidos/api/domain/entity/PedidoItemCustomizer> (0x00000000efc998e0) thrown at [C:\re\workspace\8-2-build-windows-amd64-cygwin\jdk8u66\5298\hotspot\src\share\vm\classfile\systemDictionary.ñéDÍ1@
Event: 17.916 Thread 0x0000000002a24800 Exception <a 'java/lang/ClassNotFoundException': java/lang/ObjectCustomizer> (0x00000000efce9ee0) thrown at [C:\re\workspace\8-2-build-windows-amd64-cygwin\jdk8u66\5298\hotspot\src\share\vm\classfile\systemDictionary.cpp, line 210]
Event: 17.917 Thread 0x0000000002a24800 Exception <a 'java/lang/ClassNotFoundException': br/com/db1/pedidos/pedidos/api/domain/entity/PedidoCustomizer> (0x00000000efd00058) thrown at [C:\re\workspace\8-2-build-windows-amd64-cygwin\jdk8u66\5298\hotspot\src\share\vm\classfile\systemDictionary.cpp,
Event: 17.923 Thread 0x0000000002a24800 Exception <a 'java/lang/ClassNotFoundException': java/lang/ObjectCustomizer> (0x00000000efd3b5f0) thrown at [C:\re\workspace\8-2-build-windows-amd64-cygwin\jdk8u66\5298\hotspot\src\share\vm\classfile\systemDictionary.cpp, line 210]
Event: 17.923 Thread 0x0000000002a24800 Exception <a 'java/lang/ClassNotFoundException': br/com/db1/pedidos/pedidos/api/domain/entity/HistoricoCustomizer> (0x00000000efd51f80) thrown at [C:\re\workspace\8-2-build-windows-amd64-cygwin\jdk8u66\5298\hotspot\src\share\vm\classfile\systemDictionary.cÃC∂÷Ô1@
Event: 17.937 Thread 0x0000000002a24800 Exception <a 'java/lang/reflect/InvocationTargetException'> (0x00000000efdd55c0) thrown at [C:\re\workspace\8-2-build-windows-amd64-cygwin\jdk8u66\5298\hotspot\src\share\vm\runtime\reflection.cpp, line 1092]
Event: 17.959 Thread 0x0000000002a24800 Exception <a 'java/lang/reflect/InvocationTargetException'> (0x00000000efe9e130) thrown at [C:\re\workspace\8-2-build-windows-amd64-cygwin\jdk8u66\5298\hotspot\src\share\vm\runtime\reflection.cpp, line 1092]
Event: 17.985 Thread 0x0000000002a24800 Exception <a 'java/lang/reflect/InvocationTargetException'> (0x00000000eff63348) thrown at [C:\re\workspace\8-2-build-windows-amd64-cygwin\jdk8u66\5298\hotspot\src\share\vm\runtime\reflection.cpp, line 1092]

Events (10 events):
Event: 18.757 Executing VM operation: RevokeBias
Event: 18.758 Executing VM operation: RevokeBias done
Event: 18.758 loading class org/springframework/boot/ApplicationRunner
Event: 18.758 loading class org/springframework/boot/ApplicationRunner done
Event: 18.759 loading class org/springframework/boot/CommandLineRunner
Event: 18.759 loading class org/springframework/boot/CommandLineRunner done
Event: 18.760 Thread 0x0000000002a24800 Thread exited: 0x0000000002a24800
Event: 18.760 Thread 0x000000001a777800 Thread added: 0x000000001a777800
Event: 18.760 loading class org/apache/coyote/AbstractProtocol$2
Event: 18.760 loading class org/apache/coyote/AbstractProtocol$2 done


Dynamic libraries:
0x00007ff7b4130000 - 0x00007ff7b4167000 	C:\Program Files\Java\jre1.8.0_66\bin\javaw.exe
0x00007ffafaa10000 - 0x00007ffafabf1000 	C:\WINDOWS\SYSTEM32\ntdll.dll
0x00007ffaf90b0000 - 0x00007ffaf9162000 	C:\WINDOWS\System32\KERNEL32.DLL
0x00007ffaf7460000 - 0x00007ffaf76d3000 	C:\WINDOWS\System32\KERNELBASE.dll
0x00007ffaf8170000 - 0x00007ffaf8211000 	C:\WINDOWS\System32\ADVAPI32.dll
0x00007ffafa8e0000 - 0x00007ffafa97e000 	C:\WINDOWS\System32\msvcrt.dll
0x00007ffaf85c0000 - 0x00007ffaf861b000 	C:\WINDOWS\System32\sechost.dll
0x00007ffaf8aa0000 - 0x00007ffaf8bc4000 	C:\WINDOWS\System32\RPCRT4.dll
0x00007ffaf7ea0000 - 0x00007ffaf8030000 	C:\WINDOWS\System32\USER32.dll
0x00007ffaf6fd0000 - 0x00007ffaf6ff0000 	C:\WINDOWS\System32\win32u.dll
0x00007ffaf80e0000 - 0x00007ffaf8108000 	C:\WINDOWS\System32\GDI32.dll
0x00007ffaf7140000 - 0x00007ffaf72d2000 	C:\WINDOWS\System32\gdi32full.dll
0x00007ffaf70a0000 - 0x00007ffaf713f000 	C:\WINDOWS\System32\msvcp_win.dll
0x00007ffaf7360000 - 0x00007ffaf7458000 	C:\WINDOWS\System32\ucrtbase.dll
0x00007ffaec2f0000 - 0x00007ffaec559000 	C:\WINDOWS\WinSxS\amd64_microsoft.windows.common-controls_6595b64144ccf1df_6.0.17134.648_none_fb45a0e93062a6d2\COMCTL32.dll
0x00007ffafa5b0000 - 0x00007ffafa8d2000 	C:\WINDOWS\System32\combase.dll
0x00007ffaf72e0000 - 0x00007ffaf735a000 	C:\WINDOWS\System32\bcryptPrimitives.dll
0x00007ffaf8590000 - 0x00007ffaf85bd000 	C:\WINDOWS\System32\IMM32.DLL
0x0000000069160000 - 0x0000000069232000 	C:\Program Files\Java\jre1.8.0_66\bin\msvcr100.dll
0x0000000069310000 - 0x0000000069b99000 	C:\Program Files\Java\jre1.8.0_66\bin\server\jvm.dll
0x00007ffaf90a0000 - 0x00007ffaf90a8000 	C:\WINDOWS\System32\PSAPI.DLL
0x00007ffae8680000 - 0x00007ffae8689000 	C:\WINDOWS\SYSTEM32\WSOCK32.dll
0x00007ffaf4600000 - 0x00007ffaf4623000 	C:\WINDOWS\SYSTEM32\WINMM.dll
0x00007ffaf87d0000 - 0x00007ffaf883c000 	C:\WINDOWS\System32\WS2_32.dll
0x00007ffaec120000 - 0x00007ffaec12a000 	C:\WINDOWS\SYSTEM32\VERSION.dll
0x00007ffaf45d0000 - 0x00007ffaf45fa000 	C:\WINDOWS\SYSTEM32\WINMMBASE.dll
0x00007ffaf7050000 - 0x00007ffaf7099000 	C:\WINDOWS\System32\cfgmgr32.dll
0x0000000069300000 - 0x000000006930f000 	C:\Program Files\Java\jre1.8.0_66\bin\verify.dll
0x00000000692d0000 - 0x00000000692f9000 	C:\Program Files\Java\jre1.8.0_66\bin\java.dll
0x00000000692b0000 - 0x00000000692c6000 	C:\Program Files\Java\jre1.8.0_66\bin\zip.dll
0x00007ffaf9170000 - 0x00007ffafa5b0000 	C:\WINDOWS\System32\SHELL32.dll
0x00007ffaf8030000 - 0x00007ffaf80d9000 	C:\WINDOWS\System32\shcore.dll
0x00007ffaf7790000 - 0x00007ffaf7e9d000 	C:\WINDOWS\System32\windows.storage.dll
0x00007ffaf8310000 - 0x00007ffaf8361000 	C:\WINDOWS\System32\shlwapi.dll
0x00007ffaf6d50000 - 0x00007ffaf6d61000 	C:\WINDOWS\System32\kernel.appcore.dll
0x00007ffaf6d30000 - 0x00007ffaf6d4f000 	C:\WINDOWS\System32\profapi.dll
0x00007ffaf6d90000 - 0x00007ffaf6ddc000 	C:\WINDOWS\System32\powrprof.dll
0x00007ffaf6d20000 - 0x00007ffaf6d2a000 	C:\WINDOWS\System32\FLTLIB.DLL
0x0000000069150000 - 0x000000006915d000 	C:\Program Files\Java\jre1.8.0_66\bin\management.dll
0x0000000069290000 - 0x00000000692aa000 	C:\Program Files\Java\jre1.8.0_66\bin\net.dll
0x00007ffaf6540000 - 0x00007ffaf65a6000 	C:\WINDOWS\system32\mswsock.dll
0x00007ffaec2d0000 - 0x00007ffaec2e6000 	C:\WINDOWS\system32\napinsp.dll
0x00007ffaec2b0000 - 0x00007ffaec2ca000 	C:\WINDOWS\system32\pnrpnsp.dll
0x00007ffaf3520000 - 0x00007ffaf3539000 	C:\WINDOWS\system32\NLAapi.dll
0x00007ffaf6300000 - 0x00007ffaf63be000 	C:\WINDOWS\SYSTEM32\DNSAPI.dll
0x00007ffaf8620000 - 0x00007ffaf8628000 	C:\WINDOWS\System32\NSI.dll
0x00007ffaf62c0000 - 0x00007ffaf62f8000 	C:\WINDOWS\SYSTEM32\IPHLPAPI.DLL
0x00007ffaed5d0000 - 0x00007ffaed5de000 	C:\WINDOWS\System32\winrnr.dll
0x00007ffaeda60000 - 0x00007ffaeda6a000 	C:\Windows\System32\rasadhlp.dll
0x00007ffaede50000 - 0x00007ffaedec2000 	C:\WINDOWS\System32\fwpuclnt.dll
0x00007ffaf6880000 - 0x00007ffaf68a5000 	C:\WINDOWS\SYSTEM32\bcrypt.dll
0x0000000069270000 - 0x0000000069281000 	C:\Program Files\Java\jre1.8.0_66\bin\nio.dll
0x00007ffaf6750000 - 0x00007ffaf6767000 	C:\WINDOWS\SYSTEM32\CRYPTSP.dll
0x00007ffaf6120000 - 0x00007ffaf6153000 	C:\WINDOWS\system32\rsaenh.dll
0x00007ffaf6c20000 - 0x00007ffaf6c48000 	C:\WINDOWS\SYSTEM32\USERENV.dll
0x00007ffaf6770000 - 0x00007ffaf677b000 	C:\WINDOWS\SYSTEM32\CRYPTBASE.dll
0x00007ffaef9b0000 - 0x00007ffaef9c6000 	C:\WINDOWS\SYSTEM32\dhcpcsvc6.DLL
0x00007ffaef990000 - 0x00007ffaef9aa000 	C:\WINDOWS\SYSTEM32\dhcpcsvc.DLL
0x0000000069240000 - 0x0000000069264000 	C:\Program Files\Java\jre1.8.0_66\bin\sunec.dll

VM Arguments:
jvm_args: -Dfile.encoding=UTF-8 
java_command: br.com.db1.pedidos.pedidos.api.Application
java_class_path (initial): D:\DB1\Db1StartJava2\pedidos.api\target\classes;C:\Users\Aluno.DESKTOP-3ASBCDM\.m2\repository\org\postgresql\postgresql\42.2.5\postgresql-42.2.5.jar;C:\Users\Aluno.DESKTOP-3ASBCDM\.m2\repository\org\springframework\boot\spring-boot-starter-data-jpa\2.1.3.RELEASE\spring-boot-starter-data-jpa-2.1.3.RELEASE.jar;C:\Users\Aluno.DESKTOP-3ASBCDM\.m2\repository\org\springframework\boot\spring-boot-starter-aop\2.1.3.RELEASE\spring-boot-starter-aop-2.1.3.RELEASE.jar;C:\Users\Aluno.DESKTOP-3ASBCDM\.m2\repository\org\springframework\spring-aop\5.1.5.RELEASE\spring-aop-5.1.5.RELEASE.jar;C:\Users\Aluno.DESKTOP-3ASBCDM\.m2\repository\org\aspectj\aspectjweaver\1.9.2\aspectjweaver-1.9.2.jar;C:\Users\Aluno.DESKTOP-3ASBCDM\.m2\repository\org\springframework\boot\spring-boot-starter-jdbc\2.1.3.RELEASE\spring-boot-starter-jdbc-2.1.3.RELEASE.jar;C:\Users\Aluno.DESKTOP-3ASBCDM\.m2\repository\com\zaxxer\HikariCP\3.2.0\HikariCP-3.2.0.jar;C:\Users\Aluno.DESKTOP-3ASBCDM\.m2\repository\org\springframework\spring-jdbc\5.1.5.RELEASE\spring-jdbc-5.1.5.RELEASE.jar;C:\Users\Aluno.DESKTOP-3ASBCDM\.m2\repository\javax\transaction\javax.transaction-api\1.3\javax.transaction-api-1.3.jar;C:\Users\Aluno.DESKTOP-3ASBCDM\.m2\repository\javax\xml\bind\jaxb-api\2.3.1\jaxb-api-2.3.1.jar;C:\Users\Aluno.DESKTOP-3ASBCDM\.m2\repository\javax\activation\javax.activation-api\1.2.0\javax.activation-api-1.2.0.jar;C:\Users\Aluno.DESKTOP-3ASBCDM\.m2\repository\org\hibernate\hibernate-core\5.3.7.Final\hibernate-core-5.3.7.Final.jar;C:\Users\Aluno.DESKTOP-3ASBCDM\.m2\repository\org\jboss\logging\jboss-logging\3.3.2.Final\jboss-logging-3.3.2.Final.jar;C:\Users\Aluno.DESKTOP-3ASBCDM\.m2\repository\javax\persistence\javax.persistence-api\2.2\javax.persistence-api-2.2.jar;C:\Users\Aluno.DESKTOP-3ASBCDM\.m2\repository\org\javassist\javassist\3.23.1-GA\javassist-3.23.1-GA.jar;C:\Users\Aluno.DESKTOP-3ASBCDM\.m2\repository\net\bytebuddy\byte-buddy\1.9.10\byte-buddy-1.9.10.jar;C:\Users\Aluno.DESKTOP-3
Launcher Type: SUN_STANDARD

Environment Variables:
PATH=C:/Program Files/Java/jre1.8.0_66/bin/server;C:/Program Files/Java/jre1.8.0_66/bin;C:/Program Files/Java/jre1.8.0_66/lib/amd64;C:\ProgramData\Oracle\Java\javapath;C:\WINDOWS\system32;C:\WINDOWS;C:\WINDOWS\System32\Wbem;C:\WINDOWS\System32\WindowsPowerShell\v1.0\;C:\Program Files (x86)\MySQL\MySQL Fabric 1.5 & MySQL Utilities 1.5\;C:\Program Files (x86)\MySQL\MySQL Fabric 1.5 & MySQL Utilities 1.5\Doctrine extensions for PHP\;C:\WINDOWS\system32\config\systemprofile\.dnx\bin;C:\Program Files\Microsoft DNX\Dnvm\;C:\cygwin64;C:\Program Files\Microsoft SQL Server\Client SDK\ODBC\110\Tools\Binn\;C:\Program Files (x86)\Microsoft SQL Server\120\Tools\Binn\;C:\Program Files\Microsoft SQL Server\120\Tools\Binn\;C:\Program Files\Microsoft SQL Server\120\DTS\Binn\;C:\Program Files (x86)\Microsoft SQL Server\120\Tools\Binn\ManagementStudio\;C:\Program Files (x86)\Microsoft SQL Server\120\DTS\Binn\;C:\Program Files (x86)\Shield;C:\WINDOWS\System32\OpenSSH\;C:\Users\Aluno.DESKTOP-3ASBCDM\AppData\Local\Microsoft\WindowsApps;;C:\Users\Aluno.DESKTOP-3ASBCDM\Desktop;
USERNAME=Aluno
OS=Windows_NT
PROCESSOR_IDENTIFIER=Intel64 Family 6 Model 58 Stepping 9, GenuineIntel



---------------  S Y S T E M  ---------------

OS: Windows 10.0 , 64 bit Build 17134 (10.0.17134.648)

CPU:total 4 (2 cores per cpu, 2 threads per core) family 6 model 58 stepping 9, cmov, cx8, fxsr, mmx, sse, sse2, sse3, ssse3, sse4.1, sse4.2, popcnt, avx, clmul, erms, ht, tsc, tscinvbit, tscinv

Memory: 4k page, physical 4087612k(504080k free), swap 4087612k(7172k free)

vm_info: Java HotSpot(TM) 64-Bit Server VM (25.66-b18) for windows-amd64 JRE (1.8.0_66-b18), built on Nov  9 2015 10:51:13 by "java_re" with MS VC++ 10.0 (VS2010)

time: Tue Apr 09 16:26:58 2019
elapsed time: 19 seconds (0d 0h 0m 19s)

