#
# There is insufficient memory for the Java Runtime Environment to continue.
# Native memory allocation (malloc) failed to allocate 1913696 bytes for Chunk::new
# Possible reasons:
#   The system is out of physical RAM or swap space
#   In 32 bit mode, the process size limit was hit
# Possible solutions:
#   Reduce memory load on the system
#   Increase physical memory or swap space
#   Check if swap backing store is full
#   Use 64 bit Java on a 64 bit OS
#   Decrease Java heap size (-Xmx/-Xms)
#   Decrease number of Java threads
#   Decrease Java thread stack sizes (-Xss)
#   Set larger code cache with -XX:ReservedCodeCacheSize=
# This output file may be truncated or incomplete.
#
#  Out of Memory Error (allocation.cpp:390), pid=5460, tid=8480
#
# JRE version: Java(TM) SE Runtime Environment (8.0_66-b18) (build 1.8.0_66-b18)
# Java VM: Java HotSpot(TM) 64-Bit Server VM (25.66-b18 mixed mode windows-amd64 compressed oops)
# Failed to write core dump. Minidumps are not enabled by default on client versions of Windows
#

---------------  T H R E A D  ---------------

Current thread (0x0000000014d13000):  JavaThread "C2 CompilerThread0" daemon [_thread_in_native, id=8480, stack(0x0000000016380000,0x0000000016480000)]

Stack: [0x0000000016380000,0x0000000016480000]
[error occurred during error reporting (printing stack bounds), id 0xc0000005]

Native frames: (J=compiled Java code, j=interpreted, Vv=VM code, C=native code)


Current CompileTask:
C2:   2144 2119   !   4       java.net.URLClassLoader$1::run (63 bytes)


---------------  P R O C E S S  ---------------

Java Threads: ( => current thread )
  0x00000000166b4000 JavaThread "Service Thread" daemon [_thread_blocked, id=8544, stack(0x0000000016a80000,0x0000000016b80000)]
  0x0000000014d24800 JavaThread "C1 CompilerThread2" daemon [_thread_in_native, id=9068, stack(0x0000000016580000,0x0000000016680000)]
  0x0000000014d15000 JavaThread "C2 CompilerThread1" daemon [_thread_in_native, id=4764, stack(0x0000000016480000,0x0000000016580000)]
=>0x0000000014d13000 JavaThread "C2 CompilerThread0" daemon [_thread_in_native, id=8480, stack(0x0000000016380000,0x0000000016480000)]
  0x0000000014d11800 JavaThread "Attach Listener" daemon [_thread_blocked, id=3532, stack(0x0000000016280000,0x0000000016380000)]
  0x0000000014d10000 JavaThread "Signal Dispatcher" daemon [_thread_blocked, id=9744, stack(0x0000000016180000,0x0000000016280000)]
  0x0000000002729800 JavaThread "Finalizer" daemon [_thread_blocked, id=2112, stack(0x0000000015f70000,0x0000000016070000)]
  0x0000000002721800 JavaThread "Reference Handler" daemon [_thread_blocked, id=1828, stack(0x0000000015e70000,0x0000000015f70000)]
  0x0000000002634800 JavaThread "main" [_thread_in_native, id=6072, stack(0x0000000002530000,0x0000000002630000)]

Other Threads:
  0x0000000014cd7000 VMThread [stack: 0x0000000015d70000,0x0000000015e70000] [id=5748]
  0x00000000166d1000 WatcherThread [stack: 0x0000000016b80000,0x0000000016c80000] [id=7120]

VM state:not at safepoint (normal execution)

VM Mutex/Monitor currently owned by a thread: None

Heap:
 PSYoungGen      total 72192K, used 16169K [0x00000000eb380000, 0x00000000f2480000, 0x0000000100000000)
  eden space 64512K, 18% used [0x00000000eb380000,0x00000000ebf72cf0,0x00000000ef280000)
  from space 7680K, 51% used [0x00000000ef280000,0x00000000ef6577e0,0x00000000efa00000)
  to   space 7168K, 0% used [0x00000000f1d80000,0x00000000f1d80000,0x00000000f2480000)
 ParOldGen       total 34816K, used 7693K [0x00000000c1a00000, 0x00000000c3c00000, 0x00000000eb380000)
  object space 34816K, 22% used [0x00000000c1a00000,0x00000000c2183520,0x00000000c3c00000)
 Metaspace       used 24350K, capacity 25146K, committed 25472K, reserved 1071104K
  class space    used 3169K, capacity 3381K, committed 3456K, reserved 1048576K

Card table byte_map: [0x0000000011af0000,0x0000000011cf0000] byte_map_base: 0x00000000114e3000

Marking Bits: (ParMarkBitMap*) 0x000000006f25a5b0
 Begin Bits: [0x0000000012240000, 0x00000000131d8000)
 End Bits:   [0x00000000131d8000, 0x0000000014170000)

Polling page: 0x0000000000800000

CodeCache: size=245760Kb used=7703Kb max_used=7703Kb free=238056Kb
 bounds [0x0000000002730000, 0x0000000002ec0000, 0x0000000011730000]
 total_blobs=2592 nmethods=2208 adapters=296
 compilation: enabled

Compilation events (10 events):
Event: 2.135 Thread 0x0000000014d24800 2208       3       java.util.HashMap::afterNodeRemoval (1 bytes)
Event: 2.135 Thread 0x0000000014d24800 nmethod 2208 0x0000000002eb2d50 code [0x0000000002eb2ea0, 0x0000000002eb2ff0]
Event: 2.136 Thread 0x0000000014d24800 2209       3       java.util.AbstractCollection::toArray (70 bytes)
Event: 2.137 Thread 0x0000000014d24800 nmethod 2209 0x0000000002eb3050 code [0x0000000002eb3240, 0x0000000002eb3bc8]
Event: 2.138 Thread 0x0000000014d24800 2210   !   3       org.springframework.util.ClassUtils::resolveClassName (115 bytes)
Event: 2.139 Thread 0x0000000014d24800 nmethod 2210 0x0000000002eb3e90 code [0x0000000002eb41e0, 0x0000000002eb5c98]
Event: 2.139 Thread 0x0000000014d24800 2211       3       org.springframework.boot.autoconfigure.condition.OnBeanCondition$BeanSearchSpec::collect (85 bytes)
Event: 2.140 Thread 0x0000000014d24800 nmethod 2211 0x0000000002eb6890 code [0x0000000002eb6a80, 0x0000000002eb74d8]
Event: 2.141 Thread 0x0000000014d24800 2212       3       java.lang.Class::cast (27 bytes)
Event: 2.142 Thread 0x0000000014d24800 nmethod 2212 0x0000000002eb77d0 code [0x0000000002eb7960, 0x0000000002eb7cd8]

GC Heap History (10 events):
Event: 0.874 GC heap before
{Heap before GC invocations=4 (full 0):
 PSYoungGen      total 18944K, used 18912K [0x00000000eb380000, 0x00000000ed880000, 0x0000000100000000)
  eden space 16384K, 100% used [0x00000000eb380000,0x00000000ec380000,0x00000000ec380000)
  from space 2560K, 98% used [0x00000000ec380000,0x00000000ec5f8020,0x00000000ec600000)
  to   space 2560K, 0% used [0x00000000ed600000,0x00000000ed600000,0x00000000ed880000)
 ParOldGen       total 44032K, used 2871K [0x00000000c1a00000, 0x00000000c4500000, 0x00000000eb380000)
  object space 44032K, 6% used [0x00000000c1a00000,0x00000000c1ccdf20,0x00000000c4500000)
 Metaspace       used 13149K, capacity 13548K, committed 13696K, reserved 1060864K
  class space    used 1739K, capacity 1862K, committed 1920K, reserved 1048576K
Event: 0.878 GC heap after
Heap after GC invocations=4 (full 0):
 PSYoungGen      total 35328K, used 2560K [0x00000000eb380000, 0x00000000ed880000, 0x0000000100000000)
  eden space 32768K, 0% used [0x00000000eb380000,0x00000000eb380000,0x00000000ed380000)
  from space 2560K, 100% used [0x00000000ed600000,0x00000000ed880000,0x00000000ed880000)
  to   space 2560K, 0% used [0x00000000ed380000,0x00000000ed380000,0x00000000ed600000)
 ParOldGen       total 44032K, used 4372K [0x00000000c1a00000, 0x00000000c4500000, 0x00000000eb380000)
  object space 44032K, 9% used [0x00000000c1a00000,0x00000000c1e453d0,0x00000000c4500000)
 Metaspace       used 13149K, capacity 13548K, committed 13696K, reserved 1060864K
  class space    used 1739K, capacity 1862K, committed 1920K, reserved 1048576K
}
Event: 1.157 GC heap before
{Heap before GC invocations=5 (full 0):
 PSYoungGen      total 35328K, used 35328K [0x00000000eb380000, 0x00000000ed880000, 0x0000000100000000)
  eden space 32768K, 100% used [0x00000000eb380000,0x00000000ed380000,0x00000000ed380000)
  from space 2560K, 100% used [0x00000000ed600000,0x00000000ed880000,0x00000000ed880000)
  to   space 2560K, 0% used [0x00000000ed380000,0x00000000ed380000,0x00000000ed600000)
 ParOldGen       total 44032K, used 4372K [0x00000000c1a00000, 0x00000000c4500000, 0x00000000eb380000)
  object space 44032K, 9% used [0x00000000c1a00000,0x00000000c1e453d0,0x00000000c4500000)
 Metaspace       used 17380K, capacity 17872K, committed 18048K, reserved 1064960K
  class space    used 2259K, capacity 2424K, committed 2432K, reserved 1048576K
Event: 1.167 GC heap after
Heap after GC invocations=5 (full 0):
 PSYoungGen      total 35328K, used 2544K [0x00000000eb380000, 0x00000000f0080000, 0x0000000100000000)
  eden space 32768K, 0% used [0x00000000eb380000,0x00000000eb380000,0x00000000ed380000)
  from space 2560K, 99% used [0x00000000ed380000,0x00000000ed5fc010,0x00000000ed600000)
  to   space 6656K, 0% used [0x00000000efa00000,0x00000000efa00000,0x00000000f0080000)
 ParOldGen       total 44032K, used 8633K [0x00000000c1a00000, 0x00000000c4500000, 0x00000000eb380000)
  object space 44032K, 19% used [0x00000000c1a00000,0x00000000c226e780,0x00000000c4500000)
 Metaspace       used 17380K, capacity 17872K, committed 18048K, reserved 1064960K
  class space    used 2259K, capacity 2424K, committed 2432K, reserved 1048576K
}
Event: 1.421 GC heap before
{Heap before GC invocations=6 (full 0):
 PSYoungGen      total 35328K, used 31847K [0x00000000eb380000, 0x00000000f0080000, 0x0000000100000000)
  eden space 32768K, 89% used [0x00000000eb380000,0x00000000ed01dd80,0x00000000ed380000)
  from space 2560K, 99% used [0x00000000ed380000,0x00000000ed5fc010,0x00000000ed600000)
  to   space 6656K, 0% used [0x00000000efa00000,0x00000000efa00000,0x00000000f0080000)
 ParOldGen       total 44032K, used 8633K [0x00000000c1a00000, 0x00000000c4500000, 0x00000000eb380000)
  object space 44032K, 19% used [0x00000000c1a00000,0x00000000c226e780,0x00000000c4500000)
 Metaspace       used 20626K, capacity 21156K, committed 21296K, reserved 1067008K
  class space    used 2688K, capacity 2828K, committed 2944K, reserved 1048576K
Event: 1.430 GC heap after
Heap after GC invocations=6 (full 0):
 PSYoungGen      total 71168K, used 6625K [0x00000000eb380000, 0x00000000f0280000, 0x0000000100000000)
  eden space 64512K, 0% used [0x00000000eb380000,0x00000000eb380000,0x00000000ef280000)
  from space 6656K, 99% used [0x00000000efa00000,0x00000000f00786f8,0x00000000f0080000)
  to   space 7680K, 0% used [0x00000000ef280000,0x00000000ef280000,0x00000000efa00000)
 ParOldGen       total 44032K, used 8641K [0x00000000c1a00000, 0x00000000c4500000, 0x00000000eb380000)
  object space 44032K, 19% used [0x00000000c1a00000,0x00000000c2270780,0x00000000c4500000)
 Metaspace       used 20626K, capacity 21156K, committed 21296K, reserved 1067008K
  class space    used 2688K, capacity 2828K, committed 2944K, reserved 1048576K
}
Event: 1.430 GC heap before
{Heap before GC invocations=7 (full 1):
 PSYoungGen      total 71168K, used 6625K [0x00000000eb380000, 0x00000000f0280000, 0x0000000100000000)
  eden space 64512K, 0% used [0x00000000eb380000,0x00000000eb380000,0x00000000ef280000)
  from space 6656K, 99% used [0x00000000efa00000,0x00000000f00786f8,0x00000000f0080000)
  to   space 7680K, 0% used [0x00000000ef280000,0x00000000ef280000,0x00000000efa00000)
 ParOldGen       total 44032K, used 8641K [0x00000000c1a00000, 0x00000000c4500000, 0x00000000eb380000)
  object space 44032K, 19% used [0x00000000c1a00000,0x00000000c2270780,0x00000000c4500000)
 Metaspace       used 20626K, capacity 21156K, committed 21296K, reserved 1067008K
  class space    used 2688K, capacity 2828K, committed 2944K, reserved 1048576K
Event: 1.461 GC heap after
Heap after GC invocations=7 (full 1):
 PSYoungGen      total 71168K, used 0K [0x00000000eb380000, 0x00000000f0280000, 0x0000000100000000)
  eden space 64512K, 0% used [0x00000000eb380000,0x00000000eb380000,0x00000000ef280000)
  from space 6656K, 0% used [0x00000000efa00000,0x00000000efa00000,0x00000000f0080000)
  to   space 7680K, 0% used [0x00000000ef280000,0x00000000ef280000,0x00000000efa00000)
 ParOldGen       total 34816K, used 7621K [0x00000000c1a00000, 0x00000000c3c00000, 0x00000000eb380000)
  object space 34816K, 21% used [0x00000000c1a00000,0x00000000c2171510,0x00000000c3c00000)
 Metaspace       used 20624K, capacity 21150K, committed 21296K, reserved 1067008K
  class space    used 2688K, capacity 2827K, committed 2944K, reserved 1048576K
}
Event: 1.953 GC heap before
{Heap before GC invocations=8 (full 1):
 PSYoungGen      total 71168K, used 64512K [0x00000000eb380000, 0x00000000f0280000, 0x0000000100000000)
  eden space 64512K, 100% used [0x00000000eb380000,0x00000000ef280000,0x00000000ef280000)
  from space 6656K, 0% used [0x00000000efa00000,0x00000000efa00000,0x00000000f0080000)
  to   space 7680K, 0% used [0x00000000ef280000,0x00000000ef280000,0x00000000efa00000)
 ParOldGen       total 34816K, used 7621K [0x00000000c1a00000, 0x00000000c3c00000, 0x00000000eb380000)
  object space 34816K, 21% used [0x00000000c1a00000,0x00000000c2171510,0x00000000c3c00000)
 Metaspace       used 23243K, capacity 23940K, committed 24192K, reserved 1071104K
  class space    used 3014K, capacity 3190K, committed 3200K, reserved 1048576K
Event: 1.959 GC heap after
Heap after GC invocations=8 (full 1):
 PSYoungGen      total 72192K, used 3933K [0x00000000eb380000, 0x00000000f2480000, 0x0000000100000000)
  eden space 64512K, 0% used [0x00000000eb380000,0x00000000eb380000,0x00000000ef280000)
  from space 7680K, 51% used [0x00000000ef280000,0x00000000ef6577e0,0x00000000efa00000)
  to   space 7168K, 0% used [0x00000000f1d80000,0x00000000f1d80000,0x00000000f2480000)
 ParOldGen       total 34816K, used 7693K [0x00000000c1a00000, 0x00000000c3c00000, 0x00000000eb380000)
  object space 34816K, 22% used [0x00000000c1a00000,0x00000000c2183520,0x00000000c3c00000)
 Metaspace       used 23243K, capacity 23940K, committed 24192K, reserved 1071104K
  class space    used 3014K, capacity 3190K, committed 3200K, reserved 1048576K
}

Deoptimization events (10 events):
Event: 1.008 Thread 0x000000001695b800 Uncommon trap: reason=unstable_if action=reinterpret pc=0x0000000002ad0970 method=java.util.jar.Manifest$FastInputStream.readLine([BII)I @ 87
Event: 1.143 Thread 0x0000000002634800 Uncommon trap: reason=unstable_if action=reinterpret pc=0x0000000002a40170 method=java.io.WinNTFileSystem.normalize(Ljava/lang/String;)Ljava/lang/String; @ 128
Event: 1.613 Thread 0x0000000002634800 Uncommon trap: reason=unstable_if action=reinterpret pc=0x0000000002a86618 method=org.springframework.boot.context.properties.source.ConfigurationPropertyName$ElementsParser.isValidChar(CI)Z @ 21
Event: 1.680 Thread 0x000000001695b800 Uncommon trap: reason=unstable_if action=reinterpret pc=0x0000000002d158e4 method=com.sun.org.apache.xerces.internal.impl.XMLEntityScanner.scanLiteral(ILcom/sun/org/apache/xerces/internal/xni/XMLString;)I @ 563
Event: 1.734 Thread 0x000000001695b800 Uncommon trap: reason=unstable_if action=reinterpret pc=0x0000000002d2a870 method=com.sun.org.apache.xerces.internal.impl.XMLEntityScanner.skipSpaces()Z @ 115
Event: 1.785 Thread 0x000000001695b800 Uncommon trap: reason=unstable_if action=reinterpret pc=0x0000000002d9ef9c method=com.sun.org.apache.xerces.internal.util.SymbolTable.addSymbol([CII)Ljava/lang/String; @ 38
Event: 1.932 Thread 0x0000000002634800 Uncommon trap: reason=bimorphic action=maybe_recompile pc=0x0000000002e37e58 method=java.util.HashMap.putVal(ILjava/lang/Object;Ljava/lang/Object;ZZ)Ljava/lang/Object; @ 253
Event: 1.934 Thread 0x0000000002634800 Uncommon trap: reason=bimorphic action=maybe_recompile pc=0x0000000002e37e58 method=java.util.HashMap.putVal(ILjava/lang/Object;Ljava/lang/Object;ZZ)Ljava/lang/Object; @ 253
Event: 1.935 Thread 0x0000000002634800 Uncommon trap: reason=bimorphic action=maybe_recompile pc=0x0000000002e37e58 method=java.util.HashMap.putVal(ILjava/lang/Object;Ljava/lang/Object;ZZ)Ljava/lang/Object; @ 253
Event: 1.938 Thread 0x0000000002634800 Uncommon trap: reason=bimorphic action=maybe_recompile pc=0x0000000002e37e58 method=java.util.HashMap.putVal(ILjava/lang/Object;Ljava/lang/Object;ZZ)Ljava/lang/Object; @ 253

Internal exceptions (10 events):
Event: 1.098 Thread 0x0000000002634800 Exception <a 'java/lang/ClassNotFoundException': org/springframework/core/OrderedCustomizer> (0x00000000eccfad50) thrown at [C:\re\workspace\8-2-build-windows-amd64-cygwin\jdk8u66\5298\hotspot\src\share\vm\classfile\systemDictionary.cpp, line 210]
Event: 1.099 Thread 0x0000000002634800 Exception <a 'java/lang/ClassNotFoundException': org/springframework/context/ResourceLoaderAwareCustomizer> (0x00000000ecd0c0f0) thrown at [C:\re\workspace\8-2-build-windows-amd64-cygwin\jdk8u66\5298\hotspot\src\share\vm\classfile\systemDictionary.cpp, lin_”ïK³—ñ?
Event: 1.100 Thread 0x0000000002634800 Exception <a 'java/lang/ClassNotFoundException': org/springframework/beans/factory/AwareCustomizer> (0x00000000ecd1bfd0) thrown at [C:\re\workspace\8-2-build-windows-amd64-cygwin\jdk8u66\5298\hotspot\src\share\vm\classfile\systemDictionary.cpp, line 210]
Event: 1.100 Thread 0x0000000002634800 Exception <a 'java/lang/ClassNotFoundException': org/springframework/beans/factory/BeanClassLoaderAwareCustomizer> (0x00000000ecd2df00) thrown at [C:\re\workspace\8-2-build-windows-amd64-cygwin\jdk8u66\5298\hotspot\src\share\vm\classfile\systemDictionary.c©Ô1š¥›ñ?
Event: 1.100 Thread 0x0000000002634800 Exception <a 'java/lang/ClassNotFoundException': org/springframework/beans/factory/AwareCustomizer> (0x00000000ecd3ddf8) thrown at [C:\re\workspace\8-2-build-windows-amd64-cygwin\jdk8u66\5298\hotspot\src\share\vm\classfile\systemDictionary.cpp, line 210]
Event: 1.101 Thread 0x0000000002634800 Exception <a 'java/lang/ClassNotFoundException': org/springframework/context/EnvironmentAwareCustomizer> (0x00000000ecd4dbc8) thrown at [C:\re\workspace\8-2-build-windows-amd64-cygwin\jdk8u66\5298\hotspot\src\share\vm\classfile\systemDictionary.cpp, line 2
Event: 1.101 Thread 0x0000000002634800 Exception <a 'java/lang/ClassNotFoundException': org/springframework/beans/factory/AwareCustomizer> (0x00000000ecd5d9a0) thrown at [C:\re\workspace\8-2-build-windows-amd64-cygwin\jdk8u66\5298\hotspot\src\share\vm\classfile\systemDictionary.cpp, line 210]
Event: 1.146 Thread 0x0000000002634800 Exception <a 'java/lang/NoSuchMethodError': java.lang.Object.lambda$comparing$77a9974f$1(Ljava/util/function/Function;Ljava/lang/Object;Ljava/lang/Object;)I> (0x00000000ed1e85d0) thrown at [C:\re\workspace\8-2-build-windows-amd64-cygwin\jdk8u66\5298\hotspo†!™Ésõ?
Event: 1.341 Thread 0x000000001695b800 Exception <a 'java/lang/IncompatibleClassChangeError': Found class java.lang.Object, but interface was expected> (0x00000000ec90c4f8) thrown at [C:\re\workspace\8-2-build-windows-amd64-cygwin\jdk8u66\5298\hotspot\src\share\vm\interpreter\linkResolver.cpp, ö¶‚ª±õ?
Event: 1.356 Thread 0x0000000002634800 Exception <a 'java/lang/IncompatibleClassChangeError': Found class java.lang.Object, but interface was expected> (0x00000000ecb4ff30) thrown at [C:\re\workspace\8-2-build-windows-amd64-cygwin\jdk8u66\5298\hotspot\src\share\vm\interpreter\linkResolver.cpp, ”ÜÔm“ñ?

Events (10 events):
Event: 2.139 loading class org/springframework/boot/autoconfigure/jdbc/DataSourceAutoConfiguration$PooledDataSourceConfiguration
Event: 2.139 loading class org/springframework/boot/autoconfigure/jdbc/DataSourceAutoConfiguration$PooledDataSourceConfiguration done
Event: 2.140 loading class org/springframework/boot/autoconfigure/jdbc/metadata/DataSourcePoolMetadataProvidersConfiguration$HikariPoolDataSourceMetadataProviderConfiguration
Event: 2.140 loading class org/springframework/boot/autoconfigure/jdbc/metadata/DataSourcePoolMetadataProvidersConfiguration$HikariPoolDataSourceMetadataProviderConfiguration done
Event: 2.140 loading class org/springframework/boot/jdbc/metadata/DataSourcePoolMetadata
Event: 2.140 loading class org/springframework/boot/jdbc/metadata/DataSourcePoolMetadata done
Event: 2.141 loading class org/springframework/boot/jdbc/metadata/DataSourcePoolMetadataProvider
Event: 2.141 loading class org/springframework/boot/jdbc/metadata/DataSourcePoolMetadataProvider done
Event: 2.142 loading class org/springframework/boot/autoconfigure/jdbc/DataSourceAutoConfiguration
Event: 2.142 loading class org/springframework/boot/autoconfigure/jdbc/DataSourceAutoConfiguration done


Dynamic libraries:
0x00007ff6463e0000 - 0x00007ff646417000 	C:\Program Files\Java\jre1.8.0_66\bin\javaw.exe
0x00007ff96d430000 - 0x00007ff96d611000 	C:\WINDOWS\SYSTEM32\ntdll.dll
0x00007ff96d1a0000 - 0x00007ff96d252000 	C:\WINDOWS\System32\KERNEL32.DLL
0x00007ff9699a0000 - 0x00007ff969c13000 	C:\WINDOWS\System32\KERNELBASE.dll
0x00007ff96cde0000 - 0x00007ff96ce81000 	C:\WINDOWS\System32\ADVAPI32.dll
0x00007ff96d260000 - 0x00007ff96d2fe000 	C:\WINDOWS\System32\msvcrt.dll
0x00007ff96b020000 - 0x00007ff96b07b000 	C:\WINDOWS\System32\sechost.dll
0x00007ff96b1b0000 - 0x00007ff96b2d4000 	C:\WINDOWS\System32\RPCRT4.dll
0x00007ff96c800000 - 0x00007ff96c990000 	C:\WINDOWS\System32\USER32.dll
0x00007ff96a770000 - 0x00007ff96a790000 	C:\WINDOWS\System32\win32u.dll
0x00007ff96cf00000 - 0x00007ff96cf28000 	C:\WINDOWS\System32\GDI32.dll
0x00007ff969800000 - 0x00007ff969992000 	C:\WINDOWS\System32\gdi32full.dll
0x00007ff96a5d0000 - 0x00007ff96a66f000 	C:\WINDOWS\System32\msvcp_win.dll
0x00007ff96a670000 - 0x00007ff96a768000 	C:\WINDOWS\System32\ucrtbase.dll
0x00007ff95ed20000 - 0x00007ff95ef89000 	C:\WINDOWS\WinSxS\amd64_microsoft.windows.common-controls_6595b64144ccf1df_6.0.17134.648_none_fb45a0e93062a6d2\COMCTL32.dll
0x00007ff96a8c0000 - 0x00007ff96abe2000 	C:\WINDOWS\System32\combase.dll
0x00007ff96a790000 - 0x00007ff96a80a000 	C:\WINDOWS\System32\bcryptPrimitives.dll
0x00007ff96aff0000 - 0x00007ff96b01d000 	C:\WINDOWS\System32\IMM32.DLL
0x000000006e3b0000 - 0x000000006e482000 	C:\Program Files\Java\jre1.8.0_66\bin\msvcr100.dll
0x000000006ea50000 - 0x000000006f2d9000 	C:\Program Files\Java\jre1.8.0_66\bin\server\jvm.dll
0x00007ff96b0f0000 - 0x00007ff96b0f8000 	C:\WINDOWS\System32\PSAPI.DLL
0x00007ff9671c0000 - 0x00007ff9671e3000 	C:\WINDOWS\SYSTEM32\WINMM.dll
0x00007ff95e800000 - 0x00007ff95e80a000 	C:\WINDOWS\SYSTEM32\VERSION.dll
0x00007ff95c680000 - 0x00007ff95c689000 	C:\WINDOWS\SYSTEM32\WSOCK32.dll
0x00007ff96ce90000 - 0x00007ff96cefc000 	C:\WINDOWS\System32\WS2_32.dll
0x00007ff967190000 - 0x00007ff9671ba000 	C:\WINDOWS\SYSTEM32\WINMMBASE.dll
0x00007ff969c20000 - 0x00007ff969c69000 	C:\WINDOWS\System32\cfgmgr32.dll
0x000000006ea40000 - 0x000000006ea4f000 	C:\Program Files\Java\jre1.8.0_66\bin\verify.dll
0x000000006ea10000 - 0x000000006ea39000 	C:\Program Files\Java\jre1.8.0_66\bin\java.dll
0x000000006e9f0000 - 0x000000006ea06000 	C:\Program Files\Java\jre1.8.0_66\bin\zip.dll
0x00007ff96b360000 - 0x00007ff96c7a0000 	C:\WINDOWS\System32\SHELL32.dll
0x00007ff96b100000 - 0x00007ff96b1a9000 	C:\WINDOWS\System32\shcore.dll
0x00007ff969cd0000 - 0x00007ff96a3dd000 	C:\WINDOWS\System32\windows.storage.dll
0x00007ff96d3a0000 - 0x00007ff96d3f1000 	C:\WINDOWS\System32\shlwapi.dll
0x00007ff969760000 - 0x00007ff969771000 	C:\WINDOWS\System32\kernel.appcore.dll
0x00007ff969740000 - 0x00007ff96975f000 	C:\WINDOWS\System32\profapi.dll
0x00007ff9697b0000 - 0x00007ff9697fc000 	C:\WINDOWS\System32\powrprof.dll
0x00007ff969780000 - 0x00007ff96978a000 	C:\WINDOWS\System32\FLTLIB.DLL
0x000000006e3a0000 - 0x000000006e3ad000 	C:\Program Files\Java\jre1.8.0_66\bin\management.dll
0x000000006e4e0000 - 0x000000006e4fa000 	C:\Program Files\Java\jre1.8.0_66\bin\net.dll
0x00007ff968fc0000 - 0x00007ff969026000 	C:\WINDOWS\system32\mswsock.dll
0x00007ff95e8f0000 - 0x00007ff95e906000 	C:\WINDOWS\system32\napinsp.dll
0x00007ff95e830000 - 0x00007ff95e84a000 	C:\WINDOWS\system32\pnrpnsp.dll
0x00007ff965f70000 - 0x00007ff965f89000 	C:\WINDOWS\system32\NLAapi.dll
0x00007ff968d80000 - 0x00007ff968e3e000 	C:\WINDOWS\SYSTEM32\DNSAPI.dll
0x00007ff96ae40000 - 0x00007ff96ae48000 	C:\WINDOWS\System32\NSI.dll
0x00007ff968d40000 - 0x00007ff968d78000 	C:\WINDOWS\SYSTEM32\IPHLPAPI.DLL
0x00007ff95e7f0000 - 0x00007ff95e7fe000 	C:\WINDOWS\System32\winrnr.dll
0x00007ff960340000 - 0x00007ff96034a000 	C:\Windows\System32\rasadhlp.dll
0x00007ff960570000 - 0x00007ff9605e2000 	C:\WINDOWS\System32\fwpuclnt.dll
0x00007ff9692a0000 - 0x00007ff9692c5000 	C:\WINDOWS\SYSTEM32\bcrypt.dll
0x000000006e4c0000 - 0x000000006e4d1000 	C:\Program Files\Java\jre1.8.0_66\bin\nio.dll

VM Arguments:
jvm_args: -Dfile.encoding=UTF-8 
java_command: br.com.db1.pedidos.pedidos.api.Application
java_class_path (initial): D:\DB1\Db1StartJava2\pedidos.api\target\classes;C:\Users\Aluno.DESKTOP-3ASBCDM\.m2\repository\org\postgresql\postgresql\42.2.5\postgresql-42.2.5.jar;C:\Users\Aluno.DESKTOP-3ASBCDM\.m2\repository\org\springframework\boot\spring-boot-starter-data-jpa\2.1.3.RELEASE\spring-boot-starter-data-jpa-2.1.3.RELEASE.jar;C:\Users\Aluno.DESKTOP-3ASBCDM\.m2\repository\org\springframework\boot\spring-boot-starter-aop\2.1.3.RELEASE\spring-boot-starter-aop-2.1.3.RELEASE.jar;C:\Users\Aluno.DESKTOP-3ASBCDM\.m2\repository\org\springframework\spring-aop\5.1.5.RELEASE\spring-aop-5.1.5.RELEASE.jar;C:\Users\Aluno.DESKTOP-3ASBCDM\.m2\repository\org\aspectj\aspectjweaver\1.9.2\aspectjweaver-1.9.2.jar;C:\Users\Aluno.DESKTOP-3ASBCDM\.m2\repository\org\springframework\boot\spring-boot-starter-jdbc\2.1.3.RELEASE\spring-boot-starter-jdbc-2.1.3.RELEASE.jar;C:\Users\Aluno.DESKTOP-3ASBCDM\.m2\repository\com\zaxxer\HikariCP\3.2.0\HikariCP-3.2.0.jar;C:\Users\Aluno.DESKTOP-3ASBCDM\.m2\repository\org\springframework\spring-jdbc\5.1.5.RELEASE\spring-jdbc-5.1.5.RELEASE.jar;C:\Users\Aluno.DESKTOP-3ASBCDM\.m2\repository\javax\transaction\javax.transaction-api\1.3\javax.transaction-api-1.3.jar;C:\Users\Aluno.DESKTOP-3ASBCDM\.m2\repository\javax\xml\bind\jaxb-api\2.3.1\jaxb-api-2.3.1.jar;C:\Users\Aluno.DESKTOP-3ASBCDM\.m2\repository\javax\activation\javax.activation-api\1.2.0\javax.activation-api-1.2.0.jar;C:\Users\Aluno.DESKTOP-3ASBCDM\.m2\repository\org\hibernate\hibernate-core\5.3.7.Final\hibernate-core-5.3.7.Final.jar;C:\Users\Aluno.DESKTOP-3ASBCDM\.m2\repository\org\jboss\logging\jboss-logging\3.3.2.Final\jboss-logging-3.3.2.Final.jar;C:\Users\Aluno.DESKTOP-3ASBCDM\.m2\repository\javax\persistence\javax.persistence-api\2.2\javax.persistence-api-2.2.jar;C:\Users\Aluno.DESKTOP-3ASBCDM\.m2\repository\org\javassist\javassist\3.23.1-GA\javassist-3.23.1-GA.jar;C:\Users\Aluno.DESKTOP-3ASBCDM\.m2\repository\net\bytebuddy\byte-buddy\1.9.10\byte-buddy-1.9.10.jar;C:\Users\Aluno.DESKTOP-3
Launcher Type: SUN_STANDARD

Environment Variables:
PATH=C:/Program Files/Java/jre1.8.0_66/bin/server;C:/Program Files/Java/jre1.8.0_66/bin;C:/Program Files/Java/jre1.8.0_66/lib/amd64;C:\ProgramData\Oracle\Java\javapath;C:\WINDOWS\system32;C:\WINDOWS;C:\WINDOWS\System32\Wbem;C:\WINDOWS\System32\WindowsPowerShell\v1.0\;C:\Program Files (x86)\MySQL\MySQL Fabric 1.5 & MySQL Utilities 1.5\;C:\Program Files (x86)\MySQL\MySQL Fabric 1.5 & MySQL Utilities 1.5\Doctrine extensions for PHP\;C:\WINDOWS\system32\config\systemprofile\.dnx\bin;C:\Program Files\Microsoft DNX\Dnvm\;C:\cygwin64;C:\Program Files\Microsoft SQL Server\Client SDK\ODBC\110\Tools\Binn\;C:\Program Files (x86)\Microsoft SQL Server\120\Tools\Binn\;C:\Program Files\Microsoft SQL Server\120\Tools\Binn\;C:\Program Files\Microsoft SQL Server\120\DTS\Binn\;C:\Program Files (x86)\Microsoft SQL Server\120\Tools\Binn\ManagementStudio\;C:\Program Files (x86)\Microsoft SQL Server\120\DTS\Binn\;C:\Program Files (x86)\Shield;C:\WINDOWS\System32\OpenSSH\;C:\Users\Aluno.DESKTOP-3ASBCDM\AppData\Local\Microsoft\WindowsApps;;C:\Users\Aluno.DESKTOP-3ASBCDM\Desktop;
USERNAME=Aluno
OS=Windows_NT
PROCESSOR_IDENTIFIER=Intel64 Family 6 Model 58 Stepping 9, GenuineIntel



---------------  S Y S T E M  ---------------

OS: Windows 10.0 , 64 bit Build 17134 (10.0.17134.648)

CPU:total 4 (2 cores per cpu, 2 threads per core) family 6 model 58 stepping 9, cmov, cx8, fxsr, mmx, sse, sse2, sse3, ssse3, sse4.1, sse4.2, popcnt, avx, clmul, erms, ht, tsc, tscinvbit, tscinv

Memory: 4k page, physical 4087612k(940408k free), swap 4087612k(6412k free)

vm_info: Java HotSpot(TM) 64-Bit Server VM (25.66-b18) for windows-amd64 JRE (1.8.0_66-b18), built on Nov  9 2015 10:51:13 by "java_re" with MS VC++ 10.0 (VS2010)

time: Mon Apr 08 16:47:45 2019
elapsed time: 2 seconds (0d 0h 0m 2s)

