#
# There is insufficient memory for the Java Runtime Environment to continue.
# Native memory allocation (malloc) failed to allocate 108416 bytes for Chunk::new
# Possible reasons:
#   The system is out of physical RAM or swap space
#   In 32 bit mode, the process size limit was hit
# Possible solutions:
#   Reduce memory load on the system
#   Increase physical memory or swap space
#   Check if swap backing store is full
#   Use 64 bit Java on a 64 bit OS
#   Decrease Java heap size (-Xmx/-Xms)
#   Decrease number of Java threads
#   Decrease Java thread stack sizes (-Xss)
#   Set larger code cache with -XX:ReservedCodeCacheSize=
# This output file may be truncated or incomplete.
#
#  Out of Memory Error (allocation.cpp:390), pid=3852, tid=3308
#
# JRE version: Java(TM) SE Runtime Environment (8.0_66-b18) (build 1.8.0_66-b18)
# Java VM: Java HotSpot(TM) 64-Bit Server VM (25.66-b18 mixed mode windows-amd64 compressed oops)
# Failed to write core dump. Minidumps are not enabled by default on client versions of Windows
#

---------------  T H R E A D  ---------------

Current thread (0x00000000153e4800):  JavaThread "C2 CompilerThread0" daemon [_thread_in_native, id=3308, stack(0x0000000016a50000,0x0000000016b50000)]

Stack: [0x0000000016a50000,0x0000000016b50000]
[error occurred during error reporting (printing stack bounds), id 0xc0000005]

Native frames: (J=compiled Java code, j=interpreted, Vv=VM code, C=native code)


Current CompileTask:
C2:  35750 5135       4      
[error occurred during error reporting (printing current compile task), id 0xe0000001]


---------------  P R O C E S S  ---------------

Java Threads: ( => current thread )
  0x000000001841a800 JavaThread "DestroyJavaVM" [_thread_blocked, id=10128, stack(0x0000000002b70000,0x0000000002c70000)]
  0x000000001841b800 JavaThread "http-nio-8080-Acceptor-0" daemon [_thread_in_native, id=4900, stack(0x0000000021600000,0x0000000021700000)]
  0x000000001841a000 JavaThread "http-nio-8080-ClientPoller-1" daemon [_thread_in_native, id=4280, stack(0x0000000021500000,0x0000000021600000)]
  0x0000000018414000 JavaThread "http-nio-8080-ClientPoller-0" daemon [_thread_in_native, id=8064, stack(0x0000000021400000,0x0000000021500000)]
  0x0000000018419000 JavaThread "http-nio-8080-exec-10" daemon [_thread_blocked, id=5584, stack(0x0000000021300000,0x0000000021400000)]
  0x0000000018417800 JavaThread "http-nio-8080-exec-9" daemon [_thread_blocked, id=9860, stack(0x0000000021200000,0x0000000021300000)]
  0x0000000018417000 JavaThread "http-nio-8080-exec-8" daemon [_thread_blocked, id=10936, stack(0x0000000021100000,0x0000000021200000)]
  0x0000000018418800 JavaThread "http-nio-8080-exec-7" daemon [_thread_blocked, id=9676, stack(0x0000000021000000,0x0000000021100000)]
  0x0000000018415800 JavaThread "http-nio-8080-exec-6" daemon [_thread_blocked, id=6960, stack(0x0000000020f00000,0x0000000021000000)]
  0x0000000019f5e000 JavaThread "http-nio-8080-exec-5" daemon [_thread_blocked, id=8072, stack(0x0000000020e00000,0x0000000020f00000)]
  0x0000000019f5d000 JavaThread "http-nio-8080-exec-4" daemon [_thread_blocked, id=8556, stack(0x0000000020d00000,0x0000000020e00000)]
  0x0000000019f5c800 JavaThread "http-nio-8080-exec-3" daemon [_thread_blocked, id=4672, stack(0x0000000020c00000,0x0000000020d00000)]
  0x0000000019f5b800 JavaThread "http-nio-8080-exec-2" daemon [_thread_blocked, id=3828, stack(0x0000000020b00000,0x0000000020c00000)]
  0x0000000019f5b000 JavaThread "http-nio-8080-exec-1" daemon [_thread_in_native, id=4944, stack(0x00000000207e0000,0x00000000208e0000)]
  0x0000000019f5a000 JavaThread "NioBlockingSelector.BlockPoller-1" daemon [_thread_in_native, id=9476, stack(0x00000000206e0000,0x00000000207e0000)]
  0x0000000019f5e800 JavaThread "HikariPool-1 housekeeper" daemon [_thread_blocked, id=7232, stack(0x000000001fd50000,0x000000001fe50000)]
  0x0000000019f59800 JavaThread "PostgreSQL-JDBC-SharedTimer-1" daemon [_thread_blocked, id=4428, stack(0x000000001e9b0000,0x000000001eab0000)]
  0x0000000019f5f800 JavaThread "container-0" [_thread_blocked, id=5084, stack(0x000000001cde0000,0x000000001cee0000)]
  0x000000001a0d1800 JavaThread "Catalina-utility-2" [_thread_blocked, id=9168, stack(0x000000001c870000,0x000000001c970000)]
  0x000000001be18800 JavaThread "Catalina-utility-1" [_thread_blocked, id=7156, stack(0x000000001c770000,0x000000001c870000)]
  0x0000000016d7a800 JavaThread "Service Thread" daemon [_thread_blocked, id=2732, stack(0x0000000017150000,0x0000000017250000)]
  0x00000000153ed800 JavaThread "C1 CompilerThread2" daemon [_thread_blocked, id=4880, stack(0x0000000016c50000,0x0000000016d50000)]
  0x00000000153e6800 JavaThread "C2 CompilerThread1" daemon [_thread_in_native, id=5332, stack(0x0000000016b50000,0x0000000016c50000)]
=>0x00000000153e4800 JavaThread "C2 CompilerThread0" daemon [_thread_in_native, id=3308, stack(0x0000000016a50000,0x0000000016b50000)]
  0x00000000153e3000 JavaThread "Attach Listener" daemon [_thread_blocked, id=10276, stack(0x0000000016950000,0x0000000016a50000)]
  0x00000000153e2000 JavaThread "Signal Dispatcher" daemon [_thread_blocked, id=6820, stack(0x0000000016850000,0x0000000016950000)]
  0x0000000002dfc000 JavaThread "Finalizer" daemon [_thread_blocked, id=3272, stack(0x0000000016640000,0x0000000016740000)]
  0x0000000002df2000 JavaThread "Reference Handler" daemon [_thread_blocked, id=10880, stack(0x0000000016540000,0x0000000016640000)]

Other Threads:
  0x00000000153a7800 VMThread [stack: 0x0000000016440000,0x0000000016540000] [id=5556]
  0x0000000016d9e800 WatcherThread [stack: 0x0000000017250000,0x0000000017350000] [id=10344]

VM state:not at safepoint (normal execution)

VM Mutex/Monitor currently owned by a thread: None

Heap:
 PSYoungGen      total 134656K, used 26762K [0x00000000eb380000, 0x00000000f5f00000, 0x0000000100000000)
  eden space 118784K, 22% used [0x00000000eb380000,0x00000000ecda2be0,0x00000000f2780000)
  from space 15872K, 0% used [0x00000000f2780000,0x00000000f2780000,0x00000000f3700000)
  to   space 17920K, 0% used [0x00000000f4d80000,0x00000000f4d80000,0x00000000f5f00000)
 ParOldGen       total 89088K, used 29799K [0x00000000c1a00000, 0x00000000c7100000, 0x00000000eb380000)
  object space 89088K, 33% used [0x00000000c1a00000,0x00000000c3719f50,0x00000000c7100000)
 Metaspace       used 59444K, capacity 62180K, committed 62464K, reserved 1103872K
  class space    used 8190K, capacity 8676K, committed 8704K, reserved 1048576K

Card table byte_map: [0x00000000121c0000,0x00000000123c0000] byte_map_base: 0x0000000011bb3000

Marking Bits: (ParMarkBitMap*) 0x000000006f25a5b0
 Begin Bits: [0x0000000012910000, 0x00000000138a8000)
 End Bits:   [0x00000000138a8000, 0x0000000014840000)

Polling page: 0x0000000001300000

CodeCache: size=245760Kb used=14847Kb max_used=15048Kb free=230912Kb
 bounds [0x0000000002e00000, 0x0000000003ce0000, 0x0000000011e00000]
 total_blobs=5029 nmethods=4491 adapters=450
 compilation: enabled

Compilation events (10 events):
Event: 35.379 Thread 0x00000000153ed800 5149       1       org.postgresql.core.v3.SimpleQuery::getEncodedStatementName (5 bytes)
Event: 35.380 Thread 0x00000000153ed800 nmethod 5149 0x0000000003a26550 code [0x0000000003a266a0, 0x0000000003a267b0]
Event: 35.528 Thread 0x00000000153ed800 5150       1       org.postgresql.core.v3.SimpleQuery::getStatementName (5 bytes)
Event: 35.528 Thread 0x00000000153ed800 nmethod 5150 0x0000000003a426d0 code [0x0000000003a42820, 0x0000000003a42930]
Event: 35.548 Thread 0x00000000153ed800 5151       3       sun.nio.cs.UTF_8::newEncoder (10 bytes)
Event: 35.548 Thread 0x00000000153ed800 nmethod 5151 0x00000000032a6750 code [0x00000000032a6900, 0x00000000032a6cc8]
Event: 35.548 Thread 0x00000000153ed800 5152       3       sun.nio.cs.UTF_8$Encoder::<init> (6 bytes)
Event: 35.548 Thread 0x00000000153ed800 nmethod 5152 0x0000000003228890 code [0x0000000003228a40, 0x0000000003228d48]
Event: 35.548 Thread 0x00000000153ed800 5153       3       sun.nio.cs.UTF_8$Encoder::isLegalReplacement (26 bytes)
Event: 35.549 Thread 0x00000000153ed800 nmethod 5153 0x00000000032283d0 code [0x0000000003228540, 0x00000000032287c8]

GC Heap History (10 events):
Event: 3.790 GC heap before
{Heap before GC invocations=10 (full 1):
 PSYoungGen      total 102912K, used 87027K [0x00000000eb380000, 0x00000000f2400000, 0x0000000100000000)
  eden space 95744K, 83% used [0x00000000eb380000,0x00000000f01800f0,0x00000000f1100000)
  from space 7168K, 99% used [0x00000000f1a00000,0x00000000f20fcbb8,0x00000000f2100000)
  to   space 9216K, 0% used [0x00000000f1100000,0x00000000f1100000,0x00000000f1a00000)
 ParOldGen       total 35840K, used 10216K [0x00000000c1a00000, 0x00000000c3d00000, 0x00000000eb380000)
  object space 35840K, 28% used [0x00000000c1a00000,0x00000000c23fa228,0x00000000c3d00000)
 Metaspace       used 33826K, capacity 35376K, committed 35456K, reserved 1079296K
  class space    used 4428K, capacity 4718K, committed 4736K, reserved 1048576K
Event: 3.814 GC heap after
Heap after GC invocations=10 (full 1):
 PSYoungGen      total 104960K, used 9204K [0x00000000eb380000, 0x00000000f4680000, 0x0000000100000000)
  eden space 95744K, 0% used [0x00000000eb380000,0x00000000eb380000,0x00000000f1100000)
  from space 9216K, 99% used [0x00000000f1100000,0x00000000f19fd388,0x00000000f1a00000)
  to   space 12800K, 0% used [0x00000000f3a00000,0x00000000f3a00000,0x00000000f4680000)
 ParOldGen       total 35840K, used 15895K [0x00000000c1a00000, 0x00000000c3d00000, 0x00000000eb380000)
  object space 35840K, 44% used [0x00000000c1a00000,0x00000000c2985d10,0x00000000c3d00000)
 Metaspace       used 33826K, capacity 35376K, committed 35456K, reserved 1079296K
  class space    used 4428K, capacity 4718K, committed 4736K, reserved 1048576K
}
Event: 3.814 GC heap before
{Heap before GC invocations=11 (full 2):
 PSYoungGen      total 104960K, used 9204K [0x00000000eb380000, 0x00000000f4680000, 0x0000000100000000)
  eden space 95744K, 0% used [0x00000000eb380000,0x00000000eb380000,0x00000000f1100000)
  from space 9216K, 99% used [0x00000000f1100000,0x00000000f19fd388,0x00000000f1a00000)
  to   space 12800K, 0% used [0x00000000f3a00000,0x00000000f3a00000,0x00000000f4680000)
 ParOldGen       total 35840K, used 15895K [0x00000000c1a00000, 0x00000000c3d00000, 0x00000000eb380000)
  object space 35840K, 44% used [0x00000000c1a00000,0x00000000c2985d10,0x00000000c3d00000)
 Metaspace       used 33826K, capacity 35376K, committed 35456K, reserved 1079296K
  class space    used 4428K, capacity 4718K, committed 4736K, reserved 1048576K
Event: 3.920 GC heap after
Heap after GC invocations=11 (full 2):
 PSYoungGen      total 104960K, used 0K [0x00000000eb380000, 0x00000000f4680000, 0x0000000100000000)
  eden space 95744K, 0% used [0x00000000eb380000,0x00000000eb380000,0x00000000f1100000)
  from space 9216K, 0% used [0x00000000f1100000,0x00000000f1100000,0x00000000f1a00000)
  to   space 12800K, 0% used [0x00000000f3a00000,0x00000000f3a00000,0x00000000f4680000)
 ParOldGen       total 63488K, used 19143K [0x00000000c1a00000, 0x00000000c5800000, 0x00000000eb380000)
  object space 63488K, 30% used [0x00000000c1a00000,0x00000000c2cb1c38,0x00000000c5800000)
 Metaspace       used 33826K, capacity 35376K, committed 35456K, reserved 1079296K
  class space    used 4428K, capacity 4718K, committed 4736K, reserved 1048576K
}
Event: 6.890 GC heap before
{Heap before GC invocations=12 (full 2):
 PSYoungGen      total 104960K, used 95744K [0x00000000eb380000, 0x00000000f4680000, 0x0000000100000000)
  eden space 95744K, 100% used [0x00000000eb380000,0x00000000f1100000,0x00000000f1100000)
  from space 9216K, 0% used [0x00000000f1100000,0x00000000f1100000,0x00000000f1a00000)
  to   space 12800K, 0% used [0x00000000f3a00000,0x00000000f3a00000,0x00000000f4680000)
 ParOldGen       total 63488K, used 19143K [0x00000000c1a00000, 0x00000000c5800000, 0x00000000eb380000)
  object space 63488K, 30% used [0x00000000c1a00000,0x00000000c2cb1c38,0x00000000c5800000)
 Metaspace       used 49019K, capacity 50622K, committed 50944K, reserved 1093632K
  class space    used 6766K, capacity 7081K, committed 7168K, reserved 1048576K
Event: 6.907 GC heap after
Heap after GC invocations=12 (full 2):
 PSYoungGen      total 130048K, used 12797K [0x00000000eb380000, 0x00000000f4680000, 0x0000000100000000)
  eden space 117248K, 0% used [0x00000000eb380000,0x00000000eb380000,0x00000000f2600000)
  from space 12800K, 99% used [0x00000000f3a00000,0x00000000f467f4b8,0x00000000f4680000)
  to   space 15872K, 0% used [0x00000000f2780000,0x00000000f2780000,0x00000000f3700000)
 ParOldGen       total 63488K, used 22254K [0x00000000c1a00000, 0x00000000c5800000, 0x00000000eb380000)
  object space 63488K, 35% used [0x00000000c1a00000,0x00000000c2fbba08,0x00000000c5800000)
 Metaspace       used 49019K, capacity 50622K, committed 50944K, reserved 1093632K
  class space    used 6766K, capacity 7081K, committed 7168K, reserved 1048576K
}
Event: 17.572 GC heap before
{Heap before GC invocations=13 (full 2):
 PSYoungGen      total 130048K, used 111356K [0x00000000eb380000, 0x00000000f4680000, 0x0000000100000000)
  eden space 117248K, 84% used [0x00000000eb380000,0x00000000f13bfbd8,0x00000000f2600000)
  from space 12800K, 99% used [0x00000000f3a00000,0x00000000f467f4b8,0x00000000f4680000)
  to   space 15872K, 0% used [0x00000000f2780000,0x00000000f2780000,0x00000000f3700000)
 ParOldGen       total 63488K, used 22254K [0x00000000c1a00000, 0x00000000c5800000, 0x00000000eb380000)
  object space 63488K, 35% used [0x00000000c1a00000,0x00000000c2fbba08,0x00000000c5800000)
 Metaspace       used 56428K, capacity 58970K, committed 59096K, reserved 1099776K
  class space    used 7785K, capacity 8239K, committed 8320K, reserved 1048576K
Event: 17.597 GC heap after
Heap after GC invocations=13 (full 2):
 PSYoungGen      total 134656K, used 14697K [0x00000000eb380000, 0x00000000f5f00000, 0x0000000100000000)
  eden space 118784K, 0% used [0x00000000eb380000,0x00000000eb380000,0x00000000f2780000)
  from space 15872K, 92% used [0x00000000f2780000,0x00000000f35da7d8,0x00000000f3700000)
  to   space 17920K, 0% used [0x00000000f4d80000,0x00000000f4d80000,0x00000000f5f00000)
 ParOldGen       total 63488K, used 22262K [0x00000000c1a00000, 0x00000000c5800000, 0x00000000eb380000)
  object space 63488K, 35% used [0x00000000c1a00000,0x00000000c2fbda08,0x00000000c5800000)
 Metaspace       used 56428K, capacity 58970K, committed 59096K, reserved 1099776K
  class space    used 7785K, capacity 8239K, committed 8320K, reserved 1048576K
}
Event: 17.597 GC heap before
{Heap before GC invocations=14 (full 3):
 PSYoungGen      total 134656K, used 14697K [0x00000000eb380000, 0x00000000f5f00000, 0x0000000100000000)
  eden space 118784K, 0% used [0x00000000eb380000,0x00000000eb380000,0x00000000f2780000)
  from space 15872K, 92% used [0x00000000f2780000,0x00000000f35da7d8,0x00000000f3700000)
  to   space 17920K, 0% used [0x00000000f4d80000,0x00000000f4d80000,0x00000000f5f00000)
 ParOldGen       total 63488K, used 22262K [0x00000000c1a00000, 0x00000000c5800000, 0x00000000eb380000)
  object space 63488K, 35% used [0x00000000c1a00000,0x00000000c2fbda08,0x00000000c5800000)
 Metaspace       used 56428K, capacity 58970K, committed 59096K, reserved 1099776K
  class space    used 7785K, capacity 8239K, committed 8320K, reserved 1048576K
Event: 17.722 GC heap after
Heap after GC invocations=14 (full 3):
 PSYoungGen      total 134656K, used 0K [0x00000000eb380000, 0x00000000f5f00000, 0x0000000100000000)
  eden space 118784K, 0% used [0x00000000eb380000,0x00000000eb380000,0x00000000f2780000)
  from space 15872K, 0% used [0x00000000f2780000,0x00000000f2780000,0x00000000f3700000)
  to   space 17920K, 0% used [0x00000000f4d80000,0x00000000f4d80000,0x00000000f5f00000)
 ParOldGen       total 89088K, used 29799K [0x00000000c1a00000, 0x00000000c7100000, 0x00000000eb380000)
  object space 89088K, 33% used [0x00000000c1a00000,0x00000000c3719f50,0x00000000c7100000)
 Metaspace       used 56428K, capacity 58970K, committed 59096K, reserved 1099776K
  class space    used 7785K, capacity 8239K, committed 8320K, reserved 1048576K
}

Deoptimization events (10 events):
Event: 17.828 Thread 0x0000000002d04800 Uncommon trap: reason=bimorphic action=maybe_recompile pc=0x00000000034a17d4 method=java.util.Hashtable.get(Ljava/lang/Object;)Ljava/lang/Object; @ 6
Event: 34.820 Thread 0x0000000019f5b000 Uncommon trap: reason=null_check action=make_not_entrant pc=0x0000000003a96738 method=java.lang.StringCoding.encode(Ljava/lang/String;[CII)[B @ 6
Event: 35.235 Thread 0x0000000019f5b000 Uncommon trap: reason=unstable_if action=reinterpret pc=0x0000000003a414ac method=java.util.StringTokenizer.scanToken(I)I @ 96
Event: 35.268 Thread 0x0000000019f5b000 Uncommon trap: reason=bimorphic action=maybe_recompile pc=0x00000000039d0c24 method=java.util.Hashtable.addEntry(ILjava/lang/Object;Ljava/lang/Object;I)V @ 38
Event: 35.268 Thread 0x0000000019f5b000 Uncommon trap: reason=bimorphic action=maybe_recompile pc=0x00000000039d0c24 method=java.util.Hashtable.addEntry(ILjava/lang/Object;Ljava/lang/Object;I)V @ 38
Event: 35.268 Thread 0x0000000019f5b000 Uncommon trap: reason=bimorphic action=maybe_recompile pc=0x00000000039d0c24 method=java.util.Hashtable.addEntry(ILjava/lang/Object;Ljava/lang/Object;I)V @ 38
Event: 35.271 Thread 0x0000000019f5b000 Uncommon trap: reason=bimorphic action=maybe_recompile pc=0x0000000003019268 method=java.util.Hashtable.get(Ljava/lang/Object;)Ljava/lang/Object; @ 45
Event: 35.273 Thread 0x0000000019f5b000 Uncommon trap: reason=bimorphic action=maybe_recompile pc=0x0000000003019268 method=java.util.Hashtable.get(Ljava/lang/Object;)Ljava/lang/Object; @ 45
Event: 35.274 Thread 0x0000000019f5b000 Uncommon trap: reason=unstable_if action=reinterpret pc=0x0000000002f21ac0 method=java.lang.CharacterData.of(I)Ljava/lang/CharacterData; @ 4
Event: 35.280 Thread 0x0000000019f5b000 Uncommon trap: reason=unstable_if action=reinterpret pc=0x000000000305e898 method=java.util.regex.Pattern$BmpCharProperty.match(Ljava/util/regex/Matcher;ILjava/lang/CharSequence;)Z @ 34

Internal exceptions (10 events):
Event: 17.165 Thread 0x0000000002d04800 Exception <a 'java/lang/ClassNotFoundException': java/lang/ObjectCustomizer> (0x00000000ef798638) thrown at [C:\re\workspace\8-2-build-windows-amd64-cygwin\jdk8u66\5298\hotspot\src\share\vm\classfile\systemDictionary.cpp, line 210]
Event: 17.166 Thread 0x0000000002d04800 Exception <a 'java/lang/ClassNotFoundException': br/com/db1/pedidos/pedidos/api/domain/entity/PedidoItemCustomizer> (0x00000000ef7af048) thrown at [C:\re\workspace\8-2-build-windows-amd64-cygwin\jdk8u66\5298\hotspot\src\share\vm\classfile\systemDictionary.Ï¯’•-1@
Event: 17.178 Thread 0x0000000002d04800 Exception <a 'java/lang/reflect/InvocationTargetException'> (0x00000000ef82e408) thrown at [C:\re\workspace\8-2-build-windows-amd64-cygwin\jdk8u66\5298\hotspot\src\share\vm\runtime\reflection.cpp, line 1092]
Event: 17.197 Thread 0x0000000002d04800 Exception <a 'java/lang/reflect/InvocationTargetException'> (0x00000000ef8f6d38) thrown at [C:\re\workspace\8-2-build-windows-amd64-cygwin\jdk8u66\5298\hotspot\src\share\vm\runtime\reflection.cpp, line 1092]
Event: 17.215 Thread 0x0000000002d04800 Exception <a 'java/lang/reflect/InvocationTargetException'> (0x00000000ef9c1598) thrown at [C:\re\workspace\8-2-build-windows-amd64-cygwin\jdk8u66\5298\hotspot\src\share\vm\runtime\reflection.cpp, line 1092]
Event: 17.232 Thread 0x0000000002d04800 Exception <a 'java/lang/reflect/InvocationTargetException'> (0x00000000efa9a938) thrown at [C:\re\workspace\8-2-build-windows-amd64-cygwin\jdk8u66\5298\hotspot\src\share\vm\runtime\reflection.cpp, line 1092]
Event: 17.260 Thread 0x0000000002d04800 Implicit null exception at 0x0000000003c790f7 to 0x0000000003c7b2c5
Event: 34.820 Thread 0x0000000019f5b000 Implicit null exception at 0x0000000003a96001 to 0x0000000003a9671d
Event: 35.367 Thread 0x0000000019f5b000 Exception <a 'java/lang/NoSuchMethodError': java.lang.Object.lambda$mapIfAllPresent$6(Ljava/util/Optional;Ljava/util/function/BiFunction;Ljava/lang/Object;)Ljava/util/Optional;> (0x00000000ecc0f180) thrown at [C:\re\workspace\8-2-build-windows-amd64-cygwinËÿ·n¯A@
Event: 35.367 Thread 0x0000000019f5b000 Exception <a 'java/lang/NoSuchMethodError': java.lang.Object.lambda$null$5(Ljava/util/function/BiFunction;Ljava/lang/Object;Ljava/lang/Object;)Ljava/lang/Object;> (0x00000000ecc13aa0) thrown at [C:\re\workspace\8-2-build-windows-amd64-cygwin\jdk8u66\5298\h

Events (10 events):
Event: 35.543 loading class org/hibernate/property/access/internal/PropertyAccessStrategyBackRefImpl$1
Event: 35.543 loading class org/hibernate/property/access/internal/PropertyAccessStrategyBackRefImpl$1 done
Event: 35.543 loading class org/hibernate/type/TypeHelper
Event: 35.543 loading class org/hibernate/type/TypeHelper done
Event: 35.544 loading class org/hibernate/engine/spi/SelfDirtinessTracker
Event: 35.544 loading class org/hibernate/engine/spi/SelfDirtinessTracker done
Event: 35.545 loading class org/hibernate/hql/internal/HolderInstantiator
Event: 35.545 loading class org/hibernate/hql/internal/HolderInstantiator done
Event: 35.547 loading class org/postgresql/jdbc/PgConnection$TransactionCommandHandler
Event: 35.547 loading class org/postgresql/jdbc/PgConnection$TransactionCommandHandler done


Dynamic libraries:
0x00007ff6463e0000 - 0x00007ff646417000 	C:\Program Files\Java\jre1.8.0_66\bin\javaw.exe
0x00007ff96d430000 - 0x00007ff96d611000 	C:\WINDOWS\SYSTEM32\ntdll.dll
0x00007ff96d1a0000 - 0x00007ff96d252000 	C:\WINDOWS\System32\KERNEL32.DLL
0x00007ff9699a0000 - 0x00007ff969c13000 	C:\WINDOWS\System32\KERNELBASE.dll
0x00007ff96cde0000 - 0x00007ff96ce81000 	C:\WINDOWS\System32\ADVAPI32.dll
0x00007ff96d260000 - 0x00007ff96d2fe000 	C:\WINDOWS\System32\msvcrt.dll
0x00007ff96b020000 - 0x00007ff96b07b000 	C:\WINDOWS\System32\sechost.dll
0x00007ff96b1b0000 - 0x00007ff96b2d4000 	C:\WINDOWS\System32\RPCRT4.dll
0x00007ff96c800000 - 0x00007ff96c990000 	C:\WINDOWS\System32\USER32.dll
0x00007ff96a770000 - 0x00007ff96a790000 	C:\WINDOWS\System32\win32u.dll
0x00007ff96cf00000 - 0x00007ff96cf28000 	C:\WINDOWS\System32\GDI32.dll
0x00007ff969800000 - 0x00007ff969992000 	C:\WINDOWS\System32\gdi32full.dll
0x00007ff96a5d0000 - 0x00007ff96a66f000 	C:\WINDOWS\System32\msvcp_win.dll
0x00007ff96a670000 - 0x00007ff96a768000 	C:\WINDOWS\System32\ucrtbase.dll
0x00007ff95ed20000 - 0x00007ff95ef89000 	C:\WINDOWS\WinSxS\amd64_microsoft.windows.common-controls_6595b64144ccf1df_6.0.17134.648_none_fb45a0e93062a6d2\COMCTL32.dll
0x00007ff96a8c0000 - 0x00007ff96abe2000 	C:\WINDOWS\System32\combase.dll
0x00007ff96a790000 - 0x00007ff96a80a000 	C:\WINDOWS\System32\bcryptPrimitives.dll
0x00007ff96aff0000 - 0x00007ff96b01d000 	C:\WINDOWS\System32\IMM32.DLL
0x000000006e3b0000 - 0x000000006e482000 	C:\Program Files\Java\jre1.8.0_66\bin\msvcr100.dll
0x000000006ea50000 - 0x000000006f2d9000 	C:\Program Files\Java\jre1.8.0_66\bin\server\jvm.dll
0x00007ff96b0f0000 - 0x00007ff96b0f8000 	C:\WINDOWS\System32\PSAPI.DLL
0x00007ff95e800000 - 0x00007ff95e80a000 	C:\WINDOWS\SYSTEM32\VERSION.dll
0x00007ff95c680000 - 0x00007ff95c689000 	C:\WINDOWS\SYSTEM32\WSOCK32.dll
0x00007ff9671c0000 - 0x00007ff9671e3000 	C:\WINDOWS\SYSTEM32\WINMM.dll
0x00007ff96ce90000 - 0x00007ff96cefc000 	C:\WINDOWS\System32\WS2_32.dll
0x00007ff967190000 - 0x00007ff9671ba000 	C:\WINDOWS\SYSTEM32\WINMMBASE.dll
0x00007ff969c20000 - 0x00007ff969c69000 	C:\WINDOWS\System32\cfgmgr32.dll
0x000000006ea40000 - 0x000000006ea4f000 	C:\Program Files\Java\jre1.8.0_66\bin\verify.dll
0x000000006ea10000 - 0x000000006ea39000 	C:\Program Files\Java\jre1.8.0_66\bin\java.dll
0x000000006e9f0000 - 0x000000006ea06000 	C:\Program Files\Java\jre1.8.0_66\bin\zip.dll
0x00007ff96b360000 - 0x00007ff96c7a0000 	C:\WINDOWS\System32\SHELL32.dll
0x00007ff96b100000 - 0x00007ff96b1a9000 	C:\WINDOWS\System32\shcore.dll
0x00007ff969cd0000 - 0x00007ff96a3dd000 	C:\WINDOWS\System32\windows.storage.dll
0x00007ff96d3a0000 - 0x00007ff96d3f1000 	C:\WINDOWS\System32\shlwapi.dll
0x00007ff969760000 - 0x00007ff969771000 	C:\WINDOWS\System32\kernel.appcore.dll
0x00007ff969740000 - 0x00007ff96975f000 	C:\WINDOWS\System32\profapi.dll
0x00007ff9697b0000 - 0x00007ff9697fc000 	C:\WINDOWS\System32\powrprof.dll
0x00007ff969780000 - 0x00007ff96978a000 	C:\WINDOWS\System32\FLTLIB.DLL
0x000000006e3a0000 - 0x000000006e3ad000 	C:\Program Files\Java\jre1.8.0_66\bin\management.dll
0x000000006e4e0000 - 0x000000006e4fa000 	C:\Program Files\Java\jre1.8.0_66\bin\net.dll
0x00007ff968fc0000 - 0x00007ff969026000 	C:\WINDOWS\system32\mswsock.dll
0x00007ff95e8f0000 - 0x00007ff95e906000 	C:\WINDOWS\system32\napinsp.dll
0x00007ff95e830000 - 0x00007ff95e84a000 	C:\WINDOWS\system32\pnrpnsp.dll
0x00007ff965f70000 - 0x00007ff965f89000 	C:\WINDOWS\system32\NLAapi.dll
0x00007ff968d80000 - 0x00007ff968e3e000 	C:\WINDOWS\SYSTEM32\DNSAPI.dll
0x00007ff96ae40000 - 0x00007ff96ae48000 	C:\WINDOWS\System32\NSI.dll
0x00007ff968d40000 - 0x00007ff968d78000 	C:\WINDOWS\SYSTEM32\IPHLPAPI.DLL
0x00007ff95e7f0000 - 0x00007ff95e7fe000 	C:\WINDOWS\System32\winrnr.dll
0x00007ff960340000 - 0x00007ff96034a000 	C:\Windows\System32\rasadhlp.dll
0x00007ff960570000 - 0x00007ff9605e2000 	C:\WINDOWS\System32\fwpuclnt.dll
0x00007ff9692a0000 - 0x00007ff9692c5000 	C:\WINDOWS\SYSTEM32\bcrypt.dll
0x000000006e4c0000 - 0x000000006e4d1000 	C:\Program Files\Java\jre1.8.0_66\bin\nio.dll
0x00007ff969170000 - 0x00007ff969187000 	C:\WINDOWS\SYSTEM32\CRYPTSP.dll
0x00007ff968b40000 - 0x00007ff968b73000 	C:\WINDOWS\system32\rsaenh.dll
0x00007ff969640000 - 0x00007ff969668000 	C:\WINDOWS\SYSTEM32\USERENV.dll
0x00007ff969190000 - 0x00007ff96919b000 	C:\WINDOWS\SYSTEM32\CRYPTBASE.dll
0x00007ff9622d0000 - 0x00007ff9622e6000 	C:\WINDOWS\SYSTEM32\dhcpcsvc6.DLL
0x00007ff9622b0000 - 0x00007ff9622ca000 	C:\WINDOWS\SYSTEM32\dhcpcsvc.DLL
0x000000006e490000 - 0x000000006e4b4000 	C:\Program Files\Java\jre1.8.0_66\bin\sunec.dll

VM Arguments:
jvm_args: -Dfile.encoding=UTF-8 
java_command: br.com.db1.pedidos.pedidos.api.Application
java_class_path (initial): D:\DB1\Db1StartJava2\pedidos.api\target\classes;C:\Users\Aluno.DESKTOP-3ASBCDM\.m2\repository\org\postgresql\postgresql\42.2.5\postgresql-42.2.5.jar;C:\Users\Aluno.DESKTOP-3ASBCDM\.m2\repository\org\springframework\boot\spring-boot-starter-data-jpa\2.1.3.RELEASE\spring-boot-starter-data-jpa-2.1.3.RELEASE.jar;C:\Users\Aluno.DESKTOP-3ASBCDM\.m2\repository\org\springframework\boot\spring-boot-starter-aop\2.1.3.RELEASE\spring-boot-starter-aop-2.1.3.RELEASE.jar;C:\Users\Aluno.DESKTOP-3ASBCDM\.m2\repository\org\springframework\spring-aop\5.1.5.RELEASE\spring-aop-5.1.5.RELEASE.jar;C:\Users\Aluno.DESKTOP-3ASBCDM\.m2\repository\org\aspectj\aspectjweaver\1.9.2\aspectjweaver-1.9.2.jar;C:\Users\Aluno.DESKTOP-3ASBCDM\.m2\repository\org\springframework\boot\spring-boot-starter-jdbc\2.1.3.RELEASE\spring-boot-starter-jdbc-2.1.3.RELEASE.jar;C:\Users\Aluno.DESKTOP-3ASBCDM\.m2\repository\com\zaxxer\HikariCP\3.2.0\HikariCP-3.2.0.jar;C:\Users\Aluno.DESKTOP-3ASBCDM\.m2\repository\org\springframework\spring-jdbc\5.1.5.RELEASE\spring-jdbc-5.1.5.RELEASE.jar;C:\Users\Aluno.DESKTOP-3ASBCDM\.m2\repository\javax\transaction\javax.transaction-api\1.3\javax.transaction-api-1.3.jar;C:\Users\Aluno.DESKTOP-3ASBCDM\.m2\repository\javax\xml\bind\jaxb-api\2.3.1\jaxb-api-2.3.1.jar;C:\Users\Aluno.DESKTOP-3ASBCDM\.m2\repository\javax\activation\javax.activation-api\1.2.0\javax.activation-api-1.2.0.jar;C:\Users\Aluno.DESKTOP-3ASBCDM\.m2\repository\org\hibernate\hibernate-core\5.3.7.Final\hibernate-core-5.3.7.Final.jar;C:\Users\Aluno.DESKTOP-3ASBCDM\.m2\repository\org\jboss\logging\jboss-logging\3.3.2.Final\jboss-logging-3.3.2.Final.jar;C:\Users\Aluno.DESKTOP-3ASBCDM\.m2\repository\javax\persistence\javax.persistence-api\2.2\javax.persistence-api-2.2.jar;C:\Users\Aluno.DESKTOP-3ASBCDM\.m2\repository\org\javassist\javassist\3.23.1-GA\javassist-3.23.1-GA.jar;C:\Users\Aluno.DESKTOP-3ASBCDM\.m2\repository\net\bytebuddy\byte-buddy\1.9.10\byte-buddy-1.9.10.jar;C:\Users\Aluno.DESKTOP-3
Launcher Type: SUN_STANDARD

Environment Variables:
PATH=C:/Program Files/Java/jre1.8.0_66/bin/server;C:/Program Files/Java/jre1.8.0_66/bin;C:/Program Files/Java/jre1.8.0_66/lib/amd64;C:\ProgramData\Oracle\Java\javapath;C:\WINDOWS\system32;C:\WINDOWS;C:\WINDOWS\System32\Wbem;C:\WINDOWS\System32\WindowsPowerShell\v1.0\;C:\Program Files (x86)\MySQL\MySQL Fabric 1.5 & MySQL Utilities 1.5\;C:\Program Files (x86)\MySQL\MySQL Fabric 1.5 & MySQL Utilities 1.5\Doctrine extensions for PHP\;C:\WINDOWS\system32\config\systemprofile\.dnx\bin;C:\Program Files\Microsoft DNX\Dnvm\;C:\cygwin64;C:\Program Files\Microsoft SQL Server\Client SDK\ODBC\110\Tools\Binn\;C:\Program Files (x86)\Microsoft SQL Server\120\Tools\Binn\;C:\Program Files\Microsoft SQL Server\120\Tools\Binn\;C:\Program Files\Microsoft SQL Server\120\DTS\Binn\;C:\Program Files (x86)\Microsoft SQL Server\120\Tools\Binn\ManagementStudio\;C:\Program Files (x86)\Microsoft SQL Server\120\DTS\Binn\;C:\Program Files (x86)\Shield;C:\WINDOWS\System32\OpenSSH\;C:\Users\Aluno.DESKTOP-3ASBCDM\AppData\Local\Microsoft\WindowsApps;;C:\Users\Aluno.DESKTOP-3ASBCDM\Desktop;
USERNAME=Aluno
OS=Windows_NT
PROCESSOR_IDENTIFIER=Intel64 Family 6 Model 58 Stepping 9, GenuineIntel



---------------  S Y S T E M  ---------------

OS: Windows 10.0 , 64 bit Build 17134 (10.0.17134.648)

CPU:total 4 (2 cores per cpu, 2 threads per core) family 6 model 58 stepping 9, cmov, cx8, fxsr, mmx, sse, sse2, sse3, ssse3, sse4.1, sse4.2, popcnt, avx, clmul, erms, ht, tsc, tscinvbit, tscinv

Memory: 4k page, physical 4087612k(806764k free), swap 4087612k(5136k free)

vm_info: Java HotSpot(TM) 64-Bit Server VM (25.66-b18) for windows-amd64 JRE (1.8.0_66-b18), built on Nov  9 2015 10:51:13 by "java_re" with MS VC++ 10.0 (VS2010)

time: Mon Apr 08 16:03:46 2019
elapsed time: 35 seconds (0d 0h 0m 35s)

