#
# There is insufficient memory for the Java Runtime Environment to continue.
# Native memory allocation (malloc) failed to allocate 1828416 bytes for Chunk::new
# Possible reasons:
#   The system is out of physical RAM or swap space
#   In 32 bit mode, the process size limit was hit
# Possible solutions:
#   Reduce memory load on the system
#   Increase physical memory or swap space
#   Check if swap backing store is full
#   Use 64 bit Java on a 64 bit OS
#   Decrease Java heap size (-Xmx/-Xms)
#   Decrease number of Java threads
#   Decrease Java thread stack sizes (-Xss)
#   Set larger code cache with -XX:ReservedCodeCacheSize=
# This output file may be truncated or incomplete.
#
#  Out of Memory Error (allocation.cpp:390), pid=1676, tid=5492
#
# JRE version: Java(TM) SE Runtime Environment (8.0_66-b18) (build 1.8.0_66-b18)
# Java VM: Java HotSpot(TM) 64-Bit Server VM (25.66-b18 mixed mode windows-amd64 compressed oops)
# Failed to write core dump. Minidumps are not enabled by default on client versions of Windows
#

---------------  T H R E A D  ---------------

Current thread (0x000000001533a000):  JavaThread "C2 CompilerThread1" daemon [_thread_in_native, id=5492, stack(0x0000000016aa0000,0x0000000016ba0000)]

Stack: [0x0000000016aa0000,0x0000000016ba0000]
[error occurred during error reporting (printing stack bounds), id 0xc0000005]

Native frames: (J=compiled Java code, j=interpreted, Vv=VM code, C=native code)


Current CompileTask:
C2:  13889 4064   !   4       org.springframework.core.annotation.AnnotatedElementUtils::searchWithFindSemantics (774 bytes)


---------------  P R O C E S S  ---------------

Java Threads: ( => current thread )
  0x0000000018b03000 JavaThread "HikariPool-1 connection adder" daemon [_thread_in_native, id=4152, stack(0x000000001ee50000,0x000000001ef50000)]
  0x000000001a1a6800 JavaThread "HikariPool-1 housekeeper" daemon [_thread_blocked, id=8180, stack(0x000000001eb50000,0x000000001ec50000)]
  0x000000001b736800 JavaThread "PostgreSQL-JDBC-SharedTimer-1" daemon [_thread_blocked, id=7888, stack(0x000000001ea50000,0x000000001eb50000)]
  0x0000000017388000 JavaThread "ReaderThread" [_thread_in_native, id=9176, stack(0x0000000017aa0000,0x0000000017ba0000)]
  0x000000001538d800 JavaThread "Service Thread" daemon [_thread_blocked, id=3464, stack(0x00000000170a0000,0x00000000171a0000)]
  0x000000001533e000 JavaThread "C1 CompilerThread2" daemon [_thread_in_native, id=10836, stack(0x0000000016ba0000,0x0000000016ca0000)]
=>0x000000001533a000 JavaThread "C2 CompilerThread1" daemon [_thread_in_native, id=5492, stack(0x0000000016aa0000,0x0000000016ba0000)]
  0x0000000015335000 JavaThread "C2 CompilerThread0" daemon [_thread_in_native, id=8744, stack(0x00000000169a0000,0x0000000016aa0000)]
  0x0000000015334000 JavaThread "Attach Listener" daemon [_thread_blocked, id=3824, stack(0x00000000168a0000,0x00000000169a0000)]
  0x0000000015333000 JavaThread "Signal Dispatcher" daemon [_thread_blocked, id=6352, stack(0x00000000167a0000,0x00000000168a0000)]
  0x0000000002d1c800 JavaThread "Finalizer" daemon [_thread_blocked, id=8984, stack(0x0000000016580000,0x0000000016680000)]
  0x0000000002d13800 JavaThread "Reference Handler" daemon [_thread_blocked, id=10404, stack(0x0000000016480000,0x0000000016580000)]
  0x0000000002c25000 JavaThread "main" [_thread_in_native, id=6984, stack(0x0000000002b20000,0x0000000002c20000)]

Other Threads:
  0x00000000152f7000 VMThread [stack: 0x0000000016380000,0x0000000016480000] [id=1620]
  0x0000000016cfa800 WatcherThread [stack: 0x00000000171a0000,0x00000000172a0000] [id=2748]

VM state:not at safepoint (normal execution)

VM Mutex/Monitor currently owned by a thread: None

Heap:
 PSYoungGen      total 161280K, used 25231K [0x00000000eb380000, 0x00000000f9380000, 0x0000000100000000)
  eden space 151552K, 10% used [0x00000000eb380000,0x00000000ec2a6a50,0x00000000f4780000)
  from space 9728K, 99% used [0x00000000f4780000,0x00000000f50fd500,0x00000000f5100000)
  to   space 13824K, 0% used [0x00000000f8600000,0x00000000f8600000,0x00000000f9380000)
 ParOldGen       total 48128K, used 19891K [0x00000000c1a00000, 0x00000000c4900000, 0x00000000eb380000)
  object space 48128K, 41% used [0x00000000c1a00000,0x00000000c2d6cdb8,0x00000000c4900000)
 Metaspace       used 48155K, capacity 49896K, committed 50008K, reserved 1091584K
  class space    used 6690K, capacity 7028K, committed 7040K, reserved 1048576K

Card table byte_map: [0x00000000120f0000,0x00000000122f0000] byte_map_base: 0x0000000011ae3000

Marking Bits: (ParMarkBitMap*) 0x000000006bb8a5b0
 Begin Bits: [0x0000000012840000, 0x00000000137d8000)
 End Bits:   [0x00000000137d8000, 0x0000000014770000)

Polling page: 0x0000000001240000

CodeCache: size=245760Kb used=13244Kb max_used=13933Kb free=232515Kb
 bounds [0x0000000002d30000, 0x0000000003ae0000, 0x0000000011d30000]
 total_blobs=4246 nmethods=3730 adapters=427
 compilation: enabled

Compilation events (10 events):
Event: 13.854 Thread 0x000000001533e000 4099       3       com.sun.proxy.$Proxy31::<init> (6 bytes)
Event: 13.854 Thread 0x000000001533e000 nmethod 4099 0x00000000030a0850 code [0x00000000030a09e0, 0x00000000030a0d68]
Event: 13.865 Thread 0x000000001533e000 4100   !   3       org.springframework.core.annotation.AnnotatedElementUtils::searchWithGetSemantics (178 bytes)
Event: 13.867 Thread 0x000000001533e000 nmethod 4100 0x00000000032eda10 code [0x00000000032edcc0, 0x00000000032eee38]
Event: 13.867 Thread 0x000000001533e000 4101       3       org.springframework.aop.support.AopUtils::canApply (206 bytes)
Event: 13.869 Thread 0x000000001533e000 nmethod 4101 0x00000000033546d0 code [0x0000000003354ae0, 0x0000000003356fb8]
Event: 13.875 Thread 0x000000001533e000 4102       3       org.springframework.core.ResolvableType::resolveMethodParameter (45 bytes)
Event: 13.876 Thread 0x000000001533e000 nmethod 4102 0x0000000002fca650 code [0x0000000002fca880, 0x0000000002fcb648]
Event: 13.883 Thread 0x000000001533e000 4103       1       org.springframework.beans.factory.support.DefaultListableBeanFactory::getAutowireCandidateResolver (5 bytes)
Event: 13.883 Thread 0x000000001533e000 nmethod 4103 0x0000000003372b50 code [0x0000000003372ca0, 0x0000000003372db0]

GC Heap History (10 events):
Event: 2.381 GC heap before
{Heap before GC invocations=9 (full 1):
 PSYoungGen      total 71680K, used 64512K [0x00000000eb380000, 0x00000000f3e80000, 0x0000000100000000)
  eden space 64512K, 100% used [0x00000000eb380000,0x00000000ef280000,0x00000000ef280000)
  from space 7168K, 0% used [0x00000000ef280000,0x00000000ef280000,0x00000000ef980000)
  to   space 6656K, 0% used [0x00000000f3800000,0x00000000f3800000,0x00000000f3e80000)
 ParOldGen       total 31232K, used 6528K [0x00000000c1a00000, 0x00000000c3880000, 0x00000000eb380000)
  object space 31232K, 20% used [0x00000000c1a00000,0x00000000c20600b0,0x00000000c3880000)
 Metaspace       used 23148K, capacity 23882K, committed 24064K, reserved 1071104K
  class space    used 3024K, capacity 3205K, committed 3328K, reserved 1048576K
Event: 2.388 GC heap after
Heap after GC invocations=9 (full 1):
 PSYoungGen      total 113152K, used 4049K [0x00000000eb380000, 0x00000000f3c00000, 0x0000000100000000)
  eden space 109056K, 0% used [0x00000000eb380000,0x00000000eb380000,0x00000000f1e00000)
  from space 4096K, 98% used [0x00000000f3800000,0x00000000f3bf4428,0x00000000f3c00000)
  to   space 6656K, 0% used [0x00000000f2f00000,0x00000000f2f00000,0x00000000f3580000)
 ParOldGen       total 31232K, used 6536K [0x00000000c1a00000, 0x00000000c3880000, 0x00000000eb380000)
  object space 31232K, 20% used [0x00000000c1a00000,0x00000000c20620b0,0x00000000c3880000)
 Metaspace       used 23148K, capacity 23882K, committed 24064K, reserved 1071104K
  class space    used 3024K, capacity 3205K, committed 3328K, reserved 1048576K
}
Event: 5.164 GC heap before
{Heap before GC invocations=10 (full 1):
 PSYoungGen      total 113152K, used 113105K [0x00000000eb380000, 0x00000000f3c00000, 0x0000000100000000)
  eden space 109056K, 100% used [0x00000000eb380000,0x00000000f1e00000,0x00000000f1e00000)
  from space 4096K, 98% used [0x00000000f3800000,0x00000000f3bf4428,0x00000000f3c00000)
  to   space 6656K, 0% used [0x00000000f2f00000,0x00000000f2f00000,0x00000000f3580000)
 ParOldGen       total 31232K, used 6536K [0x00000000c1a00000, 0x00000000c3880000, 0x00000000eb380000)
  object space 31232K, 20% used [0x00000000c1a00000,0x00000000c20620b0,0x00000000c3880000)
 Metaspace       used 33307K, capacity 34462K, committed 34560K, reserved 1079296K
  class space    used 4329K, capacity 4593K, committed 4608K, reserved 1048576K
Event: 5.183 GC heap after
Heap after GC invocations=10 (full 1):
 PSYoungGen      total 133120K, used 6646K [0x00000000eb380000, 0x00000000f5b00000, 0x0000000100000000)
  eden space 126464K, 0% used [0x00000000eb380000,0x00000000eb380000,0x00000000f2f00000)
  from space 6656K, 99% used [0x00000000f2f00000,0x00000000f357d978,0x00000000f3580000)
  to   space 10240K, 0% used [0x00000000f5100000,0x00000000f5100000,0x00000000f5b00000)
 ParOldGen       total 31232K, used 13528K [0x00000000c1a00000, 0x00000000c3880000, 0x00000000eb380000)
  object space 31232K, 43% used [0x00000000c1a00000,0x00000000c2736178,0x00000000c3880000)
 Metaspace       used 33307K, capacity 34462K, committed 34560K, reserved 1079296K
  class space    used 4329K, capacity 4593K, committed 4608K, reserved 1048576K
}
Event: 5.818 GC heap before
{Heap before GC invocations=11 (full 1):
 PSYoungGen      total 133120K, used 11349K [0x00000000eb380000, 0x00000000f5b00000, 0x0000000100000000)
  eden space 126464K, 3% used [0x00000000eb380000,0x00000000eb817c38,0x00000000f2f00000)
  from space 6656K, 99% used [0x00000000f2f00000,0x00000000f357d978,0x00000000f3580000)
  to   space 10240K, 0% used [0x00000000f5100000,0x00000000f5100000,0x00000000f5b00000)
 ParOldGen       total 31232K, used 13528K [0x00000000c1a00000, 0x00000000c3880000, 0x00000000eb380000)
  object space 31232K, 43% used [0x00000000c1a00000,0x00000000c2736178,0x00000000c3880000)
 Metaspace       used 34163K, capacity 35332K, committed 35416K, reserved 1079296K
  class space    used 4413K, capacity 4690K, committed 4736K, reserved 1048576K
Event: 5.826 GC heap after
Heap after GC invocations=11 (full 1):
 PSYoungGen      total 161792K, used 5893K [0x00000000eb380000, 0x00000000f6f00000, 0x0000000100000000)
  eden space 151552K, 0% used [0x00000000eb380000,0x00000000eb380000,0x00000000f4780000)
  from space 10240K, 57% used [0x00000000f5100000,0x00000000f56c1518,0x00000000f5b00000)
  to   space 9728K, 0% used [0x00000000f4780000,0x00000000f4780000,0x00000000f5100000)
 ParOldGen       total 31232K, used 14925K [0x00000000c1a00000, 0x00000000c3880000, 0x00000000eb380000)
  object space 31232K, 47% used [0x00000000c1a00000,0x00000000c28934d0,0x00000000c3880000)
 Metaspace       used 34163K, capacity 35332K, committed 35416K, reserved 1079296K
  class space    used 4413K, capacity 4690K, committed 4736K, reserved 1048576K
}
Event: 5.826 GC heap before
{Heap before GC invocations=12 (full 2):
 PSYoungGen      total 161792K, used 5893K [0x00000000eb380000, 0x00000000f6f00000, 0x0000000100000000)
  eden space 151552K, 0% used [0x00000000eb380000,0x00000000eb380000,0x00000000f4780000)
  from space 10240K, 57% used [0x00000000f5100000,0x00000000f56c1518,0x00000000f5b00000)
  to   space 9728K, 0% used [0x00000000f4780000,0x00000000f4780000,0x00000000f5100000)
 ParOldGen       total 31232K, used 14925K [0x00000000c1a00000, 0x00000000c3880000, 0x00000000eb380000)
  object space 31232K, 47% used [0x00000000c1a00000,0x00000000c28934d0,0x00000000c3880000)
 Metaspace       used 34163K, capacity 35332K, committed 35416K, reserved 1079296K
  class space    used 4413K, capacity 4690K, committed 4736K, reserved 1048576K
Event: 5.879 GC heap after
Heap after GC invocations=12 (full 2):
 PSYoungGen      total 161792K, used 0K [0x00000000eb380000, 0x00000000f6f00000, 0x0000000100000000)
  eden space 151552K, 0% used [0x00000000eb380000,0x00000000eb380000,0x00000000f4780000)
  from space 10240K, 0% used [0x00000000f5100000,0x00000000f5100000,0x00000000f5b00000)
  to   space 9728K, 0% used [0x00000000f4780000,0x00000000f4780000,0x00000000f5100000)
 ParOldGen       total 48128K, used 12987K [0x00000000c1a00000, 0x00000000c4900000, 0x00000000eb380000)
  object space 48128K, 26% used [0x00000000c1a00000,0x00000000c26aee40,0x00000000c4900000)
 Metaspace       used 34163K, capacity 35332K, committed 35416K, reserved 1079296K
  class space    used 4413K, capacity 4690K, committed 4736K, reserved 1048576K
}
Event: 13.731 GC heap before
{Heap before GC invocations=13 (full 2):
 PSYoungGen      total 161792K, used 151552K [0x00000000eb380000, 0x00000000f6f00000, 0x0000000100000000)
  eden space 151552K, 100% used [0x00000000eb380000,0x00000000f4780000,0x00000000f4780000)
  from space 10240K, 0% used [0x00000000f5100000,0x00000000f5100000,0x00000000f5b00000)
  to   space 9728K, 0% used [0x00000000f4780000,0x00000000f4780000,0x00000000f5100000)
 ParOldGen       total 48128K, used 12987K [0x00000000c1a00000, 0x00000000c4900000, 0x00000000eb380000)
  object space 48128K, 26% used [0x00000000c1a00000,0x00000000c26aee40,0x00000000c4900000)
 Metaspace       used 47963K, capacity 49716K, committed 50008K, reserved 1091584K
  class space    used 6664K, capacity 6992K, committed 7040K, reserved 1048576K
Event: 13.748 GC heap after
Heap after GC invocations=13 (full 2):
 PSYoungGen      total 161280K, used 9717K [0x00000000eb380000, 0x00000000f9380000, 0x0000000100000000)
  eden space 151552K, 0% used [0x00000000eb380000,0x00000000eb380000,0x00000000f4780000)
  from space 9728K, 99% used [0x00000000f4780000,0x00000000f50fd500,0x00000000f5100000)
  to   space 13824K, 0% used [0x00000000f8600000,0x00000000f8600000,0x00000000f9380000)
 ParOldGen       total 48128K, used 19891K [0x00000000c1a00000, 0x00000000c4900000, 0x00000000eb380000)
  object space 48128K, 41% used [0x00000000c1a00000,0x00000000c2d6cdb8,0x00000000c4900000)
 Metaspace       used 47963K, capacity 49716K, committed 50008K, reserved 1091584K
  class space    used 6664K, capacity 6992K, committed 7040K, reserved 1048576K
}

Deoptimization events (10 events):
Event: 6.754 Thread 0x0000000002c25000 Uncommon trap: reason=class_check action=maybe_recompile pc=0x000000000377b12c method=java.util.concurrent.ConcurrentMap.computeIfAbsent(Ljava/lang/Object;Ljava/util/function/Function;)Ljava/lang/Object; @ 7
Event: 8.640 Thread 0x0000000018b03000 Uncommon trap: reason=predicate action=maybe_recompile pc=0x0000000003995b20 method=java.util.regex.Pattern$SliceI.match(Ljava/util/regex/Matcher;ILjava/lang/CharSequence;)Z @ 21
Event: 13.254 Thread 0x0000000002c25000 Uncommon trap: reason=unstable_if action=reinterpret pc=0x00000000039c84fc method=org.postgresql.jdbc.PgResultSet.findColumnIndex(Ljava/lang/String;)I @ 4
Event: 13.256 Thread 0x0000000002c25000 Uncommon trap: reason=null_check action=make_not_entrant pc=0x00000000039cc1b4 method=org.postgresql.jdbc.PgResultSet.findColumnIndex(Ljava/lang/String;)I @ 64
Event: 13.357 Thread 0x0000000002c25000 Uncommon trap: reason=class_check action=maybe_recompile pc=0x00000000037dee4c method=org.springframework.beans.factory.support.AbstractBeanFactory.isTypeMatch(Ljava/lang/String;Lorg/springframework/core/ResolvableType;)Z @ 47
Event: 13.364 Thread 0x0000000002c25000 Uncommon trap: reason=class_check action=maybe_recompile pc=0x00000000037dee4c method=org.springframework.beans.factory.support.AbstractBeanFactory.isTypeMatch(Ljava/lang/String;Lorg/springframework/core/ResolvableType;)Z @ 47
Event: 13.369 Thread 0x0000000002c25000 Uncommon trap: reason=unstable_if action=reinterpret pc=0x00000000032dcbdc method=java.io.WinNTFileSystem.isLetter(C)Z @ 3
Event: 13.374 Thread 0x0000000002c25000 Uncommon trap: reason=class_check action=maybe_recompile pc=0x00000000037dee4c method=org.springframework.beans.factory.support.AbstractBeanFactory.isTypeMatch(Ljava/lang/String;Lorg/springframework/core/ResolvableType;)Z @ 47
Event: 13.401 Thread 0x0000000002c25000 Uncommon trap: reason=class_check action=maybe_recompile pc=0x00000000037dee4c method=org.springframework.beans.factory.support.AbstractBeanFactory.isTypeMatch(Ljava/lang/String;Lorg/springframework/core/ResolvableType;)Z @ 47
Event: 13.540 Thread 0x0000000002c25000 Uncommon trap: reason=unstable_if action=reinterpret pc=0x0000000002ea535c method=java.util.Properties$LineReader.readLine()I @ 323

Internal exceptions (10 events):
Event: 13.874 Thread 0x0000000002c25000 Exception <a 'java/lang/ClassNotFoundException': org/springframework/boot/autoconfigure/web/servlet/WebMvcAutoConfiguration$EnableWebMvcConfigurationCustomizer> (0x00000000ebef0880) thrown at [C:\re\workspace\8-2-build-windows-amd64-cygwin\jdk8u66\5298\hotKœÀ+@
Event: 13.875 Thread 0x0000000002c25000 Exception <a 'java/lang/ClassNotFoundException': org/springframework/boot/autoconfigure/web/servlet/WebMvcAutoConfiguration$EnableWebMvcConfiguration$$EnhancerBySpringCGLIB$$3bfbfdf4Customizer> (0x00000000ebf29ad8) thrown at [C:\re\workspace\8-2-build-windÚz¹®À+@
Event: 13.876 Thread 0x0000000002c25000 Exception <a 'java/lang/ClassNotFoundException': org/springframework/context/annotation/ConfigurationClassEnhancer$EnhancedConfigurationCustomizer> (0x00000000ebf6dfe0) thrown at [C:\re\workspace\8-2-build-windows-amd64-cygwin\jdk8u66\5298\hotspot\src\sharú¯óôùÀ+@
Event: 13.877 Thread 0x0000000002c25000 Exception <a 'java/lang/ClassNotFoundException': org/springframework/beans/factory/BeanFactoryAwareCustomizer> (0x00000000ebf88310) thrown at [C:\re\workspace\8-2-build-windows-amd64-cygwin\jdk8u66\5298\hotspot\src\share\vm\classfile\systemDictionary.cpp, 6ÐÎ^Á+@
Event: 13.878 Thread 0x0000000002c25000 Exception <a 'java/lang/ClassNotFoundException': org/springframework/beans/factory/AwareCustomizer> (0x00000000ebfa0810) thrown at [C:\re\workspace\8-2-build-windows-amd64-cygwin\jdk8u66\5298\hotspot\src\share\vm\classfile\systemDictionary.cpp, line 210]
Event: 13.878 Thread 0x0000000002c25000 Exception <a 'java/lang/ClassNotFoundException': org/springframework/context/ApplicationContextAwareCustomizer> (0x00000000ebfbada8) thrown at [C:\re\workspace\8-2-build-windows-amd64-cygwin\jdk8u66\5298\hotspot\src\share\vm\classfile\systemDictionary.cpp,WnÆÂÂ+@
Event: 13.879 Thread 0x0000000002c25000 Exception <a 'java/lang/ClassNotFoundException': org/springframework/beans/factory/AwareCustomizer> (0x00000000ebfd3290) thrown at [C:\re\workspace\8-2-build-windows-amd64-cygwin\jdk8u66\5298\hotspot\src\share\vm\classfile\systemDictionary.cpp, line 210]
Event: 13.880 Thread 0x0000000002c25000 Exception <a 'java/lang/ClassNotFoundException': org/springframework/web/context/ServletContextAwareCustomizer> (0x00000000ebfed810) thrown at [C:\re\workspace\8-2-build-windows-amd64-cygwin\jdk8u66\5298\hotspot\src\share\vm\classfile\systemDictionary.cpp,xºSöµÂ+@
Event: 13.880 Thread 0x0000000002c25000 Exception <a 'java/lang/ClassNotFoundException': org/springframework/beans/factory/AwareCustomizer> (0x00000000ec005760) thrown at [C:\re\workspace\8-2-build-windows-amd64-cygwin\jdk8u66\5298\hotspot\src\share\vm\classfile\systemDictionary.cpp, line 210]
Event: 13.886 Thread 0x0000000002c25000 Exception <a 'java/lang/ClassNotFoundException': java/lang/ObjectCustomizer> (0x00000000ec0477c8) thrown at [C:\re\workspace\8-2-build-windows-amd64-cygwin\jdk8u66\5298\hotspot\src\share\vm\classfile\systemDictionary.cpp, line 210]

Events (10 events):
Event: 13.880 loading class org/springframework/beans/factory/AwareCustomizer
Event: 13.880 loading class org/springframework/beans/factory/AwareCustomizer done
Event: 13.880 loading class org/springframework/beans/factory/AwareCustomizer
Event: 13.880 loading class org/springframework/beans/factory/AwareCustomizer done
Event: 13.885 loading class java/lang/ObjectCustomizer
Event: 13.885 loading class java/lang/ObjectCustomizer done
Event: 13.886 loading class java/lang/ObjectCustomizer
Event: 13.886 loading class java/lang/ObjectCustomizer done
Event: 13.886 loading class org/springframework/boot/autoconfigure/web/servlet/WebMvcAutoConfiguration$WebMvcAutoConfigurationAdapterCustomizer
Event: 13.886 loading class org/springframework/boot/autoconfigure/web/servlet/WebMvcAutoConfiguration$WebMvcAutoConfigurationAdapterCustomizer done


Dynamic libraries:
0x00007ff7556f0000 - 0x00007ff755727000 	C:\Program Files\Java\jre1.8.0_66\bin\javaw.exe
0x00007ff9518c0000 - 0x00007ff951aa1000 	C:\WINDOWS\SYSTEM32\ntdll.dll
0x00007ff94f360000 - 0x00007ff94f412000 	C:\WINDOWS\System32\KERNEL32.DLL
0x00007ff94e0f0000 - 0x00007ff94e363000 	C:\WINDOWS\System32\KERNELBASE.dll
0x00007ff950d20000 - 0x00007ff950dc1000 	C:\WINDOWS\System32\ADVAPI32.dll
0x00007ff94f7c0000 - 0x00007ff94f85e000 	C:\WINDOWS\System32\msvcrt.dll
0x00007ff94ef10000 - 0x00007ff94ef6b000 	C:\WINDOWS\System32\sechost.dll
0x00007ff9513b0000 - 0x00007ff9514d4000 	C:\WINDOWS\System32\RPCRT4.dll
0x00007ff951220000 - 0x00007ff9513b0000 	C:\WINDOWS\System32\USER32.dll
0x00007ff94e020000 - 0x00007ff94e040000 	C:\WINDOWS\System32\win32u.dll
0x00007ff94f330000 - 0x00007ff94f358000 	C:\WINDOWS\System32\GDI32.dll
0x00007ff94dce0000 - 0x00007ff94de72000 	C:\WINDOWS\System32\gdi32full.dll
0x00007ff94de80000 - 0x00007ff94df1f000 	C:\WINDOWS\System32\msvcp_win.dll
0x00007ff94df20000 - 0x00007ff94e018000 	C:\WINDOWS\System32\ucrtbase.dll
0x00007ff943090000 - 0x00007ff9432f9000 	C:\WINDOWS\WinSxS\amd64_microsoft.windows.common-controls_6595b64144ccf1df_6.0.17134.648_none_fb45a0e93062a6d2\COMCTL32.dll
0x00007ff951560000 - 0x00007ff951882000 	C:\WINDOWS\System32\combase.dll
0x00007ff94e3d0000 - 0x00007ff94e44a000 	C:\WINDOWS\System32\bcryptPrimitives.dll
0x00007ff94f790000 - 0x00007ff94f7bd000 	C:\WINDOWS\System32\IMM32.DLL
0x000000006b1d0000 - 0x000000006b2a2000 	C:\Program Files\Java\jre1.8.0_66\bin\msvcr100.dll
0x000000006b380000 - 0x000000006bc09000 	C:\Program Files\Java\jre1.8.0_66\bin\server\jvm.dll
0x00007ff94f580000 - 0x00007ff94f588000 	C:\WINDOWS\System32\PSAPI.DLL
0x00007ff944870000 - 0x00007ff944879000 	C:\WINDOWS\SYSTEM32\WSOCK32.dll
0x00007ff94f070000 - 0x00007ff94f0dc000 	C:\WINDOWS\System32\WS2_32.dll
0x00007ff94b650000 - 0x00007ff94b673000 	C:\WINDOWS\SYSTEM32\WINMM.dll
0x00007ff9437f0000 - 0x00007ff9437fa000 	C:\WINDOWS\SYSTEM32\VERSION.dll
0x00007ff94b480000 - 0x00007ff94b4aa000 	C:\WINDOWS\SYSTEM32\WINMMBASE.dll
0x00007ff94dc90000 - 0x00007ff94dcd9000 	C:\WINDOWS\System32\cfgmgr32.dll
0x000000006b370000 - 0x000000006b37f000 	C:\Program Files\Java\jre1.8.0_66\bin\verify.dll
0x000000006b340000 - 0x000000006b369000 	C:\Program Files\Java\jre1.8.0_66\bin\java.dll
0x000000006b320000 - 0x000000006b336000 	C:\Program Files\Java\jre1.8.0_66\bin\zip.dll
0x00007ff94f8e0000 - 0x00007ff950d20000 	C:\WINDOWS\System32\SHELL32.dll
0x00007ff94edf0000 - 0x00007ff94ee99000 	C:\WINDOWS\System32\shcore.dll
0x00007ff94e450000 - 0x00007ff94eb5d000 	C:\WINDOWS\System32\windows.storage.dll
0x00007ff94f730000 - 0x00007ff94f781000 	C:\WINDOWS\System32\shlwapi.dll
0x00007ff94dbd0000 - 0x00007ff94dbe1000 	C:\WINDOWS\System32\kernel.appcore.dll
0x00007ff94dc70000 - 0x00007ff94dc8f000 	C:\WINDOWS\System32\profapi.dll
0x00007ff94dc20000 - 0x00007ff94dc6c000 	C:\WINDOWS\System32\powrprof.dll
0x00007ff94dbf0000 - 0x00007ff94dbfa000 	C:\WINDOWS\System32\FLTLIB.DLL
0x000000006b300000 - 0x000000006b31a000 	C:\Program Files\Java\jre1.8.0_66\bin\net.dll
0x00007ff94d450000 - 0x00007ff94d4b6000 	C:\WINDOWS\system32\mswsock.dll
0x000000006b2e0000 - 0x000000006b2f1000 	C:\Program Files\Java\jre1.8.0_66\bin\nio.dll
0x000000006b1c0000 - 0x000000006b1cd000 	C:\Program Files\Java\jre1.8.0_66\bin\management.dll
0x00007ff9445d0000 - 0x00007ff9445e6000 	C:\WINDOWS\system32\napinsp.dll
0x00007ff943b30000 - 0x00007ff943b4a000 	C:\WINDOWS\system32\pnrpnsp.dll
0x00007ff94a410000 - 0x00007ff94a429000 	C:\WINDOWS\system32\NLAapi.dll
0x00007ff94d210000 - 0x00007ff94d2ce000 	C:\WINDOWS\SYSTEM32\DNSAPI.dll
0x00007ff94eea0000 - 0x00007ff94eea8000 	C:\WINDOWS\System32\NSI.dll
0x00007ff94d1d0000 - 0x00007ff94d208000 	C:\WINDOWS\SYSTEM32\IPHLPAPI.DLL
0x00007ff943aa0000 - 0x00007ff943aae000 	C:\WINDOWS\System32\winrnr.dll
0x00007ff944400000 - 0x00007ff94440a000 	C:\Windows\System32\rasadhlp.dll
0x00007ff944ba0000 - 0x00007ff944c12000 	C:\WINDOWS\System32\fwpuclnt.dll
0x00007ff94d730000 - 0x00007ff94d755000 	C:\WINDOWS\SYSTEM32\bcrypt.dll
0x000000006b2b0000 - 0x000000006b2d4000 	C:\Program Files\Java\jre1.8.0_66\bin\sunec.dll
0x00007ff94d600000 - 0x00007ff94d617000 	C:\WINDOWS\SYSTEM32\CRYPTSP.dll
0x00007ff94cfd0000 - 0x00007ff94d003000 	C:\WINDOWS\system32\rsaenh.dll
0x00007ff94dad0000 - 0x00007ff94daf8000 	C:\WINDOWS\SYSTEM32\USERENV.dll
0x00007ff94d620000 - 0x00007ff94d62b000 	C:\WINDOWS\SYSTEM32\CRYPTBASE.dll
0x00007ff946e00000 - 0x00007ff946e16000 	C:\WINDOWS\SYSTEM32\dhcpcsvc6.DLL
0x00007ff946de0000 - 0x00007ff946dfa000 	C:\WINDOWS\SYSTEM32\dhcpcsvc.DLL

VM Arguments:
jvm_args: -Dfile.encoding=UTF-8 
java_command: org.eclipse.jdt.internal.junit.runner.RemoteTestRunner -version 3 -port 50859 -testLoaderClass org.eclipse.jdt.internal.junit4.runner.JUnit4TestLoader -loaderpluginname org.eclipse.jdt.junit4.runtime -classNames br.com.db1.pedidos.pedidos.api.repositorio.ProdutoRepositoryTest
java_class_path (initial): D:\DB1\Db1StartJava2\pedidos.api\target\test-classes;D:\DB1\Db1StartJava2\pedidos.api\target\classes;C:\Users\Aluno.DESKTOP-3ASBCDM\.m2\repository\org\postgresql\postgresql\42.2.5\postgresql-42.2.5.jar;C:\Users\Aluno.DESKTOP-3ASBCDM\.m2\repository\org\springframework\boot\spring-boot-starter-data-jpa\2.1.3.RELEASE\spring-boot-starter-data-jpa-2.1.3.RELEASE.jar;C:\Users\Aluno.DESKTOP-3ASBCDM\.m2\repository\org\springframework\boot\spring-boot-starter-aop\2.1.3.RELEASE\spring-boot-starter-aop-2.1.3.RELEASE.jar;C:\Users\Aluno.DESKTOP-3ASBCDM\.m2\repository\org\springframework\spring-aop\5.1.5.RELEASE\spring-aop-5.1.5.RELEASE.jar;C:\Users\Aluno.DESKTOP-3ASBCDM\.m2\repository\org\aspectj\aspectjweaver\1.9.2\aspectjweaver-1.9.2.jar;C:\Users\Aluno.DESKTOP-3ASBCDM\.m2\repository\org\springframework\boot\spring-boot-starter-jdbc\2.1.3.RELEASE\spring-boot-starter-jdbc-2.1.3.RELEASE.jar;C:\Users\Aluno.DESKTOP-3ASBCDM\.m2\repository\com\zaxxer\HikariCP\3.2.0\HikariCP-3.2.0.jar;C:\Users\Aluno.DESKTOP-3ASBCDM\.m2\repository\org\springframework\spring-jdbc\5.1.5.RELEASE\spring-jdbc-5.1.5.RELEASE.jar;C:\Users\Aluno.DESKTOP-3ASBCDM\.m2\repository\javax\transaction\javax.transaction-api\1.3\javax.transaction-api-1.3.jar;C:\Users\Aluno.DESKTOP-3ASBCDM\.m2\repository\javax\xml\bind\jaxb-api\2.3.1\jaxb-api-2.3.1.jar;C:\Users\Aluno.DESKTOP-3ASBCDM\.m2\repository\javax\activation\javax.activation-api\1.2.0\javax.activation-api-1.2.0.jar;C:\Users\Aluno.DESKTOP-3ASBCDM\.m2\repository\org\hibernate\hibernate-core\5.3.7.Final\hibernate-core-5.3.7.Final.jar;C:\Users\Aluno.DESKTOP-3ASBCDM\.m2\repository\org\jboss\logging\jboss-logging\3.3.2.Final\jboss-logging-3.3.2.Final.jar;C:\Users\Aluno.DESKTOP-3ASBCDM\.m2\repository\javax\persistence\javax.persistence-api\2.2\javax.persistence-api-2.2.jar;C:\Users\Aluno.DESKTOP-3ASBCDM\.m2\repository\org\javassist\javassist\3.23.1-GA\javassist-3.23.1-GA.jar;C:\Users\Aluno.DESKTOP-3ASBCDM\.m2\repository\net\bytebuddy\byte-buddy\
Launcher Type: SUN_STANDARD

Environment Variables:
JAVA_HOME=C:\Program Files\Java\jdk1.8.0_66
PATH=C:/Program Files/Java/jre1.8.0_66/bin/server;C:/Program Files/Java/jre1.8.0_66/bin;C:/Program Files/Java/jre1.8.0_66/lib/amd64;C:\ProgramData\Oracle\Java\javapath;C:\WINDOWS\system32;C:\WINDOWS;C:\WINDOWS\System32\Wbem;C:\WINDOWS\System32\WindowsPowerShell\v1.0\;C:\Program Files (x86)\MySQL\MySQL Fabric 1.5 & MySQL Utilities 1.5\;C:\Program Files (x86)\MySQL\MySQL Fabric 1.5 & MySQL Utilities 1.5\Doctrine extensions for PHP\;C:\Users\Aluno.DESKTOP-3ASBCDM\.dnx\bin;C:\Program Files\Microsoft DNX\Dnvm\;C:\cygwin64;C:\Program Files\Microsoft SQL Server\Client SDK\ODBC\110\Tools\Binn\;C:\Program Files (x86)\Microsoft SQL Server\120\Tools\Binn\;C:\Program Files\Microsoft SQL Server\120\Tools\Binn\;C:\Program Files\Microsoft SQL Server\120\DTS\Binn\;C:\Program Files (x86)\Microsoft SQL Server\120\Tools\Binn\ManagementStudio\;C:\Program Files (x86)\Microsoft SQL Server\120\DTS\Binn\;C:\Program Files (x86)\Shield;C:\WINDOWS\System32\OpenSSH\;C:\Program Files\Java\jdk1.8.0_66\bin;C:\Users\Aluno.DESKTOP-3ASBCDM\AppData\Local\Microsoft\WindowsApps;;C:\Users\Aluno.DESKTOP-3ASBCDM\Desktop;
USERNAME=Aluno
OS=Windows_NT
PROCESSOR_IDENTIFIER=Intel64 Family 6 Model 58 Stepping 9, GenuineIntel



---------------  S Y S T E M  ---------------

OS: Windows 10.0 , 64 bit Build 17134 (10.0.17134.648)

CPU:total 4 (2 cores per cpu, 2 threads per core) family 6 model 58 stepping 9, cmov, cx8, fxsr, mmx, sse, sse2, sse3, ssse3, sse4.1, sse4.2, popcnt, avx, clmul, erms, ht, tsc, tscinvbit, tscinv

Memory: 4k page, physical 4087612k(1022488k free), swap 4087612k(23776k free)

vm_info: Java HotSpot(TM) 64-Bit Server VM (25.66-b18) for windows-amd64 JRE (1.8.0_66-b18), built on Nov  9 2015 10:51:13 by "java_re" with MS VC++ 10.0 (VS2010)

time: Wed Apr 03 14:57:31 2019
elapsed time: 13 seconds (0d 0h 0m 13s)

