#
# There is insufficient memory for the Java Runtime Environment to continue.
# Native memory allocation (malloc) failed to allocate 431376 bytes for Chunk::new
# Possible reasons:
#   The system is out of physical RAM or swap space
#   In 32 bit mode, the process size limit was hit
# Possible solutions:
#   Reduce memory load on the system
#   Increase physical memory or swap space
#   Check if swap backing store is full
#   Use 64 bit Java on a 64 bit OS
#   Decrease Java heap size (-Xmx/-Xms)
#   Decrease number of Java threads
#   Decrease Java thread stack sizes (-Xss)
#   Set larger code cache with -XX:ReservedCodeCacheSize=
# This output file may be truncated or incomplete.
#
#  Out of Memory Error (allocation.cpp:390), pid=10216, tid=5200
#
# JRE version: Java(TM) SE Runtime Environment (8.0_66-b18) (build 1.8.0_66-b18)
# Java VM: Java HotSpot(TM) 64-Bit Server VM (25.66-b18 mixed mode windows-amd64 compressed oops)
# Failed to write core dump. Minidumps are not enabled by default on client versions of Windows
#

---------------  T H R E A D  ---------------

Current thread (0x0000000015711000):  JavaThread "C2 CompilerThread0" daemon [_thread_in_native, id=5200, stack(0x0000000016d90000,0x0000000016e90000)]

Stack: [0x0000000016d90000,0x0000000016e90000]
[error occurred during error reporting (printing stack bounds), id 0xc0000005]

Native frames: (J=compiled Java code, j=interpreted, Vv=VM code, C=native code)


Current CompileTask:
C2:    643  650       4       java.io.WinNTFileSystem::normalize (143 bytes)


---------------  P R O C E S S  ---------------

Java Threads: ( => current thread )
  0x0000000017a2c800 JavaThread "background-preinit" [_thread_in_Java, id=3924, stack(0x0000000017fe0000,0x00000000180e0000)]
  0x00000000170b4000 JavaThread "Service Thread" daemon [_thread_blocked, id=2024, stack(0x0000000017490000,0x0000000017590000)]
  0x000000001571c800 JavaThread "C1 CompilerThread2" daemon [_thread_blocked, id=6136, stack(0x0000000016f90000,0x0000000017090000)]
  0x0000000015716800 JavaThread "C2 CompilerThread1" daemon [_thread_in_native, id=5796, stack(0x0000000016e90000,0x0000000016f90000)]
=>0x0000000015711000 JavaThread "C2 CompilerThread0" daemon [_thread_in_native, id=5200, stack(0x0000000016d90000,0x0000000016e90000)]
  0x0000000015710000 JavaThread "Attach Listener" daemon [_thread_blocked, id=4776, stack(0x0000000016c90000,0x0000000016d90000)]
  0x000000001570f000 JavaThread "Signal Dispatcher" daemon [_thread_blocked, id=10196, stack(0x0000000016b90000,0x0000000016c90000)]
  0x000000000312a800 JavaThread "Finalizer" daemon [_thread_blocked, id=9536, stack(0x0000000016980000,0x0000000016a80000)]
  0x00000000156d9800 JavaThread "Reference Handler" daemon [_thread_blocked, id=11028, stack(0x0000000016880000,0x0000000016980000)]
  0x0000000003034800 JavaThread "main" [_thread_blocked, id=9048, stack(0x0000000002e30000,0x0000000002f30000)]

Other Threads:
  0x00000000156d7000 VMThread [stack: 0x0000000016780000,0x0000000016880000] [id=3696]
  0x00000000170d9800 WatcherThread [stack: 0x0000000017590000,0x0000000017690000] [id=5984]

VM state:not at safepoint (normal execution)

VM Mutex/Monitor currently owned by a thread: None

Heap:
 PSYoungGen      total 18944K, used 9857K [0x00000000eb380000, 0x00000000ec880000, 0x0000000100000000)
  eden space 16384K, 44% used [0x00000000eb380000,0x00000000ebaa2ab0,0x00000000ec380000)
  from space 2560K, 99% used [0x00000000ec380000,0x00000000ec5fdce8,0x00000000ec600000)
  to   space 2560K, 0% used [0x00000000ec600000,0x00000000ec600000,0x00000000ec880000)
 ParOldGen       total 44032K, used 526K [0x00000000c1a00000, 0x00000000c4500000, 0x00000000eb380000)
  object space 44032K, 1% used [0x00000000c1a00000,0x00000000c1a83868,0x00000000c4500000)
 Metaspace       used 8372K, capacity 8568K, committed 8832K, reserved 1056768K
  class space    used 994K, capacity 1072K, committed 1152K, reserved 1048576K

Card table byte_map: [0x00000000124f0000,0x00000000126f0000] byte_map_base: 0x0000000011ee3000

Marking Bits: (ParMarkBitMap*) 0x000000006bb8a5b0
 Begin Bits: [0x0000000012c40000, 0x0000000013bd8000)
 End Bits:   [0x0000000013bd8000, 0x0000000014b70000)

Polling page: 0x0000000000de0000

CodeCache: size=245760Kb used=2725Kb max_used=2725Kb free=243034Kb
 bounds [0x0000000003130000, 0x00000000033e0000, 0x0000000012130000]
 total_blobs=975 nmethods=671 adapters=217
 compilation: enabled

Compilation events (10 events):
Event: 0.634 Thread 0x000000001571c800 nmethod 666 0x00000000033d4e50 code [0x00000000033d4fc0, 0x00000000033d5248]
Event: 0.634 Thread 0x000000001571c800  667       3       sun.reflect.generics.factory.CoreReflectionFactory::getDeclsLoader (85 bytes)
Event: 0.636 Thread 0x0000000015716800  670       4       sun.net.www.ParseUtil::encodePath (336 bytes)
Event: 0.636 Thread 0x000000001571c800 nmethod 667 0x00000000033d5310 code [0x00000000033d5660, 0x00000000033d7918]
Event: 0.636 Thread 0x000000001571c800  668   !   3       sun.reflect.generics.factory.CoreReflectionFactory::makeNamedType (21 bytes)
Event: 0.636 Thread 0x000000001571c800 nmethod 668 0x00000000033d8710 code [0x00000000033d88a0, 0x00000000033d8b08]
Event: 0.636 Thread 0x000000001571c800  669       3       org.springframework.core.ResolvableType::<init> (39 bytes)
Event: 0.637 Thread 0x000000001571c800 nmethod 669 0x00000000033d8c50 code [0x00000000033d8dc0, 0x00000000033d9028]
Event: 0.640 Thread 0x000000001571c800  671       3       java.util.regex.Pattern::has (15 bytes)
Event: 0.640 Thread 0x000000001571c800 nmethod 671 0x00000000033d9550 code [0x00000000033d96a0, 0x00000000033d9850]

GC Heap History (2 events):
Event: 0.565 GC heap before
{Heap before GC invocations=1 (full 0):
 PSYoungGen      total 18944K, used 16384K [0x00000000eb380000, 0x00000000ec880000, 0x0000000100000000)
  eden space 16384K, 100% used [0x00000000eb380000,0x00000000ec380000,0x00000000ec380000)
  from space 2560K, 0% used [0x00000000ec600000,0x00000000ec600000,0x00000000ec880000)
  to   space 2560K, 0% used [0x00000000ec380000,0x00000000ec380000,0x00000000ec600000)
 ParOldGen       total 44032K, used 0K [0x00000000c1a00000, 0x00000000c4500000, 0x00000000eb380000)
  object space 44032K, 0% used [0x00000000c1a00000,0x00000000c1a00000,0x00000000c4500000)
 Metaspace       used 7254K, capacity 7436K, committed 7680K, reserved 1056768K
  class space    used 865K, capacity 908K, committed 1024K, reserved 1048576K
Event: 0.568 GC heap after
Heap after GC invocations=1 (full 0):
 PSYoungGen      total 18944K, used 2551K [0x00000000eb380000, 0x00000000ec880000, 0x0000000100000000)
  eden space 16384K, 0% used [0x00000000eb380000,0x00000000eb380000,0x00000000ec380000)
  from space 2560K, 99% used [0x00000000ec380000,0x00000000ec5fdce8,0x00000000ec600000)
  to   space 2560K, 0% used [0x00000000ec600000,0x00000000ec600000,0x00000000ec880000)
 ParOldGen       total 44032K, used 526K [0x00000000c1a00000, 0x00000000c4500000, 0x00000000eb380000)
  object space 44032K, 1% used [0x00000000c1a00000,0x00000000c1a83868,0x00000000c4500000)
 Metaspace       used 7254K, capacity 7436K, committed 7680K, reserved 1056768K
  class space    used 865K, capacity 908K, committed 1024K, reserved 1048576K
}

Deoptimization events (3 events):
Event: 0.323 Thread 0x0000000003034800 Uncommon trap: reason=unstable_if action=reinterpret pc=0x00000000032be034 method=sun.misc.MetaIndex.mayContain(Ljava/lang/String;)Z @ 38
Event: 0.562 Thread 0x0000000003034800 Uncommon trap: reason=unstable_if action=reinterpret pc=0x00000000032adc28 method=java.lang.String.indexOf([CII[CIII)I @ 3
Event: 0.585 Thread 0x0000000017a2c800 Uncommon trap: reason=range_check action=make_not_entrant pc=0x00000000033a84e0 method=sun.reflect.generics.parser.SignatureParser.current()C @ 34

Internal exceptions (10 events):
Event: 0.533 Thread 0x0000000003034800 Exception <a 'java/lang/ArrayIndexOutOfBoundsException'> (0x00000000ec2acdb0) thrown at [C:\re\workspace\8-2-build-windows-amd64-cygwin\jdk8u66\5298\hotspot\src\share\vm\runtime\sharedRuntime.cpp, line 605]
Event: 0.533 Thread 0x0000000003034800 Exception <a 'java/lang/ArrayIndexOutOfBoundsException'> (0x00000000ec2ae950) thrown at [C:\re\workspace\8-2-build-windows-amd64-cygwin\jdk8u66\5298\hotspot\src\share\vm\runtime\sharedRuntime.cpp, line 605]
Event: 0.582 Thread 0x0000000017a2c800 Exception <a 'java/lang/ArrayIndexOutOfBoundsException'> (0x00000000eb590500) thrown at [C:\re\workspace\8-2-build-windows-amd64-cygwin\jdk8u66\5298\hotspot\src\share\vm\runtime\sharedRuntime.cpp, line 605]
Event: 0.582 Thread 0x0000000017a2c800 Exception <a 'java/lang/ArrayIndexOutOfBoundsException'> (0x00000000eb591ce8) thrown at [C:\re\workspace\8-2-build-windows-amd64-cygwin\jdk8u66\5298\hotspot\src\share\vm\runtime\sharedRuntime.cpp, line 605]
Event: 0.585 Thread 0x0000000003034800 Exception <a 'java/io/FileNotFoundException'> (0x00000000eb5352a8) thrown at [C:\re\workspace\8-2-build-windows-amd64-cygwin\jdk8u66\5298\hotspot\src\share\vm\prims\jni.cpp, line 709]
Event: 0.585 Thread 0x0000000017a2c800 Exception <a 'java/lang/ArrayIndexOutOfBoundsException': 117> (0x00000000eb5d2000) thrown at [C:\re\workspace\8-2-build-windows-amd64-cygwin\jdk8u66\5298\hotspot\src\share\vm\interpreter\interpreterRuntime.cpp, line 366]
Event: 0.587 Thread 0x0000000003034800 Exception <a 'java/lang/ArrayIndexOutOfBoundsException': 113> (0x00000000eb6383e8) thrown at [C:\re\workspace\8-2-build-windows-amd64-cygwin\jdk8u66\5298\hotspot\src\share\vm\interpreter\interpreterRuntime.cpp, line 366]
Event: 0.587 Thread 0x0000000017a2c800 Exception <a 'java/lang/ArrayIndexOutOfBoundsException': 113> (0x00000000eb5f73e0) thrown at [C:\re\workspace\8-2-build-windows-amd64-cygwin\jdk8u66\5298\hotspot\src\share\vm\interpreter\interpreterRuntime.cpp, line 366]
Event: 0.587 Thread 0x0000000003034800 Exception <a 'java/lang/ArrayIndexOutOfBoundsException': 60> (0x00000000eb639520) thrown at [C:\re\workspace\8-2-build-windows-amd64-cygwin\jdk8u66\5298\hotspot\src\share\vm\interpreter\interpreterRuntime.cpp, line 366]
Event: 0.587 Thread 0x0000000003034800 Exception <a 'java/lang/ArrayIndexOutOfBoundsException': 113> (0x00000000eb645848) thrown at [C:\re\workspace\8-2-build-windows-amd64-cygwin\jdk8u66\5298\hotspot\src\share\vm\interpreter\interpreterRuntime.cpp, line 366]

Events (10 events):
Event: 0.641 loading class java/time/temporal/IsoFields$Field$1
Event: 0.641 loading class java/time/temporal/IsoFields$Field$1 done
Event: 0.641 loading class java/time/temporal/IsoFields$Field$2
Event: 0.641 loading class java/time/temporal/IsoFields$Field$2 done
Event: 0.641 loading class java/time/temporal/IsoFields$Field$3
Event: 0.642 loading class java/time/temporal/IsoFields$Field$3 done
Event: 0.642 loading class java/time/temporal/IsoFields$Field$4
Event: 0.642 loading class java/time/temporal/IsoFields$Field$4 done
Event: 0.642 loading class java/time/temporal/IsoFields$Unit
Event: 0.642 loading class java/time/temporal/IsoFields$Unit done


Dynamic libraries:
0x00007ff7556f0000 - 0x00007ff755727000 	C:\Program Files\Java\jre1.8.0_66\bin\javaw.exe
0x00007ff9518c0000 - 0x00007ff951aa1000 	C:\WINDOWS\SYSTEM32\ntdll.dll
0x00007ff94f360000 - 0x00007ff94f412000 	C:\WINDOWS\System32\KERNEL32.DLL
0x00007ff94e0f0000 - 0x00007ff94e363000 	C:\WINDOWS\System32\KERNELBASE.dll
0x00007ff950d20000 - 0x00007ff950dc1000 	C:\WINDOWS\System32\ADVAPI32.dll
0x00007ff94f7c0000 - 0x00007ff94f85e000 	C:\WINDOWS\System32\msvcrt.dll
0x00007ff94ef10000 - 0x00007ff94ef6b000 	C:\WINDOWS\System32\sechost.dll
0x00007ff9513b0000 - 0x00007ff9514d4000 	C:\WINDOWS\System32\RPCRT4.dll
0x00007ff951220000 - 0x00007ff9513b0000 	C:\WINDOWS\System32\USER32.dll
0x00007ff94e020000 - 0x00007ff94e040000 	C:\WINDOWS\System32\win32u.dll
0x00007ff94f330000 - 0x00007ff94f358000 	C:\WINDOWS\System32\GDI32.dll
0x00007ff94dce0000 - 0x00007ff94de72000 	C:\WINDOWS\System32\gdi32full.dll
0x00007ff94de80000 - 0x00007ff94df1f000 	C:\WINDOWS\System32\msvcp_win.dll
0x00007ff94df20000 - 0x00007ff94e018000 	C:\WINDOWS\System32\ucrtbase.dll
0x00007ff943090000 - 0x00007ff9432f9000 	C:\WINDOWS\WinSxS\amd64_microsoft.windows.common-controls_6595b64144ccf1df_6.0.17134.648_none_fb45a0e93062a6d2\COMCTL32.dll
0x00007ff951560000 - 0x00007ff951882000 	C:\WINDOWS\System32\combase.dll
0x00007ff94e3d0000 - 0x00007ff94e44a000 	C:\WINDOWS\System32\bcryptPrimitives.dll
0x00007ff94f790000 - 0x00007ff94f7bd000 	C:\WINDOWS\System32\IMM32.DLL
0x000000006b1d0000 - 0x000000006b2a2000 	C:\Program Files\Java\jre1.8.0_66\bin\msvcr100.dll
0x000000006b380000 - 0x000000006bc09000 	C:\Program Files\Java\jre1.8.0_66\bin\server\jvm.dll
0x00007ff94f580000 - 0x00007ff94f588000 	C:\WINDOWS\System32\PSAPI.DLL
0x00007ff944870000 - 0x00007ff944879000 	C:\WINDOWS\SYSTEM32\WSOCK32.dll
0x00007ff94f070000 - 0x00007ff94f0dc000 	C:\WINDOWS\System32\WS2_32.dll
0x00007ff9437f0000 - 0x00007ff9437fa000 	C:\WINDOWS\SYSTEM32\VERSION.dll
0x00007ff94b650000 - 0x00007ff94b673000 	C:\WINDOWS\SYSTEM32\WINMM.dll
0x00007ff94b480000 - 0x00007ff94b4aa000 	C:\WINDOWS\SYSTEM32\WINMMBASE.dll
0x00007ff94dc90000 - 0x00007ff94dcd9000 	C:\WINDOWS\System32\cfgmgr32.dll
0x000000006b370000 - 0x000000006b37f000 	C:\Program Files\Java\jre1.8.0_66\bin\verify.dll
0x000000006b340000 - 0x000000006b369000 	C:\Program Files\Java\jre1.8.0_66\bin\java.dll
0x000000006b320000 - 0x000000006b336000 	C:\Program Files\Java\jre1.8.0_66\bin\zip.dll
0x00007ff94f8e0000 - 0x00007ff950d20000 	C:\WINDOWS\System32\SHELL32.dll
0x00007ff94edf0000 - 0x00007ff94ee99000 	C:\WINDOWS\System32\shcore.dll
0x00007ff94e450000 - 0x00007ff94eb5d000 	C:\WINDOWS\System32\windows.storage.dll
0x00007ff94f730000 - 0x00007ff94f781000 	C:\WINDOWS\System32\shlwapi.dll
0x00007ff94dbd0000 - 0x00007ff94dbe1000 	C:\WINDOWS\System32\kernel.appcore.dll
0x00007ff94dc70000 - 0x00007ff94dc8f000 	C:\WINDOWS\System32\profapi.dll
0x00007ff94dc20000 - 0x00007ff94dc6c000 	C:\WINDOWS\System32\powrprof.dll
0x00007ff94dbf0000 - 0x00007ff94dbfa000 	C:\WINDOWS\System32\FLTLIB.DLL

VM Arguments:
jvm_args: -Dfile.encoding=UTF-8 
java_command: br.com.db1.pedidos.pedidos.api.Application
java_class_path (initial): D:\DB1\Db1StartJava2\pedidos.api\target\classes;C:\Users\Aluno.DESKTOP-3ASBCDM\.m2\repository\org\postgresql\postgresql\42.2.5\postgresql-42.2.5.jar;C:\Users\Aluno.DESKTOP-3ASBCDM\.m2\repository\org\springframework\boot\spring-boot-starter-data-jpa\2.1.3.RELEASE\spring-boot-starter-data-jpa-2.1.3.RELEASE.jar;C:\Users\Aluno.DESKTOP-3ASBCDM\.m2\repository\org\springframework\boot\spring-boot-starter-aop\2.1.3.RELEASE\spring-boot-starter-aop-2.1.3.RELEASE.jar;C:\Users\Aluno.DESKTOP-3ASBCDM\.m2\repository\org\springframework\spring-aop\5.1.5.RELEASE\spring-aop-5.1.5.RELEASE.jar;C:\Users\Aluno.DESKTOP-3ASBCDM\.m2\repository\org\aspectj\aspectjweaver\1.9.2\aspectjweaver-1.9.2.jar;C:\Users\Aluno.DESKTOP-3ASBCDM\.m2\repository\org\springframework\boot\spring-boot-starter-jdbc\2.1.3.RELEASE\spring-boot-starter-jdbc-2.1.3.RELEASE.jar;C:\Users\Aluno.DESKTOP-3ASBCDM\.m2\repository\com\zaxxer\HikariCP\3.2.0\HikariCP-3.2.0.jar;C:\Users\Aluno.DESKTOP-3ASBCDM\.m2\repository\org\springframework\spring-jdbc\5.1.5.RELEASE\spring-jdbc-5.1.5.RELEASE.jar;C:\Users\Aluno.DESKTOP-3ASBCDM\.m2\repository\javax\transaction\javax.transaction-api\1.3\javax.transaction-api-1.3.jar;C:\Users\Aluno.DESKTOP-3ASBCDM\.m2\repository\javax\xml\bind\jaxb-api\2.3.1\jaxb-api-2.3.1.jar;C:\Users\Aluno.DESKTOP-3ASBCDM\.m2\repository\javax\activation\javax.activation-api\1.2.0\javax.activation-api-1.2.0.jar;C:\Users\Aluno.DESKTOP-3ASBCDM\.m2\repository\org\hibernate\hibernate-core\5.3.7.Final\hibernate-core-5.3.7.Final.jar;C:\Users\Aluno.DESKTOP-3ASBCDM\.m2\repository\org\jboss\logging\jboss-logging\3.3.2.Final\jboss-logging-3.3.2.Final.jar;C:\Users\Aluno.DESKTOP-3ASBCDM\.m2\repository\javax\persistence\javax.persistence-api\2.2\javax.persistence-api-2.2.jar;C:\Users\Aluno.DESKTOP-3ASBCDM\.m2\repository\org\javassist\javassist\3.23.1-GA\javassist-3.23.1-GA.jar;C:\Users\Aluno.DESKTOP-3ASBCDM\.m2\repository\net\bytebuddy\byte-buddy\1.9.10\byte-buddy-1.9.10.jar;C:\Users\Aluno.DESKTOP-3
Launcher Type: SUN_STANDARD

Environment Variables:
PATH=C:/Program Files/Java/jre1.8.0_66/bin/server;C:/Program Files/Java/jre1.8.0_66/bin;C:/Program Files/Java/jre1.8.0_66/lib/amd64;C:\ProgramData\Oracle\Java\javapath;C:\WINDOWS\system32;C:\WINDOWS;C:\WINDOWS\System32\Wbem;C:\WINDOWS\System32\WindowsPowerShell\v1.0\;C:\Program Files (x86)\MySQL\MySQL Fabric 1.5 & MySQL Utilities 1.5\;C:\Program Files (x86)\MySQL\MySQL Fabric 1.5 & MySQL Utilities 1.5\Doctrine extensions for PHP\;C:\WINDOWS\system32\config\systemprofile\.dnx\bin;C:\Program Files\Microsoft DNX\Dnvm\;C:\cygwin64;C:\Program Files\Microsoft SQL Server\Client SDK\ODBC\110\Tools\Binn\;C:\Program Files (x86)\Microsoft SQL Server\120\Tools\Binn\;C:\Program Files\Microsoft SQL Server\120\Tools\Binn\;C:\Program Files\Microsoft SQL Server\120\DTS\Binn\;C:\Program Files (x86)\Microsoft SQL Server\120\Tools\Binn\ManagementStudio\;C:\Program Files (x86)\Microsoft SQL Server\120\DTS\Binn\;C:\Program Files (x86)\Shield;C:\WINDOWS\System32\OpenSSH\;C:\Users\Aluno.DESKTOP-3ASBCDM\AppData\Local\Microsoft\WindowsApps;;C:\Users\Aluno.DESKTOP-3ASBCDM\Desktop;
USERNAME=Aluno
OS=Windows_NT
PROCESSOR_IDENTIFIER=Intel64 Family 6 Model 58 Stepping 9, GenuineIntel



---------------  S Y S T E M  ---------------

OS: Windows 10.0 , 64 bit Build 17134 (10.0.17134.648)

CPU:total 4 (2 cores per cpu, 2 threads per core) family 6 model 58 stepping 9, cmov, cx8, fxsr, mmx, sse, sse2, sse3, ssse3, sse4.1, sse4.2, popcnt, avx, clmul, erms, ht, tsc, tscinvbit, tscinv

Memory: 4k page, physical 4087612k(950100k free), swap 4087612k(5176k free)

vm_info: Java HotSpot(TM) 64-Bit Server VM (25.66-b18) for windows-amd64 JRE (1.8.0_66-b18), built on Nov  9 2015 10:51:13 by "java_re" with MS VC++ 10.0 (VS2010)

time: Wed Apr 03 14:17:18 2019
elapsed time: 0 seconds (0d 0h 0m 0s)

