#
# There is insufficient memory for the Java Runtime Environment to continue.
# Native memory allocation (malloc) failed to allocate 32744 bytes for ChunkPool::allocate
# Possible reasons:
#   The system is out of physical RAM or swap space
#   In 32 bit mode, the process size limit was hit
# Possible solutions:
#   Reduce memory load on the system
#   Increase physical memory or swap space
#   Check if swap backing store is full
#   Use 64 bit Java on a 64 bit OS
#   Decrease Java heap size (-Xmx/-Xms)
#   Decrease number of Java threads
#   Decrease Java thread stack sizes (-Xss)
#   Set larger code cache with -XX:ReservedCodeCacheSize=
# This output file may be truncated or incomplete.
#
#  Out of Memory Error (allocation.cpp:273), pid=9532, tid=8356
#
# JRE version: Java(TM) SE Runtime Environment (8.0_66-b18) (build 1.8.0_66-b18)
# Java VM: Java HotSpot(TM) 64-Bit Server VM (25.66-b18 mixed mode windows-amd64 compressed oops)
# Failed to write core dump. Minidumps are not enabled by default on client versions of Windows
#

---------------  T H R E A D  ---------------

Current thread (0x0000000014e40000):  JavaThread "C2 CompilerThread1" daemon [_thread_in_native, id=8356, stack(0x00000000165a0000,0x00000000166a0000)]

Stack: [0x00000000165a0000,0x00000000166a0000]
[error occurred during error reporting (printing stack bounds), id 0xc0000005]

Native frames: (J=compiled Java code, j=interpreted, Vv=VM code, C=native code)


Current CompileTask:
C2:   4279 2746       4       java.net.URLClassLoader$1::run (5 bytes)


---------------  P R O C E S S  ---------------

Java Threads: ( => current thread )
  0x000000001848f800 JavaThread "OkHttp ConnectionPool" daemon [_thread_blocked, id=9456, stack(0x000000001a480000,0x000000001a580000)]
  0x00000000179e2800 JavaThread "Okio Watchdog" daemon [_thread_blocked, id=7412, stack(0x00000000193b0000,0x00000000194b0000)]
  0x00000000167e1800 JavaThread "Service Thread" daemon [_thread_blocked, id=1012, stack(0x0000000016ba0000,0x0000000016ca0000)]
  0x0000000014e50000 JavaThread "C1 CompilerThread2" daemon [_thread_blocked, id=1464, stack(0x00000000166a0000,0x00000000167a0000)]
=>0x0000000014e40000 JavaThread "C2 CompilerThread1" daemon [_thread_in_native, id=8356, stack(0x00000000165a0000,0x00000000166a0000)]
  0x0000000014e3d000 JavaThread "C2 CompilerThread0" daemon [_thread_in_native, id=9992, stack(0x00000000164a0000,0x00000000165a0000)]
  0x0000000014e3b000 JavaThread "Attach Listener" daemon [_thread_blocked, id=8648, stack(0x00000000163a0000,0x00000000164a0000)]
  0x0000000014e39800 JavaThread "Signal Dispatcher" daemon [_thread_blocked, id=7724, stack(0x00000000162a0000,0x00000000163a0000)]
  0x0000000002857000 JavaThread "Finalizer" daemon [_thread_blocked, id=7840, stack(0x0000000016090000,0x0000000016190000)]
  0x000000000284e800 JavaThread "Reference Handler" daemon [_thread_blocked, id=5076, stack(0x0000000015f90000,0x0000000016090000)]
  0x000000000275d800 JavaThread "main" [_thread_in_Java, id=5096, stack(0x00000000025f0000,0x00000000026f0000)]

Other Threads:
  0x0000000014e07000 VMThread [stack: 0x0000000015e90000,0x0000000015f90000] [id=5920]
  0x00000000167fe000 WatcherThread [stack: 0x0000000016ca0000,0x0000000016da0000] [id=9492]

VM state:not at safepoint (normal execution)

VM Mutex/Monitor currently owned by a thread: None

Heap:
 PSYoungGen      total 72704K, used 38423K [0x00000000eb380000, 0x00000000f0580000, 0x0000000100000000)
  eden space 64512K, 48% used [0x00000000eb380000,0x00000000ed1eddf8,0x00000000ef280000)
  from space 8192K, 88% used [0x00000000efb80000,0x00000000f0298020,0x00000000f0380000)
  to   space 9216K, 0% used [0x00000000ef280000,0x00000000ef280000,0x00000000efb80000)
 ParOldGen       total 44032K, used 9691K [0x00000000c1a00000, 0x00000000c4500000, 0x00000000eb380000)
  object space 44032K, 22% used [0x00000000c1a00000,0x00000000c2376d30,0x00000000c4500000)
 Metaspace       used 19243K, capacity 19608K, committed 19968K, reserved 1067008K
  class space    used 2299K, capacity 2444K, committed 2560K, reserved 1048576K

Card table byte_map: [0x0000000011c20000,0x0000000011e20000] byte_map_base: 0x0000000011613000

Marking Bits: (ParMarkBitMap*) 0x000000006a53a5b0
 Begin Bits: [0x0000000012370000, 0x0000000013308000)
 End Bits:   [0x0000000013308000, 0x00000000142a0000)

Polling page: 0x0000000000800000

CodeCache: size=245760Kb used=9407Kb max_used=9407Kb free=236352Kb
 bounds [0x0000000002860000, 0x00000000031a0000, 0x0000000011860000]
 total_blobs=3176 nmethods=2779 adapters=309
 compilation: enabled

Compilation events (10 events):
Event: 4.267 Thread 0x0000000014e50000 2782       3       org.eclipse.sisu.wire.EntryListAdapter$ValueIterator::<init> (15 bytes)
Event: 4.268 Thread 0x0000000014e50000 nmethod 2782 0x0000000003191650 code [0x00000000031917c0, 0x0000000003191a68]
Event: 4.268 Thread 0x0000000014e50000 2783       1       org.apache.maven.model.Scm::getUrl (5 bytes)
Event: 4.268 Thread 0x0000000014e50000 nmethod 2783 0x0000000003194490 code [0x00000000031945e0, 0x00000000031946f0]
Event: 4.268 Thread 0x0000000014e50000 2784       1       org.apache.maven.model.Model::getOrganization (5 bytes)
Event: 4.268 Thread 0x0000000014e50000 nmethod 2784 0x0000000003194750 code [0x00000000031948a0, 0x00000000031949b0]
Event: 4.268 Thread 0x0000000014e50000 2785       1       org.apache.maven.model.Scm::getConnection (5 bytes)
Event: 4.268 Thread 0x0000000014e50000 nmethod 2785 0x0000000003194a10 code [0x0000000003194b60, 0x0000000003194c70]
Event: 4.268 Thread 0x0000000014e50000 2786       1       org.apache.maven.model.Scm::getDeveloperConnection (5 bytes)
Event: 4.268 Thread 0x0000000014e50000 nmethod 2786 0x0000000003194cd0 code [0x0000000003194e20, 0x0000000003194f30]

GC Heap History (10 events):
Event: 0.811 GC heap before
{Heap before GC invocations=2 (full 0):
 PSYoungGen      total 18944K, used 18928K [0x00000000eb380000, 0x00000000ec880000, 0x0000000100000000)
  eden space 16384K, 100% used [0x00000000eb380000,0x00000000ec380000,0x00000000ec380000)
  from space 2560K, 99% used [0x00000000ec380000,0x00000000ec5fc140,0x00000000ec600000)
  to   space 2560K, 0% used [0x00000000ec600000,0x00000000ec600000,0x00000000ec880000)
 ParOldGen       total 44032K, used 354K [0x00000000c1a00000, 0x00000000c4500000, 0x00000000eb380000)
  object space 44032K, 0% used [0x00000000c1a00000,0x00000000c1a589e8,0x00000000c4500000)
 Metaspace       used 7491K, capacity 7708K, committed 7936K, reserved 1056768K
  class space    used 951K, capacity 1020K, committed 1024K, reserved 1048576K
Event: 0.816 GC heap after
Heap after GC invocations=2 (full 0):
 PSYoungGen      total 18944K, used 2554K [0x00000000eb380000, 0x00000000ed880000, 0x0000000100000000)
  eden space 16384K, 0% used [0x00000000eb380000,0x00000000eb380000,0x00000000ec380000)
  from space 2560K, 99% used [0x00000000ec600000,0x00000000ec87e888,0x00000000ec880000)
  to   space 2560K, 0% used [0x00000000ec380000,0x00000000ec380000,0x00000000ec600000)
 ParOldGen       total 44032K, used 536K [0x00000000c1a00000, 0x00000000c4500000, 0x00000000eb380000)
  object space 44032K, 1% used [0x00000000c1a00000,0x00000000c1a86248,0x00000000c4500000)
 Metaspace       used 7491K, capacity 7708K, committed 7936K, reserved 1056768K
  class space    used 951K, capacity 1020K, committed 1024K, reserved 1048576K
}
Event: 1.072 GC heap before
{Heap before GC invocations=3 (full 0):
 PSYoungGen      total 18944K, used 18938K [0x00000000eb380000, 0x00000000ed880000, 0x0000000100000000)
  eden space 16384K, 100% used [0x00000000eb380000,0x00000000ec380000,0x00000000ec380000)
  from space 2560K, 99% used [0x00000000ec600000,0x00000000ec87e888,0x00000000ec880000)
  to   space 2560K, 0% used [0x00000000ec380000,0x00000000ec380000,0x00000000ec600000)
 ParOldGen       total 44032K, used 536K [0x00000000c1a00000, 0x00000000c4500000, 0x00000000eb380000)
  object space 44032K, 1% used [0x00000000c1a00000,0x00000000c1a86248,0x00000000c4500000)
 Metaspace       used 9029K, capacity 9236K, committed 9472K, reserved 1056768K
  class space    used 1116K, capacity 1185K, committed 1280K, reserved 1048576K
Event: 1.076 GC heap after
Heap after GC invocations=3 (full 0):
 PSYoungGen      total 18944K, used 2547K [0x00000000eb380000, 0x00000000ed880000, 0x0000000100000000)
  eden space 16384K, 0% used [0x00000000eb380000,0x00000000eb380000,0x00000000ec380000)
  from space 2560K, 99% used [0x00000000ec380000,0x00000000ec5fcce8,0x00000000ec600000)
  to   space 2560K, 0% used [0x00000000ed600000,0x00000000ed600000,0x00000000ed880000)
 ParOldGen       total 44032K, used 1806K [0x00000000c1a00000, 0x00000000c4500000, 0x00000000eb380000)
  object space 44032K, 4% used [0x00000000c1a00000,0x00000000c1bc39d8,0x00000000c4500000)
 Metaspace       used 9029K, capacity 9236K, committed 9472K, reserved 1056768K
  class space    used 1116K, capacity 1185K, committed 1280K, reserved 1048576K
}
Event: 1.325 GC heap before
{Heap before GC invocations=4 (full 0):
 PSYoungGen      total 18944K, used 18931K [0x00000000eb380000, 0x00000000ed880000, 0x0000000100000000)
  eden space 16384K, 100% used [0x00000000eb380000,0x00000000ec380000,0x00000000ec380000)
  from space 2560K, 99% used [0x00000000ec380000,0x00000000ec5fcce8,0x00000000ec600000)
  to   space 2560K, 0% used [0x00000000ed600000,0x00000000ed600000,0x00000000ed880000)
 ParOldGen       total 44032K, used 1806K [0x00000000c1a00000, 0x00000000c4500000, 0x00000000eb380000)
  object space 44032K, 4% used [0x00000000c1a00000,0x00000000c1bc39d8,0x00000000c4500000)
 Metaspace       used 10943K, capacity 11144K, committed 11264K, reserved 1058816K
  class space    used 1387K, capacity 1480K, committed 1536K, reserved 1048576K
Event: 1.332 GC heap after
Heap after GC invocations=4 (full 0):
 PSYoungGen      total 35328K, used 2544K [0x00000000eb380000, 0x00000000ed880000, 0x0000000100000000)
  eden space 32768K, 0% used [0x00000000eb380000,0x00000000eb380000,0x00000000ed380000)
  from space 2560K, 99% used [0x00000000ed600000,0x00000000ed87c010,0x00000000ed880000)
  to   space 2560K, 0% used [0x00000000ed380000,0x00000000ed380000,0x00000000ed600000)
 ParOldGen       total 44032K, used 3914K [0x00000000c1a00000, 0x00000000c4500000, 0x00000000eb380000)
  object space 44032K, 8% used [0x00000000c1a00000,0x00000000c1dd2a40,0x00000000c4500000)
 Metaspace       used 10943K, capacity 11144K, committed 11264K, reserved 1058816K
  class space    used 1387K, capacity 1480K, committed 1536K, reserved 1048576K
}
Event: 2.102 GC heap before
{Heap before GC invocations=5 (full 0):
 PSYoungGen      total 35328K, used 35312K [0x00000000eb380000, 0x00000000ed880000, 0x0000000100000000)
  eden space 32768K, 100% used [0x00000000eb380000,0x00000000ed380000,0x00000000ed380000)
  from space 2560K, 99% used [0x00000000ed600000,0x00000000ed87c010,0x00000000ed880000)
  to   space 2560K, 0% used [0x00000000ed380000,0x00000000ed380000,0x00000000ed600000)
 ParOldGen       total 44032K, used 3914K [0x00000000c1a00000, 0x00000000c4500000, 0x00000000eb380000)
  object space 44032K, 8% used [0x00000000c1a00000,0x00000000c1dd2a40,0x00000000c4500000)
 Metaspace       used 13955K, capacity 14204K, committed 14464K, reserved 1062912K
  class space    used 1734K, capacity 1846K, committed 1920K, reserved 1048576K
Event: 2.116 GC heap after
Heap after GC invocations=5 (full 0):
 PSYoungGen      total 35328K, used 2544K [0x00000000eb380000, 0x00000000f0380000, 0x0000000100000000)
  eden space 32768K, 0% used [0x00000000eb380000,0x00000000eb380000,0x00000000ed380000)
  from space 2560K, 99% used [0x00000000ed380000,0x00000000ed5fc010,0x00000000ed600000)
  to   space 8192K, 0% used [0x00000000efb80000,0x00000000efb80000,0x00000000f0380000)
 ParOldGen       total 44032K, used 9683K [0x00000000c1a00000, 0x00000000c4500000, 0x00000000eb380000)
  object space 44032K, 21% used [0x00000000c1a00000,0x00000000c2374d30,0x00000000c4500000)
 Metaspace       used 13955K, capacity 14204K, committed 14464K, reserved 1062912K
  class space    used 1734K, capacity 1846K, committed 1920K, reserved 1048576K
}
Event: 2.590 GC heap before
{Heap before GC invocations=6 (full 0):
 PSYoungGen      total 35328K, used 35312K [0x00000000eb380000, 0x00000000f0380000, 0x0000000100000000)
  eden space 32768K, 100% used [0x00000000eb380000,0x00000000ed380000,0x00000000ed380000)
  from space 2560K, 99% used [0x00000000ed380000,0x00000000ed5fc010,0x00000000ed600000)
  to   space 8192K, 0% used [0x00000000efb80000,0x00000000efb80000,0x00000000f0380000)
 ParOldGen       total 44032K, used 9683K [0x00000000c1a00000, 0x00000000c4500000, 0x00000000eb380000)
  object space 44032K, 21% used [0x00000000c1a00000,0x00000000c2374d30,0x00000000c4500000)
 Metaspace       used 14295K, capacity 14536K, committed 14720K, reserved 1062912K
  class space    used 1751K, capacity 1848K, committed 1920K, reserved 1048576K
Event: 2.604 GC heap after
Heap after GC invocations=6 (full 0):
 PSYoungGen      total 72704K, used 7264K [0x00000000eb380000, 0x00000000f0580000, 0x0000000100000000)
  eden space 64512K, 0% used [0x00000000eb380000,0x00000000eb380000,0x00000000ef280000)
  from space 8192K, 88% used [0x00000000efb80000,0x00000000f0298020,0x00000000f0380000)
  to   space 9216K, 0% used [0x00000000ef280000,0x00000000ef280000,0x00000000efb80000)
 ParOldGen       total 44032K, used 9691K [0x00000000c1a00000, 0x00000000c4500000, 0x00000000eb380000)
  object space 44032K, 22% used [0x00000000c1a00000,0x00000000c2376d30,0x00000000c4500000)
 Metaspace       used 14295K, capacity 14536K, committed 14720K, reserved 1062912K
  class space    used 1751K, capacity 1848K, committed 1920K, reserved 1048576K
}

Deoptimization events (10 events):
Event: 2.926 Thread 0x000000000275d800 Uncommon trap: reason=unstable_if action=reinterpret pc=0x0000000002bd76ec method=java.io.WinNTFileSystem.normalize(Ljava/lang/String;)Ljava/lang/String; @ 128
Event: 2.939 Thread 0x000000000275d800 Uncommon trap: reason=unstable_if action=reinterpret pc=0x0000000002fb91e4 method=java.lang.Integer.parseInt(Ljava/lang/String;I)I @ 1
Event: 2.965 Thread 0x000000000275d800 Uncommon trap: reason=null_check action=make_not_entrant pc=0x0000000002dfe9e4 method=java.net.URL.getURLStreamHandler(Ljava/lang/String;)Ljava/net/URLStreamHandler; @ 7
Event: 3.216 Thread 0x000000000275d800 Uncommon trap: reason=predicate action=maybe_recompile pc=0x0000000002a8e558 method=sun.net.www.ParseUtil.encodePath(Ljava/lang/String;Z)Ljava/lang/String; @ 36
Event: 3.365 Thread 0x000000000275d800 Uncommon trap: reason=unstable_if action=reinterpret pc=0x0000000002dedea0 method=java.util.LinkedHashMap.get(Ljava/lang/Object;)Ljava/lang/Object; @ 20
Event: 3.369 Thread 0x000000000275d800 Uncommon trap: reason=unstable_if action=reinterpret pc=0x00000000030a0590 method=java.io.ByteArrayInputStream.read()I @ 8
Event: 3.413 Thread 0x000000000275d800 Uncommon trap: reason=unstable_if action=reinterpret pc=0x00000000030fe330 method=java.util.jar.Manifest$FastInputStream.readLine([BII)I @ 87
Event: 3.923 Thread 0x000000000275d800 Uncommon trap: reason=bimorphic action=maybe_recompile pc=0x0000000002e216ac method=java.util.regex.Pattern$5.isSatisfiedBy(I)Z @ 5
Event: 4.250 Thread 0x000000000275d800 Uncommon trap: reason=unstable_if action=reinterpret pc=0x0000000002c0ed7c method=java.util.HashMap.hash(Ljava/lang/Object;)I @ 1
Event: 4.250 Thread 0x000000000275d800 Uncommon trap: reason=unstable_if action=reinterpret pc=0x0000000002b97b28 method=java.util.HashMap.hash(Ljava/lang/Object;)I @ 1

Internal exceptions (10 events):
Event: 2.932 Thread 0x000000000275d800 Exception <a 'java/lang/NullPointerException'> (0x00000000ebd72a98) thrown at [C:\re\workspace\8-2-build-windows-amd64-cygwin\jdk8u66\5298\hotspot\src\share\vm\interpreter\linkResolver.cpp, line 1178]
Event: 2.932 Thread 0x000000000275d800 Exception <a 'java/lang/NullPointerException'> (0x00000000ebd72e98) thrown at [C:\re\workspace\8-2-build-windows-amd64-cygwin\jdk8u66\5298\hotspot\src\share\vm\interpreter\linkResolver.cpp, line 1178]
Event: 2.932 Thread 0x000000000275d800 Exception <a 'java/lang/NullPointerException'> (0x00000000ebd73298) thrown at [C:\re\workspace\8-2-build-windows-amd64-cygwin\jdk8u66\5298\hotspot\src\share\vm\interpreter\linkResolver.cpp, line 1178]
Event: 2.933 Thread 0x000000000275d800 Exception <a 'java/lang/NullPointerException'> (0x00000000ebd919b0) thrown at [C:\re\workspace\8-2-build-windows-amd64-cygwin\jdk8u66\5298\hotspot\src\share\vm\interpreter\linkResolver.cpp, line 1178]
Event: 2.933 Thread 0x000000000275d800 Exception <a 'java/lang/NullPointerException'> (0x00000000ebd91db0) thrown at [C:\re\workspace\8-2-build-windows-amd64-cygwin\jdk8u66\5298\hotspot\src\share\vm\interpreter\linkResolver.cpp, line 1178]
Event: 2.933 Thread 0x000000000275d800 Exception <a 'java/lang/NullPointerException'> (0x00000000ebd921b0) thrown at [C:\re\workspace\8-2-build-windows-amd64-cygwin\jdk8u66\5298\hotspot\src\share\vm\interpreter\linkResolver.cpp, line 1178]
Event: 2.939 Thread 0x000000000275d800 Implicit null exception at 0x0000000002fb8ccf to 0x0000000002fb91d1
Event: 2.965 Thread 0x000000000275d800 Implicit null exception at 0x0000000002dfc523 to 0x0000000002dfe9d9
Event: 4.250 Thread 0x000000000275d800 Implicit null exception at 0x0000000002c0eb95 to 0x0000000002c0ed6d
Event: 4.250 Thread 0x000000000275d800 Implicit null exception at 0x0000000002b97aaf to 0x0000000002b97b19

Events (10 events):
Event: 4.273 loading class org/eclipse/aether/internal/impl/DefaultDependencyCollectionContext
Event: 4.273 loading class org/eclipse/aether/internal/impl/DefaultDependencyCollectionContext done
Event: 4.273 loading class org/eclipse/aether/graph/DependencyCycle
Event: 4.273 loading class org/eclipse/aether/graph/DependencyCycle done
Event: 4.274 loading class org/eclipse/aether/util/graph/manager/ClassicDependencyManager$Key
Event: 4.274 loading class org/eclipse/aether/util/graph/manager/ClassicDependencyManager$Key done
Event: 4.276 loading class org/eclipse/aether/internal/impl/DataPool$ConstraintKey
Event: 4.276 loading class org/eclipse/aether/internal/impl/DataPool$ConstraintKey done
Event: 4.277 loading class org/eclipse/aether/internal/impl/DataPool$Constraint
Event: 4.277 loading class org/eclipse/aether/internal/impl/DataPool$Constraint done


Dynamic libraries:
0x00007ff7a37a0000 - 0x00007ff7a37d7000 	C:\Program Files\Java\jre1.8.0_66\bin\javaw.exe
0x00007ffe6bca0000 - 0x00007ffe6be81000 	C:\WINDOWS\SYSTEM32\ntdll.dll
0x00007ffe6b810000 - 0x00007ffe6b8c2000 	C:\WINDOWS\System32\KERNEL32.DLL
0x00007ffe68210000 - 0x00007ffe68483000 	C:\WINDOWS\System32\KERNELBASE.dll
0x00007ffe6b340000 - 0x00007ffe6b3e1000 	C:\WINDOWS\System32\ADVAPI32.dll
0x00007ffe6ac30000 - 0x00007ffe6acce000 	C:\WINDOWS\System32\msvcrt.dll
0x00007ffe6b540000 - 0x00007ffe6b59b000 	C:\WINDOWS\System32\sechost.dll
0x00007ffe6b410000 - 0x00007ffe6b534000 	C:\WINDOWS\System32\RPCRT4.dll
0x00007ffe6a910000 - 0x00007ffe6aaa0000 	C:\WINDOWS\System32\USER32.dll
0x00007ffe69110000 - 0x00007ffe69130000 	C:\WINDOWS\System32\win32u.dll
0x00007ffe6ac00000 - 0x00007ffe6ac28000 	C:\WINDOWS\System32\GDI32.dll
0x00007ffe68070000 - 0x00007ffe68202000 	C:\WINDOWS\System32\gdi32full.dll
0x00007ffe68d80000 - 0x00007ffe68e1f000 	C:\WINDOWS\System32\msvcp_win.dll
0x00007ffe69010000 - 0x00007ffe69108000 	C:\WINDOWS\System32\ucrtbase.dll
0x00007ffe5e320000 - 0x00007ffe5e589000 	C:\WINDOWS\WinSxS\amd64_microsoft.windows.common-controls_6595b64144ccf1df_6.0.17134.648_none_fb45a0e93062a6d2\COMCTL32.dll
0x00007ffe6b940000 - 0x00007ffe6bc62000 	C:\WINDOWS\System32\combase.dll
0x00007ffe68d00000 - 0x00007ffe68d7a000 	C:\WINDOWS\System32\bcryptPrimitives.dll
0x00007ffe6b310000 - 0x00007ffe6b33d000 	C:\WINDOWS\System32\IMM32.DLL
0x0000000069bb0000 - 0x0000000069c82000 	C:\Program Files\Java\jre1.8.0_66\bin\msvcr100.dll
0x0000000069d30000 - 0x000000006a5b9000 	C:\Program Files\Java\jre1.8.0_66\bin\server\jvm.dll
0x00007ffe6b740000 - 0x00007ffe6b748000 	C:\WINDOWS\System32\PSAPI.DLL
0x00007ffe59e50000 - 0x00007ffe59e59000 	C:\WINDOWS\SYSTEM32\WSOCK32.dll
0x00007ffe65840000 - 0x00007ffe65863000 	C:\WINDOWS\SYSTEM32\WINMM.dll
0x00007ffe5ccb0000 - 0x00007ffe5ccba000 	C:\WINDOWS\SYSTEM32\VERSION.dll
0x00007ffe6ad80000 - 0x00007ffe6adec000 	C:\WINDOWS\System32\WS2_32.dll
0x00007ffe65810000 - 0x00007ffe6583a000 	C:\WINDOWS\SYSTEM32\WINMMBASE.dll
0x00007ffe68ba0000 - 0x00007ffe68be9000 	C:\WINDOWS\System32\cfgmgr32.dll
0x000000006b850000 - 0x000000006b85f000 	C:\Program Files\Java\jre1.8.0_66\bin\verify.dll
0x000000006acb0000 - 0x000000006acd9000 	C:\Program Files\Java\jre1.8.0_66\bin\java.dll
0x000000006b770000 - 0x000000006b786000 	C:\Program Files\Java\jre1.8.0_66\bin\zip.dll
0x00007ffe69430000 - 0x00007ffe6a870000 	C:\WINDOWS\System32\SHELL32.dll
0x00007ffe6acd0000 - 0x00007ffe6ad79000 	C:\WINDOWS\System32\shcore.dll
0x00007ffe68490000 - 0x00007ffe68b9d000 	C:\WINDOWS\System32\windows.storage.dll
0x00007ffe6b8e0000 - 0x00007ffe6b931000 	C:\WINDOWS\System32\shlwapi.dll
0x00007ffe67fc0000 - 0x00007ffe67fd1000 	C:\WINDOWS\System32\kernel.appcore.dll
0x00007ffe68050000 - 0x00007ffe6806f000 	C:\WINDOWS\System32\profapi.dll
0x00007ffe67fe0000 - 0x00007ffe6802c000 	C:\WINDOWS\System32\powrprof.dll
0x00007ffe67fb0000 - 0x00007ffe67fba000 	C:\WINDOWS\System32\FLTLIB.DLL
0x000000006ac90000 - 0x000000006acaa000 	C:\Program Files\Java\jre1.8.0_66\bin\net.dll
0x00007ffe67830000 - 0x00007ffe67896000 	C:\WINDOWS\system32\mswsock.dll
0x000000006ac70000 - 0x000000006ac81000 	C:\Program Files\Java\jre1.8.0_66\bin\nio.dll
0x0000000069d00000 - 0x0000000069d24000 	C:\Program Files\Java\jre1.8.0_66\bin\sunec.dll
0x00007ffe679e0000 - 0x00007ffe679f7000 	C:\WINDOWS\SYSTEM32\CRYPTSP.dll
0x00007ffe673b0000 - 0x00007ffe673e3000 	C:\WINDOWS\system32\rsaenh.dll
0x00007ffe67b10000 - 0x00007ffe67b35000 	C:\WINDOWS\SYSTEM32\bcrypt.dll
0x00007ffe67eb0000 - 0x00007ffe67ed8000 	C:\WINDOWS\SYSTEM32\USERENV.dll
0x00007ffe67a00000 - 0x00007ffe67a0b000 	C:\WINDOWS\SYSTEM32\CRYPTBASE.dll
0x00007ffe675b0000 - 0x00007ffe675e8000 	C:\WINDOWS\SYSTEM32\IPHLPAPI.DLL
0x00007ffe69420000 - 0x00007ffe69428000 	C:\WINDOWS\System32\NSI.dll
0x00007ffe61040000 - 0x00007ffe61056000 	C:\WINDOWS\SYSTEM32\dhcpcsvc6.DLL
0x00007ffe60fe0000 - 0x00007ffe60ffa000 	C:\WINDOWS\SYSTEM32\dhcpcsvc.DLL
0x00007ffe675f0000 - 0x00007ffe676ae000 	C:\WINDOWS\SYSTEM32\DNSAPI.dll
0x00007ffe5ef60000 - 0x00007ffe5ef6a000 	C:\Windows\System32\rasadhlp.dll
0x00007ffe5ef80000 - 0x00007ffe5eff2000 	C:\WINDOWS\System32\fwpuclnt.dll
0x00007ffe5d1b0000 - 0x00007ffe5d1c6000 	C:\WINDOWS\system32\napinsp.dll
0x00007ffe5d190000 - 0x00007ffe5d1aa000 	C:\WINDOWS\system32\pnrpnsp.dll
0x00007ffe645a0000 - 0x00007ffe645b9000 	C:\WINDOWS\system32\NLAapi.dll
0x00007ffe5d160000 - 0x00007ffe5d16e000 	C:\WINDOWS\System32\winrnr.dll

VM Arguments:
jvm_args: -Dmaven.home=EMBEDDED -Dclassworlds.conf=D:\DB1\Db1StartJava2\.metadata\.plugins\org.eclipse.m2e.launching\launches\m2conf2322258226135810103.tmp -Dmaven.multiModuleProjectDirectory=D:\DB1\Db1StartJava2\pedidos.api -Dfile.encoding=Cp1252 
java_command: org.codehaus.plexus.classworlds.launcher.Launcher -B clean
java_class_path (initial): /C:/jee-mars/eclipse/../../Users/Teste/.p2/pool/plugins/org.eclipse.m2e.maven.runtime_1.6.2.20150902-0001/jars/plexus-classworlds-2.5.2.jar
Launcher Type: SUN_STANDARD

Environment Variables:
JAVA_HOME=C:\Program Files\Java\jdk1.8.0_66
PATH=C:/Program Files/Java/jre1.8.0_66/bin/server;C:/Program Files/Java/jre1.8.0_66/bin;C:/Program Files/Java/jre1.8.0_66/lib/amd64;C:\ProgramData\Oracle\Java\javapath;C:\WINDOWS\system32;C:\WINDOWS;C:\WINDOWS\System32\Wbem;C:\WINDOWS\System32\WindowsPowerShell\v1.0\;C:\Program Files (x86)\MySQL\MySQL Fabric 1.5 & MySQL Utilities 1.5\;C:\Program Files (x86)\MySQL\MySQL Fabric 1.5 & MySQL Utilities 1.5\Doctrine extensions for PHP\;C:\Users\Aluno.DESKTOP-3ASBCDM\.dnx\bin;C:\Program Files\Microsoft DNX\Dnvm\;C:\cygwin64;C:\Program Files\Microsoft SQL Server\Client SDK\ODBC\110\Tools\Binn\;C:\Program Files (x86)\Microsoft SQL Server\120\Tools\Binn\;C:\Program Files\Microsoft SQL Server\120\Tools\Binn\;C:\Program Files\Microsoft SQL Server\120\DTS\Binn\;C:\Program Files (x86)\Microsoft SQL Server\120\Tools\Binn\ManagementStudio\;C:\Program Files (x86)\Microsoft SQL Server\120\DTS\Binn\;C:\Program Files (x86)\Shield;C:\WINDOWS\System32\OpenSSH\;C:\Users\Aluno.DESKTOP-3ASBCDM\AppData\Local\Microsoft\WindowsApps;;C:\Users\Aluno.DESKTOP-3ASBCDM\Desktop;
USERNAME=Aluno
OS=Windows_NT
PROCESSOR_IDENTIFIER=Intel64 Family 6 Model 58 Stepping 9, GenuineIntel



---------------  S Y S T E M  ---------------

OS: Windows 10.0 , 64 bit Build 17134 (10.0.17134.648)

CPU:total 4 (2 cores per cpu, 2 threads per core) family 6 model 58 stepping 9, cmov, cx8, fxsr, mmx, sse, sse2, sse3, ssse3, sse4.1, sse4.2, popcnt, avx, clmul, erms, ht, tsc, tscinvbit, tscinv

Memory: 4k page, physical 4087612k(684864k free), swap 4087612k(3908k free)

vm_info: Java HotSpot(TM) 64-Bit Server VM (25.66-b18) for windows-amd64 JRE (1.8.0_66-b18), built on Nov  9 2015 10:51:13 by "java_re" with MS VC++ 10.0 (VS2010)

time: Tue Apr 02 15:19:31 2019
elapsed time: 4 seconds (0d 0h 0m 4s)

