#
# There is insufficient memory for the Java Runtime Environment to continue.
# Native memory allocation (malloc) failed to allocate 32744 bytes for ChunkPool::allocate
# Possible reasons:
#   The system is out of physical RAM or swap space
#   In 32 bit mode, the process size limit was hit
# Possible solutions:
#   Reduce memory load on the system
#   Increase physical memory or swap space
#   Check if swap backing store is full
#   Use 64 bit Java on a 64 bit OS
#   Decrease Java heap size (-Xmx/-Xms)
#   Decrease number of Java threads
#   Decrease Java thread stack sizes (-Xss)
#   Set larger code cache with -XX:ReservedCodeCacheSize=
# This output file may be truncated or incomplete.
#
#  Out of Memory Error (allocation.cpp:273), pid=3056, tid=8668
#
# JRE version: Java(TM) SE Runtime Environment (8.0_66-b18) (build 1.8.0_66-b18)
# Java VM: Java HotSpot(TM) 64-Bit Server VM (25.66-b18 mixed mode windows-amd64 compressed oops)
# Failed to write core dump. Minidumps are not enabled by default on client versions of Windows
#

---------------  T H R E A D  ---------------

Current thread (0x0000000014a4d000):  JavaThread "C1 CompilerThread2" daemon [_thread_in_native, id=8668, stack(0x00000000162b0000,0x00000000163b0000)]

Stack: [0x00000000162b0000,0x00000000163b0000]
[error occurred during error reporting (printing stack bounds), id 0xc0000005]

Native frames: (J=compiled Java code, j=interpreted, Vv=VM code, C=native code)


Current CompileTask:
C1:  19701 5134       3       java.util.Properties$LineReader::readLine (468 bytes)


---------------  P R O C E S S  ---------------

Java Threads: ( => current thread )
  0x0000000017b39800 JavaThread "http-nio-8080-exec-1" daemon [_thread_new, id=8332, stack(0x0000000000000000,0x0000000000000000)]
  0x0000000017b3c800 JavaThread "NioBlockingSelector.BlockPoller-1" daemon [_thread_new, id=6728, stack(0x000000001e020000,0x000000001e120000)]
  0x000000001700f000 JavaThread "HikariPool-1 connection adder" daemon [_thread_blocked, id=1196, stack(0x000000001d720000,0x000000001d820000)]
  0x0000000019cdc800 JavaThread "HikariPool-1 housekeeper" daemon [_thread_blocked, id=5436, stack(0x000000001d620000,0x000000001d720000)]
  0x000000001b63d000 JavaThread "PostgreSQL-JDBC-SharedTimer-1" daemon [_thread_blocked, id=4768, stack(0x000000001d520000,0x000000001d620000)]
  0x0000000019bd5000 JavaThread "container-0" [_thread_blocked, id=5336, stack(0x000000001cf20000,0x000000001d020000)]
  0x000000001b7c7000 JavaThread "Catalina-utility-2" [_thread_blocked, id=684, stack(0x000000001be00000,0x000000001bf00000)]
  0x0000000019bd4800 JavaThread "Catalina-utility-1" [_thread_blocked, id=5796, stack(0x000000001bd00000,0x000000001be00000)]
  0x00000000163d4000 JavaThread "Service Thread" daemon [_thread_blocked, id=3668, stack(0x00000000167b0000,0x00000000168b0000)]
=>0x0000000014a4d000 JavaThread "C1 CompilerThread2" daemon [_thread_in_native, id=8668, stack(0x00000000162b0000,0x00000000163b0000)]
  0x0000000014a43800 JavaThread "C2 CompilerThread1" daemon [_thread_in_native, id=6588, stack(0x00000000161b0000,0x00000000162b0000)]
  0x0000000014a41800 JavaThread "C2 CompilerThread0" daemon [_thread_in_native, id=6828, stack(0x00000000160b0000,0x00000000161b0000)]
  0x0000000014a40000 JavaThread "Attach Listener" daemon [_thread_blocked, id=8904, stack(0x0000000015fb0000,0x00000000160b0000)]
  0x0000000014a3f000 JavaThread "Signal Dispatcher" daemon [_thread_blocked, id=7788, stack(0x0000000015eb0000,0x0000000015fb0000)]
  0x000000000245b000 JavaThread "Finalizer" daemon [_thread_blocked, id=10200, stack(0x0000000015ca0000,0x0000000015da0000)]
  0x0000000002452000 JavaThread "Reference Handler" daemon [_thread_blocked, id=10032, stack(0x0000000015ba0000,0x0000000015ca0000)]
  0x0000000002364800 JavaThread "main" [_thread_in_vm, id=6744, stack(0x0000000002260000,0x0000000002360000)]

Other Threads:
  0x0000000014a08000 VMThread [stack: 0x0000000015aa0000,0x0000000015ba0000] [id=5964]
  0x00000000163ef800 WatcherThread [stack: 0x00000000168b0000,0x00000000169b0000] [id=1200]

VM state:not at safepoint (normal execution)

VM Mutex/Monitor currently owned by a thread:  ([mutex/lock_event])
[0x00000000023616d0] Threads_lock - owner thread: 0x0000000002364800

Heap:
 PSYoungGen      total 142336K, used 9044K [0x00000000eb380000, 0x00000000f4e00000, 0x0000000100000000)
  eden space 126464K, 7% used [0x00000000eb380000,0x00000000ebc553a0,0x00000000f2f00000)
  from space 15872K, 0% used [0x00000000f2f00000,0x00000000f2f00000,0x00000000f3e80000)
  to   space 12800K, 0% used [0x00000000f3f00000,0x00000000f3f00000,0x00000000f4b80000)
 ParOldGen       total 82944K, used 29619K [0x00000000c1a00000, 0x00000000c6b00000, 0x00000000eb380000)
  object space 82944K, 35% used [0x00000000c1a00000,0x00000000c36ecf20,0x00000000c6b00000)
 Metaspace       used 56896K, capacity 59524K, committed 59776K, reserved 1101824K
  class space    used 7861K, capacity 8296K, committed 8320K, reserved 1048576K

Card table byte_map: [0x0000000011820000,0x0000000011a20000] byte_map_base: 0x0000000011213000

Marking Bits: (ParMarkBitMap*) 0x0000000069b1a5b0
 Begin Bits: [0x0000000011f70000, 0x0000000012f08000)
 End Bits:   [0x0000000012f08000, 0x0000000013ea0000)

Polling page: 0x0000000000b10000

CodeCache: size=245760Kb used=15179Kb max_used=15412Kb free=230580Kb
 bounds [0x0000000002460000, 0x0000000003380000, 0x0000000011460000]
 total_blobs=5076 nmethods=4547 adapters=441
 compilation: enabled

Compilation events (10 events):
Event: 19.639 Thread 0x0000000014a4d000 nmethod 5127 0x0000000002aa5c90 code [0x0000000002aa5e00, 0x0000000002aa5fe8]
Event: 19.639 Thread 0x0000000014a4d000 5128       2       org.springframework.boot.autoconfigure.condition.ConditionEvaluationReport::lambda$addNoMatchOutcomeToAncestors$1 (54 bytes)
Event: 19.640 Thread 0x0000000014a4d000 nmethod 5128 0x0000000002f7b8d0 code [0x0000000002f7bac0, 0x0000000002f7c138]
Event: 19.668 Thread 0x0000000014a4d000 5130       1       org.springframework.boot.autoconfigure.condition.ConditionEvaluationReport$ConditionAndOutcome::getOutcome (5 bytes)
Event: 19.668 Thread 0x0000000014a4d000 nmethod 5130 0x0000000002665f90 code [0x00000000026660e0, 0x00000000026661f0]
Event: 19.670 Thread 0x0000000014a4d000 5131       2       java.util.TreeMap::forEach (58 bytes)
Event: 19.670 Thread 0x0000000014a4d000 nmethod 5131 0x0000000002f7b050 code [0x0000000002f7b200, 0x0000000002f7b5f8]
Event: 19.672 Thread 0x0000000014a4d000 5132       2       org.springframework.util.ConcurrentReferenceHashMap$Segment::createReferenceArray (5 bytes)
Event: 19.672 Thread 0x0000000014a4d000 nmethod 5132 0x0000000002aa58d0 code [0x0000000002aa5a20, 0x0000000002aa5bf0]
Event: 19.693 Thread 0x0000000014a4d000 5134       3       java.util.Properties$LineReader::readLine (468 bytes)

GC Heap History (10 events):
Event: 4.514 GC heap before
{Heap before GC invocations=10 (full 1):
 PSYoungGen      total 105472K, used 87501K [0x00000000eb380000, 0x00000000f2580000, 0x0000000100000000)
  eden space 98304K, 81% used [0x00000000eb380000,0x00000000f01f7460,0x00000000f1380000)
  from space 7168K, 99% used [0x00000000f1c80000,0x00000000f237c150,0x00000000f2380000)
  to   space 9216K, 0% used [0x00000000f1380000,0x00000000f1380000,0x00000000f1c80000)
 ParOldGen       total 34816K, used 10157K [0x00000000c1a00000, 0x00000000c3c00000, 0x00000000eb380000)
  object space 34816K, 29% used [0x00000000c1a00000,0x00000000c23eb630,0x00000000c3c00000)
 Metaspace       used 33838K, capacity 35378K, committed 35456K, reserved 1079296K
  class space    used 4421K, capacity 4717K, committed 4736K, reserved 1048576K
Event: 4.538 GC heap after
Heap after GC invocations=10 (full 1):
 PSYoungGen      total 107520K, used 9200K [0x00000000eb380000, 0x00000000f4b80000, 0x0000000100000000)
  eden space 98304K, 0% used [0x00000000eb380000,0x00000000eb380000,0x00000000f1380000)
  from space 9216K, 99% used [0x00000000f1380000,0x00000000f1c7c388,0x00000000f1c80000)
  to   space 12800K, 0% used [0x00000000f3f00000,0x00000000f3f00000,0x00000000f4b80000)
 ParOldGen       total 34816K, used 15939K [0x00000000c1a00000, 0x00000000c3c00000, 0x00000000eb380000)
  object space 34816K, 45% used [0x00000000c1a00000,0x00000000c2990fd8,0x00000000c3c00000)
 Metaspace       used 33838K, capacity 35378K, committed 35456K, reserved 1079296K
  class space    used 4421K, capacity 4717K, committed 4736K, reserved 1048576K
}
Event: 4.538 GC heap before
{Heap before GC invocations=11 (full 2):
 PSYoungGen      total 107520K, used 9200K [0x00000000eb380000, 0x00000000f4b80000, 0x0000000100000000)
  eden space 98304K, 0% used [0x00000000eb380000,0x00000000eb380000,0x00000000f1380000)
  from space 9216K, 99% used [0x00000000f1380000,0x00000000f1c7c388,0x00000000f1c80000)
  to   space 12800K, 0% used [0x00000000f3f00000,0x00000000f3f00000,0x00000000f4b80000)
 ParOldGen       total 34816K, used 15939K [0x00000000c1a00000, 0x00000000c3c00000, 0x00000000eb380000)
  object space 34816K, 45% used [0x00000000c1a00000,0x00000000c2990fd8,0x00000000c3c00000)
 Metaspace       used 33838K, capacity 35378K, committed 35456K, reserved 1079296K
  class space    used 4421K, capacity 4717K, committed 4736K, reserved 1048576K
Event: 4.603 GC heap after
Heap after GC invocations=11 (full 2):
 PSYoungGen      total 107520K, used 0K [0x00000000eb380000, 0x00000000f4b80000, 0x0000000100000000)
  eden space 98304K, 0% used [0x00000000eb380000,0x00000000eb380000,0x00000000f1380000)
  from space 9216K, 0% used [0x00000000f1380000,0x00000000f1380000,0x00000000f1c80000)
  to   space 12800K, 0% used [0x00000000f3f00000,0x00000000f3f00000,0x00000000f4b80000)
 ParOldGen       total 59904K, used 19129K [0x00000000c1a00000, 0x00000000c5480000, 0x00000000eb380000)
  object space 59904K, 31% used [0x00000000c1a00000,0x00000000c2cae670,0x00000000c5480000)
 Metaspace       used 33838K, capacity 35378K, committed 35456K, reserved 1079296K
  class space    used 4421K, capacity 4717K, committed 4736K, reserved 1048576K
}
Event: 8.120 GC heap before
{Heap before GC invocations=12 (full 2):
 PSYoungGen      total 107520K, used 98304K [0x00000000eb380000, 0x00000000f4b80000, 0x0000000100000000)
  eden space 98304K, 100% used [0x00000000eb380000,0x00000000f1380000,0x00000000f1380000)
  from space 9216K, 0% used [0x00000000f1380000,0x00000000f1380000,0x00000000f1c80000)
  to   space 12800K, 0% used [0x00000000f3f00000,0x00000000f3f00000,0x00000000f4b80000)
 ParOldGen       total 59904K, used 19129K [0x00000000c1a00000, 0x00000000c5480000, 0x00000000eb380000)
  object space 59904K, 31% used [0x00000000c1a00000,0x00000000c2cae670,0x00000000c5480000)
 Metaspace       used 49251K, capacity 50914K, committed 51200K, reserved 1093632K
  class space    used 6778K, capacity 7113K, committed 7168K, reserved 1048576K
Event: 8.153 GC heap after
Heap after GC invocations=12 (full 2):
 PSYoungGen      total 139264K, used 12789K [0x00000000eb380000, 0x00000000f4e00000, 0x0000000100000000)
  eden space 126464K, 0% used [0x00000000eb380000,0x00000000eb380000,0x00000000f2f00000)
  from space 12800K, 99% used [0x00000000f3f00000,0x00000000f4b7d698,0x00000000f4b80000)
  to   space 15872K, 0% used [0x00000000f2f00000,0x00000000f2f00000,0x00000000f3e80000)
 ParOldGen       total 59904K, used 22367K [0x00000000c1a00000, 0x00000000c5480000, 0x00000000eb380000)
  object space 59904K, 37% used [0x00000000c1a00000,0x00000000c2fd7e00,0x00000000c5480000)
 Metaspace       used 49251K, capacity 50914K, committed 51200K, reserved 1093632K
  class space    used 6778K, capacity 7113K, committed 7168K, reserved 1048576K
}
Event: 19.173 GC heap before
{Heap before GC invocations=13 (full 2):
 PSYoungGen      total 139264K, used 107678K [0x00000000eb380000, 0x00000000f4e00000, 0x0000000100000000)
  eden space 126464K, 75% used [0x00000000eb380000,0x00000000f102a290,0x00000000f2f00000)
  from space 12800K, 99% used [0x00000000f3f00000,0x00000000f4b7d698,0x00000000f4b80000)
  to   space 15872K, 0% used [0x00000000f2f00000,0x00000000f2f00000,0x00000000f3e80000)
 ParOldGen       total 59904K, used 22367K [0x00000000c1a00000, 0x00000000c5480000, 0x00000000eb380000)
  object space 59904K, 37% used [0x00000000c1a00000,0x00000000c2fd7e00,0x00000000c5480000)
 Metaspace       used 56460K, capacity 58992K, committed 59096K, reserved 1099776K
  class space    used 7778K, capacity 8216K, committed 8320K, reserved 1048576K
Event: 19.198 GC heap after
Heap after GC invocations=13 (full 2):
 PSYoungGen      total 142336K, used 10753K [0x00000000eb380000, 0x00000000f4e00000, 0x0000000100000000)
  eden space 126464K, 0% used [0x00000000eb380000,0x00000000eb380000,0x00000000f2f00000)
  from space 15872K, 67% used [0x00000000f2f00000,0x00000000f3980448,0x00000000f3e80000)
  to   space 12800K, 0% used [0x00000000f3f00000,0x00000000f3f00000,0x00000000f4b80000)
 ParOldGen       total 59904K, used 26153K [0x00000000c1a00000, 0x00000000c5480000, 0x00000000eb380000)
  object space 59904K, 43% used [0x00000000c1a00000,0x00000000c338a4d0,0x00000000c5480000)
 Metaspace       used 56460K, capacity 58992K, committed 59096K, reserved 1099776K
  class space    used 7778K, capacity 8216K, committed 8320K, reserved 1048576K
}
Event: 19.198 GC heap before
{Heap before GC invocations=14 (full 3):
 PSYoungGen      total 142336K, used 10753K [0x00000000eb380000, 0x00000000f4e00000, 0x0000000100000000)
  eden space 126464K, 0% used [0x00000000eb380000,0x00000000eb380000,0x00000000f2f00000)
  from space 15872K, 67% used [0x00000000f2f00000,0x00000000f3980448,0x00000000f3e80000)
  to   space 12800K, 0% used [0x00000000f3f00000,0x00000000f3f00000,0x00000000f4b80000)
 ParOldGen       total 59904K, used 26153K [0x00000000c1a00000, 0x00000000c5480000, 0x00000000eb380000)
  object space 59904K, 43% used [0x00000000c1a00000,0x00000000c338a4d0,0x00000000c5480000)
 Metaspace       used 56460K, capacity 58992K, committed 59096K, reserved 1099776K
  class space    used 7778K, capacity 8216K, committed 8320K, reserved 1048576K
Event: 19.405 GC heap after
Heap after GC invocations=14 (full 3):
 PSYoungGen      total 142336K, used 0K [0x00000000eb380000, 0x00000000f4e00000, 0x0000000100000000)
  eden space 126464K, 0% used [0x00000000eb380000,0x00000000eb380000,0x00000000f2f00000)
  from space 15872K, 0% used [0x00000000f2f00000,0x00000000f2f00000,0x00000000f3e80000)
  to   space 12800K, 0% used [0x00000000f3f00000,0x00000000f3f00000,0x00000000f4b80000)
 ParOldGen       total 82944K, used 29619K [0x00000000c1a00000, 0x00000000c6b00000, 0x00000000eb380000)
  object space 82944K, 35% used [0x00000000c1a00000,0x00000000c36ecf20,0x00000000c6b00000)
 Metaspace       used 56460K, capacity 58992K, committed 59096K, reserved 1099776K
  class space    used 7778K, capacity 8216K, committed 8320K, reserved 1048576K
}

Deoptimization events (10 events):
Event: 18.583 Thread 0x0000000002364800 Uncommon trap: reason=class_check action=maybe_recompile pc=0x0000000002eb3350 method=sun.reflect.generics.reflectiveObjects.TypeVariableImpl.hashCode()I @ 4
Event: 18.583 Thread 0x0000000002364800 Uncommon trap: reason=class_check action=maybe_recompile pc=0x0000000002eb3350 method=sun.reflect.generics.reflectiveObjects.TypeVariableImpl.hashCode()I @ 4
Event: 18.583 Thread 0x0000000002364800 Uncommon trap: reason=class_check action=maybe_recompile pc=0x0000000002eb3350 method=sun.reflect.generics.reflectiveObjects.TypeVariableImpl.hashCode()I @ 4
Event: 18.587 Thread 0x0000000002364800 Uncommon trap: reason=unstable_if action=reinterpret pc=0x000000000268f4d4 method=java.util.concurrent.ConcurrentHashMap.putVal(Ljava/lang/Object;Ljava/lang/Object;Z)Ljava/lang/Object; @ 331
Event: 18.588 Thread 0x0000000002364800 Uncommon trap: reason=unstable_if action=reinterpret pc=0x0000000002ff3cbc method=java.util.concurrent.ConcurrentHashMap.get(Ljava/lang/Object;)Ljava/lang/Object; @ 86
Event: 19.002 Thread 0x0000000002364800 Uncommon trap: reason=unstable_if action=reinterpret pc=0x000000000322660c method=org.springframework.beans.factory.support.AbstractBeanFactory.isTypeMatch(Ljava/lang/String;Lorg/springframework/core/ResolvableType;)Z @ 26
Event: 19.056 Thread 0x0000000002364800 Uncommon trap: reason=unstable_if action=reinterpret pc=0x00000000028544dc method=java.util.concurrent.ConcurrentHashMap.transfer([Ljava/util/concurrent/ConcurrentHashMap$Node;[Ljava/util/concurrent/ConcurrentHashMap$Node;)V @ 356
Event: 19.058 Thread 0x0000000002364800 Uncommon trap: reason=unstable_if action=reinterpret pc=0x00000000027ed900 method=java.util.concurrent.ConcurrentHashMap.transfer([Ljava/util/concurrent/ConcurrentHashMap$Node;[Ljava/util/concurrent/ConcurrentHashMap$Node;)V @ 356
Event: 19.095 Thread 0x0000000002364800 Uncommon trap: reason=unstable_if action=reinterpret pc=0x0000000002a7ea08 method=java.io.WinNTFileSystem.isLetter(C)Z @ 3
Event: 19.671 Thread 0x0000000002364800 Uncommon trap: reason=unstable_if action=reinterpret pc=0x0000000002f15994 method=org.springframework.util.ConcurrentReferenceHashMap$Segment.clear()V @ 4

Internal exceptions (10 events):
Event: 18.351 Thread 0x0000000002364800 Implicit null exception at 0x00000000032c7b0f to 0x00000000032c9bb9
Event: 18.653 Thread 0x0000000002364800 Exception <a 'java/lang/ClassNotFoundException': java/lang/ObjectCustomizer> (0x00000000ef6f2f30) thrown at [C:\re\workspace\8-2-build-windows-amd64-cygwin\jdk8u66\5298\hotspot\src\share\vm\classfile\systemDictionary.cpp, line 210]
Event: 18.654 Thread 0x0000000002364800 Exception <a 'java/lang/ClassNotFoundException': br/com/db1/pedidos/pedidos/api/domain/entity/PedidoItemCustomizer> (0x00000000ef709940) thrown at [C:\re\workspace\8-2-build-windows-amd64-cygwin\jdk8u66\5298\hotspot\src\share\vm\classfile\systemDictionary.tèãùy­2@
Event: 18.678 Thread 0x0000000002364800 Exception <a 'java/lang/ClassNotFoundException': java/lang/ObjectCustomizer> (0x00000000ef75a818) thrown at [C:\re\workspace\8-2-build-windows-amd64-cygwin\jdk8u66\5298\hotspot\src\share\vm\classfile\systemDictionary.cpp, line 210]
Event: 18.678 Thread 0x0000000002364800 Exception <a 'java/lang/ClassNotFoundException': br/com/db1/pedidos/pedidos/api/domain/entity/PedidoCustomizer> (0x00000000ef770990) thrown at [C:\re\workspace\8-2-build-windows-amd64-cygwin\jdk8u66\5298\hotspot\src\share\vm\classfile\systemDictionary.cpp,!’ÝX¹°2@
Event: 18.690 Thread 0x0000000002364800 Exception <a 'java/lang/ClassNotFoundException': java/lang/ObjectCustomizer> (0x00000000ef7ac6e8) thrown at [C:\re\workspace\8-2-build-windows-amd64-cygwin\jdk8u66\5298\hotspot\src\share\vm\classfile\systemDictionary.cpp, line 210]
Event: 18.692 Thread 0x0000000002364800 Exception <a 'java/lang/ClassNotFoundException': br/com/db1/pedidos/pedidos/api/domain/entity/HistoricoCustomizer> (0x00000000ef7c3078) thrown at [C:\re\workspace\8-2-build-windows-amd64-cygwin\jdk8u66\5298\hotspot\src\share\vm\classfile\systemDictionary.cn}ÿ-o´2@
Event: 18.705 Thread 0x0000000002364800 Exception <a 'java/lang/reflect/InvocationTargetException'> (0x00000000ef848e58) thrown at [C:\re\workspace\8-2-build-windows-amd64-cygwin\jdk8u66\5298\hotspot\src\share\vm\runtime\reflection.cpp, line 1092]
Event: 18.729 Thread 0x0000000002364800 Exception <a 'java/lang/reflect/InvocationTargetException'> (0x00000000ef93dab0) thrown at [C:\re\workspace\8-2-build-windows-amd64-cygwin\jdk8u66\5298\hotspot\src\share\vm\runtime\reflection.cpp, line 1092]
Event: 18.744 Thread 0x0000000002364800 Exception <a 'java/lang/reflect/InvocationTargetException'> (0x00000000efa18d68) thrown at [C:\re\workspace\8-2-build-windows-amd64-cygwin\jdk8u66\5298\hotspot\src\share\vm\runtime\reflection.cpp, line 1092]

Events (10 events):
Event: 19.691 loading class java/nio/channels/CancelledKeyException done
Event: 19.691 loading class org/apache/tomcat/util/collections/SynchronizedQueue
Event: 19.691 loading class org/apache/tomcat/util/collections/SynchronizedQueue done
Event: 19.692 Thread 0x0000000017b3c800 Thread added: 0x0000000017b3c800
Event: 19.692 loading class org/apache/tomcat/util/threads/TaskQueue
Event: 19.692 loading class org/apache/tomcat/util/threads/TaskQueue done
Event: 19.693 loading class org/apache/tomcat/util/threads/res/LocalStrings
Event: 19.693 loading class org/apache/tomcat/util/threads/res/LocalStrings done
Event: 19.693 loading class org/apache/tomcat/util/threads/res/LocalStrings_pt
Event: 19.693 loading class org/apache/tomcat/util/threads/res/LocalStrings_pt done


Dynamic libraries:
0x00007ff7b4130000 - 0x00007ff7b4167000 	C:\Program Files\Java\jre1.8.0_66\bin\javaw.exe
0x00007ffafaa10000 - 0x00007ffafabf1000 	C:\WINDOWS\SYSTEM32\ntdll.dll
0x00007ffaf90b0000 - 0x00007ffaf9162000 	C:\WINDOWS\System32\KERNEL32.DLL
0x00007ffaf7460000 - 0x00007ffaf76d3000 	C:\WINDOWS\System32\KERNELBASE.dll
0x00007ffaf8170000 - 0x00007ffaf8211000 	C:\WINDOWS\System32\ADVAPI32.dll
0x00007ffafa8e0000 - 0x00007ffafa97e000 	C:\WINDOWS\System32\msvcrt.dll
0x00007ffaf85c0000 - 0x00007ffaf861b000 	C:\WINDOWS\System32\sechost.dll
0x00007ffaf8aa0000 - 0x00007ffaf8bc4000 	C:\WINDOWS\System32\RPCRT4.dll
0x00007ffaf7ea0000 - 0x00007ffaf8030000 	C:\WINDOWS\System32\USER32.dll
0x00007ffaf6fd0000 - 0x00007ffaf6ff0000 	C:\WINDOWS\System32\win32u.dll
0x00007ffaf80e0000 - 0x00007ffaf8108000 	C:\WINDOWS\System32\GDI32.dll
0x00007ffaf7140000 - 0x00007ffaf72d2000 	C:\WINDOWS\System32\gdi32full.dll
0x00007ffaf70a0000 - 0x00007ffaf713f000 	C:\WINDOWS\System32\msvcp_win.dll
0x00007ffaf7360000 - 0x00007ffaf7458000 	C:\WINDOWS\System32\ucrtbase.dll
0x00007ffaec2f0000 - 0x00007ffaec559000 	C:\WINDOWS\WinSxS\amd64_microsoft.windows.common-controls_6595b64144ccf1df_6.0.17134.648_none_fb45a0e93062a6d2\COMCTL32.dll
0x00007ffafa5b0000 - 0x00007ffafa8d2000 	C:\WINDOWS\System32\combase.dll
0x00007ffaf72e0000 - 0x00007ffaf735a000 	C:\WINDOWS\System32\bcryptPrimitives.dll
0x00007ffaf8590000 - 0x00007ffaf85bd000 	C:\WINDOWS\System32\IMM32.DLL
0x0000000069160000 - 0x0000000069232000 	C:\Program Files\Java\jre1.8.0_66\bin\msvcr100.dll
0x0000000069310000 - 0x0000000069b99000 	C:\Program Files\Java\jre1.8.0_66\bin\server\jvm.dll
0x00007ffaf90a0000 - 0x00007ffaf90a8000 	C:\WINDOWS\System32\PSAPI.DLL
0x00007ffae8680000 - 0x00007ffae8689000 	C:\WINDOWS\SYSTEM32\WSOCK32.dll
0x00007ffaf4600000 - 0x00007ffaf4623000 	C:\WINDOWS\SYSTEM32\WINMM.dll
0x00007ffaf87d0000 - 0x00007ffaf883c000 	C:\WINDOWS\System32\WS2_32.dll
0x00007ffaec120000 - 0x00007ffaec12a000 	C:\WINDOWS\SYSTEM32\VERSION.dll
0x00007ffaf45d0000 - 0x00007ffaf45fa000 	C:\WINDOWS\SYSTEM32\WINMMBASE.dll
0x00007ffaf7050000 - 0x00007ffaf7099000 	C:\WINDOWS\System32\cfgmgr32.dll
0x0000000069300000 - 0x000000006930f000 	C:\Program Files\Java\jre1.8.0_66\bin\verify.dll
0x00000000692d0000 - 0x00000000692f9000 	C:\Program Files\Java\jre1.8.0_66\bin\java.dll
0x00000000692b0000 - 0x00000000692c6000 	C:\Program Files\Java\jre1.8.0_66\bin\zip.dll
0x00007ffaf9170000 - 0x00007ffafa5b0000 	C:\WINDOWS\System32\SHELL32.dll
0x00007ffaf8030000 - 0x00007ffaf80d9000 	C:\WINDOWS\System32\shcore.dll
0x00007ffaf7790000 - 0x00007ffaf7e9d000 	C:\WINDOWS\System32\windows.storage.dll
0x00007ffaf8310000 - 0x00007ffaf8361000 	C:\WINDOWS\System32\shlwapi.dll
0x00007ffaf6d50000 - 0x00007ffaf6d61000 	C:\WINDOWS\System32\kernel.appcore.dll
0x00007ffaf6d30000 - 0x00007ffaf6d4f000 	C:\WINDOWS\System32\profapi.dll
0x00007ffaf6d90000 - 0x00007ffaf6ddc000 	C:\WINDOWS\System32\powrprof.dll
0x00007ffaf6d20000 - 0x00007ffaf6d2a000 	C:\WINDOWS\System32\FLTLIB.DLL
0x0000000069150000 - 0x000000006915d000 	C:\Program Files\Java\jre1.8.0_66\bin\management.dll
0x0000000069290000 - 0x00000000692aa000 	C:\Program Files\Java\jre1.8.0_66\bin\net.dll
0x00007ffaf6540000 - 0x00007ffaf65a6000 	C:\WINDOWS\system32\mswsock.dll
0x00007ffaec2d0000 - 0x00007ffaec2e6000 	C:\WINDOWS\system32\napinsp.dll
0x00007ffaec2b0000 - 0x00007ffaec2ca000 	C:\WINDOWS\system32\pnrpnsp.dll
0x00007ffaf3520000 - 0x00007ffaf3539000 	C:\WINDOWS\system32\NLAapi.dll
0x00007ffaf6300000 - 0x00007ffaf63be000 	C:\WINDOWS\SYSTEM32\DNSAPI.dll
0x00007ffaf8620000 - 0x00007ffaf8628000 	C:\WINDOWS\System32\NSI.dll
0x00007ffaf62c0000 - 0x00007ffaf62f8000 	C:\WINDOWS\SYSTEM32\IPHLPAPI.DLL
0x00007ffaed5d0000 - 0x00007ffaed5de000 	C:\WINDOWS\System32\winrnr.dll
0x00007ffaeda60000 - 0x00007ffaeda6a000 	C:\Windows\System32\rasadhlp.dll
0x00007ffaede50000 - 0x00007ffaedec2000 	C:\WINDOWS\System32\fwpuclnt.dll
0x00007ffaf6880000 - 0x00007ffaf68a5000 	C:\WINDOWS\SYSTEM32\bcrypt.dll
0x0000000069270000 - 0x0000000069281000 	C:\Program Files\Java\jre1.8.0_66\bin\nio.dll
0x00007ffaf6750000 - 0x00007ffaf6767000 	C:\WINDOWS\SYSTEM32\CRYPTSP.dll
0x00007ffaf6120000 - 0x00007ffaf6153000 	C:\WINDOWS\system32\rsaenh.dll
0x00007ffaf6c20000 - 0x00007ffaf6c48000 	C:\WINDOWS\SYSTEM32\USERENV.dll
0x00007ffaf6770000 - 0x00007ffaf677b000 	C:\WINDOWS\SYSTEM32\CRYPTBASE.dll
0x00007ffaef9b0000 - 0x00007ffaef9c6000 	C:\WINDOWS\SYSTEM32\dhcpcsvc6.DLL
0x00007ffaef990000 - 0x00007ffaef9aa000 	C:\WINDOWS\SYSTEM32\dhcpcsvc.DLL
0x0000000069240000 - 0x0000000069264000 	C:\Program Files\Java\jre1.8.0_66\bin\sunec.dll

VM Arguments:
jvm_args: -Dfile.encoding=UTF-8 
java_command: br.com.db1.pedidos.pedidos.api.Application
java_class_path (initial): D:\DB1\Db1StartJava2\pedidos.api\target\classes;C:\Users\Aluno.DESKTOP-3ASBCDM\.m2\repository\org\postgresql\postgresql\42.2.5\postgresql-42.2.5.jar;C:\Users\Aluno.DESKTOP-3ASBCDM\.m2\repository\org\springframework\boot\spring-boot-starter-data-jpa\2.1.3.RELEASE\spring-boot-starter-data-jpa-2.1.3.RELEASE.jar;C:\Users\Aluno.DESKTOP-3ASBCDM\.m2\repository\org\springframework\boot\spring-boot-starter-aop\2.1.3.RELEASE\spring-boot-starter-aop-2.1.3.RELEASE.jar;C:\Users\Aluno.DESKTOP-3ASBCDM\.m2\repository\org\springframework\spring-aop\5.1.5.RELEASE\spring-aop-5.1.5.RELEASE.jar;C:\Users\Aluno.DESKTOP-3ASBCDM\.m2\repository\org\aspectj\aspectjweaver\1.9.2\aspectjweaver-1.9.2.jar;C:\Users\Aluno.DESKTOP-3ASBCDM\.m2\repository\org\springframework\boot\spring-boot-starter-jdbc\2.1.3.RELEASE\spring-boot-starter-jdbc-2.1.3.RELEASE.jar;C:\Users\Aluno.DESKTOP-3ASBCDM\.m2\repository\com\zaxxer\HikariCP\3.2.0\HikariCP-3.2.0.jar;C:\Users\Aluno.DESKTOP-3ASBCDM\.m2\repository\org\springframework\spring-jdbc\5.1.5.RELEASE\spring-jdbc-5.1.5.RELEASE.jar;C:\Users\Aluno.DESKTOP-3ASBCDM\.m2\repository\javax\transaction\javax.transaction-api\1.3\javax.transaction-api-1.3.jar;C:\Users\Aluno.DESKTOP-3ASBCDM\.m2\repository\javax\xml\bind\jaxb-api\2.3.1\jaxb-api-2.3.1.jar;C:\Users\Aluno.DESKTOP-3ASBCDM\.m2\repository\javax\activation\javax.activation-api\1.2.0\javax.activation-api-1.2.0.jar;C:\Users\Aluno.DESKTOP-3ASBCDM\.m2\repository\org\hibernate\hibernate-core\5.3.7.Final\hibernate-core-5.3.7.Final.jar;C:\Users\Aluno.DESKTOP-3ASBCDM\.m2\repository\org\jboss\logging\jboss-logging\3.3.2.Final\jboss-logging-3.3.2.Final.jar;C:\Users\Aluno.DESKTOP-3ASBCDM\.m2\repository\javax\persistence\javax.persistence-api\2.2\javax.persistence-api-2.2.jar;C:\Users\Aluno.DESKTOP-3ASBCDM\.m2\repository\org\javassist\javassist\3.23.1-GA\javassist-3.23.1-GA.jar;C:\Users\Aluno.DESKTOP-3ASBCDM\.m2\repository\net\bytebuddy\byte-buddy\1.9.10\byte-buddy-1.9.10.jar;C:\Users\Aluno.DESKTOP-3
Launcher Type: SUN_STANDARD

Environment Variables:
