#
# There is insufficient memory for the Java Runtime Environment to continue.
# Native memory allocation (malloc) failed to allocate 255760 bytes for Chunk::new
# Possible reasons:
#   The system is out of physical RAM or swap space
#   In 32 bit mode, the process size limit was hit
# Possible solutions:
#   Reduce memory load on the system
#   Increase physical memory or swap space
#   Check if swap backing store is full
#   Use 64 bit Java on a 64 bit OS
#   Decrease Java heap size (-Xmx/-Xms)
#   Decrease number of Java threads
#   Decrease Java thread stack sizes (-Xss)
#   Set larger code cache with -XX:ReservedCodeCacheSize=
# This output file may be truncated or incomplete.
#
#  Out of Memory Error (allocation.cpp:390), pid=5932, tid=2684
#
# JRE version: Java(TM) SE Runtime Environment (8.0_66-b18) (build 1.8.0_66-b18)
# Java VM: Java HotSpot(TM) 64-Bit Server VM (25.66-b18 mixed mode windows-amd64 compressed oops)
# Failed to write core dump. Minidumps are not enabled by default on client versions of Windows
#

---------------  T H R E A D  ---------------

Current thread (0x0000000014b83800):  JavaThread "C2 CompilerThread1" daemon [_thread_in_native, id=2684, stack(0x00000000162f0000,0x00000000163f0000)]

Stack: [0x00000000162f0000,0x00000000163f0000]
[error occurred during error reporting (printing stack bounds), id 0xc0000005]

Native frames: (J=compiled Java code, j=interpreted, Vv=VM code, C=native code)


Current CompileTask:
C2:  70551 5164       4       org.springframework.boot.context.properties.source.ConfigurationPropertyName::equals (119 bytes)


---------------  P R O C E S S  ---------------

Java Threads: ( => current thread )
  0x000000001cf93800 JavaThread "DestroyJavaVM" [_thread_blocked, id=9424, stack(0x0000000002380000,0x0000000002480000)]
  0x000000001cf96800 JavaThread "http-nio-8080-Acceptor-0" daemon [_thread_in_native, id=1656, stack(0x00000000209d0000,0x0000000020ad0000)]
  0x000000001cf95000 JavaThread "http-nio-8080-ClientPoller-1" daemon [_thread_in_native, id=9572, stack(0x00000000208d0000,0x00000000209d0000)]
  0x000000001cf8b000 JavaThread "http-nio-8080-ClientPoller-0" daemon [_thread_in_native, id=6728, stack(0x00000000207d0000,0x00000000208d0000)]
  0x000000001cf8c800 JavaThread "http-nio-8080-exec-10" daemon [_thread_blocked, id=636, stack(0x00000000206d0000,0x00000000207d0000)]
  0x000000001cf92000 JavaThread "http-nio-8080-exec-9" daemon [_thread_blocked, id=372, stack(0x00000000205d0000,0x00000000206d0000)]
  0x000000001cf90800 JavaThread "http-nio-8080-exec-8" daemon [_thread_blocked, id=6820, stack(0x00000000204d0000,0x00000000205d0000)]
  0x000000001cf8f000 JavaThread "http-nio-8080-exec-7" daemon [_thread_blocked, id=6660, stack(0x00000000203d0000,0x00000000204d0000)]
  0x000000001cf8f800 JavaThread "http-nio-8080-exec-6" daemon [_thread_blocked, id=5180, stack(0x00000000202d0000,0x00000000203d0000)]
  0x000000001cf8e000 JavaThread "http-nio-8080-exec-5" daemon [_thread_blocked, id=2692, stack(0x00000000201d0000,0x00000000202d0000)]
  0x000000001cf8c000 JavaThread "http-nio-8080-exec-4" daemon [_thread_blocked, id=3552, stack(0x00000000200d0000,0x00000000201d0000)]
  0x000000001cf8d800 JavaThread "http-nio-8080-exec-3" daemon [_thread_blocked, id=4636, stack(0x000000001ffd0000,0x00000000200d0000)]
  0x0000000017fbc800 JavaThread "http-nio-8080-exec-2" daemon [_thread_blocked, id=8204, stack(0x000000001fed0000,0x000000001ffd0000)]
  0x0000000017fbc000 JavaThread "http-nio-8080-exec-1" daemon [_thread_blocked, id=5696, stack(0x000000001fdd0000,0x000000001fed0000)]
  0x0000000017fb8000 JavaThread "NioBlockingSelector.BlockPoller-1" daemon [_thread_in_native, id=7624, stack(0x000000001e840000,0x000000001e940000)]
  0x0000000017fba800 JavaThread "HikariPool-1 housekeeper" daemon [_thread_blocked, id=4752, stack(0x000000001e640000,0x000000001e740000)]
  0x0000000017fb7800 JavaThread "PostgreSQL-JDBC-SharedTimer-1" daemon [_thread_blocked, id=9756, stack(0x000000001e540000,0x000000001e640000)]
  0x0000000017fb6000 JavaThread "container-0" [_thread_blocked, id=8556, stack(0x000000001e030000,0x000000001e130000)]
  0x0000000017fb9800 JavaThread "Catalina-utility-2" [_thread_blocked, id=6440, stack(0x000000001bcf0000,0x000000001bdf0000)]
  0x0000000017fb9000 JavaThread "Catalina-utility-1" [_thread_blocked, id=8904, stack(0x000000001bbf0000,0x000000001bcf0000)]
  0x0000000016518800 JavaThread "Service Thread" daemon [_thread_blocked, id=7244, stack(0x00000000168f0000,0x00000000169f0000)]
  0x0000000014b90000 JavaThread "C1 CompilerThread2" daemon [_thread_blocked, id=4328, stack(0x00000000163f0000,0x00000000164f0000)]
=>0x0000000014b83800 JavaThread "C2 CompilerThread1" daemon [_thread_in_native, id=2684, stack(0x00000000162f0000,0x00000000163f0000)]
  0x0000000014b81800 JavaThread "C2 CompilerThread0" daemon [_thread_blocked, id=5408, stack(0x00000000161f0000,0x00000000162f0000)]
  0x0000000014b80000 JavaThread "Attach Listener" daemon [_thread_blocked, id=1440, stack(0x00000000160f0000,0x00000000161f0000)]
  0x0000000014b7f000 JavaThread "Signal Dispatcher" daemon [_thread_blocked, id=3696, stack(0x0000000015ff0000,0x00000000160f0000)]
  0x0000000002599800 JavaThread "Finalizer" daemon [_thread_blocked, id=8388, stack(0x0000000015de0000,0x0000000015ee0000)]
  0x0000000002591800 JavaThread "Reference Handler" daemon [_thread_blocked, id=3012, stack(0x0000000015ce0000,0x0000000015de0000)]

Other Threads:
  0x0000000014b47000 VMThread [stack: 0x0000000015be0000,0x0000000015ce0000] [id=8400]
  0x0000000014bde800 WatcherThread [stack: 0x00000000169f0000,0x0000000016af0000] [id=6028]

VM state:not at safepoint (normal execution)

VM Mutex/Monitor currently owned by a thread: None

Heap:
 PSYoungGen      total 144384K, used 24077K [0x00000000eb380000, 0x00000000f7080000, 0x0000000100000000)
  eden space 128512K, 18% used [0x00000000eb380000,0x00000000ecb03798,0x00000000f3100000)
  from space 15872K, 0% used [0x00000000f3100000,0x00000000f3100000,0x00000000f4080000)
  to   space 16384K, 0% used [0x00000000f6080000,0x00000000f6080000,0x00000000f7080000)
 ParOldGen       total 58368K, used 29534K [0x00000000c1a00000, 0x00000000c5300000, 0x00000000eb380000)
  object space 58368K, 50% used [0x00000000c1a00000,0x00000000c36d7958,0x00000000c5300000)
 Metaspace       used 58139K, capacity 60826K, committed 61056K, reserved 1101824K
  class space    used 8034K, capacity 8511K, committed 8576K, reserved 1048576K

Card table byte_map: [0x0000000011960000,0x0000000011b60000] byte_map_base: 0x0000000011353000

Marking Bits: (ParMarkBitMap*) 0x0000000069b1a5b0
 Begin Bits: [0x00000000120b0000, 0x0000000013048000)
 End Bits:   [0x0000000013048000, 0x0000000013fe0000)

Polling page: 0x0000000000b10000

CodeCache: size=245760Kb used=15684Kb max_used=15928Kb free=230075Kb
 bounds [0x00000000025a0000, 0x0000000003560000, 0x00000000115a0000]
 total_blobs=5044 nmethods=4507 adapters=448
 compilation: enabled

Compilation events (10 events):
Event: 70.475 Thread 0x0000000014b90000 nmethod 5172 0x000000000280a490 code [0x000000000280a620, 0x000000000280aa08]
Event: 70.476 Thread 0x0000000014b90000 5173       3       java.nio.HeapCharBuffer::ix (7 bytes)
Event: 70.476 Thread 0x0000000014b90000 nmethod 5173 0x00000000028fffd0 code [0x0000000002900120, 0x0000000002900270]
Event: 70.480 Thread 0x0000000014b81800 nmethod 5169 0x0000000002807e50 code [0x0000000002808000, 0x00000000028086a8]
Event: 70.480 Thread 0x0000000014b81800 5170       4       java.lang.Integer::parseInt (261 bytes)
Event: 70.483 Thread 0x0000000014b90000 5176       1       java.nio.Buffer::remaining (10 bytes)
Event: 70.484 Thread 0x0000000014b90000 nmethod 5176 0x00000000034fea50 code [0x00000000034feba0, 0x00000000034fecb0]
Event: 70.488 Thread 0x0000000014b81800 nmethod 5170 0x00000000027a8610 code [0x00000000027a8760, 0x00000000027a8d78]
Event: 70.488 Thread 0x0000000014b81800 5175       4       java.nio.Buffer::nextGetIndex (31 bytes)
Event: 70.489 Thread 0x0000000014b81800 nmethod 5175 0x0000000002e166d0 code [0x0000000002e16800, 0x0000000002e16898]

GC Heap History (10 events):
Event: 4.977 GC heap before
{Heap before GC invocations=10 (full 1):
 PSYoungGen      total 107008K, used 89518K [0x00000000eb380000, 0x00000000f2700000, 0x0000000100000000)
  eden space 99840K, 82% used [0x00000000eb380000,0x00000000f03eed70,0x00000000f1500000)
  from space 7168K, 99% used [0x00000000f1e80000,0x00000000f257cb90,0x00000000f2580000)
  to   space 9216K, 0% used [0x00000000f1500000,0x00000000f1500000,0x00000000f1e00000)
 ParOldGen       total 34304K, used 10076K [0x00000000c1a00000, 0x00000000c3b80000, 0x00000000eb380000)
  object space 34304K, 29% used [0x00000000c1a00000,0x00000000c23d7140,0x00000000c3b80000)
 Metaspace       used 33850K, capacity 35378K, committed 35456K, reserved 1079296K
  class space    used 4428K, capacity 4717K, committed 4736K, reserved 1048576K
Event: 4.998 GC heap after
Heap after GC invocations=10 (full 1):
 PSYoungGen      total 109056K, used 9192K [0x00000000eb380000, 0x00000000f4d80000, 0x0000000100000000)
  eden space 99840K, 0% used [0x00000000eb380000,0x00000000eb380000,0x00000000f1500000)
  from space 9216K, 99% used [0x00000000f1500000,0x00000000f1dfa398,0x00000000f1e00000)
  to   space 12800K, 0% used [0x00000000f4100000,0x00000000f4100000,0x00000000f4d80000)
 ParOldGen       total 34304K, used 15918K [0x00000000c1a00000, 0x00000000c3b80000, 0x00000000eb380000)
  object space 34304K, 46% used [0x00000000c1a00000,0x00000000c298b8a0,0x00000000c3b80000)
 Metaspace       used 33850K, capacity 35378K, committed 35456K, reserved 1079296K
  class space    used 4428K, capacity 4717K, committed 4736K, reserved 1048576K
}
Event: 4.998 GC heap before
{Heap before GC invocations=11 (full 2):
 PSYoungGen      total 109056K, used 9192K [0x00000000eb380000, 0x00000000f4d80000, 0x0000000100000000)
  eden space 99840K, 0% used [0x00000000eb380000,0x00000000eb380000,0x00000000f1500000)
  from space 9216K, 99% used [0x00000000f1500000,0x00000000f1dfa398,0x00000000f1e00000)
  to   space 12800K, 0% used [0x00000000f4100000,0x00000000f4100000,0x00000000f4d80000)
 ParOldGen       total 34304K, used 15918K [0x00000000c1a00000, 0x00000000c3b80000, 0x00000000eb380000)
  object space 34304K, 46% used [0x00000000c1a00000,0x00000000c298b8a0,0x00000000c3b80000)
 Metaspace       used 33850K, capacity 35378K, committed 35456K, reserved 1079296K
  class space    used 4428K, capacity 4717K, committed 4736K, reserved 1048576K
Event: 5.059 GC heap after
Heap after GC invocations=11 (full 2):
 PSYoungGen      total 109056K, used 0K [0x00000000eb380000, 0x00000000f4d80000, 0x0000000100000000)
  eden space 99840K, 0% used [0x00000000eb380000,0x00000000eb380000,0x00000000f1500000)
  from space 9216K, 0% used [0x00000000f1500000,0x00000000f1500000,0x00000000f1e00000)
  to   space 12800K, 0% used [0x00000000f4100000,0x00000000f4100000,0x00000000f4d80000)
 ParOldGen       total 58368K, used 19197K [0x00000000c1a00000, 0x00000000c5300000, 0x00000000eb380000)
  object space 58368K, 32% used [0x00000000c1a00000,0x00000000c2cbf438,0x00000000c5300000)
 Metaspace       used 33850K, capacity 35378K, committed 35456K, reserved 1079296K
  class space    used 4428K, capacity 4717K, committed 4736K, reserved 1048576K
}
Event: 9.244 GC heap before
{Heap before GC invocations=12 (full 2):
 PSYoungGen      total 109056K, used 99840K [0x00000000eb380000, 0x00000000f4d80000, 0x0000000100000000)
  eden space 99840K, 100% used [0x00000000eb380000,0x00000000f1500000,0x00000000f1500000)
  from space 9216K, 0% used [0x00000000f1500000,0x00000000f1500000,0x00000000f1e00000)
  to   space 12800K, 0% used [0x00000000f4100000,0x00000000f4100000,0x00000000f4d80000)
 ParOldGen       total 58368K, used 19197K [0x00000000c1a00000, 0x00000000c5300000, 0x00000000eb380000)
  object space 58368K, 32% used [0x00000000c1a00000,0x00000000c2cbf438,0x00000000c5300000)
 Metaspace       used 49426K, capacity 51052K, committed 51456K, reserved 1093632K
  class space    used 6798K, capacity 7116K, committed 7168K, reserved 1048576K
Event: 9.262 GC heap after
Heap after GC invocations=12 (full 2):
 PSYoungGen      total 141312K, used 12777K [0x00000000eb380000, 0x00000000f5000000, 0x0000000100000000)
  eden space 128512K, 0% used [0x00000000eb380000,0x00000000eb380000,0x00000000f3100000)
  from space 12800K, 99% used [0x00000000f4100000,0x00000000f4d7a738,0x00000000f4d80000)
  to   space 15872K, 0% used [0x00000000f3100000,0x00000000f3100000,0x00000000f4080000)
 ParOldGen       total 58368K, used 22733K [0x00000000c1a00000, 0x00000000c5300000, 0x00000000eb380000)
  object space 58368K, 38% used [0x00000000c1a00000,0x00000000c3033498,0x00000000c5300000)
 Metaspace       used 49426K, capacity 51052K, committed 51456K, reserved 1093632K
  class space    used 6798K, capacity 7116K, committed 7168K, reserved 1048576K
}
Event: 20.776 GC heap before
{Heap before GC invocations=13 (full 2):
 PSYoungGen      total 141312K, used 109593K [0x00000000eb380000, 0x00000000f5000000, 0x0000000100000000)
  eden space 128512K, 75% used [0x00000000eb380000,0x00000000f120be60,0x00000000f3100000)
  from space 12800K, 99% used [0x00000000f4100000,0x00000000f4d7a738,0x00000000f4d80000)
  to   space 15872K, 0% used [0x00000000f3100000,0x00000000f3100000,0x00000000f4080000)
 ParOldGen       total 58368K, used 22733K [0x00000000c1a00000, 0x00000000c5300000, 0x00000000eb380000)
  object space 58368K, 38% used [0x00000000c1a00000,0x00000000c3033498,0x00000000c5300000)
 Metaspace       used 56461K, capacity 58976K, committed 59096K, reserved 1099776K
  class space    used 7785K, capacity 8240K, committed 8320K, reserved 1048576K
Event: 20.799 GC heap after
Heap after GC invocations=13 (full 2):
 PSYoungGen      total 144384K, used 10569K [0x00000000eb380000, 0x00000000f7080000, 0x0000000100000000)
  eden space 128512K, 0% used [0x00000000eb380000,0x00000000eb380000,0x00000000f3100000)
  from space 15872K, 66% used [0x00000000f3100000,0x00000000f3b527f0,0x00000000f4080000)
  to   space 16384K, 0% used [0x00000000f6080000,0x00000000f6080000,0x00000000f7080000)
 ParOldGen       total 58368K, used 26616K [0x00000000c1a00000, 0x00000000c5300000, 0x00000000eb380000)
  object space 58368K, 45% used [0x00000000c1a00000,0x00000000c33fe008,0x00000000c5300000)
 Metaspace       used 56461K, capacity 58976K, committed 59096K, reserved 1099776K
  class space    used 7785K, capacity 8240K, committed 8320K, reserved 1048576K
}
Event: 20.799 GC heap before
{Heap before GC invocations=14 (full 3):
 PSYoungGen      total 144384K, used 10569K [0x00000000eb380000, 0x00000000f7080000, 0x0000000100000000)
  eden space 128512K, 0% used [0x00000000eb380000,0x00000000eb380000,0x00000000f3100000)
  from space 15872K, 66% used [0x00000000f3100000,0x00000000f3b527f0,0x00000000f4080000)
  to   space 16384K, 0% used [0x00000000f6080000,0x00000000f6080000,0x00000000f7080000)
 ParOldGen       total 58368K, used 26616K [0x00000000c1a00000, 0x00000000c5300000, 0x00000000eb380000)
  object space 58368K, 45% used [0x00000000c1a00000,0x00000000c33fe008,0x00000000c5300000)
 Metaspace       used 56461K, capacity 58976K, committed 59096K, reserved 1099776K
  class space    used 7785K, capacity 8240K, committed 8320K, reserved 1048576K
Event: 20.951 GC heap after
Heap after GC invocations=14 (full 3):
 PSYoungGen      total 144384K, used 0K [0x00000000eb380000, 0x00000000f7080000, 0x0000000100000000)
  eden space 128512K, 0% used [0x00000000eb380000,0x00000000eb380000,0x00000000f3100000)
  from space 15872K, 0% used [0x00000000f3100000,0x00000000f3100000,0x00000000f4080000)
  to   space 16384K, 0% used [0x00000000f6080000,0x00000000f6080000,0x00000000f7080000)
 ParOldGen       total 58368K, used 29534K [0x00000000c1a00000, 0x00000000c5300000, 0x00000000eb380000)
  object space 58368K, 50% used [0x00000000c1a00000,0x00000000c36d7958,0x00000000c5300000)
 Metaspace       used 56461K, capacity 58976K, committed 59096K, reserved 1099776K
  class space    used 7785K, capacity 8240K, committed 8320K, reserved 1048576K
}

Deoptimization events (10 events):
Event: 20.105 Thread 0x00000000024a4800 Uncommon trap: reason=unstable_if action=reinterpret pc=0x00000000027c3120 method=java.util.concurrent.ConcurrentHashMap.putVal(Ljava/lang/Object;Ljava/lang/Object;Z)Ljava/lang/Object; @ 331
Event: 20.117 Thread 0x00000000024a4800 Uncommon trap: reason=unstable_if action=reinterpret pc=0x0000000002777fc4 method=java.util.concurrent.ConcurrentHashMap.get(Ljava/lang/Object;)Ljava/lang/Object; @ 86
Event: 20.252 Thread 0x00000000024a4800 Uncommon trap: reason=class_check action=maybe_recompile pc=0x000000000335e560 method=org.springframework.util.ConcurrentReferenceHashMap$Segment.restructureIfNecessary(Z)V @ 239
Event: 20.546 Thread 0x00000000024a4800 Uncommon trap: reason=unstable_if action=reinterpret pc=0x000000000315e1c4 method=org.springframework.beans.factory.support.AbstractBeanFactory.isTypeMatch(Ljava/lang/String;Lorg/springframework/core/ResolvableType;)Z @ 26
Event: 20.602 Thread 0x00000000024a4800 Uncommon trap: reason=unstable_if action=reinterpret pc=0x000000000299a774 method=java.util.concurrent.ConcurrentHashMap.transfer([Ljava/util/concurrent/ConcurrentHashMap$Node;[Ljava/util/concurrent/ConcurrentHashMap$Node;)V @ 356
Event: 20.602 Thread 0x00000000024a4800 Uncommon trap: reason=unstable_if action=reinterpret pc=0x000000000293ea88 method=java.util.concurrent.ConcurrentHashMap.transfer([Ljava/util/concurrent/ConcurrentHashMap$Node;[Ljava/util/concurrent/ConcurrentHashMap$Node;)V @ 356
Event: 21.126 Thread 0x00000000024a4800 Uncommon trap: reason=unstable_if action=reinterpret pc=0x00000000029abe94 method=org.springframework.util.ConcurrentReferenceHashMap$Segment.clear()V @ 4
Event: 21.227 Thread 0x00000000024a4800 Uncommon trap: reason=bimorphic action=maybe_recompile pc=0x0000000002be9080 method=java.util.Hashtable.get(Ljava/lang/Object;)Ljava/lang/Object; @ 6
Event: 21.227 Thread 0x00000000024a4800 Uncommon trap: reason=bimorphic action=maybe_recompile pc=0x0000000002be9080 method=java.util.Hashtable.get(Ljava/lang/Object;)Ljava/lang/Object; @ 6
Event: 70.413 Thread 0x0000000017fbc000 Uncommon trap: reason=unstable_if action=reinterpret pc=0x0000000003337248 method=java.lang.invoke.MethodType.checkPtypes([Ljava/lang/Class;)I @ 40

Internal exceptions (10 events):
Event: 19.830 Thread 0x00000000024a4800 Exception <a 'java/lang/ClassNotFoundException': org/springframework/beans/factory/AwareCustomizer> (0x00000000ee9de8c0) thrown at [C:\re\workspace\8-2-build-windows-amd64-cygwin\jdk8u66\5298\hotspot\src\share\vm\classfile\systemDictionary.cpp, line 210]
Event: 20.185 Thread 0x00000000024a4800 Exception <a 'java/lang/ClassNotFoundException': java/lang/ObjectCustomizer> (0x00000000ef70a1f0) thrown at [C:\re\workspace\8-2-build-windows-amd64-cygwin\jdk8u66\5298\hotspot\src\share\vm\classfile\systemDictionary.cpp, line 210]
Event: 20.186 Thread 0x00000000024a4800 Exception <a 'java/lang/ClassNotFoundException': br/com/db1/pedidos/pedidos/api/domain/entity/HistoricoCustomizer> (0x00000000ef720b80) thrown at [C:\re\workspace\8-2-build-windows-amd64-cygwin\jdk8u66\5298\hotspot\src\share\vm\classfile\systemDictionary.cñª)“264@
Event: 20.212 Thread 0x00000000024a4800 Exception <a 'java/lang/ClassNotFoundException': java/lang/ObjectCustomizer> (0x00000000ef771120) thrown at [C:\re\workspace\8-2-build-windows-amd64-cygwin\jdk8u66\5298\hotspot\src\share\vm\classfile\systemDictionary.cpp, line 210]
Event: 20.212 Thread 0x00000000024a4800 Exception <a 'java/lang/ClassNotFoundException': br/com/db1/pedidos/pedidos/api/domain/entity/PedidoCustomizer> (0x00000000ef787298) thrown at [C:\re\workspace\8-2-build-windows-amd64-cygwin\jdk8u66\5298\hotspot\src\share\vm\classfile\systemDictionary.cpp,
Event: 20.223 Thread 0x00000000024a4800 Exception <a 'java/lang/ClassNotFoundException': java/lang/ObjectCustomizer> (0x00000000ef7cfe70) thrown at [C:\re\workspace\8-2-build-windows-amd64-cygwin\jdk8u66\5298\hotspot\src\share\vm\classfile\systemDictionary.cpp, line 210]
Event: 20.224 Thread 0x00000000024a4800 Exception <a 'java/lang/ClassNotFoundException': br/com/db1/pedidos/pedidos/api/domain/entity/PedidoItemCustomizer> (0x00000000ef7e6880) thrown at [C:\re\workspace\8-2-build-windows-amd64-cygwin\jdk8u66\5298\hotspot\src\share\vm\classfile\systemDictionary.
ÇM5<4@
Event: 20.235 Thread 0x00000000024a4800 Exception <a 'java/lang/reflect/InvocationTargetException'> (0x00000000ef8639d8) thrown at [C:\re\workspace\8-2-build-windows-amd64-cygwin\jdk8u66\5298\hotspot\src\share\vm\runtime\reflection.cpp, line 1092]
Event: 20.256 Thread 0x00000000024a4800 Exception <a 'java/lang/reflect/InvocationTargetException'> (0x00000000ef941190) thrown at [C:\re\workspace\8-2-build-windows-amd64-cygwin\jdk8u66\5298\hotspot\src\share\vm\runtime\reflection.cpp, line 1092]
Event: 20.275 Thread 0x00000000024a4800 Exception <a 'java/lang/reflect/InvocationTargetException'> (0x00000000efa32b88) thrown at [C:\re\workspace\8-2-build-windows-amd64-cygwin\jdk8u66\5298\hotspot\src\share\vm\runtime\reflection.cpp, line 1092]

Events (10 events):
Event: 70.484 loading class org/apache/tomcat/util/net/NioBlockingSelector$BlockPoller$RunnableRemove
Event: 70.484 loading class org/apache/tomcat/util/net/NioBlockingSelector$BlockPoller$RunnableRemove done
Event: 70.485 Executing VM operation: RevokeBias
Event: 70.485 Executing VM operation: RevokeBias done
Event: 70.486 Executing VM operation: RevokeBias
Event: 70.486 Executing VM operation: RevokeBias done
Event: 70.486 Executing VM operation: RevokeBias
Event: 70.486 Executing VM operation: RevokeBias done
Event: 70.486 Executing VM operation: RevokeBias
Event: 70.486 Executing VM operation: RevokeBias done


Dynamic libraries:
0x00007ff7b4130000 - 0x00007ff7b4167000 	C:\Program Files\Java\jre1.8.0_66\bin\javaw.exe
0x00007ffafaa10000 - 0x00007ffafabf1000 	C:\WINDOWS\SYSTEM32\ntdll.dll
0x00007ffaf90b0000 - 0x00007ffaf9162000 	C:\WINDOWS\System32\KERNEL32.DLL
0x00007ffaf7460000 - 0x00007ffaf76d3000 	C:\WINDOWS\System32\KERNELBASE.dll
0x00007ffaf8170000 - 0x00007ffaf8211000 	C:\WINDOWS\System32\ADVAPI32.dll
0x00007ffafa8e0000 - 0x00007ffafa97e000 	C:\WINDOWS\System32\msvcrt.dll
0x00007ffaf85c0000 - 0x00007ffaf861b000 	C:\WINDOWS\System32\sechost.dll
0x00007ffaf8aa0000 - 0x00007ffaf8bc4000 	C:\WINDOWS\System32\RPCRT4.dll
0x00007ffaf7ea0000 - 0x00007ffaf8030000 	C:\WINDOWS\System32\USER32.dll
0x00007ffaf6fd0000 - 0x00007ffaf6ff0000 	C:\WINDOWS\System32\win32u.dll
0x00007ffaf80e0000 - 0x00007ffaf8108000 	C:\WINDOWS\System32\GDI32.dll
0x00007ffaf7140000 - 0x00007ffaf72d2000 	C:\WINDOWS\System32\gdi32full.dll
0x00007ffaf70a0000 - 0x00007ffaf713f000 	C:\WINDOWS\System32\msvcp_win.dll
0x00007ffaf7360000 - 0x00007ffaf7458000 	C:\WINDOWS\System32\ucrtbase.dll
0x00007ffaec2f0000 - 0x00007ffaec559000 	C:\WINDOWS\WinSxS\amd64_microsoft.windows.common-controls_6595b64144ccf1df_6.0.17134.648_none_fb45a0e93062a6d2\COMCTL32.dll
0x00007ffafa5b0000 - 0x00007ffafa8d2000 	C:\WINDOWS\System32\combase.dll
0x00007ffaf72e0000 - 0x00007ffaf735a000 	C:\WINDOWS\System32\bcryptPrimitives.dll
0x00007ffaf8590000 - 0x00007ffaf85bd000 	C:\WINDOWS\System32\IMM32.DLL
0x0000000069160000 - 0x0000000069232000 	C:\Program Files\Java\jre1.8.0_66\bin\msvcr100.dll
0x0000000069310000 - 0x0000000069b99000 	C:\Program Files\Java\jre1.8.0_66\bin\server\jvm.dll
0x00007ffaf90a0000 - 0x00007ffaf90a8000 	C:\WINDOWS\System32\PSAPI.DLL
0x00007ffae8680000 - 0x00007ffae8689000 	C:\WINDOWS\SYSTEM32\WSOCK32.dll
0x00007ffaf4600000 - 0x00007ffaf4623000 	C:\WINDOWS\SYSTEM32\WINMM.dll
0x00007ffaf87d0000 - 0x00007ffaf883c000 	C:\WINDOWS\System32\WS2_32.dll
0x00007ffaec120000 - 0x00007ffaec12a000 	C:\WINDOWS\SYSTEM32\VERSION.dll
0x00007ffaf45d0000 - 0x00007ffaf45fa000 	C:\WINDOWS\SYSTEM32\WINMMBASE.dll
0x00007ffaf7050000 - 0x00007ffaf7099000 	C:\WINDOWS\System32\cfgmgr32.dll
0x0000000069300000 - 0x000000006930f000 	C:\Program Files\Java\jre1.8.0_66\bin\verify.dll
0x00000000692d0000 - 0x00000000692f9000 	C:\Program Files\Java\jre1.8.0_66\bin\java.dll
0x00000000692b0000 - 0x00000000692c6000 	C:\Program Files\Java\jre1.8.0_66\bin\zip.dll
0x00007ffaf9170000 - 0x00007ffafa5b0000 	C:\WINDOWS\System32\SHELL32.dll
0x00007ffaf8030000 - 0x00007ffaf80d9000 	C:\WINDOWS\System32\shcore.dll
0x00007ffaf7790000 - 0x00007ffaf7e9d000 	C:\WINDOWS\System32\windows.storage.dll
0x00007ffaf8310000 - 0x00007ffaf8361000 	C:\WINDOWS\System32\shlwapi.dll
0x00007ffaf6d50000 - 0x00007ffaf6d61000 	C:\WINDOWS\System32\kernel.appcore.dll
0x00007ffaf6d30000 - 0x00007ffaf6d4f000 	C:\WINDOWS\System32\profapi.dll
0x00007ffaf6d90000 - 0x00007ffaf6ddc000 	C:\WINDOWS\System32\powrprof.dll
0x00007ffaf6d20000 - 0x00007ffaf6d2a000 	C:\WINDOWS\System32\FLTLIB.DLL
0x0000000069150000 - 0x000000006915d000 	C:\Program Files\Java\jre1.8.0_66\bin\management.dll
0x0000000069290000 - 0x00000000692aa000 	C:\Program Files\Java\jre1.8.0_66\bin\net.dll
0x00007ffaf6540000 - 0x00007ffaf65a6000 	C:\WINDOWS\system32\mswsock.dll
0x00007ffaec2d0000 - 0x00007ffaec2e6000 	C:\WINDOWS\system32\napinsp.dll
0x00007ffaec2b0000 - 0x00007ffaec2ca000 	C:\WINDOWS\system32\pnrpnsp.dll
0x00007ffaf3520000 - 0x00007ffaf3539000 	C:\WINDOWS\system32\NLAapi.dll
0x00007ffaf6300000 - 0x00007ffaf63be000 	C:\WINDOWS\SYSTEM32\DNSAPI.dll
0x00007ffaf8620000 - 0x00007ffaf8628000 	C:\WINDOWS\System32\NSI.dll
0x00007ffaf62c0000 - 0x00007ffaf62f8000 	C:\WINDOWS\SYSTEM32\IPHLPAPI.DLL
0x00007ffaed5d0000 - 0x00007ffaed5de000 	C:\WINDOWS\System32\winrnr.dll
0x00007ffaeda60000 - 0x00007ffaeda6a000 	C:\Windows\System32\rasadhlp.dll
0x00007ffaede50000 - 0x00007ffaedec2000 	C:\WINDOWS\System32\fwpuclnt.dll
0x00007ffaf6880000 - 0x00007ffaf68a5000 	C:\WINDOWS\SYSTEM32\bcrypt.dll
0x0000000069270000 - 0x0000000069281000 	C:\Program Files\Java\jre1.8.0_66\bin\nio.dll
0x00007ffaf6750000 - 0x00007ffaf6767000 	C:\WINDOWS\SYSTEM32\CRYPTSP.dll
0x00007ffaf6120000 - 0x00007ffaf6153000 	C:\WINDOWS\system32\rsaenh.dll
0x00007ffaf6c20000 - 0x00007ffaf6c48000 	C:\WINDOWS\SYSTEM32\USERENV.dll
0x00007ffaf6770000 - 0x00007ffaf677b000 	C:\WINDOWS\SYSTEM32\CRYPTBASE.dll
0x00007ffaef9b0000 - 0x00007ffaef9c6000 	C:\WINDOWS\SYSTEM32\dhcpcsvc6.DLL
0x00007ffaef990000 - 0x00007ffaef9aa000 	C:\WINDOWS\SYSTEM32\dhcpcsvc.DLL
0x0000000069240000 - 0x0000000069264000 	C:\Program Files\Java\jre1.8.0_66\bin\sunec.dll

VM Arguments:
jvm_args: -Dfile.encoding=UTF-8 
java_command: br.com.db1.pedidos.pedidos.api.Application
java_class_path (initial): D:\DB1\Db1StartJava2\pedidos.api\target\classes;C:\Users\Aluno.DESKTOP-3ASBCDM\.m2\repository\org\postgresql\postgresql\42.2.5\postgresql-42.2.5.jar;C:\Users\Aluno.DESKTOP-3ASBCDM\.m2\repository\org\springframework\boot\spring-boot-starter-data-jpa\2.1.3.RELEASE\spring-boot-starter-data-jpa-2.1.3.RELEASE.jar;C:\Users\Aluno.DESKTOP-3ASBCDM\.m2\repository\org\springframework\boot\spring-boot-starter-aop\2.1.3.RELEASE\spring-boot-starter-aop-2.1.3.RELEASE.jar;C:\Users\Aluno.DESKTOP-3ASBCDM\.m2\repository\org\springframework\spring-aop\5.1.5.RELEASE\spring-aop-5.1.5.RELEASE.jar;C:\Users\Aluno.DESKTOP-3ASBCDM\.m2\repository\org\aspectj\aspectjweaver\1.9.2\aspectjweaver-1.9.2.jar;C:\Users\Aluno.DESKTOP-3ASBCDM\.m2\repository\org\springframework\boot\spring-boot-starter-jdbc\2.1.3.RELEASE\spring-boot-starter-jdbc-2.1.3.RELEASE.jar;C:\Users\Aluno.DESKTOP-3ASBCDM\.m2\repository\com\zaxxer\HikariCP\3.2.0\HikariCP-3.2.0.jar;C:\Users\Aluno.DESKTOP-3ASBCDM\.m2\repository\org\springframework\spring-jdbc\5.1.5.RELEASE\spring-jdbc-5.1.5.RELEASE.jar;C:\Users\Aluno.DESKTOP-3ASBCDM\.m2\repository\javax\transaction\javax.transaction-api\1.3\javax.transaction-api-1.3.jar;C:\Users\Aluno.DESKTOP-3ASBCDM\.m2\repository\javax\xml\bind\jaxb-api\2.3.1\jaxb-api-2.3.1.jar;C:\Users\Aluno.DESKTOP-3ASBCDM\.m2\repository\javax\activation\javax.activation-api\1.2.0\javax.activation-api-1.2.0.jar;C:\Users\Aluno.DESKTOP-3ASBCDM\.m2\repository\org\hibernate\hibernate-core\5.3.7.Final\hibernate-core-5.3.7.Final.jar;C:\Users\Aluno.DESKTOP-3ASBCDM\.m2\repository\org\jboss\logging\jboss-logging\3.3.2.Final\jboss-logging-3.3.2.Final.jar;C:\Users\Aluno.DESKTOP-3ASBCDM\.m2\repository\javax\persistence\javax.persistence-api\2.2\javax.persistence-api-2.2.jar;C:\Users\Aluno.DESKTOP-3ASBCDM\.m2\repository\org\javassist\javassist\3.23.1-GA\javassist-3.23.1-GA.jar;C:\Users\Aluno.DESKTOP-3ASBCDM\.m2\repository\net\bytebuddy\byte-buddy\1.9.10\byte-buddy-1.9.10.jar;C:\Users\Aluno.DESKTOP-3
Launcher Type: SUN_STANDARD

Environment Variables:
PATH=C:/Program Files/Java/jre1.8.0_66/bin/server;C:/Program Files/Java/jre1.8.0_66/bin;C:/Program Files/Java/jre1.8.0_66/lib/amd64;C:\ProgramData\Oracle\Java\javapath;C:\WINDOWS\system32;C:\WINDOWS;C:\WINDOWS\System32\Wbem;C:\WINDOWS\System32\WindowsPowerShell\v1.0\;C:\Program Files (x86)\MySQL\MySQL Fabric 1.5 & MySQL Utilities 1.5\;C:\Program Files (x86)\MySQL\MySQL Fabric 1.5 & MySQL Utilities 1.5\Doctrine extensions for PHP\;C:\WINDOWS\system32\config\systemprofile\.dnx\bin;C:\Program Files\Microsoft DNX\Dnvm\;C:\cygwin64;C:\Program Files\Microsoft SQL Server\Client SDK\ODBC\110\Tools\Binn\;C:\Program Files (x86)\Microsoft SQL Server\120\Tools\Binn\;C:\Program Files\Microsoft SQL Server\120\Tools\Binn\;C:\Program Files\Microsoft SQL Server\120\DTS\Binn\;C:\Program Files (x86)\Microsoft SQL Server\120\Tools\Binn\ManagementStudio\;C:\Program Files (x86)\Microsoft SQL Server\120\DTS\Binn\;C:\Program Files (x86)\Shield;C:\WINDOWS\System32\OpenSSH\;C:\Users\Aluno.DESKTOP-3ASBCDM\AppData\Local\Microsoft\WindowsApps;;C:\Users\Aluno.DESKTOP-3ASBCDM\Desktop;
USERNAME=Aluno
OS=Windows_NT
PROCESSOR_IDENTIFIER=Intel64 Family 6 Model 58 Stepping 9, GenuineIntel



---------------  S Y S T E M  ---------------

OS: Windows 10.0 , 64 bit Build 17134 (10.0.17134.648)

CPU:total 4 (2 cores per cpu, 2 threads per core) family 6 model 58 stepping 9, cmov, cx8, fxsr, mmx, sse, sse2, sse3, ssse3, sse4.1, sse4.2, popcnt, avx, clmul, erms, ht, tsc, tscinvbit, tscinv

Memory: 4k page, physical 4087612k(532324k free), swap 4087612k(2888k free)

vm_info: Java HotSpot(TM) 64-Bit Server VM (25.66-b18) for windows-amd64 JRE (1.8.0_66-b18), built on Nov  9 2015 10:51:13 by "java_re" with MS VC++ 10.0 (VS2010)

time: Tue Apr 09 15:39:10 2019
elapsed time: 70 seconds (0d 0h 1m 10s)

